0 0
1 3.99503e-09
2 1.30627e-08
3 2.4241e-08
4 3.74205e-08
5 5.2514e-08
6 6.93585e-08
7 8.78359e-08
8 1.07904e-07
9 1.29671e-07
10 1.53067e-07
11 1.78188e-07
12 2.0471e-07
13 2.32584e-07
14 2.61839e-07
15 2.92362e-07
16 3.24127e-07
17 3.56936e-07
18 3.90701e-07
19 4.2531e-07
20 4.60629e-07
21 4.96692e-07
22 5.33336e-07
23 5.70584e-07
24 6.08248e-07
25 6.46341e-07
26 6.84873e-07
27 7.23859e-07
28 7.63077e-07
29 8.02532e-07
30 8.42227e-07
31 8.82167e-07
32 9.22356e-07
33 9.628e-07
34 1.00324e-06
35 1.04395e-06
36 1.08465e-06
37 1.12563e-06
38 1.1666e-06
39 1.20757e-06
40 1.24854e-06
41 1.2898e-06
42 1.33105e-06
43 1.3723e-06
44 1.41355e-06
45 1.4548e-06
46 1.49605e-06
47 1.5373e-06
48 1.57856e-06
49 1.61981e-06
50 1.66076e-06
51 1.70172e-06
52 1.74267e-06
53 1.78363e-06
54 1.82458e-06
55 1.86553e-06
56 1.90618e-06
57 1.94623e-06
58 1.98598e-06
59 2.02544e-06
60 2.06431e-06
61 2.10319e-06
62 2.14121e-06
63 2.17924e-06
64 2.2167e-06
65 2.2539e-06
66 2.29056e-06
67 2.32721e-06
68 2.3636e-06
69 2.39973e-06
70 2.43585e-06
71 2.47171e-06
72 2.50756e-06
73 2.54316e-06
74 2.57875e-06
75 2.61434e-06
76 2.64993e-06
77 2.68553e-06
78 2.72112e-06
79 2.75671e-06
80 2.7923e-06
81 2.82818e-06
82 2.86405e-06
83 2.89993e-06
84 2.93609e-06
85 2.97226e-06
86 3.00874e-06
87 3.04521e-06
88 3.08199e-06
89 3.1191e-06
90 3.15621e-06
91 3.19332e-06
92 3.23043e-06
93 3.26754e-06
94 3.30465e-06
95 3.34142e-06
96 3.37819e-06
97 3.41496e-06
98 3.45173e-06
99 3.48885e-06
100 3.52598e-06
101 3.5631e-06
102 3.60022e-06
103 3.63734e-06
104 3.67447e-06
105 3.71085e-06
106 3.74723e-06
107 3.78253e-06
108 3.81783e-06
109 3.85313e-06
110 3.88738e-06
111 3.92197e-06
112 3.95622e-06
113 3.99047e-06
114 4.02472e-06
115 4.05897e-06
116 4.0915e-06
117 4.12437e-06
118 4.15593e-06
119 4.18719e-06
120 4.21876e-06
121 4.25001e-06
122 4.28094e-06
123 4.31219e-06
124 4.34312e-06
125 4.37224e-06
126 4.40135e-06
127 4.42989e-06
128 4.45683e-06
129 4.48377e-06
130 4.51071e-06
131 4.53791e-06
132 4.56434e-06
133 4.59002e-06
134 4.61595e-06
135 4.64188e-06
136 4.66684e-06
137 4.69179e-06
138 4.71675e-06
139 4.74171e-06
140 4.7662e-06
141 4.78956e-06
142 4.8127e-06
143 4.83585e-06
144 4.859e-06
145 4.88236e-06
146 4.90529e-06
147 4.92717e-06
148 4.94866e-06
149 4.97015e-06
150 4.99164e-06
151 5.01313e-06
152 5.03482e-06
153 5.05631e-06
154 5.07682e-06
155 5.09678e-06
156 5.11639e-06
157 5.136e-06
158 5.15561e-06
159 5.17469e-06
160 5.19328e-06
161 5.21187e-06
162 5.22998e-06
163 5.24763e-06
164 5.26528e-06
165 5.28248e-06
166 5.29872e-06
167 5.31445e-06
168 5.33006e-06
169 5.34567e-06
170 5.36069e-06
171 5.37515e-06
172 5.3886e-06
173 5.40117e-06
174 5.41312e-06
175 5.42463e-06
176 5.4358e-06
177 5.44671e-06
178 5.45731e-06
179 5.46664e-06
180 5.47507e-06
181 5.48279e-06
182 5.48999e-06
183 5.49674e-06
184 5.50307e-06
185 5.50904e-06
186 5.51469e-06
187 5.52009e-06
188 5.52536e-06
189 5.53044e-06
190 5.53538e-06
191 5.54022e-06
192 5.54505e-06
193 5.54988e-06
194 5.55472e-06
195 5.55959e-06
196 5.5645e-06
197 5.56945e-06
198 5.57444e-06
199 5.5795e-06
200 5.58462e-06
201 5.58983e-06
202 5.59513e-06
203 5.60055e-06
204 5.60609e-06
205 5.61177e-06
206 5.61762e-06
207 5.62363e-06
208 5.62986e-06
209 5.63631e-06
210 5.64301e-06
211 5.64991e-06
212 5.65702e-06
213 5.66431e-06
214 5.6718e-06
215 5.67947e-06
216 5.68732e-06
217 5.69536e-06
218 5.70362e-06
219 5.71208e-06
220 5.72073e-06
221 5.72958e-06
222 5.73862e-06
223 5.74788e-06
224 5.75731e-06
225 5.76697e-06
226 5.77681e-06
227 5.78685e-06
228 5.79716e-06
229 5.80768e-06
230 5.81843e-06
231 5.82941e-06
232 5.84065e-06
233 5.85215e-06
234 5.86383e-06
235 5.8757e-06
236 5.88778e-06
237 5.90006e-06
238 5.91256e-06
239 5.92517e-06
240 5.93802e-06
241 5.95098e-06
242 5.96408e-06
243 5.97743e-06
244 5.99091e-06
245 6.00468e-06
246 6.01859e-06
247 6.03266e-06
248 6.04688e-06
249 6.06126e-06
250 6.07581e-06
251 6.09053e-06
252 6.10525e-06
253 6.12016e-06
254 6.13488e-06
255 6.14857e-06
256 6.16122e-06
257 6.17347e-06
258 6.18534e-06
259 6.19661e-06
260 6.20734e-06
261 6.21767e-06
262 6.22762e-06
263 6.23739e-06
264 6.24682e-06
265 6.25609e-06
266 6.2652e-06
267 6.27415e-06
268 6.28287e-06
269 6.29138e-06
270 6.29968e-06
271 6.30779e-06
272 6.3157e-06
273 6.32343e-06
274 6.33098e-06
275 6.33836e-06
276 6.34557e-06
277 6.35263e-06
278 6.35953e-06
279 6.36634e-06
280 6.37305e-06
281 6.37962e-06
282 6.3861e-06
283 6.39244e-06
284 6.3987e-06
285 6.40488e-06
286 6.41097e-06
287 6.41694e-06
288 6.42279e-06
289 6.42846e-06
290 6.43399e-06
291 6.43934e-06
292 6.44457e-06
293 6.44977e-06
294 6.45497e-06
295 6.46016e-06
296 6.46536e-06
297 6.47056e-06
298 6.47575e-06
299 6.48095e-06
300 6.48615e-06
301 6.49135e-06
302 6.49658e-06
303 6.50181e-06
304 6.507e-06
305 6.51217e-06
306 6.5173e-06
307 6.52236e-06
308 6.52736e-06
309 6.5323e-06
310 6.53721e-06
311 6.54211e-06
312 6.54702e-06
313 6.55193e-06
314 6.55687e-06
315 6.56181e-06
316 6.56678e-06
317 6.57178e-06
318 6.57682e-06
319 6.58189e-06
320 6.58704e-06
321 6.59222e-06
322 6.59744e-06
323 6.6027e-06
324 6.60804e-06
325 6.61341e-06
326 6.61879e-06
327 6.62421e-06
328 6.62967e-06
329 6.63514e-06
330 6.6406e-06
331 6.64606e-06
332 6.65152e-06
333 6.65699e-06
334 6.66245e-06
335 6.66791e-06
336 6.67337e-06
337 6.67888e-06
338 6.68439e-06
339 6.6899e-06
340 6.69541e-06
341 6.70092e-06
342 6.70643e-06
343 6.71199e-06
344 6.71755e-06
345 6.72311e-06
346 6.72867e-06
347 6.73423e-06
348 6.73979e-06
349 6.74535e-06
350 6.75091e-06
351 6.75642e-06
352 6.76187e-06
353 6.76727e-06
354 6.77241e-06
355 6.77756e-06
356 6.7826e-06
357 6.78765e-06
358 6.7927e-06
359 6.79774e-06
360 6.80279e-06
361 6.80784e-06
362 6.81293e-06
363 6.81803e-06
364 6.82313e-06
365 6.82828e-06
366 6.83343e-06
367 6.83864e-06
368 6.84385e-06
369 6.84911e-06
370 6.85438e-06
371 6.85964e-06
372 6.86497e-06
373 6.8703e-06
374 6.87563e-06
375 6.88102e-06
376 6.88641e-06
377 6.89181e-06
378 6.8972e-06
379 6.90259e-06
380 6.90799e-06
381 6.91345e-06
382 6.91892e-06
383 6.92439e-06
384 6.92985e-06
385 6.93532e-06
386 6.94079e-06
387 6.94625e-06
388 6.9518e-06
389 6.95735e-06
390 6.9629e-06
391 6.96845e-06
392 6.974e-06
393 6.97955e-06
394 6.9851e-06
395 6.99074e-06
396 6.99639e-06
397 7.00203e-06
398 7.00768e-06
399 7.01332e-06
400 7.01897e-06
401 7.02461e-06
402 7.03015e-06
403 7.03568e-06
404 7.04122e-06
405 7.04665e-06
406 7.05207e-06
407 7.0575e-06
408 7.06292e-06
409 7.06823e-06
410 7.07354e-06
411 7.07885e-06
412 7.08416e-06
413 7.08947e-06
414 7.09478e-06
415 7.10009e-06
416 7.1054e-06
417 7.11071e-06
418 7.11589e-06
419 7.12106e-06
420 7.12624e-06
421 7.13141e-06
422 7.13658e-06
423 7.14176e-06
424 7.14693e-06
425 7.15211e-06
426 7.15728e-06
427 7.16245e-06
428 7.16763e-06
429 7.1728e-06
430 7.17798e-06
431 7.18315e-06
432 7.18832e-06
433 7.1935e-06
434 7.19867e-06
435 7.20385e-06
436 7.20902e-06
437 7.21419e-06
438 7.21937e-06
439 7.22454e-06
440 7.22972e-06
441 7.23489e-06
442 7.24006e-06
443 7.24524e-06
444 7.25041e-06
445 7.25559e-06
446 7.26076e-06
447 7.26593e-06
448 7.27111e-06
449 7.27628e-06
450 7.28146e-06
451 7.28663e-06
452 7.2918e-06
453 7.29698e-06
454 7.30215e-06
455 7.30733e-06
456 7.3125e-06
Re:8066, We:7888
