0 0
1 5.91856e-11
2 2.22249e-10
3 4.30556e-10
4 6.78608e-10
5 9.63409e-10
6 1.28201e-09
7 1.63072e-09
8 2.00643e-09
9 2.40766e-09
10 2.83137e-09
11 3.27652e-09
12 3.73933e-09
13 4.21912e-09
14 4.7149e-09
15 5.22533e-09
16 5.74872e-09
17 6.28302e-09
18 6.82874e-09
19 7.38341e-09
20 7.94738e-09
21 8.52101e-09
22 9.10132e-09
23 9.68849e-09
24 1.02792e-08
25 1.08771e-08
26 1.14786e-08
27 1.20878e-08
28 1.27008e-08
29 1.33178e-08
30 1.39388e-08
31 1.4564e-08
32 1.51891e-08
33 1.58184e-08
34 1.64521e-08
35 1.70858e-08
36 1.77239e-08
37 1.83665e-08
38 1.90091e-08
39 1.96564e-08
40 2.03037e-08
41 2.09509e-08
42 2.1603e-08
43 2.22551e-08
44 2.29122e-08
45 2.35693e-08
46 2.42264e-08
47 2.48887e-08
48 2.55509e-08
49 2.62132e-08
50 2.68754e-08
51 2.75431e-08
52 2.82108e-08
53 2.88785e-08
54 2.95518e-08
55 3.02252e-08
56 3.08985e-08
57 3.15719e-08
58 3.22452e-08
59 3.29246e-08
60 3.36039e-08
61 3.42833e-08
62 3.49627e-08
63 3.5642e-08
64 3.63278e-08
65 3.70136e-08
66 3.76993e-08
67 3.83851e-08
68 3.90709e-08
69 3.97566e-08
70 4.04493e-08
71 4.1142e-08
72 4.18347e-08
73 4.25274e-08
74 4.32201e-08
75 4.39128e-08
76 4.46055e-08
77 4.52982e-08
78 4.59909e-08
79 4.66913e-08
80 4.73918e-08
81 4.80923e-08
82 4.87928e-08
83 4.94933e-08
84 5.01937e-08
85 5.08942e-08
86 5.15947e-08
87 5.22952e-08
88 5.29956e-08
89 5.36961e-08
90 5.43966e-08
91 5.51063e-08
92 5.5816e-08
93 5.65257e-08
94 5.72354e-08
95 5.79451e-08
96 5.86548e-08
97 5.93645e-08
98 6.00741e-08
99 6.07838e-08
100 6.14935e-08
101 6.22032e-08
102 6.29129e-08
103 6.36226e-08
104 6.43323e-08
105 6.5042e-08
106 6.57517e-08
107 6.64614e-08
108 6.71711e-08
109 6.78808e-08
110 6.85905e-08
111 6.93002e-08
112 7.00099e-08
113 7.07196e-08
114 7.14293e-08
115 7.21389e-08
116 7.28486e-08
117 7.35583e-08
118 7.4268e-08
119 7.49777e-08
120 7.56726e-08
121 7.63675e-08
122 7.70477e-08
123 7.77133e-08
124 7.83648e-08
125 7.90024e-08
126 7.96135e-08
127 8.02246e-08
128 8.07982e-08
129 8.12218e-08
130 8.16147e-08
131 8.19964e-08
132 8.23256e-08
133 8.26549e-08
134 8.29883e-08
135 8.32865e-08
136 8.3592e-08
137 8.39012e-08
138 8.42105e-08
139 8.45238e-08
140 8.48412e-08
141 8.51631e-08
142 8.54894e-08
143 8.58253e-08
144 8.6177e-08
145 8.65402e-08
146 8.6916e-08
147 8.73054e-08
148 8.77177e-08
149 8.81472e-08
150 8.85958e-08
151 8.90657e-08
152 8.95598e-08
153 9.00812e-08
154 9.06181e-08
155 9.11895e-08
156 9.17807e-08
157 9.23938e-08
158 9.30313e-08
159 9.36966e-08
160 9.43936e-08
161 9.51273e-08
162 9.5861e-08
163 9.66405e-08
164 9.742e-08
165 9.81995e-08
166 9.9044e-08
167 9.98885e-08
168 1.00733e-07
169 1.01577e-07
170 1.02422e-07
171 1.03266e-07
172 1.04111e-07
173 1.04955e-07
174 1.058e-07
175 1.06644e-07
176 1.07489e-07
177 1.08333e-07
Re:67, We:49
