0 0
1 1.77557e-09
2 5.81063e-09
3 1.08171e-08
4 1.67497e-08
5 2.35853e-08
6 3.1249e-08
7 3.97194e-08
8 4.89976e-08
9 5.90954e-08
10 7.00608e-08
11 8.17948e-08
12 9.42192e-08
13 1.07314e-07
14 1.20978e-07
15 1.35136e-07
16 1.4976e-07
17 1.6481e-07
18 1.80235e-07
19 1.96059e-07
20 2.12132e-07
21 2.28553e-07
22 2.45246e-07
23 2.62127e-07
24 2.79201e-07
25 2.96473e-07
26 3.13949e-07
27 3.3153e-07
28 3.49218e-07
29 3.67014e-07
30 3.84921e-07
31 4.0294e-07
32 4.21074e-07
33 4.39326e-07
34 4.57577e-07
35 4.75948e-07
36 4.94319e-07
37 5.12814e-07
38 5.31308e-07
39 5.49803e-07
40 5.68425e-07
41 5.87047e-07
42 6.05669e-07
43 6.24291e-07
44 6.43046e-07
45 6.61801e-07
46 6.80556e-07
47 6.99311e-07
48 7.18066e-07
49 7.36821e-07
50 7.55576e-07
51 7.74331e-07
52 7.93086e-07
53 8.11841e-07
54 8.30453e-07
55 8.49065e-07
56 8.67677e-07
57 8.86289e-07
58 9.04901e-07
59 9.23513e-07
60 9.41977e-07
61 9.60295e-07
62 9.78612e-07
63 9.9693e-07
64 1.0151e-06
65 1.03312e-06
66 1.05115e-06
67 1.06917e-06
68 1.08705e-06
69 1.10492e-06
70 1.1228e-06
71 1.14052e-06
72 1.15825e-06
73 1.17598e-06
74 1.1937e-06
75 1.21143e-06
76 1.22916e-06
77 1.24673e-06
78 1.2643e-06
79 1.28187e-06
80 1.29945e-06
81 1.31686e-06
82 1.33428e-06
83 1.35169e-06
84 1.36911e-06
85 1.38653e-06
86 1.40378e-06
87 1.42103e-06
88 1.43829e-06
89 1.45554e-06
90 1.4728e-06
91 1.49005e-06
92 1.50714e-06
93 1.52406e-06
94 1.54082e-06
95 1.55741e-06
96 1.574e-06
97 1.59028e-06
98 1.60655e-06
99 1.6225e-06
100 1.63846e-06
101 1.65426e-06
102 1.6699e-06
103 1.68555e-06
104 1.70104e-06
105 1.71653e-06
106 1.73186e-06
107 1.7472e-06
108 1.76238e-06
109 1.77756e-06
110 1.79274e-06
111 1.80761e-06
112 1.82263e-06
113 1.83735e-06
114 1.85206e-06
115 1.86662e-06
116 1.88119e-06
117 1.89575e-06
118 1.91015e-06
119 1.92456e-06
120 1.93881e-06
121 1.95307e-06
122 1.96716e-06
123 1.98126e-06
124 1.9952e-06
125 2.00914e-06
126 2.02309e-06
127 2.03687e-06
128 2.05066e-06
129 2.06429e-06
130 2.07791e-06
131 2.09139e-06
132 2.10486e-06
133 2.11717e-06
134 2.12711e-06
135 2.13595e-06
136 2.14427e-06
137 2.15264e-06
138 2.16108e-06
139 2.16959e-06
140 2.17817e-06
141 2.18681e-06
142 2.1956e-06
143 2.20453e-06
144 2.21362e-06
145 2.22288e-06
146 2.23221e-06
147 2.24164e-06
148 2.25115e-06
149 2.26075e-06
150 2.27036e-06
151 2.27996e-06
152 2.28911e-06
153 2.29785e-06
154 2.30613e-06
155 2.3142e-06
156 2.32226e-06
157 2.3304e-06
158 2.33854e-06
159 2.34668e-06
160 2.35482e-06
161 2.36303e-06
162 2.37132e-06
163 2.37969e-06
164 2.38814e-06
165 2.39667e-06
166 2.4052e-06
167 2.41382e-06
168 2.42253e-06
169 2.43124e-06
170 2.43995e-06
171 2.44876e-06
172 2.45756e-06
173 2.46637e-06
174 2.47517e-06
175 2.48398e-06
176 2.49268e-06
177 2.50139e-06
178 2.51009e-06
179 2.5187e-06
180 2.5272e-06
181 2.5357e-06
182 2.54421e-06
183 2.55261e-06
184 2.56091e-06
185 2.56921e-06
186 2.57742e-06
187 2.58562e-06
188 2.59382e-06
189 2.60202e-06
190 2.61002e-06
191 2.61792e-06
192 2.62592e-06
193 2.63382e-06
194 2.64162e-06
195 2.64952e-06
196 2.65743e-06
197 2.66522e-06
198 2.67302e-06
199 2.68082e-06
200 2.68861e-06
201 2.69641e-06
202 2.70421e-06
203 2.712e-06
204 2.7198e-06
205 2.7276e-06
206 2.73528e-06
207 2.74296e-06
208 2.75065e-06
209 2.75833e-06
210 2.76589e-06
211 2.77346e-06
212 2.78102e-06
213 2.78858e-06
214 2.79603e-06
215 2.80347e-06
216 2.81104e-06
217 2.81861e-06
218 2.82617e-06
219 2.83374e-06
220 2.84131e-06
221 2.84888e-06
222 2.85645e-06
223 2.86402e-06
224 2.87158e-06
225 2.87931e-06
226 2.88703e-06
227 2.89475e-06
228 2.90248e-06
229 2.9102e-06
230 2.91792e-06
231 2.92564e-06
232 2.93337e-06
233 2.94109e-06
234 2.94881e-06
235 2.95674e-06
236 2.96466e-06
237 2.97259e-06
238 2.98052e-06
239 2.98844e-06
240 2.99637e-06
241 3.00429e-06
242 3.01222e-06
243 3.02015e-06
244 3.02807e-06
245 3.036e-06
246 3.04392e-06
247 3.05185e-06
248 3.06011e-06
249 3.06836e-06
250 3.07662e-06
251 3.08487e-06
252 3.09313e-06
253 3.10139e-06
254 3.10964e-06
255 3.1179e-06
256 3.12616e-06
257 3.13441e-06
258 3.14267e-06
259 3.15092e-06
260 3.15918e-06
261 3.16744e-06
262 3.17569e-06
263 3.18395e-06
264 3.19221e-06
265 3.20046e-06
266 3.20872e-06
267 3.21697e-06
268 3.22523e-06
269 3.23349e-06
270 3.24174e-06
271 3.25e-06
Re:3585, We:3506
