0 0
1 7.59943e-06
2 2.86e-05
3 5.53981e-05
4 8.73212e-05
5 0.000123889
6 0.000164676
7 0.000209304
8 0.000257377
9 0.00030851
10 0.000362484
11 0.000419168
12 0.00047808
13 0.000538858
14 0.000601634
15 0.000665925
16 0.000731816
17 0.000799052
18 0.000867695
19 0.00093744
20 0.00100833
21 0.00108
22 0.00115249
23 0.00122581
24 0.00129955
25 0.00137417
26 0.00144924
27 0.00152476
28 0.00160074
29 0.0016772
30 0.00175413
31 0.00183107
32 0.0019085
33 0.00198593
34 0.00206386
35 0.0021418
36 0.00221973
37 0.00229819
38 0.00237665
39 0.00245511
40 0.00253356
41 0.00261202
42 0.00269103
43 0.00277004
44 0.00284904
45 0.00292805
46 0.00300706
47 0.00308549
48 0.00316393
49 0.00324237
50 0.00332081
51 0.00339925
52 0.00347711
53 0.00355496
54 0.00363282
55 0.00371068
56 0.00378795
57 0.00386521
58 0.00394248
59 0.00401975
60 0.00409702
61 0.00417368
62 0.00425034
63 0.00432701
64 0.00440367
65 0.00448034
66 0.00455638
67 0.00463243
68 0.00470847
69 0.00478452
70 0.00486056
71 0.00493661
72 0.00501202
73 0.00508742
74 0.00516283
75 0.00523824
76 0.00531364
77 0.00538839
78 0.00546314
79 0.0055379
80 0.00561265
81 0.0056874
82 0.00576215
83 0.0058369
84 0.00591165
85 0.0059864
86 0.00606045
87 0.00613451
88 0.00620856
89 0.00628261
90 0.00635666
91 0.00643072
92 0.00650477
93 0.00657882
94 0.00665287
95 0.00672692
96 0.00680022
97 0.00687352
98 0.00694681
99 0.00702011
100 0.00709341
101 0.0071667
102 0.00724
103 0.0073133
104 0.00738659
105 0.00745989
106 0.00753319
107 0.00760648
108 0.00767978
109 0.00775308
110 0.00782637
111 0.00789967
112 0.00797297
113 0.00804626
114 0.00811956
115 0.00819286
116 0.00826615
117 0.00833945
118 0.00841275
119 0.00848604
120 0.00855934
121 0.00863264
122 0.00870594
123 0.00877923
124 0.00885253
125 0.00892583
126 0.00899912
127 0.00907353
128 0.00914794
129 0.00922234
130 0.00929675
131 0.00937116
132 0.00944557
133 0.00951997
134 0.00959438
135 0.00966879
136 0.00974319
137 0.0098176
138 0.00989201
139 0.00996642
140 0.0100408
141 0.0101043
142 0.0101543
143 0.0101965
144 0.0102373
145 0.010276
146 0.0103131
147 0.0103502
148 0.0103869
149 0.0104236
150 0.0104606
151 0.0104977
152 0.0105352
153 0.0105727
154 0.0106111
155 0.0106499
156 0.0106892
157 0.0107289
158 0.0107692
159 0.01081
160 0.0108508
161 0.0108921
162 0.010934
163 0.0109766
164 0.0110197
165 0.0110635
166 0.011108
167 0.0111524
168 0.0111969
169 0.0112421
170 0.0112874
171 0.0113326
172 0.011377
173 0.0114214
174 0.0114659
175 0.0115103
176 0.0115556
177 0.0116009
178 0.0116462
179 0.0116914
180 0.0117377
181 0.0117839
182 0.0118301
183 0.0118734
184 0.0119168
185 0.0119611
186 0.0120053
187 0.0120496
188 0.0120939
189 0.0121393
190 0.0121859
191 0.0122325
192 0.0122805
193 0.0123284
194 0.0123763
195 0.0124242
196 0.0124738
197 0.0125233
198 0.0125728
199 0.0126242
200 0.0126757
201 0.0127271
202 0.0127785
203 0.0128324
204 0.0128863
205 0.0129402
206 0.0129941
207 0.0130479
208 0.0131018
209 0.0131557
210 0.0132096
211 0.0132634
212 0.0133173
213 0.0133712
214 0.0134251
215 0.013479
216 0.0135328
217 0.0135867
218 0.0136406
219 0.0136945
220 0.0137484
221 0.0138022
222 0.0138561
223 0.01391
Re:2397, We:29
