0 0
1 2.95928e-09
2 9.68438e-09
3 1.80285e-08
4 2.79342e-08
5 3.93511e-08
6 5.21542e-08
7 6.63086e-08
8 8.18169e-08
9 9.87529e-08
10 1.17091e-07
11 1.36719e-07
12 1.57506e-07
13 1.79328e-07
14 2.02099e-07
15 2.25802e-07
16 2.50287e-07
17 2.75489e-07
18 3.01324e-07
19 3.27692e-07
20 3.54617e-07
21 3.8198e-07
22 4.09796e-07
23 4.37924e-07
24 4.66374e-07
25 4.95155e-07
26 5.24276e-07
27 5.53572e-07
28 5.83225e-07
29 6.13061e-07
30 6.43084e-07
31 6.73296e-07
32 7.03509e-07
33 7.33916e-07
34 7.64522e-07
35 7.95129e-07
36 8.25939e-07
37 8.56749e-07
38 8.87559e-07
39 9.18581e-07
40 9.49602e-07
41 9.80623e-07
42 1.01164e-06
43 1.04289e-06
44 1.07413e-06
45 1.10537e-06
46 1.13661e-06
47 1.16785e-06
48 1.19909e-06
49 1.23033e-06
50 1.26157e-06
51 1.29282e-06
52 1.32406e-06
53 1.3553e-06
54 1.38654e-06
55 1.41778e-06
56 1.44902e-06
57 1.48002e-06
58 1.51102e-06
59 1.54201e-06
60 1.57277e-06
61 1.60327e-06
62 1.63378e-06
63 1.66429e-06
64 1.69455e-06
65 1.72481e-06
66 1.75507e-06
67 1.78508e-06
68 1.8151e-06
69 1.84511e-06
70 1.87487e-06
71 1.90464e-06
72 1.93415e-06
73 1.96366e-06
74 1.99317e-06
75 2.02269e-06
76 2.0522e-06
77 2.08146e-06
78 2.11071e-06
79 2.13997e-06
80 2.16922e-06
81 2.19848e-06
82 2.22774e-06
83 2.25673e-06
84 2.28572e-06
85 2.31471e-06
86 2.3437e-06
87 2.37269e-06
88 2.40168e-06
89 2.43039e-06
90 2.45911e-06
91 2.48755e-06
92 2.51598e-06
93 2.54415e-06
94 2.57231e-06
95 2.60019e-06
96 2.62781e-06
97 2.65515e-06
98 2.68249e-06
99 2.70929e-06
100 2.7361e-06
101 2.76238e-06
102 2.78866e-06
103 2.81468e-06
104 2.84044e-06
105 2.8662e-06
106 2.89171e-06
107 2.91721e-06
108 2.94221e-06
109 2.9672e-06
110 2.99195e-06
111 3.01669e-06
112 3.04118e-06
113 3.06567e-06
114 3.09016e-06
115 3.11414e-06
116 3.13838e-06
117 3.16236e-06
118 3.18634e-06
119 3.21007e-06
120 3.2338e-06
121 3.25752e-06
122 3.28099e-06
123 3.30446e-06
124 3.32767e-06
125 3.35088e-06
126 3.37409e-06
127 3.3973e-06
128 3.42025e-06
129 3.4432e-06
130 3.46588e-06
131 3.48831e-06
132 3.51073e-06
133 3.52905e-06
134 3.54478e-06
135 3.56013e-06
136 3.57547e-06
137 3.59094e-06
138 3.60655e-06
139 3.62215e-06
140 3.63789e-06
141 3.65392e-06
142 3.67009e-06
143 3.68641e-06
144 3.70289e-06
145 3.71953e-06
146 3.73633e-06
147 3.75314e-06
148 3.76994e-06
149 3.78657e-06
150 3.80225e-06
151 3.81748e-06
152 3.83257e-06
153 3.84737e-06
154 3.86218e-06
155 3.87712e-06
156 3.89193e-06
157 3.90673e-06
158 3.92153e-06
159 3.93634e-06
160 3.95099e-06
161 3.96565e-06
162 3.98031e-06
163 3.99496e-06
164 4.00962e-06
165 4.02412e-06
166 4.03833e-06
167 4.05254e-06
168 4.06675e-06
169 4.08067e-06
170 4.09459e-06
171 4.1085e-06
172 4.12227e-06
173 4.13604e-06
174 4.14981e-06
175 4.16358e-06
176 4.17706e-06
177 4.19053e-06
178 4.20401e-06
179 4.21733e-06
180 4.23066e-06
181 4.24398e-06
182 4.25731e-06
183 4.27034e-06
184 4.28336e-06
185 4.29639e-06
186 4.30927e-06
187 4.32214e-06
188 4.33502e-06
189 4.3479e-06
190 4.36047e-06
191 4.37304e-06
192 4.38562e-06
193 4.39819e-06
194 4.41061e-06
195 4.42303e-06
196 4.43545e-06
197 4.44787e-06
198 4.46014e-06
199 4.4724e-06
200 4.48466e-06
201 4.49693e-06
202 4.50903e-06
203 4.52113e-06
204 4.53323e-06
205 4.54533e-06
206 4.55744e-06
207 4.56954e-06
208 4.58164e-06
209 4.59374e-06
210 4.60584e-06
211 4.61794e-06
212 4.63005e-06
213 4.64234e-06
214 4.65463e-06
215 4.66692e-06
216 4.67921e-06
217 4.6915e-06
218 4.704e-06
219 4.71651e-06
220 4.72901e-06
221 4.74151e-06
222 4.75402e-06
223 4.76652e-06
224 4.77902e-06
225 4.79152e-06
226 4.80428e-06
227 4.81704e-06
228 4.8298e-06
229 4.84256e-06
230 4.85531e-06
231 4.86807e-06
232 4.88083e-06
233 4.8939e-06
234 4.90697e-06
235 4.92004e-06
236 4.93311e-06
237 4.94618e-06
238 4.95925e-06
239 4.97231e-06
240 4.98538e-06
241 4.99845e-06
242 5.01194e-06
243 5.02543e-06
244 5.03892e-06
245 5.05242e-06
246 5.06591e-06
247 5.0794e-06
248 5.09289e-06
249 5.10638e-06
250 5.11987e-06
251 5.13336e-06
252 5.14685e-06
253 5.16034e-06
254 5.17383e-06
255 5.18732e-06
256 5.20081e-06
257 5.21431e-06
258 5.2278e-06
259 5.24129e-06
260 5.25478e-06
261 5.26827e-06
262 5.28176e-06
263 5.29525e-06
264 5.30874e-06
265 5.32223e-06
266 5.33572e-06
267 5.34921e-06
268 5.3627e-06
269 5.37619e-06
270 5.38969e-06
271 5.40318e-06
272 5.41667e-06
Re:3361, We:2465
