0 0
1 6.21449e-09
2 2.03372e-08
3 3.78869e-08
4 5.87272e-08
5 8.27533e-08
6 1.09704e-07
7 1.39506e-07
8 1.72263e-07
9 2.0794e-07
10 2.4658e-07
11 2.8795e-07
12 3.31772e-07
13 3.77786e-07
14 4.25809e-07
15 4.75578e-07
16 5.2699e-07
17 5.79907e-07
18 6.34154e-07
19 6.89519e-07
20 7.46056e-07
21 8.0351e-07
22 8.61916e-07
23 9.20978e-07
24 9.81059e-07
25 1.04149e-06
26 1.10263e-06
27 1.16452e-06
28 1.22677e-06
29 1.28942e-06
30 1.35245e-06
31 1.41589e-06
32 1.47973e-06
33 1.54357e-06
34 1.60783e-06
35 1.67208e-06
36 1.73677e-06
37 1.80146e-06
38 1.86658e-06
39 1.93171e-06
40 1.99683e-06
41 2.06196e-06
42 2.12754e-06
43 2.19313e-06
44 2.25871e-06
45 2.3243e-06
46 2.38988e-06
47 2.45547e-06
48 2.52154e-06
49 2.58761e-06
50 2.65368e-06
51 2.71975e-06
52 2.78582e-06
53 2.85189e-06
54 2.91796e-06
55 2.98352e-06
56 3.04908e-06
57 3.11413e-06
58 3.17917e-06
59 3.24422e-06
60 3.30875e-06
61 3.37328e-06
62 3.43729e-06
63 3.50131e-06
64 3.5648e-06
65 3.6283e-06
66 3.6918e-06
67 3.75478e-06
68 3.81775e-06
69 3.88073e-06
70 3.94318e-06
71 4.00563e-06
72 4.06809e-06
73 4.13054e-06
74 4.19246e-06
75 4.25438e-06
76 4.31629e-06
77 4.37821e-06
78 4.44013e-06
79 4.50205e-06
80 4.56397e-06
81 4.62533e-06
82 4.68669e-06
83 4.74805e-06
84 4.80941e-06
85 4.87077e-06
86 4.93156e-06
87 4.99235e-06
88 5.05256e-06
89 5.11277e-06
90 5.17241e-06
91 5.23205e-06
92 5.29112e-06
93 5.35019e-06
94 5.40868e-06
95 5.46717e-06
96 5.52509e-06
97 5.58245e-06
98 5.6398e-06
99 5.69658e-06
100 5.75337e-06
101 5.80903e-06
102 5.86469e-06
103 5.91979e-06
104 5.97489e-06
105 6.02944e-06
106 6.08398e-06
107 6.13797e-06
108 6.19196e-06
109 6.24595e-06
110 6.29883e-06
111 6.35226e-06
112 6.40459e-06
113 6.45746e-06
114 6.50923e-06
115 6.56099e-06
116 6.61275e-06
117 6.66452e-06
118 6.71572e-06
119 6.76692e-06
120 6.81812e-06
121 6.86875e-06
122 6.91938e-06
123 6.96945e-06
124 7.01951e-06
125 7.069e-06
126 7.1185e-06
127 7.16742e-06
128 7.21635e-06
129 7.26527e-06
130 7.31362e-06
131 7.36197e-06
132 7.40422e-06
133 7.43731e-06
134 7.46783e-06
135 7.49835e-06
136 7.52912e-06
137 7.56014e-06
138 7.59141e-06
139 7.62268e-06
140 7.65447e-06
141 7.68655e-06
142 7.71919e-06
143 7.75212e-06
144 7.78506e-06
145 7.8183e-06
146 7.85154e-06
147 7.8851e-06
148 7.91771e-06
149 7.95002e-06
150 7.98234e-06
151 8.01375e-06
152 8.04403e-06
153 8.07431e-06
154 8.10459e-06
155 8.13406e-06
156 8.16325e-06
157 8.19245e-06
158 8.22112e-06
159 8.24928e-06
160 8.27744e-06
161 8.30535e-06
162 8.333e-06
163 8.36066e-06
164 8.38781e-06
165 8.41473e-06
166 8.44164e-06
167 8.4676e-06
168 8.49356e-06
169 8.51951e-06
170 8.54478e-06
171 8.57005e-06
172 8.5951e-06
173 8.6197e-06
174 8.6443e-06
175 8.66847e-06
176 8.69221e-06
177 8.71595e-06
178 8.73927e-06
179 8.76239e-06
180 8.78551e-06
181 8.80803e-06
182 8.83055e-06
183 8.85307e-06
184 8.875e-06
185 8.89673e-06
186 8.91847e-06
187 8.93984e-06
188 8.96101e-06
189 8.98219e-06
190 9.00318e-06
191 9.0238e-06
192 9.04442e-06
193 9.06505e-06
194 9.08531e-06
195 9.10557e-06
196 9.12584e-06
197 9.14592e-06
198 9.16582e-06
199 9.18572e-06
200 9.20545e-06
201 9.22499e-06
202 9.24454e-06
203 9.26408e-06
204 9.28345e-06
205 9.30282e-06
206 9.32218e-06
207 9.34155e-06
208 9.36091e-06
209 9.38028e-06
210 9.39984e-06
211 9.41939e-06
212 9.43895e-06
213 9.45851e-06
214 9.47806e-06
215 9.49782e-06
216 9.51758e-06
217 9.53734e-06
218 9.5571e-06
219 9.57686e-06
220 9.59684e-06
221 9.61682e-06
222 9.6368e-06
223 9.65678e-06
224 9.67676e-06
225 9.69697e-06
226 9.71719e-06
227 9.73766e-06
228 9.75812e-06
229 9.77859e-06
230 9.79906e-06
231 9.81979e-06
232 9.84053e-06
233 9.86127e-06
234 9.882e-06
235 9.90303e-06
236 9.92406e-06
237 9.94509e-06
238 9.96643e-06
239 9.98777e-06
240 1.00091e-05
241 1.00308e-05
242 1.00525e-05
243 1.00742e-05
244 1.00958e-05
245 1.01179e-05
246 1.01399e-05
247 1.0162e-05
248 1.01841e-05
249 1.02065e-05
250 1.0229e-05
251 1.02515e-05
252 1.02739e-05
253 1.02964e-05
254 1.03194e-05
255 1.03423e-05
256 1.03653e-05
257 1.03882e-05
258 1.04112e-05
259 1.04347e-05
260 1.04582e-05
261 1.04817e-05
262 1.05052e-05
263 1.05287e-05
264 1.05522e-05
265 1.05764e-05
266 1.06006e-05
267 1.06248e-05
268 1.0649e-05
269 1.06732e-05
270 1.06974e-05
271 1.07216e-05
272 1.07458e-05
273 1.077e-05
274 1.07952e-05
275 1.08204e-05
276 1.08456e-05
277 1.08708e-05
278 1.0896e-05
279 1.09213e-05
280 1.09465e-05
281 1.09717e-05
282 1.09969e-05
283 1.10221e-05
284 1.10473e-05
285 1.10725e-05
286 1.10977e-05
287 1.11229e-05
288 1.11481e-05
289 1.11733e-05
290 1.11985e-05
291 1.12238e-05
292 1.1249e-05
293 1.12742e-05
294 1.12994e-05
295 1.13246e-05
296 1.13498e-05
297 1.1375e-05
Re:3137, We:1534
