0 0 0
0 0 0
0 0 0
0 0 0
0 0 0
0 0 0
0 0 0
0 0 0
0 0 0
0 0 0
1 7.88352e-08 0.000213068
1 7.88352e-08 0.000213068
1 7.88352e-08 0.000213068
1 7.88352e-08 0.000213068
1 7.88352e-08 0.000213068
1 7.88352e-08 0.000213068
1 7.88352e-08 0.000213068
1 7.88352e-08 0.000213068
1 7.88352e-08 0.000213068
1 7.88352e-08 0.000213068
2 1.28177e-07 0.000346424
2 1.28177e-07 0.000346424
2 1.28177e-07 0.000346424
2 1.28177e-07 0.000346424
2 1.28177e-07 0.000346424
2 1.28177e-07 0.000346424
2 1.28177e-07 0.000346424
2 1.28177e-07 0.000346424
2 1.28177e-07 0.000346424
2 1.28177e-07 0.000346424
