0 0
1 7.99006e-06
2 3.00701e-05
3 5.82457e-05
4 9.18096e-05
5 0.000130257
6 0.000173141
7 0.000220063
8 0.000270606
9 0.000324368
10 0.000381117
11 0.000440714
12 0.000502655
13 0.000566557
14 0.000632559
15 0.000700155
16 0.000769433
17 0.000840125
18 0.000912297
19 0.000985627
20 0.00106016
21 0.00113552
22 0.00121173
23 0.00128882
24 0.00136635
25 0.00144481
26 0.00152373
27 0.00160313
28 0.00168302
29 0.00176341
30 0.0018443
31 0.00192519
32 0.0020066
33 0.00208801
34 0.00216995
35 0.00225189
36 0.00233383
37 0.00241632
38 0.00249881
39 0.0025813
40 0.00266379
41 0.00274628
42 0.00282878
43 0.00291127
44 0.00299434
45 0.00307742
46 0.0031605
47 0.00324297
48 0.00332545
49 0.00340793
50 0.00349041
51 0.00357289
52 0.00365475
53 0.00373662
54 0.00381849
55 0.00390036
56 0.0039816
57 0.00406285
58 0.0041441
59 0.00422535
60 0.00430659
61 0.00438721
62 0.00446782
63 0.00454843
64 0.00462904
65 0.00470901
66 0.00478898
67 0.00486895
68 0.00494891
69 0.00502888
70 0.00510819
71 0.0051875
72 0.0052668
73 0.00534611
74 0.00542542
75 0.00550472
76 0.00558403
77 0.00566265
78 0.00574126
79 0.00581988
80 0.0058985
81 0.00597712
82 0.00605573
83 0.00613435
84 0.00621225
85 0.00629014
86 0.00636804
87 0.00644593
88 0.00652383
89 0.00660172
90 0.00667962
91 0.00675752
92 0.00683541
93 0.00691331
94 0.00699043
95 0.00706754
96 0.00714466
97 0.00722178
98 0.00729889
99 0.00737601
100 0.00745313
101 0.00753024
102 0.00760736
103 0.00768448
104 0.00776159
105 0.00783871
106 0.00791583
107 0.00799295
108 0.00807006
109 0.00814718
110 0.0082243
111 0.00830141
112 0.00837853
113 0.00845565
114 0.00853276
115 0.00860988
116 0.008687
117 0.00876411
118 0.00884123
119 0.00891835
120 0.00899547
121 0.00907258
122 0.0091497
123 0.00922682
124 0.00930393
125 0.00938105
126 0.00945817
127 0.00953528
128 0.0096124
129 0.00968952
130 0.00976663
131 0.00984375
132 0.00992087
133 0.00999798
134 0.0100751
135 0.0101522
136 0.0102293
137 0.0103078
138 0.0103863
139 0.0104648
140 0.0105433
141 0.0106203
142 0.0106767
143 0.0107232
144 0.0107675
145 0.0108094
146 0.0108492
147 0.0108885
148 0.0109274
149 0.0109664
150 0.0110053
151 0.0110446
152 0.011084
153 0.0111238
154 0.011164
155 0.0112047
156 0.0112459
157 0.0112877
158 0.0113299
159 0.0113727
160 0.0114155
161 0.0114589
162 0.0115028
163 0.0115474
164 0.0115927
165 0.0116379
166 0.0116839
167 0.0117306
168 0.0117773
169 0.011824
170 0.0118706
171 0.0119181
172 0.0119656
173 0.0120131
174 0.0120615
175 0.0121098
176 0.0121582
177 0.0122075
178 0.0122569
179 0.0123073
180 0.0123577
181 0.012408
182 0.0124584
183 0.0125088
184 0.012558
185 0.0126072
186 0.0126565
187 0.0127033
188 0.0127502
189 0.0127983
190 0.0128463
191 0.0128944
192 0.0129439
193 0.0129933
194 0.0130427
195 0.0130938
196 0.0131448
197 0.0131959
198 0.0132488
199 0.0133017
200 0.0133547
201 0.0134099
202 0.0134651
203 0.0135204
204 0.0135756
205 0.0136308
206 0.0136861
207 0.0137382
208 0.0137826
209 0.0138269
210 0.0138738
211 0.0139208
212 0.0139677
213 0.0140147
214 0.0140616
215 0.0141128
216 0.0141641
217 0.0142153
218 0.0142562
219 0.0142972
220 0.0143382
221 0.0143792
222 0.0144201
223 0.0144611
224 0.0145021
225 0.0145431
226 0.014584
227 0.014625
Re:2521, We:31
