0 0
1 2.93269e-06
2 1.09506e-05
3 2.11702e-05
4 3.33913e-05
5 4.74396e-05
6 6.31397e-05
7 8.0343e-05
8 9.89057e-05
9 0.000118723
10 0.000139668
11 0.000161614
12 0.000184499
13 0.000208231
14 0.000232737
15 0.000257968
16 0.000283814
17 0.000310251
18 0.000337193
19 0.000364602
20 0.000392495
21 0.000420763
22 0.000449417
23 0.000478335
24 0.000507592
25 0.000537125
26 0.000566869
27 0.000596828
28 0.000627006
29 0.000657407
30 0.000687958
31 0.000718661
32 0.000749519
33 0.000780454
34 0.000811547
35 0.00084272
36 0.000873972
37 0.000905306
38 0.000936721
39 0.000968217
40 0.000999797
41 0.00103146
42 0.00106312
43 0.00109487
44 0.00112662
45 0.00115845
46 0.00119028
47 0.0012222
48 0.00125412
49 0.00128604
50 0.00131804
51 0.00135005
52 0.00138205
53 0.00141406
54 0.00144606
55 0.00147816
56 0.00151025
57 0.00154234
58 0.00157444
59 0.00160653
60 0.00163863
61 0.00167072
62 0.00170282
63 0.001735
64 0.00176719
65 0.00179937
66 0.00183156
67 0.00186374
68 0.00189593
69 0.00192812
70 0.0019603
71 0.00199249
72 0.00202467
73 0.00205686
74 0.00208904
75 0.00212123
76 0.00215342
77 0.0021856
78 0.00221779
79 0.00224997
80 0.00228216
81 0.00231434
82 0.00234653
83 0.00237872
84 0.0024109
85 0.00244309
86 0.00247527
87 0.00250746
88 0.00253964
89 0.00257183
90 0.00260402
91 0.0026362
92 0.00266839
93 0.00270057
94 0.00273276
95 0.00276494
96 0.00279713
97 0.00282932
98 0.0028615
99 0.00289369
100 0.00292587
101 0.00295806
102 0.00299024
103 0.00302243
104 0.00305462
105 0.0030868
106 0.00311899
107 0.00315117
108 0.00318336
109 0.00321554
110 0.00324773
111 0.00327992
112 0.0033121
113 0.00334429
114 0.00337647
115 0.00340866
116 0.00344084
117 0.00347303
118 0.00350522
119 0.0035374
120 0.00356959
121 0.00360177
122 0.00363396
123 0.00366614
124 0.00369833
125 0.00373052
126 0.0037627
127 0.00379489
128 0.00382707
129 0.00385926
130 0.00389144
131 0.00392363
132 0.00395582
133 0.003988
134 0.00402019
135 0.00405237
136 0.00408456
137 0.00411674
138 0.00414893
139 0.00418112
140 0.0042133
141 0.00424549
142 0.00427767
143 0.00430986
144 0.00434204
145 0.00437423
146 0.00440642
147 0.0044386
148 0.00447079
149 0.00450297
150 0.00453516
151 0.00456734
152 0.00459953
153 0.00463172
154 0.0046639
155 0.00469609
156 0.00472827
157 0.00476046
158 0.00479264
159 0.00482483
160 0.00485702
161 0.0048892
162 0.00492139
163 0.00495357
164 0.00498576
165 0.00501794
166 0.00505013
167 0.00508232
168 0.0051145
169 0.00514669
170 0.00517887
171 0.00521106
172 0.00524324
173 0.00527543
174 0.00530762
175 0.0053398
176 0.00537199
177 0.00540417
178 0.00543636
179 0.00546854
180 0.00550073
181 0.00553292
182 0.0055651
183 0.00559729
184 0.00562947
185 0.00566166
186 0.00569384
187 0.00572603
188 0.00575822
189 0.0057904
190 0.00582259
191 0.00585477
192 0.00588696
193 0.00591914
194 0.00595133
195 0.00598352
196 0.0060157
197 0.00604789
198 0.00608007
199 0.00611226
200 0.00614444
201 0.00617663
202 0.00620882
203 0.006241
204 0.00627319
205 0.00630537
206 0.00633756
207 0.00636974
208 0.00640193
209 0.00643412
210 0.0064663
211 0.00649849
212 0.00653067
213 0.00656286
214 0.00659504
215 0.00662723
216 0.00665942
217 0.0066916
218 0.00672379
219 0.00675597
220 0.00678816
221 0.00682034
222 0.00685253
223 0.00688472
224 0.0069169
225 0.00694909
226 0.00698127
227 0.00701346
228 0.00704564
229 0.00707783
230 0.00711002
231 0.0071422
232 0.00717439
233 0.00720657
234 0.00723876
235 0.00727094
236 0.00730313
237 0.00733532
238 0.0073675
239 0.00739969
240 0.00743187
241 0.00746406
242 0.00749624
243 0.00752843
244 0.00756062
245 0.0075928
246 0.00762499
247 0.00765717
248 0.00768936
249 0.00772154
250 0.00775373
251 0.00778592
252 0.0078181
253 0.00785029
254 0.00788247
255 0.00791466
256 0.00794684
257 0.00797903
258 0.00801122
259 0.0080434
260 0.00807559
261 0.00810777
262 0.00813996
263 0.00817214
264 0.00820433
265 0.00823652
266 0.0082687
267 0.00830089
268 0.00833307
269 0.00836526
270 0.00839744
271 0.00842963
272 0.00846182
273 0.008494
274 0.00852619
275 0.00855837
276 0.00859056
277 0.00862274
278 0.00865493
279 0.00868712
280 0.0087193
281 0.00875149
282 0.00878367
283 0.00881586
284 0.00884804
285 0.00888023
286 0.00891242
287 0.0089446
288 0.00897679
289 0.00900897
290 0.00904116
291 0.00907334
292 0.00910553
293 0.00913771
294 0.0091699
295 0.00920209
296 0.00923427
297 0.00926646
298 0.00929864
299 0.00933083
300 0.00936301
301 0.0093952
302 0.00942739
303 0.00945957
304 0.00949176
305 0.00952394
306 0.00955613
307 0.00958831
308 0.0096205
309 0.00965269
310 0.00968487
311 0.00971706
312 0.00974924
313 0.00978143
314 0.00981361
315 0.0098458
316 0.00987799
317 0.00991017
318 0.00994236
319 0.00997454
320 0.0100067
321 0.0100389
322 0.0100711
323 0.0101033
324 0.0101355
325 0.0101677
326 0.0101998
327 0.010232
328 0.0102642
329 0.0102964
330 0.0103286
331 0.0103608
332 0.010393
333 0.0104251
334 0.0104573
335 0.0104895
336 0.0105217
337 0.0105539
338 0.0105861
339 0.0106183
340 0.0106504
341 0.0106826
342 0.0107148
343 0.010747
344 0.0107792
345 0.0108114
346 0.0108436
347 0.0108757
348 0.0109079
349 0.0109401
350 0.0109723
351 0.0110045
352 0.0110367
353 0.0110689
354 0.0110851
355 0.0110999
356 0.0111143
357 0.0111276
358 0.0111409
359 0.0111544
360 0.011168
361 0.0111821
362 0.0111967
363 0.0112118
364 0.0112278
365 0.0112447
366 0.0112626
367 0.0112819
368 0.0113023
369 0.0113238
370 0.0113462
371 0.0113695
372 0.0113934
373 0.0114182
374 0.0114437
375 0.0114696
376 0.011496
377 0.0115229
378 0.0115502
379 0.0115781
380 0.0116065
381 0.011635
382 0.011664
383 0.0116931
384 0.0117221
385 0.0117518
386 0.0117815
387 0.0118113
388 0.0118417
389 0.0118722
390 0.0119027
391 0.0119332
392 0.0119637
393 0.0119941
394 0.0120246
395 0.0120551
396 0.0120856
397 0.0121161
398 0.0121476
399 0.0121792
400 0.0122108
401 0.0122423
402 0.0122739
403 0.0123055
404 0.012337
405 0.0123686
406 0.0124002
407 0.0124318
408 0.0124633
409 0.0124949
410 0.0125265
411 0.012558
412 0.0125896
413 0.0126212
414 0.0126527
415 0.0126843
416 0.0127159
417 0.0127474
418 0.012779
419 0.0128106
420 0.0128422
421 0.0128737
422 0.0129053
423 0.0129369
424 0.0129684
425 0.013
Re:560, We:3
