0 0
1 7.52841e-06
2 2.83327e-05
3 5.48804e-05
4 8.65051e-05
5 0.000122731
6 0.000163137
7 0.000207348
8 0.000254971
9 0.000305627
10 0.000359097
11 0.000415251
12 0.000473612
13 0.000533822
14 0.000596011
15 0.000659702
16 0.000724977
17 0.000791584
18 0.000859586
19 0.000928679
20 0.000998905
21 0.00106991
22 0.00114172
23 0.00121435
24 0.00128741
25 0.00136133
26 0.00143569
27 0.00151051
28 0.00158578
29 0.00166152
30 0.00173774
31 0.00181395
32 0.00189066
33 0.00196737
34 0.00204457
35 0.00212178
36 0.00219899
37 0.00227671
38 0.00235444
39 0.00243216
40 0.00250989
41 0.00258761
42 0.00266588
43 0.00274415
44 0.00282242
45 0.00290068
46 0.00297895
47 0.00305666
48 0.00313436
49 0.00321207
50 0.00328977
51 0.00336748
52 0.00344461
53 0.00352174
54 0.00359887
55 0.003676
56 0.00375254
57 0.00382909
58 0.00390564
59 0.00398218
60 0.00405873
61 0.00413467
62 0.00421062
63 0.00428657
64 0.00436252
65 0.00443846
66 0.0045138
67 0.00458913
68 0.00466447
69 0.0047398
70 0.00481514
71 0.00489047
72 0.00496517
73 0.00503988
74 0.00511458
75 0.00518928
76 0.00526398
77 0.00533868
78 0.00541339
79 0.00548743
80 0.00556147
81 0.00563551
82 0.00570955
83 0.00578359
84 0.00585763
85 0.00593167
86 0.00600502
87 0.00607837
88 0.00615172
89 0.00622507
90 0.00629842
91 0.00637177
92 0.00644511
93 0.00651846
94 0.00659181
95 0.00666516
96 0.00673776
97 0.00681036
98 0.00688296
99 0.00695556
100 0.00702816
101 0.00710076
102 0.00717336
103 0.00724596
104 0.00731856
105 0.00739116
106 0.00746377
107 0.00753637
108 0.00760897
109 0.00768157
110 0.00775417
111 0.00782677
112 0.00789937
113 0.00797197
114 0.00804457
115 0.00811717
116 0.00818977
117 0.00826237
118 0.00833497
119 0.00840757
120 0.00848017
121 0.00855277
122 0.00862537
123 0.00869797
124 0.00877162
125 0.00884528
126 0.00891893
127 0.00899258
128 0.00906623
129 0.00913989
130 0.00921354
131 0.00928719
132 0.00936085
133 0.0094345
134 0.00950815
135 0.0095818
136 0.00965546
137 0.00972911
138 0.00980276
139 0.00987641
140 0.00995007
141 0.0100118
142 0.0100601
143 0.0101015
144 0.0101415
145 0.0101798
146 0.0102165
147 0.0102532
148 0.01029
149 0.0103267
150 0.0103635
151 0.0104006
152 0.0104377
153 0.0104753
154 0.0105133
155 0.0105517
156 0.0105906
157 0.01063
158 0.0106698
159 0.0107102
160 0.0107512
161 0.0107921
162 0.0108336
163 0.0108757
164 0.0109184
165 0.0109617
166 0.0110051
167 0.0110492
168 0.0110932
169 0.011138
170 0.0111828
171 0.0112275
172 0.0112723
173 0.0113179
174 0.0113635
175 0.0114091
176 0.0114547
177 0.0115003
178 0.0115459
179 0.0115915
180 0.0116336
181 0.0116757
182 0.0117186
183 0.0117575
184 0.0117901
185 0.0118227
186 0.0118543
187 0.0118854
188 0.0119164
189 0.0119475
190 0.0119791
191 0.0120112
192 0.012044
193 0.0120774
194 0.0121121
195 0.0121484
196 0.0121863
197 0.0122252
198 0.0122651
199 0.012306
200 0.0123481
201 0.0123915
202 0.0124349
203 0.0124797
204 0.0125262
205 0.0125726
206 0.0126209
207 0.0126692
208 0.0127175
209 0.0127658
210 0.0128119
211 0.012858
212 0.0129041
213 0.0129502
214 0.012999
215 0.0130478
216 0.0130966
217 0.0131454
218 0.0131943
219 0.0132431
220 0.0132919
221 0.0133363
222 0.0133806
223 0.013425
224 0.0134694
225 0.0135138
226 0.0135581
227 0.0136025
228 0.0136469
229 0.0136913
230 0.0137356
231 0.01378
Re:2375, We:29
