0 0
1 1.33168e-09
2 4.35797e-09
3 8.13029e-09
4 1.26208e-08
5 1.77911e-08
6 2.36077e-08
7 3.0062e-08
8 3.71636e-08
9 4.49317e-08
10 5.33266e-08
11 6.22897e-08
12 7.17527e-08
13 8.16928e-08
14 9.20253e-08
15 1.02784e-07
16 1.13849e-07
17 1.2524e-07
18 1.36918e-07
19 1.48838e-07
20 1.61012e-07
21 1.73384e-07
22 1.85962e-07
23 1.98683e-07
24 2.1155e-07
25 2.24567e-07
26 2.37739e-07
27 2.50991e-07
28 2.64323e-07
29 2.77821e-07
30 2.91404e-07
31 3.04987e-07
32 3.18657e-07
33 3.32416e-07
34 3.46174e-07
35 3.60024e-07
36 3.73874e-07
37 3.87817e-07
38 4.01761e-07
39 4.158e-07
40 4.2984e-07
41 4.4388e-07
42 4.57919e-07
43 4.72059e-07
44 4.86199e-07
45 5.00339e-07
46 5.14479e-07
47 5.28618e-07
48 5.42758e-07
49 5.56898e-07
50 5.71038e-07
51 5.85072e-07
52 5.99105e-07
53 6.13032e-07
54 6.2696e-07
55 6.4078e-07
56 6.54601e-07
57 6.68316e-07
58 6.82031e-07
59 6.95639e-07
60 7.09247e-07
61 7.22749e-07
62 7.36251e-07
63 7.49647e-07
64 7.63042e-07
65 7.76438e-07
66 7.89834e-07
67 8.03229e-07
68 8.16516e-07
69 8.29803e-07
70 8.4309e-07
71 8.56376e-07
72 8.69552e-07
73 8.8284e-07
74 8.96015e-07
75 9.0919e-07
76 9.22365e-07
77 9.35541e-07
78 9.48716e-07
79 9.61775e-07
80 9.7472e-07
81 9.87665e-07
82 1.0005e-06
83 1.01321e-06
84 1.02593e-06
85 1.03853e-06
86 1.05114e-06
87 1.06351e-06
88 1.07589e-06
89 1.08816e-06
90 1.10043e-06
91 1.11247e-06
92 1.12452e-06
93 1.13656e-06
94 1.14839e-06
95 1.16022e-06
96 1.17193e-06
97 1.18365e-06
98 1.19526e-06
99 1.20687e-06
100 1.21837e-06
101 1.22987e-06
102 1.24138e-06
103 1.25277e-06
104 1.26416e-06
105 1.27544e-06
106 1.28672e-06
107 1.2979e-06
108 1.30907e-06
109 1.32024e-06
110 1.33141e-06
111 1.34247e-06
112 1.35354e-06
113 1.3646e-06
114 1.37554e-06
115 1.38649e-06
116 1.39733e-06
117 1.40816e-06
118 1.41888e-06
119 1.42961e-06
120 1.44033e-06
121 1.45105e-06
122 1.46166e-06
123 1.47227e-06
124 1.48287e-06
125 1.49348e-06
126 1.50397e-06
127 1.51446e-06
128 1.52495e-06
129 1.5352e-06
130 1.54545e-06
131 1.55456e-06
132 1.56191e-06
133 1.56886e-06
134 1.57581e-06
135 1.58282e-06
136 1.58988e-06
137 1.597e-06
138 1.60425e-06
139 1.61156e-06
140 1.619e-06
141 1.62651e-06
142 1.63409e-06
143 1.64174e-06
144 1.64947e-06
145 1.65719e-06
146 1.66492e-06
147 1.67228e-06
148 1.67943e-06
149 1.68645e-06
150 1.69321e-06
151 1.69986e-06
152 1.70656e-06
153 1.71327e-06
154 1.71985e-06
155 1.72644e-06
156 1.73308e-06
157 1.73973e-06
158 1.74631e-06
159 1.75289e-06
160 1.75948e-06
161 1.766e-06
162 1.77245e-06
163 1.77891e-06
164 1.78524e-06
165 1.79157e-06
166 1.79785e-06
167 1.80406e-06
168 1.81027e-06
169 1.81642e-06
170 1.82245e-06
171 1.82848e-06
172 1.83445e-06
173 1.84024e-06
174 1.84604e-06
175 1.85184e-06
176 1.85747e-06
177 1.8631e-06
178 1.86874e-06
179 1.8742e-06
180 1.87967e-06
181 1.8852e-06
182 1.89061e-06
183 1.89603e-06
184 1.90144e-06
185 1.90675e-06
186 1.912e-06
187 1.91731e-06
188 1.92251e-06
189 1.92761e-06
190 1.93271e-06
191 1.93781e-06
192 1.94286e-06
193 1.9479e-06
194 1.95295e-06
195 1.958e-06
196 1.96299e-06
197 1.96804e-06
198 1.97309e-06
199 1.97808e-06
200 1.98308e-06
201 1.98807e-06
202 1.99312e-06
203 1.99817e-06
204 2.00322e-06
205 2.00827e-06
206 2.01332e-06
207 2.01837e-06
208 2.02336e-06
209 2.02841e-06
210 2.03346e-06
211 2.03851e-06
212 2.04356e-06
213 2.04861e-06
214 2.05366e-06
215 2.05871e-06
216 2.06383e-06
217 2.06895e-06
218 2.07407e-06
219 2.07919e-06
220 2.08438e-06
221 2.08957e-06
222 2.09477e-06
223 2.09996e-06
224 2.10523e-06
225 2.11051e-06
226 2.11578e-06
227 2.12106e-06
228 2.12642e-06
229 2.13178e-06
230 2.13715e-06
231 2.14251e-06
232 2.14797e-06
233 2.15344e-06
234 2.1589e-06
235 2.16436e-06
236 2.16982e-06
237 2.1754e-06
238 2.18098e-06
239 2.18655e-06
240 2.19213e-06
241 2.19771e-06
242 2.20342e-06
243 2.20913e-06
244 2.21483e-06
245 2.22054e-06
246 2.22625e-06
247 2.23196e-06
248 2.23784e-06
249 2.24371e-06
250 2.24958e-06
251 2.25545e-06
252 2.26133e-06
253 2.2672e-06
254 2.27307e-06
255 2.27894e-06
256 2.28482e-06
257 2.29092e-06
258 2.29703e-06
259 2.30314e-06
260 2.30924e-06
261 2.31535e-06
262 2.32146e-06
263 2.32757e-06
264 2.33367e-06
265 2.33978e-06
266 2.34589e-06
267 2.352e-06
268 2.3581e-06
269 2.36421e-06
270 2.37032e-06
271 2.37643e-06
272 2.38253e-06
273 2.38864e-06
274 2.39475e-06
275 2.40086e-06
276 2.40696e-06
277 2.41307e-06
278 2.41918e-06
279 2.42529e-06
280 2.43139e-06
281 2.4375e-06
Re:2689, We:2629
