0 0
1 3.68769e-06
2 1.27707e-05
3 2.34422e-05
4 3.6836e-05
5 5.26892e-05
6 7.07207e-05
7 9.07662e-05
8 0.000112679
9 0.000136278
10 0.000161418
11 0.000187938
12 0.000215739
13 0.000244728
14 0.000274769
15 0.000305748
16 0.000336858
17 0.000368772
18 0.000401391
19 0.000434747
20 0.000468104
21 0.000501613
22 0.000527303
23 0.000554323
24 0.000582061
25 0.000610956
26 0.000640923
27 0.000671849
28 0.000702774
29 0.000734171
30 0.000766338
31 0.000798795
32 0.000832004
33 0.000865841
34 0.000892531
35 0.000920205
36 0.000949059
37 0.000978511
38 0.00100898
39 0.00104018
40 0.00107153
41 0.00110294
42 0.00113522
43 0.00116528
44 0.00119628
45 0.00122784
46 0.00125708
47 0.0012865
48 0.00131689
49 0.001345
50 0.00137424
51 0.00140379
52 0.00143353
53 0.00145869
54 0.00148521
55 0.00151264
56 0.00154128
57 0.00157098
58 0.00160156
59 0.0016279
60 0.00165532
61 0.0016836
62 0.00171255
63 0.00174254
64 0.00177349
65 0.00180182
66 0.00183101
67 0.00186121
68 0.0018921
69 0.00192388
70 0.00195644
71 0.00198277
72 0.00201025
73 0.00203849
74 0.00206781
75 0.0020976
76 0.00212838
77 0.00215952
78 0.00219126
79 0.00222373
80 0.00225678
81 0.00229017
82 0.00232426
83 0.00235131
84 0.00237955
85 0.00240877
86 0.00243902
87 0.00247001
88 0.00250138
89 0.00253315
90 0.00255889
91 0.00258596
92 0.00261374
93 0.00264268
94 0.00267252
95 0.00270332
96 0.00273225
97 0.00276105
98 0.00279089
99 0.00282124
100 0.00285237
101 0.00288372
102 0.00291438
103 0.0029385
104 0.00296409
105 0.00299034
106 0.0030179
107 0.00304631
108 0.00307539
109 0.00310454
110 0.00313391
111 0.00316432
112 0.00319512
113 0.00322656
114 0.00325826
115 0.00328683
116 0.00331576
117 0.0033457
118 0.00337659
119 0.00340789
120 0.00343987
121 0.00346906
122 0.00349847
123 0.00352834
124 0.00355915
125 0.00358988
126 0.00362154
127 0.00365243
128 0.00368019
129 0.003709
130 0.00373886
131 0.00376969
132 0.00380111
133 0.00383262
134 0.00385454
135 0.00387816
136 0.00390331
137 0.00392989
138 0.00395772
139 0.00398663
140 0.00401568
141 0.00404437
142 0.00407413
143 0.00410446
144 0.00413574
145 0.00416728
146 0.00419794
147 0.00422559
148 0.0042544
149 0.00428424
150 0.00431509
151 0.00434676
152 0.00437852
153 0.00440746
154 0.00443688
155 0.0044673
156 0.00449807
157 0.00452966
158 0.00455948
159 0.0045893
160 0.00461972
161 0.00465104
162 0.00468294
163 0.00471564
164 0.00474763
165 0.00477942
166 0.00481151
167 0.00484432
168 0.0048735
169 0.00490353
170 0.0049323
171 0.00496107
172 0.00499033
173 0.00502056
174 0.00505171
175 0.00508365
176 0.00511611
177 0.00513905
178 0.00516328
179 0.00518855
180 0.00521517
181 0.00524291
182 0.00527178
183 0.00530143
184 0.00532924
185 0.00535802
186 0.00538715
187 0.00541727
188 0.00544786
189 0.00547934
190 0.00550802
191 0.0055345
192 0.00556157
193 0.00558984
194 0.00561906
195 0.0056493
196 0.00568003
197 0.00570669
198 0.00573429
199 0.00576272
200 0.00579223
201 0.00582249
202 0.00585367
203 0.00588485
204 0.00590789
205 0.00593226
206 0.00595806
207 0.00598508
208 0.00601336
209 0.00604235
210 0.00607152
211 0.00609509
212 0.00611981
213 0.00614597
214 0.006173
215 0.00620121
216 0.0062297
217 0.00625827
218 0.00628722
219 0.00631674
220 0.00634708
221 0.00637817
222 0.00640982
223 0.00643903
224 0.00646865
225 0.00649888
226 0.00652976
227 0.00656131
228 0.00659322
229 0.00662154
230 0.00665034
231 0.00668025
232 0.00671059
233 0.00674171
234 0.00677318
235 0.0068043
236 0.00683201
237 0.00686088
238 0.00689015
239 0.00692028
240 0.00695052
241 0.00698121
242 0.00700926
243 0.00703853
244 0.00706855
245 0.00709938
246 0.00713068
247 0.00716249
248 0.00718815
249 0.00721522
250 0.00724344
251 0.0072727
252 0.00730298
253 0.00733361
254 0.00736
255 0.00738741
256 0.00741604
257 0.00744554
258 0.00747597
259 0.00750677
260 0.00753808
261 0.00756604
262 0.00759508
263 0.00762469
264 0.00765514
265 0.00768558
266 0.00771679
267 0.00774107
268 0.00776651
269 0.00779324
270 0.00782109
271 0.00785004
272 0.00787982
273 0.00791021
274 0.00793499
275 0.00796102
276 0.00798793
277 0.0080161
278 0.00804473
279 0.0080742
280 0.00810416
281 0.00813177
282 0.00816039
283 0.00818999
284 0.00822049
285 0.00825141
286 0.00828274
287 0.00830707
288 0.00833269
289 0.0083594
290 0.00838732
291 0.00841596
292 0.00844534
293 0.00847525
294 0.00850293
295 0.00853143
296 0.00856083
297 0.00859089
298 0.00862152
299 0.00865258
300 0.00867876
301 0.00870616
302 0.00873453
303 0.0087638
304 0.00879348
305 0.00882387
306 0.00885341
307 0.00887827
308 0.00890428
309 0.00893141
310 0.00895927
311 0.00898805
312 0.00901736
313 0.00904755
314 0.00907234
315 0.0090984
316 0.00912564
317 0.00915376
318 0.00918271
319 0.00921179
320 0.00924131
321 0.00926852
322 0.00929677
323 0.0093253
324 0.00935454
325 0.00938393
326 0.00941426
327 0.00944116
328 0.00946912
329 0.00949708
330 0.00952604
331 0.00955531
332 0.00958552
333 0.00961624
334 0.00964375
335 0.00967225
336 0.00970136
337 0.00973111
338 0.00976135
339 0.00979247
340 0.00981702
341 0.00984276
342 0.00986927
343 0.00989675
344 0.00992497
345 0.00995413
346 0.00998414
347 0.010013
348 0.0100426
349 0.0100728
350 0.0101038
351 0.0101353
352 0.0101674
353 0.0101907
354 0.0102155
355 0.0102412
356 0.010268
357 0.0102959
358 0.0103247
359 0.0103545
360 0.010385
361 0.0104161
362 0.0104476
363 0.0104798
364 0.0105122
365 0.0105425
366 0.0105726
367 0.010601
368 0.0106258
369 0.0106434
370 0.0106612
371 0.0106773
372 0.0106908
373 0.0107043
374 0.010718
375 0.0107318
376 0.0107457
377 0.0107585
378 0.0107715
379 0.0107846
380 0.0107981
381 0.0108116
382 0.0108254
383 0.0108392
384 0.0108498
385 0.0108607
386 0.0108695
387 0.0108791
388 0.0108886
389 0.0108987
390 0.0109094
391 0.0109205
392 0.0109321
393 0.0109441
394 0.0109565
395 0.0109693
396 0.0109824
397 0.010996
398 0.0110099
399 0.0110243
400 0.0110389
401 0.0110539
402 0.0110692
403 0.0110847
404 0.0111005
405 0.0111165
406 0.0111329
407 0.0111494
408 0.0111661
409 0.0111831
410 0.0112003
411 0.0112178
412 0.0112354
413 0.0112531
414 0.0112711
415 0.0112891
416 0.0113072
417 0.0113255
418 0.0113438
419 0.0113621
420 0.0113806
421 0.011399
422 0.0114175
423 0.0114359
424 0.0114545
425 0.0114727
426 0.0114908
427 0.011509
428 0.0115271
429 0.0115445
430 0.0115621
431 0.0115796
432 0.0115973
433 0.011615
434 0.0116329
435 0.0116511
436 0.0116693
437 0.0116878
438 0.0117067
439 0.0117259
440 0.0117453
441 0.0117649
442 0.0117837
443 0.0118025
444 0.0118215
445 0.0118406
446 0.01186
447 0.0118794
448 0.0118991
449 0.011919
450 0.0119389
451 0.0119593
452 0.01198
453 0.0120011
454 0.0120225
455 0.012044
456 0.0120656
457 0.0120874
458 0.0121091
459 0.0121308
460 0.0121526
461 0.0121745
462 0.0121958
463 0.0122174
464 0.0122381
465 0.012259
466 0.0122801
467 0.0123013
468 0.0123229
469 0.0123444
470 0.0123661
471 0.012388
472 0.0124099
473 0.0124319
474 0.0124542
475 0.0124764
476 0.0124988
477 0.0125213
478 0.0125439
479 0.0125667
480 0.0125895
481 0.0126125
482 0.0126356
483 0.0126586
484 0.0126818
485 0.0127051
486 0.012727
487 0.012749
488 0.0127714
489 0.012794
490 0.0128168
491 0.0128399
492 0.0128632
493 0.0128865
494 0.0129097
495 0.0129323
496 0.0129554
497 0.0129787
498 0.0130025
499 0.0130263
500 0.0130498
501 0.0130736
502 0.0130921
503 0.0131111
504 0.0131307
505 0.0131506
506 0.013171
507 0.0131894
508 0.0132082
509 0.0132272
510 0.0132466
511 0.0132662
512 0.0132848
513 0.0133036
514 0.0133223
515 0.0133404
516 0.0133588
517 0.0133772
518 0.0133956
519 0.013414
520 0.0134327
521 0.0134513
522 0.0134701
523 0.0134883
524 0.0135025
525 0.013517
526 0.0135319
527 0.0135474
528 0.0135633
529 0.0135794
530 0.0135959
531 0.0136125
532 0.0136294
533 0.0136453
534 0.0136615
535 0.0136776
536 0.0136937
537 0.01371
538 0.0137265
539 0.013743
540 0.0137595
541 0.0137762
542 0.0137929
543 0.0138092
544 0.0138251
545 0.0138412
546 0.0138567
547 0.0138724
548 0.0138881
549 0.0139024
550 0.0139168
551 0.0139313
552 0.0139457
553 0.0139602
554 0.0139741
555 0.0139884
556 0.0140027
557 0.0140171
558 0.0140318
559 0.0140464
560 0.0140613
561 0.0140728
562 0.0140846
563 0.0140968
564 0.0141093
565 0.0141221
566 0.0141352
567 0.0141488
568 0.0141627
569 0.0141763
570 0.0141901
571 0.0142042
572 0.0142182
573 0.0142325
574 0.0142467
575 0.0142612
576 0.0142733
577 0.0142858
578 0.0142984
579 0.0143112
580 0.0143243
581 0.0143375
582 0.014351
583 0.014364
584 0.0143774
585 0.0143912
586 0.0144049
587 0.0144188
588 0.0144331
589 0.0144473
590 0.0144618
591 0.0144764
592 0.0144909
593 0.0145058
594 0.0145206
595 0.0145355
596 0.0145504
597 0.0145656
598 0.0145798
599 0.0145939
600 0.0146084
601 0.0146229
602 0.0146374
603 0.0146519
604 0.014666
605 0.0146801
606 0.0146942
607 0.0147087
608 0.0147232
609 0.0147378
610 0.0147523
611 0.0147674
612 0.0147825
613 0.0147976
614 0.0148127
615 0.0148278
616 0.0148429
617 0.0148588
618 0.0148747
619 0.0148906
620 0.0149065
621 0.0149224
622 0.0149383
623 0.0149542
624 0.0149701
625 0.014986
626 0.0150019
627 0.0150178
628 0.0150337
629 0.0150496
630 0.0150655
631 0.0150814
632 0.0150973
633 0.0151132
634 0.0151291
635 0.015145
Re: 2610, We: 32
