0 0
1 7.91903e-06
2 2.98028e-05
3 5.77279e-05
4 9.09935e-05
5 0.000129099
6 0.000171602
7 0.000218107
8 0.000268201
9 0.000321485
10 0.000377729
11 0.000436797
12 0.000498187
13 0.000561521
14 0.000626936
15 0.000693931
16 0.000762593
17 0.000832657
18 0.000904187
19 0.000976865
20 0.00105074
21 0.00112543
22 0.00120096
23 0.00127736
24 0.00135421
25 0.00143197
26 0.00151019
27 0.00158888
28 0.00166806
29 0.00174773
30 0.0018279
31 0.00190807
32 0.00198876
33 0.00206945
34 0.00215066
35 0.00223187
36 0.00231308
37 0.00239484
38 0.0024766
39 0.00255836
40 0.00264012
41 0.00272187
42 0.00280363
43 0.00288539
44 0.00296773
45 0.00305006
46 0.0031324
47 0.00321415
48 0.00329589
49 0.00337764
50 0.00345938
51 0.00354113
52 0.00362227
53 0.00370341
54 0.00378455
55 0.00386569
56 0.00394621
57 0.00402674
58 0.00410726
59 0.00418779
60 0.00426831
61 0.00434821
62 0.0044281
63 0.004508
64 0.0045879
65 0.00466715
66 0.00474641
67 0.00482567
68 0.00490492
69 0.00498418
70 0.00506344
71 0.00514269
72 0.00522129
73 0.00529988
74 0.00537847
75 0.00545706
76 0.00553565
77 0.00561356
78 0.00569146
79 0.00576937
80 0.00584728
81 0.00592519
82 0.00600309
83 0.006081
84 0.00615891
85 0.00623609
86 0.00631328
87 0.00639047
88 0.00646765
89 0.00654484
90 0.00662202
91 0.00669921
92 0.0067764
93 0.00685358
94 0.00693
95 0.00700641
96 0.00708282
97 0.00715924
98 0.00723565
99 0.00731207
100 0.00738848
101 0.0074649
102 0.00754131
103 0.00761772
104 0.00769414
105 0.00777055
106 0.00784697
107 0.00792338
108 0.00799979
109 0.00807621
110 0.00815262
111 0.00822904
112 0.00830545
113 0.00838187
114 0.00845828
115 0.00853469
116 0.00861111
117 0.00868752
118 0.00876394
119 0.00884035
120 0.00891677
121 0.00899318
122 0.00906959
123 0.00914601
124 0.00922242
125 0.00929884
126 0.00937525
127 0.00945166
128 0.00952808
129 0.00960449
130 0.00968091
131 0.00975732
132 0.00983374
133 0.00991015
134 0.00998656
135 0.0100643
136 0.010142
137 0.0102198
138 0.0102975
139 0.0103752
140 0.010453
141 0.0105278
142 0.0105829
143 0.0106284
144 0.0106718
145 0.0107129
146 0.0107523
147 0.0107913
148 0.0108299
149 0.0108685
150 0.0109071
151 0.0109461
152 0.0109851
153 0.0110245
154 0.0110644
155 0.0111048
156 0.0111456
157 0.011187
158 0.0112288
159 0.0112712
160 0.0113137
161 0.0113567
162 0.0114002
163 0.0114445
164 0.0114893
165 0.0115349
166 0.0115804
167 0.0116267
168 0.0116729
169 0.01172
170 0.011767
171 0.011814
172 0.0118611
173 0.011909
174 0.011956
175 0.0120039
176 0.0120518
177 0.0120997
178 0.0121476
179 0.0121955
180 0.0122434
181 0.0122924
182 0.0123413
183 0.0123903
184 0.0124392
185 0.0124893
186 0.0125395
187 0.0125896
188 0.0126398
189 0.0126899
190 0.0127415
191 0.0127931
192 0.0128446
193 0.0128979
194 0.0129511
195 0.0130043
196 0.0130576
197 0.0131108
198 0.0131541
199 0.0131973
200 0.0132367
201 0.013276
202 0.0133153
203 0.013356
204 0.0133982
205 0.013442
206 0.0134878
207 0.0135358
208 0.0135794
209 0.013616
210 0.0136526
211 0.0136893
212 0.0137276
213 0.013766
214 0.0138065
215 0.013847
216 0.0138902
217 0.0139334
218 0.0139766
219 0.0140198
220 0.0140594
221 0.014099
222 0.0141386
223 0.0141782
224 0.0142178
225 0.0142574
226 0.014297
227 0.0143366
228 0.0143762
229 0.0144158
230 0.0144554
231 0.014495
Re:2498, We:31
