0 0
1 2.66335e-09
2 8.73102e-09
3 1.64065e-08
4 2.56434e-08
5 3.63721e-08
6 4.856e-08
7 6.22715e-08
8 7.74059e-08
9 9.3836e-08
10 1.11479e-07
11 1.30159e-07
12 1.49847e-07
13 1.70391e-07
14 1.91679e-07
15 2.13667e-07
16 2.36405e-07
17 2.59714e-07
18 2.83505e-07
19 3.07798e-07
20 3.32486e-07
21 3.57583e-07
22 3.83105e-07
23 4.0892e-07
24 4.35038e-07
25 4.61466e-07
26 4.88053e-07
27 5.14967e-07
28 5.42048e-07
29 5.69299e-07
30 5.96724e-07
31 6.24326e-07
32 6.51928e-07
33 6.79711e-07
34 7.0768e-07
35 7.35648e-07
36 7.63807e-07
37 7.91966e-07
38 8.20125e-07
39 8.48481e-07
40 8.76837e-07
41 9.05192e-07
42 9.33752e-07
43 9.62312e-07
44 9.90872e-07
45 1.01943e-06
46 1.04799e-06
47 1.07655e-06
48 1.10511e-06
49 1.13367e-06
50 1.16201e-06
51 1.19036e-06
52 1.21827e-06
53 1.24619e-06
54 1.27389e-06
55 1.30159e-06
56 1.32907e-06
57 1.35656e-06
58 1.38384e-06
59 1.41111e-06
60 1.43817e-06
61 1.46524e-06
62 1.49208e-06
63 1.51893e-06
64 1.54557e-06
65 1.5722e-06
66 1.59863e-06
67 1.62505e-06
68 1.65126e-06
69 1.67747e-06
70 1.70346e-06
71 1.72946e-06
72 1.75524e-06
73 1.78103e-06
74 1.8066e-06
75 1.83217e-06
76 1.85774e-06
77 1.88309e-06
78 1.90845e-06
79 1.93359e-06
80 1.95873e-06
81 1.98387e-06
82 2.00901e-06
83 2.03393e-06
84 2.05885e-06
85 2.08355e-06
86 2.10826e-06
87 2.13296e-06
88 2.15766e-06
89 2.18214e-06
90 2.20662e-06
91 2.23088e-06
92 2.25514e-06
93 2.2794e-06
94 2.30366e-06
95 2.32769e-06
96 2.35172e-06
97 2.37575e-06
98 2.39955e-06
99 2.42335e-06
100 2.44693e-06
101 2.4705e-06
102 2.49407e-06
103 2.51765e-06
104 2.54099e-06
105 2.56433e-06
106 2.58743e-06
107 2.61054e-06
108 2.63341e-06
109 2.65629e-06
110 2.67916e-06
111 2.70203e-06
112 2.72467e-06
113 2.74731e-06
114 2.7697e-06
115 2.7921e-06
116 2.8145e-06
117 2.83689e-06
118 2.85905e-06
119 2.8812e-06
120 2.90311e-06
121 2.92478e-06
122 2.94645e-06
123 2.96788e-06
124 2.9893e-06
125 3.01049e-06
126 3.03168e-06
127 3.04958e-06
128 3.06466e-06
129 3.07914e-06
130 3.09363e-06
131 3.10823e-06
132 3.12308e-06
133 3.13818e-06
134 3.15341e-06
135 3.16878e-06
136 3.1843e-06
137 3.19981e-06
138 3.21561e-06
139 3.23141e-06
140 3.24722e-06
141 3.26302e-06
142 3.27883e-06
143 3.29417e-06
144 3.30952e-06
145 3.32487e-06
146 3.33992e-06
147 3.35497e-06
148 3.37002e-06
149 3.38492e-06
150 3.39953e-06
151 3.41414e-06
152 3.42889e-06
153 3.4435e-06
154 3.45811e-06
155 3.47271e-06
156 3.48688e-06
157 3.50104e-06
158 3.51521e-06
159 3.52923e-06
160 3.5431e-06
161 3.55697e-06
162 3.57085e-06
163 3.58472e-06
164 3.5986e-06
165 3.61247e-06
166 3.62619e-06
167 3.63992e-06
168 3.65306e-06
169 3.66619e-06
170 3.67933e-06
171 3.69233e-06
172 3.70533e-06
173 3.71847e-06
174 3.73132e-06
175 3.74417e-06
176 3.75688e-06
177 3.7693e-06
178 3.78172e-06
179 3.79429e-06
180 3.80671e-06
181 3.81913e-06
182 3.83155e-06
183 3.84383e-06
184 3.85611e-06
185 3.86838e-06
186 3.88066e-06
187 3.89293e-06
188 3.90521e-06
189 3.91749e-06
190 3.92961e-06
191 3.94173e-06
192 3.95385e-06
193 3.96597e-06
194 3.97809e-06
195 3.99021e-06
196 4.00233e-06
197 4.01445e-06
198 4.02657e-06
199 4.03869e-06
200 4.05064e-06
201 4.06258e-06
202 4.07453e-06
203 4.08648e-06
204 4.09843e-06
205 4.11037e-06
206 4.12232e-06
207 4.13427e-06
208 4.14622e-06
209 4.15836e-06
210 4.17051e-06
211 4.18265e-06
212 4.1948e-06
213 4.20695e-06
214 4.21909e-06
215 4.23124e-06
216 4.24339e-06
217 4.25553e-06
218 4.26768e-06
219 4.27983e-06
220 4.29197e-06
221 4.30412e-06
222 4.31653e-06
223 4.32894e-06
224 4.34135e-06
225 4.35376e-06
226 4.36617e-06
227 4.37858e-06
228 4.39099e-06
229 4.4034e-06
230 4.41581e-06
231 4.42822e-06
232 4.44063e-06
233 4.45304e-06
234 4.46545e-06
235 4.47787e-06
236 4.49068e-06
237 4.50349e-06
238 4.5163e-06
239 4.52911e-06
240 4.54192e-06
241 4.55473e-06
242 4.56754e-06
243 4.58035e-06
244 4.59316e-06
245 4.60597e-06
246 4.61878e-06
247 4.63159e-06
248 4.64441e-06
249 4.65722e-06
250 4.67003e-06
251 4.68284e-06
252 4.69565e-06
253 4.70846e-06
254 4.72127e-06
255 4.73408e-06
256 4.74689e-06
257 4.7597e-06
258 4.77251e-06
259 4.78532e-06
260 4.79814e-06
261 4.81095e-06
262 4.82376e-06
263 4.83657e-06
264 4.84938e-06
265 4.86219e-06
266 4.875e-06
Re:1344, We:657
