0 0
1 1.18807e-06
2 4.43803e-06
3 8.5804e-06
4 1.35344e-05
5 1.9226e-05
6 2.55878e-05
7 3.25591e-05
8 4.00845e-05
9 4.81136e-05
10 5.66011e-05
11 6.55044e-05
12 7.47872e-05
13 8.44131e-05
14 9.43523e-05
15 0.000104576
16 0.000115058
17 0.000125775
18 0.000136707
19 0.000147832
20 0.000159134
21 0.000170596
22 0.000182204
23 0.000193944
24 0.000205804
25 0.000217776
26 0.000229846
27 0.000242007
28 0.000254251
29 0.000266569
30 0.000278954
31 0.000291402
32 0.000303907
33 0.000316463
34 0.000329067
35 0.000341711
36 0.000354394
37 0.000367112
38 0.000379863
39 0.000392641
40 0.000405446
41 0.000418275
42 0.000431125
43 0.000443994
44 0.000456881
45 0.000469787
46 0.000482704
47 0.000495637
48 0.000508583
49 0.000521538
50 0.000534505
51 0.000547481
52 0.000560464
53 0.000573456
54 0.000586454
55 0.000599458
56 0.000612469
57 0.000625483
58 0.000638503
59 0.000651526
60 0.000664556
61 0.000677588
62 0.000690624
63 0.000703663
64 0.000716705
65 0.000729747
66 0.000742792
67 0.000755841
68 0.000768889
69 0.000781941
70 0.000794992
71 0.000808047
72 0.000821102
73 0.000834156
74 0.000847214
75 0.000860272
76 0.00087333
77 0.000886391
78 0.000899452
79 0.000912513
80 0.000925574
81 0.000938635
82 0.000951696
83 0.00096476
84 0.000977824
85 0.000990888
86 0.00100395
87 0.00101702
88 0.00103008
89 0.00104315
90 0.00105621
91 0.00106927
92 0.00108234
93 0.0010954
94 0.00110847
95 0.00112153
96 0.0011346
97 0.00114767
98 0.00116074
99 0.0011738
100 0.00118687
101 0.00119994
102 0.001213
103 0.00122607
104 0.00123914
105 0.00125221
106 0.00126527
107 0.00127834
108 0.00129141
109 0.00130448
110 0.00131754
111 0.00133061
112 0.00134368
113 0.00135675
114 0.00136981
115 0.00138288
116 0.00139595
117 0.00140902
118 0.00142208
119 0.00143515
120 0.00144822
121 0.00146128
122 0.00147435
123 0.00148742
124 0.00150049
125 0.00151355
126 0.00152662
127 0.00153969
128 0.00155276
129 0.00156582
130 0.00157889
131 0.00159196
132 0.00160503
133 0.00161809
134 0.00163116
135 0.00164423
136 0.0016573
137 0.00167036
138 0.00168343
139 0.0016965
140 0.00170956
141 0.00172263
142 0.0017357
143 0.00174877
144 0.00176183
145 0.0017749
146 0.00178797
147 0.00180104
148 0.0018141
149 0.00182717
150 0.00184024
151 0.00185331
152 0.00186637
153 0.00187944
154 0.00189251
155 0.00190558
156 0.00191864
157 0.00193171
158 0.00194478
159 0.00195784
160 0.00197091
161 0.00198398
162 0.00199705
163 0.00201011
164 0.00202318
165 0.00203625
166 0.00204932
167 0.00206238
168 0.00207545
169 0.00208852
170 0.00210159
171 0.00211465
172 0.00212772
173 0.00214079
174 0.00215386
175 0.00216692
176 0.00217999
177 0.00219306
178 0.00220612
179 0.00221919
180 0.00223226
181 0.00224533
182 0.00225839
183 0.00227146
184 0.00228453
185 0.0022976
186 0.00231066
187 0.00232373
188 0.0023368
189 0.00234987
190 0.00236293
191 0.002376
192 0.00238907
193 0.00240214
194 0.0024152
195 0.00242827
196 0.00244134
197 0.0024544
198 0.00246747
199 0.00248054
200 0.00249361
201 0.00250667
202 0.00251974
203 0.00253281
204 0.00254588
205 0.00255894
206 0.00257201
207 0.00258508
208 0.00259815
209 0.00261121
210 0.00262428
211 0.00263735
212 0.00265042
213 0.00266348
214 0.00267655
215 0.00268962
216 0.00270268
217 0.00271575
218 0.00272882
219 0.00274189
220 0.00275495
221 0.00276802
222 0.00278109
223 0.00279416
224 0.00280722
225 0.00282029
226 0.00283336
227 0.00284643
228 0.00285949
229 0.00287256
230 0.00288563
231 0.0028987
232 0.00291176
233 0.00292483
234 0.0029379
235 0.00295096
236 0.00296403
237 0.0029771
238 0.00299017
239 0.00300323
240 0.0030163
241 0.00302937
242 0.00304244
243 0.0030555
244 0.00306857
245 0.00308164
246 0.00309471
247 0.00310777
248 0.00312084
249 0.00313391
250 0.00314698
251 0.00316004
252 0.00317311
253 0.00318618
254 0.00319924
255 0.00321231
256 0.00322538
257 0.00323845
258 0.00325151
259 0.00326458
260 0.00327765
261 0.00329072
262 0.00330378
263 0.00331685
264 0.00332992
265 0.00334299
266 0.00335605
267 0.00336912
268 0.00338219
269 0.00339525
270 0.00340832
271 0.00342139
272 0.00343446
273 0.00344752
274 0.00346059
275 0.00347366
276 0.00348673
277 0.00349979
278 0.00351286
279 0.00352593
280 0.003539
281 0.00355206
282 0.00356513
283 0.0035782
284 0.00359127
285 0.00360433
286 0.0036174
287 0.00363047
288 0.00364353
289 0.0036566
290 0.00366967
291 0.00368274
292 0.0036958
293 0.00370887
294 0.00372194
295 0.00373501
296 0.00374807
297 0.00376114
298 0.00377421
299 0.00378728
300 0.00380034
301 0.00381341
302 0.00382648
303 0.00383955
304 0.00385261
305 0.00386568
306 0.00387875
307 0.00389181
308 0.00390488
309 0.00391795
310 0.00393102
311 0.00394408
312 0.00395715
313 0.00397022
314 0.00398329
315 0.00399635
316 0.00400942
317 0.00402249
318 0.00403556
319 0.00404862
320 0.00406169
321 0.00407476
322 0.00408783
323 0.00410089
324 0.00411396
325 0.00412703
326 0.00414009
327 0.00415316
328 0.00416623
329 0.0041793
330 0.00419236
331 0.00420543
332 0.0042185
333 0.00423157
334 0.00424463
335 0.0042577
336 0.00427077
337 0.00428384
338 0.0042969
339 0.00430997
340 0.00432304
341 0.00433611
342 0.00434917
343 0.00436224
344 0.00437531
345 0.00438837
346 0.00440144
347 0.00441451
348 0.00442758
349 0.00444064
350 0.00445371
351 0.00446678
352 0.00447985
353 0.00449291
354 0.00450598
355 0.00451905
356 0.00453212
357 0.00454518
358 0.00455825
359 0.00457132
360 0.00458439
361 0.00459745
362 0.00461052
363 0.00462359
364 0.00463665
365 0.00464972
366 0.00466279
367 0.00467586
368 0.00468892
369 0.00470199
370 0.00471506
371 0.00472813
372 0.00474119
373 0.00475426
374 0.00476733
375 0.0047804
376 0.00479346
377 0.00480653
378 0.0048196
379 0.00483267
380 0.00484573
381 0.0048588
382 0.00487187
383 0.00488493
384 0.004898
385 0.00491107
386 0.00492414
387 0.0049372
388 0.00495027
389 0.00496334
390 0.00497641
391 0.00498947
392 0.00500254
393 0.00501561
394 0.00502868
395 0.00504174
396 0.00505481
397 0.00506788
398 0.00508095
399 0.00509401
400 0.00510708
401 0.00512015
402 0.00513321
403 0.00514628
404 0.00515935
405 0.00517242
406 0.00518548
407 0.00519855
408 0.00521162
409 0.00522469
410 0.00523775
411 0.00525082
412 0.00526389
413 0.00527696
414 0.00529002
415 0.00530309
416 0.00531616
417 0.00532922
418 0.00534229
419 0.00535536
420 0.00536843
421 0.00538149
422 0.00539456
423 0.00540763
424 0.0054207
425 0.00543376
426 0.00544683
427 0.0054599
428 0.00547297
429 0.00548603
430 0.0054991
431 0.00551217
432 0.00552524
433 0.0055383
434 0.00555137
435 0.00556444
436 0.0055775
437 0.00559057
438 0.00560364
439 0.00561671
440 0.00562977
441 0.00564284
442 0.00565591
443 0.00566898
444 0.00568204
445 0.00569511
446 0.00570818
447 0.00572125
448 0.00573431
449 0.00574738
450 0.00576045
451 0.00577352
452 0.00578658
453 0.00579965
454 0.00581272
455 0.00582578
456 0.00583885
457 0.00585192
458 0.00586499
459 0.00587805
460 0.00589112
461 0.00590419
462 0.00591726
463 0.00593032
464 0.00594339
465 0.00595646
466 0.00596953
467 0.00598259
468 0.00599566
469 0.00600873
470 0.0060218
471 0.00603486
472 0.00604793
473 0.006061
474 0.00607406
475 0.00608713
476 0.0061002
477 0.00611327
478 0.00612633
479 0.0061394
480 0.00615247
481 0.00616554
482 0.0061786
483 0.00619167
484 0.00620474
485 0.00621781
486 0.00623087
487 0.00624394
488 0.00625701
489 0.00627008
490 0.00628314
491 0.00629621
492 0.00630928
493 0.00632234
494 0.00633541
495 0.00634848
496 0.00636155
497 0.00637461
498 0.00638768
499 0.00640075
500 0.00641382
501 0.00642688
502 0.00643995
503 0.00645302
504 0.00646609
505 0.00647915
506 0.00649222
507 0.00650529
508 0.00651836
509 0.00653142
510 0.00654449
511 0.00655756
512 0.00657062
513 0.00658369
514 0.00659676
515 0.00660983
516 0.00662289
517 0.00663596
518 0.00664903
519 0.0066621
520 0.00667516
521 0.00668823
522 0.0067013
523 0.00671437
524 0.00672743
525 0.0067405
526 0.00675357
527 0.00676664
528 0.0067797
529 0.00679277
530 0.00680584
531 0.0068189
532 0.00683197
533 0.00684504
534 0.00685811
535 0.00687117
536 0.00688424
537 0.00689731
538 0.00691038
539 0.00692344
540 0.00693651
541 0.00694958
542 0.00696265
543 0.00697571
544 0.00698878
545 0.00700185
546 0.00701492
547 0.00702798
548 0.00704105
549 0.00705412
550 0.00706718
551 0.00708025
552 0.00709332
553 0.00710639
554 0.00711945
555 0.00713252
556 0.00714559
557 0.00715866
558 0.00717172
559 0.00718479
560 0.00719786
561 0.00721093
562 0.00722399
563 0.00723706
564 0.00725013
565 0.0072632
566 0.00727626
567 0.00728933
568 0.0073024
569 0.00731546
570 0.00732853
571 0.0073416
572 0.00735467
573 0.00736773
574 0.0073808
575 0.00739387
576 0.00740694
577 0.00742
578 0.00743307
579 0.00744614
580 0.00745921
581 0.00747227
582 0.00748534
583 0.00749841
584 0.00751147
585 0.00752454
586 0.00753761
587 0.00755068
588 0.00756374
589 0.00757681
590 0.00758988
591 0.00760295
592 0.00761601
593 0.00762908
594 0.00764215
595 0.00765522
596 0.00766828
597 0.00768135
598 0.00769442
599 0.00770749
600 0.00772055
601 0.00773362
602 0.00774669
603 0.00775975
604 0.00777282
605 0.00778589
606 0.00779896
607 0.00781202
608 0.00782509
609 0.00783816
610 0.00785123
611 0.00786429
612 0.00787736
613 0.00789043
614 0.0079035
615 0.00791656
616 0.00792963
617 0.0079427
618 0.00795577
619 0.00796883
620 0.0079819
621 0.00799497
622 0.00800803
623 0.0080211
624 0.00803417
625 0.00804724
626 0.0080603
627 0.00807337
628 0.00808644
629 0.00809951
630 0.00811257
631 0.00812564
632 0.00813871
633 0.00815178
634 0.00816484
635 0.00817791
636 0.00819098
637 0.00820405
638 0.00821711
639 0.00823018
640 0.00824325
641 0.00825631
642 0.00826938
643 0.00828245
644 0.00829552
645 0.00830858
646 0.00832165
647 0.00833472
648 0.00834779
649 0.00836085
650 0.00837392
651 0.00838699
652 0.00840006
653 0.00841312
654 0.00842619
655 0.00843926
656 0.00845233
657 0.00846539
658 0.00847846
659 0.00849153
660 0.00850459
661 0.00851766
662 0.00853073
663 0.0085438
664 0.00855686
665 0.00856993
666 0.008583
667 0.00859607
668 0.00860913
669 0.0086222
670 0.00863527
671 0.00864834
672 0.0086614
673 0.00867447
674 0.00868754
675 0.00870061
676 0.00871367
677 0.00872674
678 0.00873981
679 0.00875287
680 0.00876594
681 0.00877901
682 0.00879208
683 0.00880514
684 0.00881821
685 0.00883128
686 0.00884435
687 0.00885741
688 0.00887048
689 0.00888355
690 0.00889662
691 0.00890968
692 0.00892275
693 0.00893582
694 0.00894889
695 0.00896195
696 0.00897502
697 0.00898809
698 0.00900115
699 0.00901422
700 0.00902729
701 0.00904036
702 0.00905342
703 0.00906649
704 0.00907956
705 0.00909263
706 0.00910569
707 0.00911876
708 0.00913183
709 0.0091449
710 0.00915796
711 0.00917103
712 0.0091841
713 0.00919717
714 0.00921023
715 0.0092233
716 0.00923637
717 0.00924943
718 0.0092625
719 0.00927557
720 0.00928864
721 0.0093017
722 0.00931477
723 0.00932784
724 0.00934091
725 0.00935397
726 0.00936704
727 0.00938011
728 0.00939318
729 0.00940624
730 0.00941931
731 0.00943238
732 0.00944545
733 0.00945851
734 0.00947158
735 0.00948465
736 0.00949771
737 0.00951078
738 0.00952385
739 0.00953692
740 0.00954998
741 0.00956305
742 0.00957612
743 0.00958919
744 0.00960225
745 0.00961532
746 0.00962839
747 0.00964146
748 0.00965452
749 0.00966759
750 0.00968066
751 0.00969372
752 0.00970679
753 0.00971986
754 0.00973293
755 0.00974599
756 0.00975906
757 0.00977213
758 0.0097852
759 0.00979826
760 0.00981133
761 0.0098244
762 0.00983747
763 0.00985052
764 0.00986265
765 0.00987376
766 0.00988406
767 0.00989369
768 0.00990285
769 0.00991073
770 0.00991793
771 0.0099243
772 0.00993044
773 0.0099363
774 0.00994195
775 0.00994745
776 0.00995286
777 0.00995826
778 0.00996357
779 0.00996883
780 0.00997406
781 0.00997926
782 0.0099844
783 0.00998956
784 0.00999471
785 0.00999982
786 0.0100049
787 0.01001
788 0.0100151
789 0.0100202
790 0.0100253
791 0.0100304
792 0.0100354
793 0.0100405
794 0.0100455
795 0.0100506
796 0.0100557
797 0.0100608
798 0.010066
799 0.0100711
800 0.0100763
801 0.0100815
802 0.0100867
803 0.010092
804 0.0100973
805 0.0101027
806 0.0101081
807 0.0101135
808 0.010119
809 0.0101246
810 0.0101301
811 0.0101357
812 0.0101414
813 0.010147
814 0.0101527
815 0.0101584
816 0.0101641
817 0.0101699
818 0.0101757
819 0.0101815
820 0.0101873
821 0.0101931
822 0.010199
823 0.0102049
824 0.0102108
825 0.0102167
826 0.0102226
827 0.0102285
828 0.0102344
829 0.0102403
830 0.010246
831 0.0102517
832 0.0102573
833 0.0102626
834 0.0102679
835 0.0102732
836 0.0102786
837 0.0102839
838 0.0102893
839 0.0102947
840 0.0103001
841 0.0103052
842 0.0103104
843 0.0103156
844 0.0103208
845 0.0103261
846 0.0103313
847 0.0103365
848 0.0103415
849 0.0103465
850 0.0103514
851 0.0103562
852 0.0103611
853 0.0103659
854 0.0103708
855 0.0103757
856 0.0103806
857 0.0103855
858 0.0103905
859 0.0103955
860 0.0104005
861 0.0104055
862 0.0104105
863 0.0104154
864 0.0104204
865 0.0104253
866 0.0104301
867 0.0104347
868 0.0104394
869 0.0104441
870 0.0104488
871 0.0104534
872 0.010458
873 0.0104626
874 0.0104671
875 0.0104715
876 0.0104759
877 0.0104803
878 0.0104846
879 0.010489
880 0.0104932
881 0.0104975
882 0.0105017
883 0.0105058
884 0.0105099
885 0.010514
886 0.0105181
887 0.0105222
888 0.0105264
889 0.0105305
890 0.0105347
891 0.0105389
892 0.0105431
893 0.0105473
894 0.0105516
895 0.0105558
896 0.0105601
897 0.0105644
898 0.0105686
899 0.0105729
900 0.0105771
901 0.0105813
902 0.0105854
903 0.0105895
904 0.0105934
905 0.0105973
906 0.0106012
907 0.0106052
908 0.0106091
909 0.0106129
910 0.0106167
911 0.0106205
912 0.0106242
913 0.0106278
914 0.0106314
915 0.010635
916 0.0106385
917 0.0106421
918 0.0106456
919 0.010649
920 0.0106525
921 0.010656
922 0.0106595
923 0.010663
924 0.0106665
925 0.01067
926 0.0106736
927 0.0106771
928 0.0106807
929 0.0106843
930 0.010688
931 0.0106916
932 0.0106953
933 0.0106989
934 0.0107026
935 0.0107063
936 0.0107101
937 0.0107137
938 0.0107174
939 0.010721
940 0.0107245
941 0.0107281
942 0.0107315
943 0.0107349
944 0.0107382
945 0.0107416
946 0.0107449
947 0.0107481
948 0.0107514
949 0.0107547
950 0.010758
951 0.0107612
952 0.0107645
953 0.0107678
954 0.0107711
955 0.0107744
956 0.0107777
957 0.010781
958 0.0107844
959 0.0107877
960 0.0107911
961 0.0107944
962 0.0107977
963 0.0108009
964 0.0108042
965 0.0108075
966 0.0108107
967 0.010814
968 0.0108173
969 0.0108205
970 0.0108238
971 0.0108269
972 0.0108301
973 0.0108332
974 0.0108363
975 0.0108394
976 0.0108426
977 0.0108457
978 0.0108489
979 0.0108521
980 0.0108553
981 0.0108584
982 0.0108616
983 0.0108648
984 0.010868
985 0.0108712
986 0.0108744
987 0.0108776
988 0.0108808
989 0.010884
990 0.0108872
991 0.0108904
992 0.0108936
993 0.0108968
994 0.0108999
995 0.010903
996 0.010906
997 0.010909
998 0.010912
999 0.0109151
1000 0.0109181
1001 0.0109211
1002 0.0109242
1003 0.0109272
1004 0.0109303
1005 0.0109334
1006 0.0109364
1007 0.0109395
1008 0.0109426
1009 0.0109457
1010 0.0109488
1011 0.0109519
1012 0.0109551
1013 0.0109583
1014 0.0109615
1015 0.0109647
1016 0.0109679
1017 0.0109711
1018 0.0109743
1019 0.0109774
1020 0.0109806
1021 0.0109838
1022 0.0109869
1023 0.01099
1024 0.0109931
1025 0.0109961
1026 0.0109991
1027 0.011002
1028 0.011005
1029 0.0110078
1030 0.0110107
1031 0.0110135
1032 0.0110163
1033 0.0110192
1034 0.0110219
1035 0.0110247
1036 0.0110275
1037 0.0110303
1038 0.0110332
1039 0.011036
1040 0.0110388
1041 0.0110416
1042 0.0110444
1043 0.0110471
1044 0.0110499
1045 0.0110527
1046 0.0110555
1047 0.0110583
1048 0.0110611
1049 0.0110639
1050 0.0110667
1051 0.0110696
1052 0.0110725
1053 0.0110754
1054 0.0110784
1055 0.0110814
1056 0.0110845
1057 0.0110876
1058 0.0110907
1059 0.0110938
1060 0.011097
1061 0.0111001
1062 0.0111033
1063 0.0111065
1064 0.0111096
1065 0.0111128
1066 0.0111159
1067 0.011119
1068 0.011122
1069 0.011125
1070 0.011128
1071 0.011131
1072 0.011134
1073 0.0111369
1074 0.0111399
1075 0.0111429
1076 0.0111458
1077 0.0111488
1078 0.0111518
1079 0.0111547
1080 0.0111577
1081 0.0111607
1082 0.0111636
1083 0.0111665
1084 0.0111693
1085 0.0111721
1086 0.011175
1087 0.0111778
1088 0.0111806
1089 0.0111833
1090 0.0111861
1091 0.0111888
1092 0.0111916
1093 0.0111943
1094 0.011197
1095 0.0111997
1096 0.0112024
1097 0.0112051
1098 0.0112078
1099 0.0112105
1100 0.0112132
1101 0.0112159
1102 0.0112186
1103 0.0112213
1104 0.0112241
1105 0.0112268
1106 0.0112296
1107 0.0112323
1108 0.011235
1109 0.0112377
1110 0.0112405
1111 0.0112432
1112 0.0112459
1113 0.0112486
1114 0.0112512
1115 0.0112539
1116 0.0112566
1117 0.0112593
1118 0.0112619
1119 0.0112645
1120 0.011267
1121 0.0112696
1122 0.0112722
1123 0.0112747
1124 0.0112774
1125 0.01128
1126 0.0112827
1127 0.0112854
1128 0.0112882
1129 0.0112909
1130 0.0112937
1131 0.0112965
1132 0.0112992
1133 0.011302
1134 0.0113048
1135 0.0113076
1136 0.0113103
1137 0.0113131
1138 0.0113158
1139 0.0113185
1140 0.0113212
1141 0.0113239
1142 0.0113266
1143 0.0113293
1144 0.011332
1145 0.0113347
1146 0.0113374
1147 0.0113402
1148 0.011343
1149 0.0113458
1150 0.0113486
1151 0.0113514
1152 0.0113543
1153 0.0113572
1154 0.0113601
1155 0.0113631
1156 0.0113661
1157 0.0113691
1158 0.0113721
1159 0.0113752
1160 0.0113782
1161 0.0113813
1162 0.0113844
