0 0
1 1.59801e-08
2 6.01403e-08
3 1.16491e-07
4 1.83619e-07
5 2.60514e-07
6 3.46282e-07
7 4.40125e-07
8 5.41213e-07
9 6.48736e-07
10 7.62233e-07
11 8.81429e-07
12 1.00531e-06
13 1.13369e-06
14 1.26632e-06
15 1.40282e-06
16 1.54276e-06
17 1.68558e-06
18 1.83066e-06
19 1.97887e-06
20 2.12871e-06
21 2.28108e-06
22 2.43519e-06
23 2.59109e-06
24 2.7479e-06
25 2.9066e-06
26 3.06625e-06
27 3.22689e-06
28 3.38853e-06
29 3.55118e-06
30 3.71486e-06
31 3.87855e-06
32 4.0433e-06
33 4.20805e-06
34 4.37389e-06
35 4.53973e-06
36 4.70669e-06
37 4.87365e-06
38 5.04061e-06
39 5.20874e-06
40 5.37686e-06
41 5.54498e-06
42 5.7131e-06
43 5.88122e-06
44 6.04934e-06
45 6.21746e-06
46 6.38558e-06
47 6.5537e-06
48 6.72182e-06
49 6.89121e-06
50 7.06059e-06
51 7.22998e-06
52 7.39936e-06
53 7.56744e-06
54 7.73552e-06
55 7.90361e-06
56 8.07169e-06
57 8.23977e-06
58 8.40785e-06
59 8.57593e-06
60 8.74266e-06
61 8.90939e-06
62 9.07611e-06
63 9.24147e-06
64 9.40683e-06
65 9.57219e-06
66 9.73617e-06
67 9.90016e-06
68 1.00641e-05
69 1.02281e-05
70 1.03907e-05
71 1.05533e-05
72 1.07145e-05
73 1.08756e-05
74 1.10368e-05
75 1.1198e-05
76 1.13577e-05
77 1.15175e-05
78 1.16758e-05
79 1.18342e-05
80 1.19925e-05
81 1.21508e-05
82 1.23077e-05
83 1.24645e-05
84 1.26214e-05
85 1.27783e-05
86 1.29337e-05
87 1.30891e-05
88 1.32445e-05
89 1.33999e-05
90 1.35553e-05
91 1.37107e-05
92 1.38645e-05
93 1.40184e-05
94 1.41722e-05
95 1.43261e-05
96 1.44799e-05
97 1.46322e-05
98 1.47845e-05
99 1.49367e-05
100 1.5089e-05
101 1.52397e-05
102 1.53903e-05
103 1.55393e-05
104 1.56884e-05
105 1.58358e-05
106 1.59848e-05
107 1.61322e-05
108 1.62796e-05
109 1.64253e-05
110 1.65711e-05
111 1.67168e-05
112 1.68625e-05
113 1.70066e-05
114 1.71506e-05
115 1.72947e-05
116 1.74387e-05
117 1.7581e-05
118 1.77233e-05
119 1.78656e-05
120 1.80079e-05
121 1.81502e-05
122 1.82907e-05
123 1.84312e-05
124 1.85699e-05
125 1.87086e-05
126 1.88455e-05
127 1.89824e-05
128 1.91158e-05
129 1.92491e-05
130 1.93773e-05
131 1.94935e-05
132 1.96096e-05
133 1.97258e-05
134 1.98419e-05
135 1.99595e-05
136 2.00771e-05
137 2.01947e-05
138 2.03139e-05
139 2.0433e-05
140 2.05522e-05
141 2.06713e-05
142 2.07905e-05
143 2.0908e-05
144 2.10238e-05
145 2.11381e-05
146 2.12523e-05
147 2.13666e-05
148 2.14792e-05
149 2.15935e-05
150 2.17078e-05
151 2.18203e-05
152 2.19312e-05
153 2.20421e-05
154 2.21547e-05
155 2.22674e-05
156 2.238e-05
157 2.24926e-05
158 2.26052e-05
159 2.27179e-05
160 2.28305e-05
161 2.29431e-05
162 2.30557e-05
163 2.31683e-05
164 2.3281e-05
165 2.33936e-05
166 2.35062e-05
167 2.36188e-05
168 2.37338e-05
169 2.38487e-05
170 2.39636e-05
171 2.40785e-05
172 2.41934e-05
173 2.43084e-05
174 2.44233e-05
175 2.45382e-05
176 2.46504e-05
177 2.47626e-05
178 2.48748e-05
179 2.4987e-05
180 2.50991e-05
181 2.52113e-05
182 2.53235e-05
183 2.54357e-05
184 2.55479e-05
185 2.56601e-05
186 2.57723e-05
187 2.58844e-05
188 2.59966e-05
189 2.61088e-05
190 2.6221e-05
191 2.63332e-05
192 2.64454e-05
193 2.65576e-05
194 2.66697e-05
195 2.67819e-05
196 2.68941e-05
197 2.70063e-05
198 2.71185e-05
199 2.72307e-05
200 2.73428e-05
201 2.7455e-05
202 2.75672e-05
203 2.76794e-05
204 2.77916e-05
205 2.79038e-05
206 2.8016e-05
207 2.81281e-05
208 2.82301e-05
209 2.83321e-05
210 2.84341e-05
211 2.85361e-05
212 2.86381e-05
213 2.87401e-05
214 2.88421e-05
215 2.8944e-05
216 2.9046e-05
217 2.9148e-05
218 2.925e-05
Re:2016, We:493
