0 0
1 8.87784e-09
2 2.91286e-08
3 5.4876e-08
4 8.59607e-08
5 1.22203e-07
6 1.63556e-07
7 2.10049e-07
8 2.61295e-07
9 3.16811e-07
10 3.76263e-07
11 4.39005e-07
12 5.0516e-07
13 5.73915e-07
14 6.45495e-07
15 7.1945e-07
16 7.9558e-07
17 8.73633e-07
18 9.53303e-07
19 1.03467e-06
20 1.11736e-06
21 1.20143e-06
22 1.28645e-06
23 1.37295e-06
24 1.46046e-06
25 1.54849e-06
26 1.63759e-06
27 1.72724e-06
28 1.81744e-06
29 1.90821e-06
30 1.99956e-06
31 2.0915e-06
32 2.18404e-06
33 2.27658e-06
34 2.36973e-06
35 2.46289e-06
36 2.55668e-06
37 2.65047e-06
38 2.74491e-06
39 2.83935e-06
40 2.93379e-06
41 3.02891e-06
42 3.12402e-06
43 3.21914e-06
44 3.31426e-06
45 3.40937e-06
46 3.50449e-06
47 3.5989e-06
48 3.69331e-06
49 3.78702e-06
50 3.88072e-06
51 3.97373e-06
52 4.06673e-06
53 4.15902e-06
54 4.25132e-06
55 4.34362e-06
56 4.43521e-06
57 4.5268e-06
58 4.61767e-06
59 4.70855e-06
60 4.79872e-06
61 4.88889e-06
62 4.97905e-06
63 5.06922e-06
64 5.15867e-06
65 5.24811e-06
66 5.33756e-06
67 5.42628e-06
68 5.515e-06
69 5.60299e-06
70 5.69171e-06
71 5.7797e-06
72 5.86769e-06
73 5.95493e-06
74 6.04218e-06
75 6.12942e-06
76 6.21593e-06
77 6.30243e-06
78 6.38893e-06
79 6.47543e-06
80 6.56193e-06
81 6.64843e-06
82 6.73493e-06
83 6.82065e-06
84 6.90637e-06
85 6.99209e-06
86 7.07781e-06
87 7.16274e-06
88 7.24767e-06
89 7.3326e-06
90 7.41672e-06
91 7.50085e-06
92 7.58498e-06
93 7.6691e-06
94 7.75241e-06
95 7.83572e-06
96 7.91903e-06
97 8.00234e-06
98 8.08565e-06
99 8.16896e-06
100 8.25227e-06
101 8.33472e-06
102 8.41717e-06
103 8.49962e-06
104 8.58207e-06
105 8.66453e-06
106 8.74698e-06
107 8.82943e-06
108 8.91188e-06
109 8.99433e-06
110 9.07678e-06
111 9.15923e-06
112 9.24073e-06
113 9.3232e-06
114 9.40469e-06
115 9.48618e-06
116 9.56767e-06
117 9.64916e-06
118 9.73065e-06
119 9.81215e-06
120 9.89364e-06
121 9.97513e-06
122 1.00566e-05
123 1.01381e-05
124 1.02196e-05
125 1.03011e-05
126 1.03826e-05
127 1.04425e-05
128 1.04948e-05
129 1.0542e-05
130 1.05869e-05
131 1.06322e-05
132 1.06779e-05
133 1.07239e-05
134 1.07704e-05
135 1.08172e-05
136 1.08644e-05
137 1.09125e-05
138 1.0961e-05
139 1.101e-05
140 1.10595e-05
141 1.11089e-05
142 1.11588e-05
143 1.12059e-05
144 1.12526e-05
145 1.12994e-05
146 1.13448e-05
147 1.13898e-05
148 1.14348e-05
149 1.14778e-05
150 1.15204e-05
151 1.1563e-05
152 1.16056e-05
153 1.16482e-05
154 1.16908e-05
155 1.1733e-05
156 1.17749e-05
157 1.18167e-05
158 1.1857e-05
159 1.18969e-05
160 1.19372e-05
161 1.19775e-05
162 1.20175e-05
163 1.20574e-05
164 1.20969e-05
165 1.21365e-05
166 1.21749e-05
167 1.22127e-05
168 1.22508e-05
169 1.22888e-05
170 1.23266e-05
171 1.23643e-05
172 1.2401e-05
173 1.24376e-05
174 1.24743e-05
175 1.25106e-05
176 1.25469e-05
177 1.25832e-05
178 1.26188e-05
179 1.26544e-05
180 1.269e-05
181 1.27252e-05
182 1.27605e-05
183 1.27954e-05
184 1.28299e-05
185 1.28645e-05
186 1.2899e-05
187 1.29332e-05
188 1.29674e-05
189 1.30012e-05
190 1.30347e-05
191 1.30682e-05
192 1.31017e-05
193 1.31349e-05
194 1.3168e-05
195 1.32011e-05
196 1.32336e-05
197 1.3266e-05
198 1.32984e-05
199 1.33309e-05
200 1.33633e-05
201 1.33957e-05
202 1.34282e-05
203 1.34599e-05
204 1.3492e-05
205 1.3524e-05
206 1.35561e-05
207 1.35882e-05
208 1.36202e-05
209 1.36523e-05
210 1.36844e-05
211 1.37164e-05
212 1.37485e-05
213 1.37806e-05
214 1.38127e-05
215 1.38447e-05
216 1.38768e-05
217 1.39089e-05
218 1.39409e-05
219 1.39735e-05
220 1.4006e-05
221 1.40385e-05
222 1.4071e-05
223 1.41036e-05
224 1.41361e-05
225 1.41686e-05
226 1.42016e-05
227 1.42347e-05
228 1.42677e-05
229 1.43007e-05
230 1.43338e-05
231 1.43668e-05
232 1.43999e-05
233 1.44335e-05
234 1.44671e-05
235 1.45008e-05
236 1.45344e-05
237 1.45681e-05
238 1.46017e-05
239 1.46353e-05
240 1.46697e-05
241 1.4704e-05
242 1.47384e-05
243 1.47728e-05
244 1.48071e-05
245 1.48415e-05
246 1.48767e-05
247 1.49119e-05
248 1.49471e-05
249 1.49823e-05
250 1.50175e-05
251 1.50527e-05
252 1.5088e-05
253 1.51243e-05
254 1.51606e-05
255 1.51969e-05
256 1.52332e-05
257 1.52695e-05
258 1.53058e-05
259 1.53422e-05
260 1.53785e-05
261 1.54148e-05
262 1.54527e-05
263 1.54907e-05
264 1.55287e-05
265 1.55666e-05
266 1.56046e-05
267 1.56426e-05
268 1.56805e-05
269 1.57185e-05
270 1.57565e-05
271 1.57944e-05
272 1.58324e-05
273 1.58704e-05
274 1.59083e-05
275 1.59463e-05
276 1.59842e-05
277 1.60222e-05
278 1.60602e-05
279 1.60981e-05
280 1.61361e-05
281 1.61741e-05
282 1.6212e-05
283 1.625e-05
Re:1120, We:274
