0 0
1 5.3267e-09
2 1.74169e-08
3 3.23671e-08
4 5.00034e-08
5 7.02118e-08
6 9.28281e-08
7 1.17654e-07
8 1.44711e-07
9 1.74085e-07
10 2.05793e-07
11 2.39638e-07
12 2.75526e-07
13 3.13273e-07
14 3.52923e-07
15 3.94138e-07
16 4.36859e-07
17 4.80997e-07
18 5.26434e-07
19 5.73017e-07
20 6.20566e-07
21 6.6887e-07
22 7.17957e-07
23 7.67858e-07
24 8.1832e-07
25 8.69358e-07
26 9.20989e-07
27 9.73232e-07
28 1.02579e-06
29 1.07866e-06
30 1.13186e-06
31 1.18539e-06
32 1.23925e-06
33 1.29346e-06
34 1.34767e-06
35 1.40223e-06
36 1.45679e-06
37 1.51171e-06
38 1.56664e-06
39 1.62156e-06
40 1.67648e-06
41 1.73178e-06
42 1.78708e-06
43 1.84237e-06
44 1.89767e-06
45 1.95297e-06
46 2.00827e-06
47 2.06357e-06
48 2.11886e-06
49 2.17416e-06
50 2.22946e-06
51 2.28476e-06
52 2.34006e-06
53 2.39536e-06
54 2.45065e-06
55 2.50595e-06
56 2.56083e-06
57 2.61571e-06
58 2.67059e-06
59 2.72547e-06
60 2.78035e-06
61 2.83523e-06
62 2.88967e-06
63 2.94369e-06
64 2.99728e-06
65 3.05088e-06
66 3.10405e-06
67 3.15721e-06
68 3.20996e-06
69 3.26228e-06
70 3.31418e-06
71 3.36608e-06
72 3.41756e-06
73 3.46863e-06
74 3.5197e-06
75 3.57035e-06
76 3.621e-06
77 3.67166e-06
78 3.72189e-06
79 3.77213e-06
80 3.82236e-06
81 3.87259e-06
82 3.92283e-06
83 3.97306e-06
84 4.0233e-06
85 4.07353e-06
86 4.12377e-06
87 4.174e-06
88 4.22423e-06
89 4.27493e-06
90 4.32562e-06
91 4.37632e-06
92 4.42701e-06
93 4.47771e-06
94 4.5284e-06
95 4.5791e-06
96 4.6293e-06
97 4.67951e-06
98 4.72922e-06
99 4.77893e-06
100 4.82864e-06
101 4.87835e-06
102 4.92857e-06
103 4.97879e-06
104 5.02902e-06
105 5.07924e-06
106 5.12946e-06
107 5.17969e-06
108 5.22991e-06
109 5.2807e-06
110 5.33149e-06
111 5.38227e-06
112 5.43306e-06
113 5.48385e-06
114 5.53404e-06
115 5.58195e-06
116 5.62986e-06
117 5.67615e-06
118 5.72192e-06
119 5.76668e-06
120 5.80998e-06
121 5.8528e-06
122 5.89426e-06
123 5.93443e-06
124 5.97376e-06
125 6.0123e-06
126 6.04967e-06
127 6.08631e-06
128 6.12223e-06
129 6.15711e-06
130 6.19166e-06
131 6.22555e-06
132 6.25911e-06
133 6.29205e-06
134 6.32436e-06
135 6.35579e-06
136 6.38531e-06
137 6.41482e-06
138 6.4446e-06
139 6.47192e-06
140 6.49793e-06
141 6.52374e-06
142 6.54895e-06
143 6.5732e-06
144 6.59541e-06
145 6.61659e-06
146 6.6372e-06
147 6.65781e-06
148 6.67829e-06
149 6.69702e-06
150 6.71498e-06
151 6.73283e-06
152 6.75038e-06
153 6.76752e-06
154 6.78437e-06
155 6.80084e-06
156 6.81636e-06
157 6.83082e-06
158 6.84465e-06
159 6.85792e-06
160 6.87083e-06
161 6.88346e-06
162 6.89592e-06
163 6.90812e-06
164 6.91996e-06
165 6.93156e-06
166 6.94261e-06
167 6.95282e-06
168 6.9624e-06
169 6.97142e-06
170 6.97994e-06
171 6.98804e-06
172 6.99573e-06
173 7.0031e-06
174 7.01002e-06
175 7.0165e-06
176 7.02275e-06
177 7.02889e-06
178 7.03495e-06
179 7.04101e-06
180 7.04707e-06
181 7.05316e-06
182 7.0593e-06
183 7.06553e-06
184 7.07188e-06
185 7.07838e-06
186 7.08504e-06
187 7.09191e-06
188 7.099e-06
189 7.10636e-06
190 7.11405e-06
191 7.12208e-06
192 7.13053e-06
193 7.13947e-06
194 7.14897e-06
195 7.15909e-06
196 7.16984e-06
197 7.18116e-06
198 7.19305e-06
199 7.20546e-06
200 7.21838e-06
201 7.23177e-06
202 7.24561e-06
203 7.25992e-06
204 7.27457e-06
205 7.28957e-06
206 7.30476e-06
207 7.32014e-06
208 7.33551e-06
209 7.35099e-06
210 7.36647e-06
211 7.38156e-06
212 7.39655e-06
213 7.41135e-06
214 7.42587e-06
215 7.4404e-06
216 7.45431e-06
217 7.46823e-06
218 7.48189e-06
219 7.49515e-06
220 7.50842e-06
221 7.52123e-06
222 7.53396e-06
223 7.54641e-06
224 7.55859e-06
225 7.57069e-06
226 7.58241e-06
227 7.59394e-06
228 7.60529e-06
229 7.61634e-06
230 7.62734e-06
231 7.63811e-06
232 7.64873e-06
233 7.65923e-06
234 7.66953e-06
235 7.67983e-06
236 7.69013e-06
237 7.70043e-06
238 7.71073e-06
239 7.72103e-06
240 7.73123e-06
241 7.74122e-06
242 7.75112e-06
243 7.76087e-06
244 7.77043e-06
245 7.77986e-06
246 7.78919e-06
247 7.7984e-06
248 7.80748e-06
249 7.81647e-06
250 7.82538e-06
251 7.83425e-06
252 7.843e-06
253 7.85166e-06
254 7.86029e-06
255 7.86888e-06
256 7.87747e-06
257 7.88594e-06
258 7.89438e-06
259 7.90278e-06
260 7.91117e-06
261 7.91957e-06
262 7.92789e-06
263 7.93617e-06
264 7.94445e-06
265 7.95274e-06
266 7.96102e-06
267 7.96926e-06
268 7.97747e-06
269 7.98567e-06
270 7.99388e-06
271 8.00209e-06
272 8.01029e-06
273 8.0185e-06
274 8.02671e-06
275 8.03491e-06
276 8.04312e-06
277 8.05136e-06
278 8.05961e-06
279 8.06786e-06
280 8.0761e-06
281 8.08435e-06
282 8.09259e-06
283 8.10084e-06
284 8.10908e-06
285 8.11733e-06
286 8.12558e-06
287 8.13382e-06
288 8.14207e-06
289 8.15031e-06
290 8.15856e-06
291 8.16681e-06
292 8.17505e-06
293 8.1833e-06
294 8.19159e-06
295 8.19988e-06
296 8.20812e-06
297 8.21637e-06
298 8.22461e-06
299 8.23286e-06
300 8.2411e-06
301 8.24935e-06
302 8.25755e-06
303 8.26575e-06
304 8.27395e-06
305 8.28215e-06
306 8.2903e-06
307 8.29846e-06
308 8.30661e-06
309 8.31477e-06
310 8.32292e-06
311 8.33103e-06
312 8.33914e-06
313 8.34725e-06
314 8.35536e-06
315 8.36342e-06
316 8.37148e-06
317 8.37954e-06
318 8.38765e-06
319 8.39571e-06
320 8.40377e-06
321 8.41183e-06
322 8.41989e-06
323 8.42796e-06
324 8.43602e-06
325 8.44408e-06
326 8.45214e-06
327 8.4602e-06
328 8.46831e-06
329 8.47642e-06
330 8.48454e-06
331 8.49265e-06
332 8.50076e-06
333 8.50887e-06
334 8.51704e-06
335 8.5252e-06
336 8.53337e-06
337 8.54153e-06
338 8.54975e-06
339 8.55798e-06
340 8.5662e-06
341 8.57447e-06
342 8.58275e-06
343 8.59103e-06
344 8.59937e-06
345 8.60771e-06
346 8.61611e-06
347 8.62451e-06
348 8.63297e-06
349 8.64143e-06
350 8.64989e-06
351 8.65842e-06
352 8.66695e-06
353 8.67554e-06
354 8.68421e-06
355 8.69287e-06
356 8.70161e-06
357 8.71035e-06
358 8.71916e-06
359 8.72797e-06
360 8.73686e-06
361 8.74574e-06
362 8.75471e-06
363 8.76368e-06
364 8.77273e-06
365 8.78177e-06
366 8.79091e-06
367 8.80004e-06
368 8.80927e-06
369 8.81849e-06
370 8.8278e-06
371 8.83712e-06
372 8.84653e-06
373 8.85594e-06
374 8.86545e-06
375 8.87496e-06
376 8.88458e-06
377 8.8943e-06
378 8.90403e-06
379 8.91386e-06
380 8.9237e-06
381 8.93354e-06
382 8.94349e-06
383 8.95345e-06
384 8.96329e-06
385 8.973e-06
386 8.98247e-06
387 8.99183e-06
388 9.00119e-06
389 9.01033e-06
390 9.01946e-06
391 9.02848e-06
392 9.03728e-06
393 9.04607e-06
394 9.05476e-06
395 9.06335e-06
396 9.07193e-06
397 9.08041e-06
398 9.08888e-06
399 9.09736e-06
400 9.10583e-06
401 9.11431e-06
402 9.12279e-06
403 9.13126e-06
404 9.13974e-06
405 9.14821e-06
406 9.15669e-06
407 9.16517e-06
408 9.17364e-06
409 9.18212e-06
410 9.19059e-06
411 9.19907e-06
412 9.20754e-06
413 9.21602e-06
414 9.2245e-06
415 9.23297e-06
416 9.24145e-06
417 9.24992e-06
418 9.2584e-06
419 9.26688e-06
420 9.27535e-06
421 9.28383e-06
422 9.2923e-06
423 9.30078e-06
424 9.30926e-06
425 9.31773e-06
426 9.32621e-06
427 9.33452e-06
428 9.34283e-06
429 9.35114e-06
430 9.35945e-06
431 9.36776e-06
432 9.37606e-06
433 9.38419e-06
434 9.39232e-06
435 9.40045e-06
436 9.4084e-06
437 9.41634e-06
438 9.42428e-06
439 9.43223e-06
440 9.44017e-06
441 9.44812e-06
442 9.45606e-06
443 9.46401e-06
444 9.47195e-06
445 9.47989e-06
446 9.48784e-06
447 9.49555e-06
448 9.50326e-06
449 9.51097e-06
450 9.51868e-06
451 9.52639e-06
452 9.5341e-06
453 9.54155e-06
454 9.54899e-06
455 9.55644e-06
456 9.56388e-06
457 9.57133e-06
458 9.57877e-06
459 9.58622e-06
460 9.59366e-06
461 9.60077e-06
462 9.60787e-06
463 9.61498e-06
464 9.62209e-06
465 9.62919e-06
466 9.6359e-06
467 9.64262e-06
468 9.64933e-06
469 9.65604e-06
470 9.66275e-06
471 9.66946e-06
472 9.67566e-06
473 9.68185e-06
474 9.68805e-06
475 9.69424e-06
476 9.70044e-06
477 9.70663e-06
478 9.71283e-06
479 9.71902e-06
480 9.72522e-06
481 9.73141e-06
482 9.73761e-06
483 9.7438e-06
484 9.75e-06
Re:6049, We:4437
