---------------------------------------
Begin Slurm Prolog: Aug-15-2024 02:22:29
Job ID:    1043428
User ID:   wdunlop3
Account:   gts-ssuresh313
Job name:  DropletImpactExample
Partition: cpu-small
QOS:       inferno
---------------------------------------
ast/interpreter/overload.h:535: error: the dimensional constraints below are not compatible
ast/interpreter/overload.h:535: 't == DT'
	└─ [/src/run.h:16: 't = 0.'] = [0,1]
ast/interpreter/overload.h:545: 'e->t == t'
	└─ [/src/run.h:16: 't = 0.'] = [0]
20
Re: 22, We:5
1
2
2
2
2
2
2
2
2
2
2
2
2
2
2
2
2
2
2
3
3
3
3
3
3
3
3
3
3
3
3
3
3
3
3
3
3
3
3
3
3
3
3
3
3
3
3
3
3
3
3
3
3
3
3
3
3
3
3
3
3
3
3
3
3
3
3
3
Re: 22, We:5

# Quadtree, 344 steps, 748.37 CPU, 760.2 real, 1.33e+04 points.step/s, 25 var
1e-06
1e-05
Re: 224, We:55
1
2
2
2
2
2
2
2
2
2
2
2
2
2
2
2
2
2
2
3
3
3
3
3
3
3
3
3
3
3
3
3
3
3
3
3
3
3
3
3
3
3
3
3
3
3
Re: 224, We:55

# Quadtree, 234 steps, 220.38 CPU, 226.7 real, 1.98e+04 points.step/s, 25 var
2e-05
Re: 448, We:110
1
2
2
2
2
2
2
2
2
2
2
2
2
2
2
2
2
2
2
3
3
3
3
3
3
3
3
3
3
3
3
3
3
3
3
3
3
3
3
3
3
3
3
3
3
3
3
3
3
3
3
3
Re: 448, We:110

# Quadtree, 263 steps, 201.44 CPU, 208.3 real, 2.25e+04 points.step/s, 25 var
3e-05
Re: 672, We:164
1
2
2
2
2
2
2
2
2
2
2
2
2
2
2
2
2
2
2
3
3
3
3
3
3
3
3
3
3
3
3
3
3
3
3
3
3
3
3
3
3
3
3
3
3
3
3
3
3
3
3
3
3
3
Re: 672, We:164
3

# Quadtree, 275 steps, 188.12 CPU, 195.2 real, 2.44e+04 points.step/s, 25 var
4e-05
Re: 896, We:219
1
2
2
2
2
2
2
2
2
2
2
2
2
2
2
2
2
2
2
3
3
3
3
3
3
3
3
3
3
3
3
3
3
3
3
3
3
3
3
3
3
3
3
3
3
3
3
3
3
3
3
3
3
3
3
3
Re: 896, We:219

# Quadtree, 282 steps, 181.73 CPU, 188.8 real, 2.52e+04 points.step/s, 25 var
5e-05
Re: 1120, We:274
1
2
2
2
2
2
2
2
2
2
2
2
2
2
2
2
2
2
2
3
3
3
3
3
3
3
3
3
3
3
3
3
3
3
3
3
3
3
3
3
3
3
3
3
3
3
3
3
3
3
3
3
3
3
3
3
Re: 1120, We:274

# Quadtree, 283 steps, 174.76 CPU, 181.7 real, 2.59e+04 points.step/s, 25 var
6e-05
Re: 1344, We:329
1
2
2
2
2
2
2
2
2
2
2
2
2
2
2
2
2
2
2
3
3
3
3
3
3
3
3
3
3
3
3
3
3
3
3
3
3
3
3
3
3
3
3
3
3
3
3
3
3
3
3
3
3
3
3
Re: 1344, We:329

# Quadtree, 278 steps, 165.22 CPU, 174.6 real, 2.57e+04 points.step/s, 25 var
7e-05
Re: 1568, We:383
1
2
2
2
2
2
2
2
2
2
2
2
2
2
2
2
2
2
2
3
3
3
3
3
3
3
3
3
3
3
3
3
3
3
3
3
3
3
3
3
3
3
3
3
3
3
3
3
3
3
3
3
3
3
Re: 1568, We:383

# Quadtree, 271 steps, 153.28 CPU, 159.7 real, 2.61e+04 points.step/s, 25 var
8e-05
Re: 1792, We:438
1
2
2
2
2
2
2
2
2
2
2
2
2
2
2
2
2
2
2
3
3
3
3
3
3
3
3
3
3
3
3
3
3
3
3
3
3
3
3
3
3
3
3
3
3
3
3
3
3
3
3
3
3
3
Re: 1792, We:438

# Quadtree, 272 steps, 151.57 CPU, 157.9 real, 2.6e+04 points.step/s, 25 var
9e-05
Re: 2016, We:493
1
2
2
2
2
2
2
2
2
2
2
2
2
2
2
2
2
2
2
3
3
3
3
3
3
3
3
3
3
3
3
3
3
3
3
3
3
3
3
3
3
3
3
3
3
3
3
3
3
3
3
3
3
3
Re: 2016, We:493
3

# Quadtree, 275 steps, 149.57 CPU, 156.2 real, 2.67e+04 points.step/s, 25 var
0.0001
Re: 2240, We:548
1
2
2
2
2
2
2
2
2
2
2
2
2
2
2
2
2
2
2
3
3
3
3
3
3
3
3
3
3
3
3
3
3
3
3
3
3
3
3
3
3
3
3
3
3
3
3
3
3
3
3
3
3
3
3
Re: 2240, We:548

# Quadtree, 278 steps, 153.87 CPU, 162 real, 2.59e+04 points.step/s, 25 var
40
Re: 45, We:22
1
2
2
2
2
2
2
2
2
2
2
2
2
2
2
2
2
2
2
3
3
3
3
3
3
3
3
3
3
3
3
3
3
3
3
3
3
3
3
3
3
Re: 45, We:22

# Quadtree, 206 steps, 510.64 CPU, 518.4 real, 1.39e+04 points.step/s, 25 var
1e-06
1e-05
Re: 448, We:219
1
2
2
2
2
2
2
2
2
2
2
2
2
2
2
2
2
2
2
3
3
3
3
3
3
3
3
3
3
3
3
3
3
3
3
3
3
3
3
3
3
3
3
3
3
3
3
3
3
3
3
Re: 448, We:219
3

# Quadtree, 260 steps, 282.92 CPU, 291.2 real, 2.47e+04 points.step/s, 25 var
2e-05
Re: 896, We:438
1
2
2
2
2
2
2
2
2
2
2
2
2
2
2
2
2
2
2
3
3
3
3
3
3
3
3
3
3
3
3
3
3
3
3
3
3
3
3
3
3
3
3
3
3
3
3
3
3
3
3
3
Re: 896, We:438

# Quadtree, 263 steps, 246.84 CPU, 253.5 real, 2.68e+04 points.step/s, 25 var
3e-05
Re: 1344, We:657
1
2
2
2
2
2
2
2
2
2
2
2
2
2
2
2
2
2
2
3
3
3
3
3
3
3
3
3
3
3
3
3
3
3
3
3
3
3
3
3
3
3
3
3
3
3
3
3
3
3
3
3
3
Re: 1344, We:657

# Quadtree, 266 steps, 237.32 CPU, 243.9 real, 2.75e+04 points.step/s, 25 var
4e-05
Re: 1792, We:876
1
2
2
2
2
2
2
2
2
2
2
2
2
2
2
2
2
2
2
3
3
3
3
3
3
3
3
3
3
3
3
3
3
3
3
3
3
3
3
3
3
3
3
3
3
3
3
3
3
3
3
3
3
3
3
3
3
3
3
3
3
Re: 1792, We:876

# Quadtree, 306 steps, 295.72 CPU, 303.4 real, 2.67e+04 points.step/s, 25 var
5e-05
Re: 2240, We:1096
1
2
2
2
2
2
2
2
2
2
2
2
2
2
2
2
2
2
2
3
3
3
3
3
3
3
3
3
3
3
3
3
3
3
3
3
3
3
3
3
3
3
3
3
3
3
3
3
3
3
3
3
3
3
3
3
3
3
3
3
3
3
3
3
3
3
Re: 2240, We:1096

# Quadtree, 331 steps, 326.5 CPU, 334.9 real, 2.75e+04 points.step/s, 25 var
6e-05
Re: 2689, We:1315
1
2
2
2
2
2
2
2
2
2
2
2
2
2
2
2
2
2
2
3
3
3
3
3
3
3
3
3
3
3
3
3
3
3
3
3
3
3
3
3
3
3
3
3
3
3
3
3
3
3
3
3
3
3
3
3
3
3
3
3
3
3
3
3
3
3
3
3
3
3
3
3
3
3
3
3
3
3
3
3
3
3
3
3
3
3
3
3
3
3
Re: 2689, We:1315

# Quadtree, 451 steps, 599.76 CPU, 612.9 real, 2.87e+04 points.step/s, 25 var
7e-05
Re: 3137, We:1534
1
2
2
2
2
2
2
2
2
2
2
2
2
2
2
2
2
2
2
3
3
3
3
3
3
3
3
3
3
3
3
3
3
3
3
3
3
3
3
3
3
3
3
3
3
3
3
3
3
3
3
3
3
3
3
3
3
3
3
Re: 3137, We:1534

# Quadtree, 297 steps, 253.02 CPU, 260.2 real, 2.78e+04 points.step/s, 25 var
8e-05
Re: 3585, We:1753
1
2
2
2
2
2
2
2
2
2
2
2
2
2
2
2
2
2
2
3
3
3
3
3
3
3
3
3
3
3
3
3
3
3
3
3
3
3
3
3
3
3
3
3
3
3
3
3
3
3
3
3
3
3
3
Re: 3585, We:1753

# Quadtree, 278 steps, 223.64 CPU, 230.6 real, 2.77e+04 points.step/s, 25 var
9e-05
Re: 4033, We:1972
1
2
2
2
2
2
2
2
2
2
2
2
2
2
2
2
2
2
2
3
3
3
3
3
3
3
3
3
3
3
3
3
3
3
3
3
3
3
3
3
3
3
3
3
3
3
3
3
3
3
3
3
3
3
3
3
Re: 4033, We:1972
3

# Quadtree, 285 steps, 230.98 CPU, 237.8 real, 2.77e+04 points.step/s, 25 var
0.0001
Re: 4481, We:2191
1
2
2
2
2
2
2
2
2
2
2
2
2
2
2
2
2
2
2
3
3
3
3
3
3
3
3
3
3
3
3
3
3
3
3
3
3
3
3
3
3
3
3
3
3
3
3
3
3
3
3
3
3
3
3
3
3
3
3
3
3
3
3
Re: 4481, We:2191

# Quadtree, 319 steps, 438.67 CPU, 451.6 real, 1.84e+04 points.step/s, 25 var
60
Re: 67, We:49
1
2
2
2
2
2
2
2
2
2
2
2
2
2
2
2
2
2
2
3
3
3
3
3
3
3
3
3
3
3
3
3
3
3
3
3
3
3
3
3
Re: 67, We:49

# Quadtree, 204 steps, 588.4 CPU, 597.1 real, 1.38e+04 points.step/s, 25 var
1e-06
1e-05
Re: 672, We:493
1
2
2
2
2
2
2
2
2
2
2
2
2
2
2
2
2
2
2
3
3
3
3
3
3
3
3
3
3
3
3
3
3
3
3
3
3
3
3
3
3
3
3
3
3
3
3
3
3
3
3
3
3
3
3
3
3
3
3
3
Re: 672, We:493

# Quadtree, 302 steps, 436.58 CPU, 449.8 real, 2.45e+04 points.step/s, 25 var
2e-05
Re: 1344, We:986
1
2
2
2
2
2
2
2
2
2
2
2
2
2
2
2
2
2
2
3
3
3
3
3
3
3
3
3
3
3
3
3
3
3
3
3
3
3
3
3
3
3
3
3
3
3
3
3
3
3
3
3
3
3
3
3
3
Re: 1344, We:986

# Quadtree, 286 steps, 335.33 CPU, 344.9 real, 2.78e+04 points.step/s, 25 var
3e-05
Re: 2016, We:1479
1
2
2
2
2
2
2
2
2
2
2
2
2
2
2
2
2
2
2
3
3
3
3
3
3
3
3
3
3
3
3
3
3
3
3
3
3
3
3
3
3
3
3
3
3
3
3
3
3
3
3
3
3
3
3
3
3
3
3
3
3
3
3
3
3
3
3
3
3
3
3
3
3
3
3
3
3
3
3
3
3
3
3
3
3
3
3
3
3
3
3
3
3
3
3
3
Re: 2016, We:1479

# Quadtree, 482 steps, 681.78 CPU, 697.2 real, 3.15e+04 points.step/s, 25 var
4e-05
Re: 2689, We:1972
1
2
2
2
2
2
2
2
2
2
2
2
2
2
2
2
2
2
2
3
3
3
3
3
3
3
3
3
3
3
3
3
3
3
3
3
3
3
3
3
3
3
3
3
3
3
3
3
3
3
3
3
3
3
3
3
3
3
3
3
3
3
3
3
3
3
3
3
3
3
3
3
3
3
3
3
3
3
3
3
3
3
3
3
3
3
3
3
3
Re: 2689, We:1972

# Quadtree, 449 steps, 620.1 CPU, 633.2 real, 3.09e+04 points.step/s, 25 var
5e-05
Re: 3361, We:2465
1
2
2
2
2
2
2
2
2
2
2
2
2
2
2
2
2
2
2
3
3
3
3
3
3
3
3
3
3
3
3
3
3
3
3
3
3
3
3
3
3
3
3
3
3
3
3
3
3
3
3
3
3
3
Re: 3361, We:2465

# Quadtree, 272 steps, 264 CPU, 270.6 real, 3.03e+04 points.step/s, 25 var
6e-05
Re: 4033, We:2958
1
2
2
2
2
2
2
2
2
2
2
2
2
2
2
2
2
2
2
3
3
3
3
3
3
3
3
3
3
3
3
3
3
3
3
3
3
3
3
3
3
3
3
3
3
3
3
3
3
3
3
3
3
3
3
3
Re: 4033, We:2958

# Quadtree, 284 steps, 284.76 CPU, 302.1 real, 2.83e+04 points.step/s, 25 var
7e-05
Re: 4705, We:3451
1
2
2
2
2
2
2
2
2
2
2
2
2
2
2
2
2
2
2
3
3
3
3
3
3
3
3
3
3
3
3
3
3
3
3
3
3
3
3
3
3
3
3
3
3
3
3
3
3
3
3
3
3
3
3
3
3
3
3
3
Re: 4705, We:3451

# Quadtree, 301 steps, 563.84 CPU, 573.3 real, 1.68e+04 points.step/s, 25 var
8e-05
Re: 5377, We:3944
1
2
2
2
2
2
2
2
2
2
2
2
2
2
2
2
2
2
2
3
3
3
3
3
3
3
3
3
3
3
3
3
3
3
3
3
3
3
3
3
3
3
3
3
3
3
3
3
3
3
3
3
3
3
3
3
3
3
3
3
3
3
3
3
3
3
3
3
3
3
3
3
3
3
Re: 5377, We:3944
3

# Quadtree, 375 steps, 640.56 CPU, 650.8 real, 2.33e+04 points.step/s, 25 var
9e-05
Re: 6049, We:4437
1
2
2
2
2
2
2
2
2
2
2
2
2
2
2
2
2
2
2
3
3
3
3
3
3
3
3
3
3
3
3
3
3
3
3
3
3
3
3
3
3
3
3
3
3
3
3
3
3
3
3
3
3
3
3
3
3
3
3
3
3
3
3
3
3
3
3
3
3
3
3
3
3
3
3
3
3
3
3
3
3
3
3
3
3
3
3
3
3
3
3
3
3
3
3
3
Re: 6049, We:4437

# Quadtree, 484 steps, 1084.4 CPU, 1099 real, 1.9e+04 points.step/s, 25 var
0.0001
Re: 6721, We:4930
1
2
2
2
2
2
2
2
2
2
2
2
2
2
2
2
2
2
2
3
3
3
3
3
3
3
3
3
3
3
3
3
3
3
3
3
3
3
3
3
3
3
3
3
3
3
3
3
3
3
3
3
3
3
3
3
3
3
3
3
3
3
3
3
3
3
3
3
3
Re: 6721, We:4930

# Quadtree, 346 steps, 617.84 CPU, 627.1 real, 1.98e+04 points.step/s, 25 var
80
Re: 90, We:88
1
2
2
2
2
2
2
2
2
2
2
2
2
2
2
2
2
2
2
3
3
3
3
3
3
3
3
3
3
3
3
3
3
3
3
3
3
3
3
3
3
Re: 90, We:88

# Quadtree, 207 steps, 564.45 CPU, 585 real, 1.58e+04 points.step/s, 25 var
1e-06
1e-05
Re: 896, We:876
1
2
2
2
2
2
2
2
2
2
2
2
2
2
2
2
2
2
2
3
3
3
3
3
3
3
3
3
3
3
3
3
3
3
3
3
3
3
3
3
3
3
3
3
3
3
3
3
3
3
3
Re: 896, We:876

# Quadtree, 259 steps, 363.31 CPU, 390 real, 2.56e+04 points.step/s, 25 var
2e-05
Re: 1792, We:1753
1
2
2
2
2
2
2
2
2
2
2
2
2
2
2
2
2
2
2
3
3
3
3
3
3
3
3
3
3
3
3
3
3
3
3
3
3
3
3
3
3
3
3
3
3
3
3
3
3
3
3
3
3
3
3
3
3
3
3
3
3
3
3
3
3
3
3
3
3
3
3
3
3
3
3
3
Re: 1792, We:1753

# Quadtree, 382 steps, 606.93 CPU, 617.3 real, 2.78e+04 points.step/s, 25 var
3e-05
Re: 2689, We:2629
1
2
2
2
2
2
2
2
2
2
2
2
2
2
2
2
2
2
2
3
3
3
3
3
3
3
3
3
3
3
3
3
3
3
3
3
3
3
3
3
3
3
3
3
3
3
3
3
3
3
3
3
3
3
3
3
Re: 2689, We:2629

# Quadtree, 281 steps, 329.45 CPU, 336.5 real, 3.05e+04 points.step/s, 25 var
4e-05
Re: 3585, We:3506
1
2
2
2
2
2
2
2
2
2
2
2
2
2
2
2
2
2
2
3
3
3
3
3
3
3
3
3
3
3
3
3
3
3
3
3
3
3
3
3
3
3
3
3
3
3
3
3
3
3
3
3
3
3
Re: 3585, We:3506

# Quadtree, 271 steps, 263.05 CPU, 269.5 real, 3.56e+04 points.step/s, 25 var
5e-05
Re: 4481, We:4382
1
2
2
2
2
2
2
2
2
2
2
2
2
2
2
2
2
2
2
3
3
3
3
3
3
3
3
3
3
3
3
3
3
3
3
3
3
3
3
3
3
3
3
3
3
3
3
3
3
3
3
3
3
3
3
3
3
Re: 4481, We:4382

# Quadtree, 287 steps, 551.98 CPU, 559.8 real, 1.87e+04 points.step/s, 25 var
6e-05
Re: 5377, We:5259
1
2
2
2
2
2
2
2
2
2
2
2
2
2
2
2
2
2
2
3
3
3
3
3
3
3
3
3
3
3
3
3
3
3
3
3
3
3
3
3
3
3
3
3
3
3
3
3
3
3
3
3
3
3
3
3
3
3
3
3
3
3
3
3
3
3
3
Re: 5377, We:5259

# Quadtree, 338 steps, 554.62 CPU, 564.4 real, 2.55e+04 points.step/s, 25 var
7e-05
Re: 6273, We:6135
1
2
2
2
2
2
2
2
2
2
2
2
2
2
2
2
2
2
2
3
3
3
3
3
3
3
3
3
3
3
3
3
3
3
3
3
3
3
3
3
3
3
3
3
3
3
3
3
3
3
3
3
3
3
3
3
3
3
3
3
3
3
3
3
3
3
3
3
3
3
3
3
3
3
3
3
3
3
3
3
Re: 6273, We:6135

# Quadtree, 403 steps, 601.71 CPU, 612.4 real, 3.04e+04 points.step/s, 25 var
8e-05
Re: 7169, We:7012
1
2
2
2
2
2
2
2
2
2
2
2
2
2
2
2
2
2
2
3
3
3
3
3
3
3
3
3
3
3
3
3
3
3
3
3
3
3
3
3
3
3
3
3
3
3
3
3
3
3
3
3
3
3
3
3
3
3
3
3
3
3
3
Re: 7169, We:7012
3

# Quadtree, 320 steps, 574.87 CPU, 584 real, 2.09e+04 points.step/s, 25 var
9e-05
Re: 8066, We:7888
1
2
2
2
2
2
2
2
2
2
2
2
2
2
2
2
2
2
2
3
3
3
3
3
3
3
3
3
3
3
3
3
3
3
3
3
3
3
3
3
3
3
3
3
3
3
3
3
3
3
3
3
3
3
3
3
3
3
3
3
3
3
3
3
3
3
3
3
3
3
3
3
3
3
3
3
3
3
3
3
3
3
3
3
3
3
3
3
3
3
3
Re: 8066, We:7888

# Quadtree, 456 steps, 778.09 CPU, 791 real, 2.82e+04 points.step/s, 25 var
0.0001
Re: 8962, We:8765
1
2
2
2
2
2
2
2
2
2
2
2
2
2
2
2
2
2
2
3
3
3
3
3
3
3
3
3
3
3
3
3
3
3
3
3
3
3
3
3
3
3
3
3
3
3
3
3
3
3
3
3
3
3
3
3
3
3
3
3
3
3
3
3
3
3
3
3
3
3
3
3
3
3
3
3
3
3
3
3
3
3
3
3
3
Re: 8962, We:8765
3

# Quadtree, 430 steps, 612.47 CPU, 623.7 real, 3.27e+04 points.step/s, 25 var
100
Re: 112, We:137
1
2
2
2
2
2
2
2
2
2
2
2
2
2
2
2
2
2
2
3
3
3
3
3
3
3
3
3
3
3
3
3
3
3
3
3
3
3
3
3
3
Re: 112, We:137
3

# Quadtree, 210 steps, 486.06 CPU, 492.7 real, 2.03e+04 points.step/s, 25 var
1e-06
1e-05
Re: 1120, We:1370
1
2
2
2
2
2
2
2
2
2
2
2
2
2
2
2
2
2
2
3
3
3
3
3
3
3
3
3
3
3
3
3
3
3
3
3
3
3
3
3
3
3
3
3
3
3
3
3
3
3
3
3
3
3
Re: 1120, We:1370
3

# Quadtree, 275 steps, 345.77 CPU, 352.8 real, 3.45e+04 points.step/s, 25 var
2e-05
Re: 2240, We:2739
1
2
2
2
2
2
2
2
2
2
2
2
2
2
2
2
2
2
2
3
3
3
3
3
3
3
3
3
3
3
3
3
3
3
3
3
3
3
3
3
3
3
3
3
3
3
3
3
3
3
3
3
3
3
3
3
3
3
3
3
3
3
3
3
3
3
3
3
3
3
3
3
3
3
3
3
3
3
3
3
3
3
3
3
3
3
3
3
3
3
3
3
Re: 2240, We:2739

# Quadtree, 463 steps, 587.03 CPU, 599.1 real, 3.98e+04 points.step/s, 25 var
3e-05
Re: 3361, We:4109
1
2
2
2
2
2
2
2
2
2
2
2
2
2
2
2
2
2
2
3
3
3
3
3
3
3
3
3
3
3
3
3
3
3
3
3
3
3
3
3
3
3
3
3
3
3
3
3
3
3
3
3
3
Re: 3361, We:4109

# Quadtree, 268 steps, 299.5 CPU, 306.1 real, 3.52e+04 points.step/s, 25 var
4e-05
Re: 4481, We:5478
1
2
2
2
2
2
2
2
2
2
2
2
2
2
2
2
2
2
2
3
3
3
3
3
3
3
3
3
3
3
3
3
3
3
3
3
3
3
3
3
3
3
3
3
3
3
3
3
3
3
3
3
3
3
3
3
3
3
Re: 4481, We:5478

# Quadtree, 291 steps, 717.73 CPU, 747.4 real, 1.6e+04 points.step/s, 25 var
5e-05
Re: 5601, We:6848
1
2
2
2
2
2
2
2
2
2
2
2
2
2
2
2
2
2
2
3
3
3
3
3
3
3
3
3
3
3
3
3
3
3
3
3
3
3
3
3
3
3
3
3
3
3
3
3
3
3
3
3
3
3
3
3
3
3
3
3
3
3
3
3
3
3
3
3
3
3
3
3
3
3
3
3
3
3
3
Re: 5601, We:6848

# Quadtree, 397 steps, 813.57 CPU, 824.5 real, 2.5e+04 points.step/s, 25 var
6e-05
Re: 6721, We:8217
1
2
2
2
2
2
2
2
2
2
2
2
2
2
2
2
2
2
2
3
3
3
3
3
3
3
3
3
3
3
3
3
3
3
3
3
3
3
3
3
3
3
3
3
3
3
3
3
3
3
3
3
3
3
3
3
3
3
3
3
3
3
3
3
3
3
3
3
3
3
3
3
3
3
3
3
Re: 6721, We:8217

# Quadtree, 382 steps, 813.81 CPU, 824.8 real, 2.2e+04 points.step/s, 25 var
7e-05
Re: 7842, We:9587
1
2
2
2
2
2
2
2
2
2
2
2
2
2
2
2
2
2
2
3
3
3
3
3
3
3
3
3
3
3
3
3
3
3
3
3
3
3
3
3
3
3
3
3
3
3
3
3
3
3
3
3
3
3
3
3
3
3
3
3
3
3
3
3
3
3
3
3
3
3
3
3
3
Re: 7842, We:9587

# Quadtree, 369 steps, 842.1 CPU, 852.5 real, 2.05e+04 points.step/s, 25 var
8e-05
Re: 8962, We:10956
1
2
2
2
2
2
2
2
2
2
2
2
2
2
2
2
2
2
2
3
3
3
3
3
3
3
3
3
3
3
3
3
3
3
3
3
3
3
3
3
3
3
3
3
3
3
3
3
3
3
3
3
3
3
3
3
3
3
3
3
3
3
3
3
3
3
3
3
3
3
3
3
3
3
3
3
3
3
3
3
3
3
3
3
3
3
3
3
3
Re: 8962, We:10956

# Quadtree, 449 steps, 880.3 CPU, 892.8 real, 2.6e+04 points.step/s, 25 var
9e-05
Re: 10082, We:12326
1
2
2
2
2
2
2
2
2
2
2
2
2
2
2
2
2
2
2
3
3
3
3
3
3
3
3
3
3
3
3
3
3
3
3
3
3
3
3
3
3
3
3
3
3
3
3
3
3
3
3
3
3
3
3
3
3
3
3
3
3
3
3
3
3
3
3
3
3
3
3
3
3
3
3
3
3
3
3
3
3
Re: 10082, We:12326

# Quadtree, 408 steps, 666.93 CPU, 678.6 real, 3.08e+04 points.step/s, 25 var
0.0001
