0 0
1 1.2429e-08
2 4.07448e-08
3 7.63392e-08
4 1.19201e-07
5 1.6883e-07
6 2.25002e-07
7 2.87921e-07
8 3.57679e-07
9 4.33585e-07
10 5.15032e-07
11 6.01549e-07
12 6.92695e-07
13 7.87769e-07
14 8.86698e-07
15 9.88863e-07
16 1.09399e-06
17 1.20227e-06
18 1.31277e-06
19 1.4256e-06
20 1.54087e-06
21 1.65804e-06
22 1.77654e-06
23 1.89639e-06
24 2.01763e-06
25 2.1403e-06
26 2.26446e-06
27 2.38937e-06
28 2.51505e-06
29 2.64152e-06
30 2.76879e-06
31 2.89688e-06
32 3.02579e-06
33 3.15471e-06
34 3.28448e-06
35 3.41512e-06
36 3.54576e-06
37 3.6764e-06
38 3.80794e-06
39 3.93949e-06
40 4.07103e-06
41 4.2035e-06
42 4.33598e-06
43 4.46845e-06
44 4.60093e-06
45 4.7334e-06
46 4.86686e-06
47 5.00032e-06
48 5.13278e-06
49 5.26524e-06
50 5.3967e-06
51 5.52816e-06
52 5.65863e-06
53 5.7891e-06
54 5.91857e-06
55 6.04805e-06
56 6.17652e-06
57 6.305e-06
58 6.43248e-06
59 6.55996e-06
60 6.68645e-06
61 6.81293e-06
62 6.93942e-06
63 7.0649e-06
64 7.19038e-06
65 7.31485e-06
66 7.43933e-06
67 7.5628e-06
68 7.68628e-06
69 7.80975e-06
70 7.93221e-06
71 8.05467e-06
72 8.17713e-06
73 8.29959e-06
74 8.42206e-06
75 8.54348e-06
76 8.6649e-06
77 8.78529e-06
78 8.90567e-06
79 9.02502e-06
80 9.14437e-06
81 9.26268e-06
82 9.38099e-06
83 9.49826e-06
84 9.61553e-06
85 9.73177e-06
86 9.848e-06
87 9.9632e-06
88 1.00784e-05
89 1.01936e-05
90 1.03077e-05
91 1.04219e-05
92 1.0536e-05
93 1.06491e-05
94 1.07622e-05
95 1.08743e-05
96 1.09863e-05
97 1.10983e-05
98 1.12093e-05
99 1.13203e-05
100 1.14312e-05
101 1.15422e-05
102 1.16521e-05
103 1.1762e-05
104 1.18718e-05
105 1.19817e-05
106 1.20905e-05
107 1.21993e-05
108 1.23069e-05
109 1.24146e-05
110 1.25222e-05
111 1.26299e-05
112 1.27364e-05
113 1.2843e-05
114 1.29484e-05
115 1.30537e-05
116 1.31591e-05
117 1.32645e-05
118 1.33688e-05
119 1.3473e-05
120 1.35772e-05
121 1.36803e-05
122 1.37834e-05
123 1.38853e-05
124 1.39872e-05
125 1.40879e-05
126 1.41886e-05
127 1.42742e-05
128 1.43467e-05
129 1.4415e-05
130 1.44827e-05
131 1.45511e-05
132 1.462e-05
133 1.46895e-05
134 1.47595e-05
135 1.48303e-05
136 1.49016e-05
137 1.49736e-05
138 1.50463e-05
139 1.5119e-05
140 1.51916e-05
141 1.5265e-05
142 1.53384e-05
143 1.54097e-05
144 1.54816e-05
145 1.55536e-05
146 1.56249e-05
147 1.56954e-05
148 1.57659e-05
149 1.58358e-05
150 1.59036e-05
151 1.59714e-05
152 1.60391e-05
153 1.61063e-05
154 1.61734e-05
155 1.62405e-05
156 1.63056e-05
157 1.63707e-05
158 1.64364e-05
159 1.65015e-05
160 1.65666e-05
161 1.66317e-05
162 1.66948e-05
163 1.67578e-05
164 1.68209e-05
165 1.6884e-05
166 1.69471e-05
167 1.70101e-05
168 1.70706e-05
169 1.7131e-05
170 1.71921e-05
171 1.72518e-05
172 1.73122e-05
173 1.73707e-05
174 1.74292e-05
175 1.74877e-05
176 1.75449e-05
177 1.76021e-05
178 1.76593e-05
179 1.77158e-05
180 1.77724e-05
181 1.78289e-05
182 1.78842e-05
183 1.79395e-05
184 1.79948e-05
185 1.80495e-05
186 1.81041e-05
187 1.81588e-05
188 1.82134e-05
189 1.82675e-05
190 1.83221e-05
191 1.83768e-05
192 1.84301e-05
193 1.84835e-05
194 1.85368e-05
195 1.85901e-05
196 1.86434e-05
197 1.86968e-05
198 1.87501e-05
199 1.88034e-05
200 1.88568e-05
201 1.89101e-05
202 1.89627e-05
203 1.90153e-05
204 1.90679e-05
205 1.91205e-05
206 1.91731e-05
207 1.92257e-05
208 1.92783e-05
209 1.93309e-05
210 1.93835e-05
211 1.94361e-05
212 1.94887e-05
213 1.95413e-05
214 1.95939e-05
215 1.96474e-05
216 1.97009e-05
217 1.97544e-05
218 1.98079e-05
219 1.98614e-05
220 1.99149e-05
221 1.99684e-05
222 2.00229e-05
223 2.00775e-05
224 2.0132e-05
225 2.01865e-05
226 2.02411e-05
227 2.02956e-05
228 2.03502e-05
229 2.04047e-05
230 2.04592e-05
231 2.05151e-05
232 2.0571e-05
233 2.06269e-05
234 2.06827e-05
235 2.07386e-05
236 2.07945e-05
237 2.08504e-05
238 2.09062e-05
239 2.09621e-05
240 2.1018e-05
241 2.10738e-05
242 2.11297e-05
243 2.11856e-05
244 2.12415e-05
245 2.12973e-05
246 2.13532e-05
247 2.14091e-05
248 2.14649e-05
249 2.15208e-05
250 2.15767e-05
251 2.16326e-05
252 2.16884e-05
253 2.17443e-05
254 2.18002e-05
255 2.1856e-05
256 2.19119e-05
257 2.19678e-05
258 2.20237e-05
259 2.20795e-05
260 2.21354e-05
261 2.21913e-05
262 2.22472e-05
263 2.2303e-05
264 2.23589e-05
265 2.24148e-05
266 2.24706e-05
267 2.25265e-05
268 2.25824e-05
269 2.26383e-05
270 2.26941e-05
271 2.275e-05
Re:1568, We:383
