0 0
1 7.70597e-06
2 2.9001e-05
3 5.61747e-05
4 8.85453e-05
5 0.000125626
6 0.000166985
7 0.000212238
8 0.000260985
9 0.000312835
10 0.000367566
11 0.000425045
12 0.000484782
13 0.000546412
14 0.000610068
15 0.000675261
16 0.000742075
17 0.000810253
18 0.000879859
19 0.000950582
20 0.00102246
21 0.00109514
22 0.00116865
23 0.00124299
24 0.00131777
25 0.00139344
26 0.00146955
27 0.00154613
28 0.00162318
29 0.00170071
30 0.00177872
31 0.00185674
32 0.00193525
33 0.00201377
34 0.00209279
35 0.00217182
36 0.00225085
37 0.00233041
38 0.00240996
39 0.00248952
40 0.00256908
41 0.00264864
42 0.0027282
43 0.00280832
44 0.00288843
45 0.00296855
46 0.00304867
47 0.00312821
48 0.00320775
49 0.0032873
50 0.00336684
51 0.00344638
52 0.00352533
53 0.00360429
54 0.00368324
55 0.00376219
56 0.00384055
57 0.0039189
58 0.00399725
59 0.00407561
60 0.00415396
61 0.00423171
62 0.00430945
63 0.00438719
64 0.00446493
65 0.00454268
66 0.00461979
67 0.00469691
68 0.00477402
69 0.00485114
70 0.00492825
71 0.00500537
72 0.00508184
73 0.0051583
74 0.00523477
75 0.00531124
76 0.00538771
77 0.00546351
78 0.00553931
79 0.00561511
80 0.00569092
81 0.00576672
82 0.00584252
83 0.00591832
84 0.00599413
85 0.00606993
86 0.00614502
87 0.00622012
88 0.00629521
89 0.00637031
90 0.0064454
91 0.00652049
92 0.00659559
93 0.00667068
94 0.00674578
95 0.00682087
96 0.0068952
97 0.00696953
98 0.00704385
99 0.00711818
100 0.00719251
101 0.00726684
102 0.00734117
103 0.00741549
104 0.00748982
105 0.00756415
106 0.00763848
107 0.00771281
108 0.00778713
109 0.00786146
110 0.00793579
111 0.00801012
112 0.00808444
113 0.00815877
114 0.0082331
115 0.00830743
116 0.00838176
117 0.00845608
118 0.00853041
119 0.00860474
120 0.00867907
121 0.00875339
122 0.00882772
123 0.00890205
124 0.00897638
125 0.00905071
126 0.00912503
127 0.00919936
128 0.00927369
129 0.00934918
130 0.00942467
131 0.00950016
132 0.00957565
133 0.00965114
134 0.00972663
135 0.00980211
136 0.0098776
137 0.00995309
138 0.0100286
139 0.0101041
140 0.0101796
141 0.0102461
142 0.0102975
143 0.0103408
144 0.0103822
145 0.0104218
146 0.0104598
147 0.0104977
148 0.0105349
149 0.0105721
150 0.0106097
151 0.0106473
152 0.0106853
153 0.0107233
154 0.0107621
155 0.0108015
156 0.0108413
157 0.0108816
158 0.0109224
159 0.0109637
160 0.011005
161 0.0110469
162 0.0110894
163 0.0111325
164 0.0111762
165 0.0112206
166 0.0112656
167 0.0113107
168 0.0113558
169 0.0114008
170 0.0114467
171 0.0114925
172 0.0115383
173 0.0115842
174 0.0116309
175 0.0116775
176 0.0117242
177 0.0117709
178 0.0118176
179 0.0118652
180 0.0119129
181 0.0119605
182 0.0120082
183 0.0120559
184 0.0121046
185 0.0121523
186 0.0121957
187 0.0122401
188 0.0122845
189 0.01233
190 0.0123767
191 0.0124234
192 0.0124715
193 0.0125195
194 0.012569
195 0.0126186
196 0.0126681
197 0.0127195
198 0.0127708
199 0.0128221
200 0.0128734
201 0.012927
202 0.0129805
203 0.013034
204 0.0130876
205 0.0131411
206 0.0131947
207 0.0132482
208 0.0133018
209 0.0133553
210 0.0134089
211 0.0134624
212 0.013516
213 0.0135695
214 0.0136231
215 0.0136766
216 0.0137302
217 0.0137837
218 0.0138373
219 0.0138908
220 0.0139336
221 0.0139765
222 0.0140193
223 0.0140622
224 0.014105
Re:2431, We:30
