0 0
1 8.16761e-06
2 2.82507e-05
3 5.04227e-05
4 7.8857e-05
5 0.000112887
6 0.000152035
7 0.000195687
8 0.000243591
9 0.000295192
10 0.000350285
11 0.000408451
12 0.000469295
13 0.000532529
14 0.000598063
15 0.000665443
16 0.000734451
17 0.000805175
18 0.000876976
19 0.000949893
20 0.00102397
21 0.00109844
22 0.00117291
23 0.00124819
24 0.00132389
25 0.0013996
26 0.0014753
27 0.00155057
28 0.00162628
29 0.00170285
30 0.00177185
31 0.00184232
32 0.00190721
33 0.00197409
34 0.00204275
35 0.00211328
36 0.00218459
37 0.00225754
38 0.00232885
39 0.0024018
40 0.00247605
41 0.00255119
42 0.00262726
43 0.00270428
44 0.00278228
45 0.00286078
46 0.00293979
47 0.00301214
48 0.00308538
49 0.00315907
50 0.00323277
51 0.0033074
52 0.003383
53 0.0034591
54 0.00353622
55 0.00361334
56 0.00369099
57 0.00376918
58 0.00383906
59 0.00391028
60 0.0039815
61 0.00405366
62 0.00412679
63 0.00420093
64 0.00427557
65 0.00435074
66 0.00442645
67 0.00449756
68 0.00456915
69 0.00464174
70 0.00471537
71 0.00478954
72 0.00486425
73 0.00493951
74 0.00501593
75 0.00509176
76 0.00516818
77 0.00524011
78 0.0053115
79 0.00538397
80 0.00545756
81 0.00553172
82 0.00560588
83 0.00567359
84 0.00574282
85 0.0058131
86 0.00588448
87 0.00595643
88 0.00602508
89 0.00609481
90 0.00616509
91 0.00623651
92 0.00630852
93 0.00637604
94 0.00644463
95 0.00651434
96 0.00658464
97 0.00665614
98 0.00672145
99 0.00678834
100 0.00685636
101 0.00692495
102 0.00699413
103 0.00706392
104 0.00713371
105 0.00720476
106 0.00727211
107 0.00734006
108 0.00740862
109 0.00747536
110 0.00754331
111 0.00760209
112 0.00766282
113 0.00772354
114 0.00778584
115 0.00784924
116 0.00791379
117 0.00797894
118 0.00804471
119 0.0081111
120 0.0081775
121 0.00824523
122 0.00830404
123 0.00836446
124 0.00842543
125 0.00848699
126 0.00854913
127 0.00861251
128 0.00867588
129 0.00874056
130 0.00880593
131 0.00887199
132 0.00893806
133 0.00900486
134 0.00907165
135 0.00914001
136 0.00920529
137 0.00927057
138 0.00933739
139 0.00940342
140 0.00947024
141 0.00953789
142 0.00960555
143 0.00967406
144 0.0097417
145 0.00980934
146 0.00987789
147 0.00993974
148 0.0100024
149 0.0100658
150 0.0101301
151 0.0101952
152 0.0102612
153 0.0103273
154 0.0103943
155 0.0104613
156 0.0105283
157 0.0105963
158 0.0106594
159 0.0107225
160 0.0107865
161 0.0108506
162 0.0109157
163 0.0109818
164 0.0110369
165 0.0110841
166 0.0111312
167 0.0111666
168 0.0112023
169 0.0112366
170 0.0112717
171 0.011307
172 0.0113428
173 0.0113788
174 0.0114156
175 0.0114528
176 0.0114909
177 0.0115297
178 0.0115695
179 0.0116102
180 0.011652
181 0.0116943
182 0.0117377
183 0.0117817
184 0.0118269
185 0.0118729
186 0.0119202
187 0.0119683
188 0.0120172
189 0.0120661
190 0.0121158
191 0.0121664
192 0.012217
193 0.0122686
194 0.0123211
195 0.0123737
196 0.0124274
197 0.0124811
198 0.0125359
199 0.0125908
200 0.012647
201 0.0127031
202 0.0127593
203 0.012817
204 0.0128746
205 0.0129323
206 0.0129916
207 0.013051
208 0.0131103
209 0.0131716
210 0.0132329
211 0.0132943
212 0.0133556
213 0.0134194
214 0.0134831
215 0.0135469
216 0.0136107
217 0.0136745
218 0.0137382
219 0.013802
220 0.0138658
221 0.0139336
222 0.0140013
223 0.0140691
224 0.0141369
225 0.0141994
226 0.014262
227 0.0143245
228 0.0143636
229 0.0144055
230 0.0144509
231 0.0145008
232 0.0145507
233 0.0146077
234 0.0146648
235 0.0147218
236 0.0147789
237 0.0148359
238 0.014893
239 0.01495
Re: 2577, We: 31
