0 0
1 1.77557e-08
2 5.81565e-08
3 1.0861e-07
4 1.68817e-07
5 2.38347e-07
6 3.16652e-07
7 4.03634e-07
8 4.99731e-07
9 6.04995e-07
10 7.185e-07
11 8.39342e-07
12 9.67006e-07
13 1.10062e-06
14 1.24017e-06
15 1.38423e-06
16 1.53311e-06
17 1.68565e-06
18 1.84207e-06
19 2.00175e-06
20 2.16484e-06
21 2.33061e-06
22 2.49915e-06
23 2.66961e-06
24 2.84204e-06
25 3.0165e-06
26 3.192e-06
27 3.36962e-06
28 3.54833e-06
29 3.72816e-06
30 3.90911e-06
31 4.09122e-06
32 4.2745e-06
33 4.45779e-06
34 4.64227e-06
35 4.82676e-06
36 5.01249e-06
37 5.19821e-06
38 5.38521e-06
39 5.57221e-06
40 5.75921e-06
41 5.94753e-06
42 6.13584e-06
43 6.32416e-06
44 6.51247e-06
45 6.70079e-06
46 6.8891e-06
47 7.07881e-06
48 7.26852e-06
49 7.45823e-06
50 7.64794e-06
51 7.83765e-06
52 8.02736e-06
53 8.21708e-06
54 8.40679e-06
55 8.59501e-06
56 8.78324e-06
57 8.96853e-06
58 9.15382e-06
59 9.33764e-06
60 9.52147e-06
61 9.70384e-06
62 9.88621e-06
63 1.00671e-05
64 1.0248e-05
65 1.04289e-05
66 1.06084e-05
67 1.07878e-05
68 1.09673e-05
69 1.11467e-05
70 1.13246e-05
71 1.15026e-05
72 1.16805e-05
73 1.18585e-05
74 1.20349e-05
75 1.22113e-05
76 1.23862e-05
77 1.25611e-05
78 1.2733e-05
79 1.29049e-05
80 1.30753e-05
81 1.32457e-05
82 1.34146e-05
83 1.35835e-05
84 1.37509e-05
85 1.39183e-05
86 1.40842e-05
87 1.42501e-05
88 1.4413e-05
89 1.4576e-05
90 1.47375e-05
91 1.48989e-05
92 1.5059e-05
93 1.52175e-05
94 1.53761e-05
95 1.55332e-05
96 1.56903e-05
97 1.58459e-05
98 1.60016e-05
99 1.61558e-05
100 1.63099e-05
101 1.64627e-05
102 1.66154e-05
103 1.67682e-05
104 1.69209e-05
105 1.70721e-05
106 1.72234e-05
107 1.73746e-05
108 1.75244e-05
109 1.76742e-05
110 1.78239e-05
111 1.79737e-05
112 1.81219e-05
113 1.82701e-05
114 1.84168e-05
115 1.85635e-05
116 1.87102e-05
117 1.88569e-05
118 1.90021e-05
119 1.91472e-05
120 1.92908e-05
121 1.94344e-05
122 1.95764e-05
123 1.97184e-05
124 1.98589e-05
125 1.99993e-05
126 2.01398e-05
127 2.02786e-05
128 2.0416e-05
129 2.05258e-05
130 2.06216e-05
131 2.07166e-05
132 2.08124e-05
133 2.09082e-05
134 2.10048e-05
135 2.11014e-05
136 2.1198e-05
137 2.12955e-05
138 2.13938e-05
139 2.14929e-05
140 2.15921e-05
141 2.16912e-05
142 2.17904e-05
143 2.18896e-05
144 2.19869e-05
145 2.20843e-05
146 2.21816e-05
147 2.22789e-05
148 2.23745e-05
149 2.247e-05
150 2.25655e-05
151 2.26601e-05
152 2.27547e-05
153 2.28494e-05
154 2.2943e-05
155 2.30358e-05
156 2.31286e-05
157 2.32205e-05
158 2.33115e-05
159 2.34024e-05
160 2.34925e-05
161 2.35817e-05
162 2.36709e-05
163 2.37592e-05
164 2.38466e-05
165 2.3934e-05
166 2.40197e-05
167 2.41036e-05
168 2.41876e-05
169 2.42715e-05
170 2.43538e-05
171 2.44361e-05
172 2.45176e-05
173 2.45982e-05
174 2.46788e-05
175 2.4757e-05
176 2.48353e-05
177 2.49135e-05
178 2.49893e-05
179 2.50652e-05
180 2.51411e-05
181 2.52154e-05
182 2.52897e-05
183 2.53641e-05
184 2.54369e-05
185 2.55097e-05
186 2.55825e-05
187 2.56546e-05
188 2.57259e-05
189 2.57972e-05
190 2.58685e-05
191 2.5939e-05
192 2.60096e-05
193 2.60801e-05
194 2.61507e-05
195 2.62212e-05
196 2.62918e-05
197 2.63615e-05
198 2.64313e-05
199 2.6501e-05
200 2.65708e-05
201 2.66406e-05
202 2.67103e-05
203 2.67801e-05
204 2.68498e-05
205 2.69196e-05
206 2.69893e-05
207 2.70591e-05
208 2.71288e-05
209 2.71986e-05
210 2.72683e-05
211 2.7339e-05
212 2.74097e-05
213 2.74804e-05
214 2.75511e-05
215 2.76218e-05
216 2.76925e-05
217 2.77632e-05
218 2.78339e-05
219 2.79046e-05
220 2.79764e-05
221 2.80482e-05
222 2.812e-05
223 2.81918e-05
224 2.82636e-05
225 2.83367e-05
226 2.84097e-05
227 2.84828e-05
228 2.85558e-05
229 2.86288e-05
230 2.87033e-05
231 2.87777e-05
232 2.88522e-05
233 2.89266e-05
234 2.90011e-05
235 2.90755e-05
236 2.91516e-05
237 2.92277e-05
238 2.93038e-05
239 2.93799e-05
240 2.9456e-05
241 2.95321e-05
242 2.96082e-05
243 2.96864e-05
244 2.97645e-05
245 2.98427e-05
246 2.99208e-05
247 2.9999e-05
248 3.00772e-05
249 3.01553e-05
250 3.02335e-05
251 3.03116e-05
252 3.03898e-05
253 3.04709e-05
254 3.05521e-05
255 3.06333e-05
256 3.07144e-05
257 3.07956e-05
258 3.08768e-05
259 3.09579e-05
260 3.10391e-05
261 3.11202e-05
262 3.12014e-05
263 3.12826e-05
264 3.13637e-05
265 3.14449e-05
266 3.15261e-05
267 3.16072e-05
268 3.16884e-05
269 3.17695e-05
270 3.18507e-05
271 3.19319e-05
272 3.2013e-05
273 3.20942e-05
274 3.21754e-05
275 3.22565e-05
276 3.23377e-05
277 3.24188e-05
278 3.25e-05
Re:2240, We:548
