0 0
1 4.14305e-07
2 1.54762e-06
3 2.99216e-06
4 4.71963e-06
5 6.70438e-06
6 8.92296e-06
7 1.13542e-05
8 1.39786e-05
9 1.67786e-05
10 1.97384e-05
11 2.28436e-05
12 2.60804e-05
13 2.94376e-05
14 3.29038e-05
15 3.64692e-05
16 4.01249e-05
17 4.38619e-05
18 4.76739e-05
19 5.15536e-05
20 5.54947e-05
21 5.94918e-05
22 6.35398e-05
23 6.76337e-05
24 7.17699e-05
25 7.59445e-05
26 8.01539e-05
27 8.43948e-05
28 8.86641e-05
29 9.29597e-05
30 9.72794e-05
31 0.000101621
32 0.000105981
33 0.00011036
34 0.000114754
35 0.000119164
36 0.000123587
37 0.000128022
38 0.000132468
39 0.000136924
40 0.00014139
41 0.000145863
42 0.000150344
43 0.000154833
44 0.000159327
45 0.000163827
46 0.000168332
47 0.000172843
48 0.000177357
49 0.000181874
50 0.000186396
51 0.00019092
52 0.000195448
53 0.000199978
54 0.000204511
55 0.000209046
56 0.000213582
57 0.000218121
58 0.000222662
59 0.000227203
60 0.000231747
61 0.000236292
62 0.000240837
63 0.000245383
64 0.000249931
65 0.000254479
66 0.000259029
67 0.000263579
68 0.000268129
69 0.00027268
70 0.000277232
71 0.000281784
72 0.000286336
73 0.000290889
74 0.000295442
75 0.000299996
76 0.00030455
77 0.000309104
78 0.000313658
79 0.000318213
80 0.000322768
81 0.000327324
82 0.000331879
83 0.000336434
84 0.000340989
85 0.000345544
86 0.0003501
87 0.000354656
88 0.000359212
89 0.000363768
90 0.000368325
91 0.000372881
92 0.000377437
93 0.000381993
94 0.000386549
95 0.000391105
96 0.000395661
97 0.000400217
98 0.000404773
99 0.000409329
100 0.000413886
101 0.000418443
102 0.000423
103 0.000427557
104 0.000432114
105 0.000436671
106 0.000441228
107 0.000445785
108 0.000450342
109 0.000454899
110 0.000459456
111 0.000464013
112 0.000468571
113 0.000473128
114 0.000477685
115 0.000482242
116 0.000486799
117 0.000491356
118 0.000495913
119 0.00050047
120 0.000505027
121 0.000509584
122 0.000514141
123 0.000518698
124 0.000523255
125 0.000527813
126 0.00053237
127 0.000536927
128 0.000541484
129 0.000546041
130 0.000550598
131 0.000555155
132 0.000559712
133 0.000564269
134 0.000568826
135 0.000573383
136 0.00057794
137 0.000582498
138 0.000587055
139 0.000591612
140 0.000596169
141 0.000600726
142 0.000605283
143 0.00060984
144 0.000614397
145 0.000618954
146 0.000623511
147 0.000628068
148 0.000632625
149 0.000637182
150 0.00064174
151 0.000646297
152 0.000650854
153 0.000655411
154 0.000659968
155 0.000664525
156 0.000669082
157 0.000673639
158 0.000678196
159 0.000682753
160 0.00068731
161 0.000691867
162 0.000696424
163 0.000700982
164 0.000705539
165 0.000710096
166 0.000714653
167 0.00071921
168 0.000723767
169 0.000728324
170 0.000732881
171 0.000737438
172 0.000741995
173 0.000746552
174 0.000751109
175 0.000755667
176 0.000760224
177 0.000764781
178 0.000769338
179 0.000773895
180 0.000778452
181 0.000783009
182 0.000787566
183 0.000792123
184 0.00079668
185 0.000801237
186 0.000805794
187 0.000810351
188 0.000814909
189 0.000819466
190 0.000824023
191 0.00082858
192 0.000833137
193 0.000837694
194 0.000842251
195 0.000846808
196 0.000851365
197 0.000855922
198 0.000860479
199 0.000865036
200 0.000869593
201 0.000874151
202 0.000878708
203 0.000883265
204 0.000887822
205 0.000892379
206 0.000896936
207 0.000901493
208 0.00090605
209 0.000910607
210 0.000915164
211 0.000919721
212 0.000924278
213 0.000928835
214 0.000933393
215 0.00093795
216 0.000942507
217 0.000947064
218 0.000951621
219 0.000956178
220 0.000960735
221 0.000965292
222 0.000969849
223 0.000974406
224 0.000978963
225 0.00098352
226 0.000988078
227 0.000992635
228 0.000997192
229 0.00100175
230 0.00100631
231 0.00101086
232 0.00101542
233 0.00101998
234 0.00102453
235 0.00102909
236 0.00103365
237 0.00103821
238 0.00104276
239 0.00104732
240 0.00105188
241 0.00105643
242 0.00106099
243 0.00106555
244 0.0010701
245 0.00107466
246 0.00107922
247 0.00108378
248 0.00108833
249 0.00109289
250 0.00109745
251 0.001102
252 0.00110656
253 0.00111112
254 0.00111568
255 0.00112023
256 0.00112479
257 0.00112935
258 0.0011339
259 0.00113846
260 0.00114302
261 0.00114758
262 0.00115213
263 0.00115669
264 0.00116125
265 0.0011658
266 0.00117036
267 0.00117492
268 0.00117947
269 0.00118403
270 0.00118859
271 0.00119315
272 0.0011977
273 0.00120226
274 0.00120682
275 0.00121137
276 0.00121593
277 0.00122049
278 0.00122505
279 0.0012296
280 0.00123416
281 0.00123872
282 0.00124327
283 0.00124783
284 0.00125239
285 0.00125695
286 0.0012615
287 0.00126606
288 0.00127062
289 0.00127517
290 0.00127973
291 0.00128429
292 0.00128884
293 0.0012934
294 0.00129796
295 0.00130252
296 0.00130707
297 0.00131163
298 0.00131619
299 0.00132074
300 0.0013253
301 0.00132986
302 0.00133442
303 0.00133897
304 0.00134353
305 0.00134809
306 0.00135264
307 0.0013572
308 0.00136176
309 0.00136632
310 0.00137087
311 0.00137543
312 0.00137999
313 0.00138454
314 0.0013891
315 0.00139366
316 0.00139821
317 0.00140277
318 0.00140733
319 0.00141189
320 0.00141644
321 0.001421
322 0.00142556
323 0.00143011
324 0.00143467
325 0.00143923
326 0.00144379
327 0.00144834
328 0.0014529
329 0.00145746
330 0.00146201
331 0.00146657
