0 0
1 1.77557e-09
2 6.68225e-09
3 1.29314e-08
4 2.03901e-08
5 2.8934e-08
6 3.84638e-08
7 4.88909e-08
8 6.01229e-08
9 7.207e-08
10 8.4731e-08
11 9.79748e-08
12 1.118e-07
13 1.26129e-07
14 1.40864e-07
15 1.56031e-07
16 1.71579e-07
17 1.87447e-07
18 2.03651e-07
19 2.20117e-07
20 2.36857e-07
21 2.53785e-07
22 2.71004e-07
23 2.88324e-07
24 3.05849e-07
25 3.23585e-07
26 3.41429e-07
27 3.59383e-07
28 3.77449e-07
29 3.9563e-07
30 4.13927e-07
31 4.32224e-07
32 4.50641e-07
33 4.6918e-07
34 4.87719e-07
35 5.06383e-07
36 5.25047e-07
37 5.43711e-07
38 5.62505e-07
39 5.81298e-07
40 6.00092e-07
41 6.18886e-07
42 6.37815e-07
43 6.56744e-07
44 6.75672e-07
45 6.94601e-07
46 7.1353e-07
47 7.32459e-07
48 7.51388e-07
49 7.70317e-07
50 7.89246e-07
51 8.08321e-07
52 8.27249e-07
53 8.46177e-07
54 8.65105e-07
55 8.84032e-07
56 9.0296e-07
57 9.21888e-07
58 9.40663e-07
59 9.59438e-07
60 9.78213e-07
61 9.96988e-07
62 1.01576e-06
63 1.03454e-06
64 1.05316e-06
65 1.07177e-06
66 1.09039e-06
67 1.10901e-06
68 1.12746e-06
69 1.14592e-06
70 1.16438e-06
71 1.18283e-06
72 1.20129e-06
73 1.21975e-06
74 1.23804e-06
75 1.25633e-06
76 1.27462e-06
77 1.29291e-06
78 1.3112e-06
79 1.32932e-06
80 1.34744e-06
81 1.36556e-06
82 1.38368e-06
83 1.4018e-06
84 1.41992e-06
85 1.43786e-06
86 1.4558e-06
87 1.47374e-06
88 1.49169e-06
89 1.50945e-06
90 1.52739e-06
91 1.54515e-06
92 1.56291e-06
93 1.58067e-06
94 1.59843e-06
95 1.616e-06
96 1.63357e-06
97 1.65114e-06
98 1.66871e-06
99 1.68628e-06
100 1.70385e-06
101 1.72142e-06
102 1.73899e-06
103 1.75635e-06
104 1.77372e-06
105 1.79109e-06
106 1.80846e-06
107 1.82583e-06
108 1.84319e-06
109 1.86035e-06
110 1.87751e-06
111 1.89466e-06
112 1.91182e-06
113 1.92898e-06
114 1.94591e-06
115 1.96285e-06
116 1.97978e-06
117 1.99672e-06
118 2.01343e-06
119 2.03014e-06
120 2.04663e-06
121 2.06311e-06
122 2.07959e-06
123 2.09608e-06
124 2.11233e-06
125 2.12858e-06
126 2.14438e-06
127 2.16017e-06
128 2.17552e-06
129 2.19087e-06
130 2.206e-06
131 2.22071e-06
132 2.23562e-06
133 2.25054e-06
134 2.26546e-06
135 2.28061e-06
136 2.29529e-06
137 2.30976e-06
138 2.32422e-06
139 2.33869e-06
140 2.3525e-06
141 2.3661e-06
142 2.37969e-06
143 2.39308e-06
144 2.40627e-06
145 2.41945e-06
146 2.43263e-06
