0 0
1 7.67045e-06
2 2.88673e-05
3 5.59158e-05
4 8.81372e-05
5 0.000125047
6 0.000166215
7 0.00021126
8 0.000259782
9 0.000311393
10 0.000365872
11 0.000423086
12 0.000482548
13 0.000543894
14 0.000607256
15 0.000672149
16 0.000738656
17 0.00080652
18 0.000875805
19 0.000946202
20 0.00101775
21 0.0010901
22 0.00116326
23 0.00123727
24 0.0013117
25 0.00138702
26 0.00146278
27 0.00153901
28 0.0016157
29 0.00169287
30 0.00177053
31 0.00184818
32 0.00192633
33 0.00200449
34 0.00208315
35 0.00216181
36 0.00224048
37 0.00231967
38 0.00239886
39 0.00247805
40 0.00255724
41 0.00263643
42 0.00271562
43 0.00279537
44 0.00287512
45 0.00295487
46 0.00303462
47 0.0031138
48 0.00319297
49 0.00327215
50 0.00335132
51 0.0034305
52 0.00350909
53 0.00358768
54 0.00366626
55 0.00374485
56 0.00382285
57 0.00390084
58 0.00397883
59 0.00405683
60 0.00413482
61 0.00421221
62 0.00428959
63 0.00436697
64 0.00444436
65 0.00452174
66 0.0045985
67 0.00467526
68 0.00475202
69 0.00482878
70 0.00490554
71 0.0049823
72 0.00505842
73 0.00513453
74 0.00521065
75 0.00528676
76 0.00536288
77 0.00543899
78 0.00551511
79 0.00559055
80 0.00566599
81 0.00574143
82 0.00581687
83 0.00589232
84 0.00596776
85 0.0060432
86 0.00611794
87 0.00619267
88 0.00626741
89 0.00634215
90 0.00641688
91 0.00649162
92 0.00656635
93 0.00664109
94 0.00671583
95 0.00679056
96 0.00686454
97 0.00693851
98 0.00701249
99 0.00708646
100 0.00716043
101 0.00723441
102 0.00730838
103 0.00738235
104 0.00745633
105 0.0075303
106 0.00760428
107 0.00767825
108 0.00775222
109 0.0078262
110 0.00790017
111 0.00797415
112 0.00804812
113 0.00812209
114 0.00819607
115 0.00827004
116 0.00834401
117 0.00841799
118 0.00849196
119 0.00856594
120 0.00863991
121 0.00871388
122 0.00878786
123 0.00886183
124 0.00893581
125 0.00900978
126 0.00908375
127 0.00915773
128 0.00923284
129 0.00930795
130 0.00938306
131 0.00945817
132 0.00953329
133 0.0096084
134 0.00968351
135 0.00975862
136 0.00983373
137 0.00990885
138 0.00998396
139 0.0100591
140 0.0101342
141 0.0101993
142 0.0102498
143 0.0102929
144 0.0103341
145 0.0103735
146 0.0104113
147 0.0104491
148 0.0104861
149 0.0105235
150 0.0105609
151 0.0105983
152 0.0106362
153 0.0106744
154 0.0107131
155 0.0107522
156 0.0107918
157 0.0108319
158 0.0108725
159 0.0109137
160 0.0109548
161 0.0109965
162 0.0110388
163 0.0110817
164 0.0111252
165 0.0111693
166 0.0112142
167 0.011259
168 0.0113046
169 0.0113502
170 0.0113958
171 0.0114414
172 0.011487
173 0.0115326
174 0.0115782
175 0.0116237
176 0.0116693
177 0.0117149
178 0.0117605
179 0.011807
180 0.0118536
181 0.0119001
182 0.0119447
183 0.0119892
184 0.0120338
185 0.0120794
186 0.0121261
187 0.0121728
188 0.0122195
189 0.0122674
190 0.0123153
191 0.0123632
192 0.0124125
193 0.0124618
194 0.0125111
195 0.0125605
196 0.0126098
197 0.0126609
198 0.0127119
199 0.012763
200 0.0128141
201 0.0128674
202 0.0129207
203 0.012974
204 0.0130273
205 0.0130806
206 0.0131339
207 0.0131872
208 0.0132405
209 0.0132938
210 0.0133471
211 0.0134004
212 0.0134537
213 0.013507
214 0.0135603
215 0.0136136
216 0.013661
217 0.0137084
218 0.0137557
219 0.0138031
220 0.0138505
221 0.0138979
222 0.0139452
223 0.0139926
224 0.0140163
225 0.01404
Re:2420, We:30
