0 0
1 1.77557e-09
2 5.82572e-09
3 1.10247e-08
4 1.73385e-08
5 2.4719e-08
6 3.32066e-08
7 4.26957e-08
8 5.3109e-08
9 6.43657e-08
10 7.63869e-08
11 8.90814e-08
12 1.02419e-07
13 1.16346e-07
14 1.30787e-07
15 1.4564e-07
16 1.60933e-07
17 1.76613e-07
18 1.9262e-07
19 2.0897e-07
20 2.25588e-07
21 2.42484e-07
22 2.59572e-07
23 2.76958e-07
24 2.94447e-07
25 3.12145e-07
26 3.30058e-07
27 3.48083e-07
28 3.6622e-07
29 3.84471e-07
30 4.0284e-07
31 4.21328e-07
32 4.39938e-07
33 4.58548e-07
34 4.77282e-07
35 4.96017e-07
36 5.1488e-07
37 5.33743e-07
38 5.52737e-07
39 5.71732e-07
40 5.90727e-07
41 6.09722e-07
42 6.28854e-07
43 6.47987e-07
44 6.67119e-07
45 6.86111e-07
46 7.05103e-07
47 7.23954e-07
48 7.42805e-07
49 7.61656e-07
50 7.80507e-07
51 7.99215e-07
52 8.17924e-07
53 8.36489e-07
54 8.55055e-07
55 8.73477e-07
56 8.919e-07
57 9.1018e-07
58 9.2846e-07
59 9.46739e-07
60 9.64875e-07
61 9.83011e-07
62 1.00115e-06
63 1.01914e-06
64 1.03713e-06
65 1.05512e-06
66 1.07311e-06
67 1.09095e-06
68 1.1088e-06
69 1.12664e-06
70 1.14448e-06
71 1.16233e-06
72 1.18002e-06
73 1.19771e-06
74 1.21525e-06
75 1.23279e-06
76 1.25033e-06
77 1.26788e-06
78 1.28526e-06
79 1.30265e-06
80 1.32004e-06
81 1.33742e-06
82 1.35465e-06
83 1.37188e-06
84 1.38911e-06
85 1.40635e-06
86 1.42342e-06
87 1.44049e-06
88 1.45756e-06
89 1.47463e-06
90 1.49154e-06
91 1.50845e-06
92 1.52535e-06
93 1.54226e-06
94 1.559e-06
95 1.57575e-06
96 1.59249e-06
97 1.60923e-06
98 1.62597e-06
99 1.64255e-06
100 1.65912e-06
101 1.67569e-06
102 1.69226e-06
103 1.70866e-06
104 1.72506e-06
105 1.74145e-06
106 1.75785e-06
107 1.77425e-06
108 1.79064e-06
109 1.80686e-06
110 1.82307e-06
111 1.83929e-06
112 1.8555e-06
113 1.87153e-06
114 1.88756e-06
115 1.9034e-06
116 1.91925e-06
117 1.93509e-06
118 1.95093e-06
119 1.96658e-06
120 1.98223e-06
121 1.99769e-06
122 2.01316e-06
123 2.02843e-06
124 2.04369e-06
125 2.05859e-06
126 2.07348e-06
127 2.08469e-06
128 2.09548e-06
129 2.10637e-06
130 2.11747e-06
131 2.12868e-06
132 2.14001e-06
133 2.15134e-06
134 2.16266e-06
135 2.17411e-06
136 2.18555e-06
137 2.19676e-06
138 2.20773e-06
139 2.2187e-06
140 2.22956e-06
141 2.23986e-06
142 2.25017e-06
143 2.26048e-06
144 2.27018e-06
145 2.27988e-06
146 2.28968e-06
147 2.299e-06
148 2.30833e-06
149 2.31765e-06
150 2.32688e-06
151 2.33611e-06
152 2.34534e-06
153 2.3543e-06
154 2.36326e-06
155 2.37204e-06
156 2.38056e-06
157 2.38909e-06
158 2.3977e-06
159 2.4063e-06
160 2.41483e-06
161 2.42335e-06
162 2.43187e-06
163 2.44031e-06
164 2.4484e-06
165 2.4565e-06
166 2.4646e-06
167 2.47269e-06
168 2.48088e-06
169 2.48906e-06
170 2.49724e-06
171 2.50542e-06
172 2.51334e-06
173 2.52126e-06
174 2.52918e-06
175 2.53711e-06
176 2.54494e-06
177 2.55277e-06
178 2.56061e-06
179 2.56844e-06
180 2.57619e-06
181 2.58384e-06
182 2.5915e-06
183 2.59916e-06
184 2.60681e-06
185 2.61447e-06
186 2.62204e-06
187 2.6296e-06
188 2.63708e-06
189 2.64465e-06
190 2.65212e-06
191 2.6595e-06
192 2.66697e-06
193 2.67445e-06
194 2.68192e-06
195 2.6894e-06
196 2.69677e-06
197 2.70415e-06
198 2.71153e-06
199 2.71901e-06
200 2.72649e-06
201 2.73396e-06
202 2.74144e-06
203 2.74892e-06
204 2.7564e-06
205 2.76388e-06
206 2.77136e-06
207 2.77884e-06
208 2.78644e-06
209 2.79404e-06
210 2.80163e-06
211 2.80923e-06
212 2.81683e-06
213 2.82443e-06
214 2.83217e-06
215 2.83991e-06
216 2.84765e-06
217 2.85538e-06
218 2.86312e-06
219 2.87102e-06
220 2.87891e-06
221 2.88681e-06
222 2.8947e-06
223 2.90278e-06
224 2.91085e-06
225 2.91893e-06
226 2.927e-06
227 2.93508e-06
228 2.94315e-06
229 2.95145e-06
230 2.95974e-06
231 2.96803e-06
232 2.97633e-06
233 2.98462e-06
234 2.99291e-06
235 3.0012e-06
236 3.00978e-06
237 3.01836e-06
238 3.02694e-06
239 3.03552e-06
240 3.0441e-06
241 3.05268e-06
242 3.06126e-06
243 3.06984e-06
244 3.07885e-06
245 3.08785e-06
246 3.09686e-06
247 3.10587e-06
248 3.11488e-06
249 3.12389e-06
250 3.13289e-06
251 3.1419e-06
252 3.15091e-06
253 3.15992e-06
254 3.16893e-06
255 3.17794e-06
256 3.18694e-06
257 3.19595e-06
258 3.20496e-06
259 3.21397e-06
260 3.22298e-06
261 3.23198e-06
262 3.24099e-06
263 3.25e-06
Re:896, We:438
