0 0
1 4.43892e-10
2 1.45643e-09
3 2.75618e-09
4 4.33463e-09
5 6.17975e-09
6 8.30165e-09
7 1.06739e-08
8 1.32772e-08
9 1.60914e-08
10 1.90967e-08
11 2.22703e-08
12 2.56046e-08
13 2.90865e-08
14 3.26967e-08
15 3.641e-08
16 4.02331e-08
17 4.41533e-08
18 4.81551e-08
19 5.22425e-08
20 5.63969e-08
21 6.06209e-08
22 6.49174e-08
23 6.92638e-08
24 7.36616e-08
25 7.80858e-08
26 8.2564e-08
27 8.70697e-08
28 9.16037e-08
29 9.61663e-08
30 1.00758e-07
31 1.0538e-07
32 1.10032e-07
33 1.14684e-07
34 1.19367e-07
35 1.24051e-07
36 1.28766e-07
37 1.33482e-07
38 1.3823e-07
39 1.42978e-07
40 1.47727e-07
41 1.52509e-07
42 1.57292e-07
43 1.62074e-07
44 1.66857e-07
45 1.71639e-07
46 1.76422e-07
47 1.81169e-07
48 1.85916e-07
49 1.90627e-07
50 1.95338e-07
51 2.00013e-07
52 2.04689e-07
53 2.09329e-07
54 2.13968e-07
55 2.18573e-07
56 2.23177e-07
57 2.27745e-07
58 2.32313e-07
59 2.36882e-07
60 2.4145e-07
61 2.45982e-07
62 2.50515e-07
63 2.5501e-07
64 2.59506e-07
65 2.64002e-07
66 2.68498e-07
67 2.72957e-07
68 2.77416e-07
69 2.81875e-07
70 2.86334e-07
71 2.90793e-07
72 2.95214e-07
73 2.99636e-07
74 3.04019e-07
75 3.08403e-07
76 3.12748e-07
77 3.17132e-07
78 3.21477e-07
79 3.25823e-07
80 3.3013e-07
81 3.34437e-07
82 3.38705e-07
83 3.42973e-07
84 3.47242e-07
85 3.5151e-07
86 3.55739e-07
87 3.59969e-07
88 3.64198e-07
89 3.68388e-07
90 3.72577e-07
91 3.76728e-07
92 3.80878e-07
93 3.85028e-07
94 3.89178e-07
95 3.93288e-07
96 3.97398e-07
97 4.01468e-07
98 4.05537e-07
99 4.09607e-07
100 4.13677e-07
101 4.17705e-07
102 4.21734e-07
103 4.25721e-07
104 4.29709e-07
105 4.33655e-07
106 4.37643e-07
107 4.41589e-07
108 4.45534e-07
109 4.49438e-07
110 4.53342e-07
111 4.57204e-07
112 4.61066e-07
113 4.64928e-07
114 4.6879e-07
115 4.72609e-07
116 4.76428e-07
117 4.80204e-07
118 4.8398e-07
119 4.87713e-07
120 4.91446e-07
121 4.9518e-07
122 4.98869e-07
123 5.02559e-07
124 5.06205e-07
125 5.09852e-07
126 5.13412e-07
127 5.16261e-07
128 5.1875e-07
129 5.2124e-07
130 5.23751e-07
131 5.26306e-07
132 5.28908e-07
133 5.31558e-07
134 5.34234e-07
135 5.36935e-07
136 5.39664e-07
137 5.4242e-07
138 5.45175e-07
139 5.47931e-07
140 5.50659e-07
141 5.53415e-07
142 5.56032e-07
143 5.58649e-07
144 5.61266e-07
145 5.63804e-07
146 5.66291e-07
147 5.68778e-07
148 5.71265e-07
149 5.73677e-07
150 5.76089e-07
151 5.78502e-07
152 5.8089e-07
153 5.83277e-07
154 5.85665e-07
155 5.88004e-07
156 5.90342e-07
157 5.92609e-07
158 5.94876e-07
159 5.97143e-07
160 5.9941e-07
161 6.01677e-07
162 6.03919e-07
163 6.06162e-07
164 6.08405e-07
165 6.10648e-07
166 6.12818e-07
167 6.14965e-07
168 6.17113e-07
169 6.19283e-07
170 6.2143e-07
171 6.23577e-07
172 6.25724e-07
173 6.27871e-07
174 6.29969e-07
175 6.3202e-07
176 6.34071e-07
177 6.36122e-07
178 6.38173e-07
179 6.40224e-07
180 6.42274e-07
181 6.44301e-07
182 6.46327e-07
183 6.48354e-07
184 6.50356e-07
185 6.52357e-07
186 6.54359e-07
187 6.56336e-07
188 6.58313e-07
189 6.6029e-07
190 6.62266e-07
191 6.64243e-07
192 6.66247e-07
193 6.6825e-07
194 6.70253e-07
195 6.72257e-07
196 6.74232e-07
197 6.76236e-07
198 6.7824e-07
199 6.80244e-07
200 6.82248e-07
201 6.84252e-07
202 6.86255e-07
203 6.88292e-07
204 6.90328e-07
205 6.92364e-07
206 6.944e-07
207 6.96436e-07
208 6.98473e-07
209 7.00546e-07
210 7.02619e-07
211 7.04692e-07
212 7.06766e-07
213 7.08839e-07
214 7.10912e-07
215 7.13028e-07
216 7.15145e-07
217 7.17261e-07
218 7.19378e-07
219 7.21494e-07
220 7.23611e-07
221 7.25779e-07
222 7.27947e-07
223 7.30115e-07
224 7.32283e-07
225 7.34451e-07
226 7.36619e-07
227 7.38851e-07
228 7.41082e-07
229 7.43314e-07
230 7.45546e-07
231 7.47778e-07
232 7.5001e-07
233 7.52241e-07
234 7.54473e-07
235 7.56705e-07
236 7.58937e-07
237 7.61169e-07
238 7.63502e-07
239 7.65835e-07
240 7.68168e-07
241 7.70502e-07
242 7.72835e-07
243 7.75168e-07
244 7.77501e-07
245 7.79835e-07
246 7.82168e-07
247 7.84501e-07
248 7.86834e-07
249 7.89168e-07
250 7.91501e-07
251 7.93834e-07
252 7.96167e-07
253 7.98501e-07
254 8.00834e-07
255 8.03167e-07
256 8.055e-07
257 8.07834e-07
258 8.10167e-07
259 8.125e-07
Re:896, We:876
