0 0
1 7.84801e-06
2 2.95356e-05
3 5.72102e-05
4 9.01775e-05
5 0.000127942
6 0.000170063
7 0.00021615
8 0.000265796
9 0.000318602
10 0.000374341
11 0.00043288
12 0.000493719
13 0.000556484
14 0.000621313
15 0.000687708
16 0.000755754
17 0.000825189
18 0.000896078
19 0.000968104
20 0.00104131
21 0.00111533
22 0.00119019
23 0.00126591
24 0.00134206
25 0.00141912
26 0.00149664
27 0.00157463
28 0.0016531
29 0.00173206
30 0.00181151
31 0.00189096
32 0.00197092
33 0.00205089
34 0.00213137
35 0.00221185
36 0.00229234
37 0.00237336
38 0.00245439
39 0.00253541
40 0.00261644
41 0.00269746
42 0.00277849
43 0.00285951
44 0.00294111
45 0.00302271
46 0.00310431
47 0.00318532
48 0.00326633
49 0.00334734
50 0.00342836
51 0.00350937
52 0.00358978
53 0.00367019
54 0.00375061
55 0.00383102
56 0.00391082
57 0.00399062
58 0.00407043
59 0.00415023
60 0.00423003
61 0.00430921
62 0.00438839
63 0.00446757
64 0.00454675
65 0.0046253
66 0.00470384
67 0.00478239
68 0.00486093
69 0.00493948
70 0.00501803
71 0.00509657
72 0.00517446
73 0.00525234
74 0.00533023
75 0.00540812
76 0.005486
77 0.00556321
78 0.00564042
79 0.00571763
80 0.00579484
81 0.00587205
82 0.00594925
83 0.00602646
84 0.00610367
85 0.00618016
86 0.00625666
87 0.00633315
88 0.00640965
89 0.00648614
90 0.00656263
91 0.00663913
92 0.00671562
93 0.00679212
94 0.00686784
95 0.00694357
96 0.0070193
97 0.00709503
98 0.00717076
99 0.00724649
100 0.00732222
101 0.00739795
102 0.00747367
103 0.0075494
104 0.00762513
105 0.00770086
106 0.00777659
107 0.00785232
108 0.00792805
109 0.00800378
110 0.00807951
111 0.00815523
112 0.00823096
113 0.00830669
114 0.00838242
115 0.00845815
116 0.00853388
117 0.00860961
118 0.00868534
119 0.00876107
120 0.00883679
121 0.00891252
122 0.00898825
123 0.00906398
124 0.00913971
125 0.00921544
126 0.00929117
127 0.0093669
128 0.00944262
129 0.00951835
130 0.00959408
131 0.00966981
132 0.00974554
133 0.00982253
134 0.00989952
135 0.00997651
136 0.0100535
137 0.0101305
138 0.0102075
139 0.0102845
140 0.0103615
141 0.010433
142 0.0104868
143 0.0105314
144 0.0105745
145 0.0106152
146 0.0106543
147 0.0106929
148 0.0107312
149 0.0107694
150 0.0108077
151 0.0108464
152 0.010885
153 0.0109241
154 0.0109637
155 0.0110037
156 0.0110442
157 0.0110852
158 0.0111267
159 0.0111688
160 0.0112108
161 0.0112534
162 0.0112967
163 0.0113405
164 0.011385
165 0.0114294
166 0.0114746
167 0.0115198
168 0.0115657
169 0.0116116
170 0.0116582
171 0.0117049
172 0.0117508
173 0.0117966
174 0.0118433
175 0.01189
176 0.0119358
177 0.0119826
178 0.0120293
179 0.012076
180 0.0121192
181 0.0121632
182 0.0122073
183 0.0122522
184 0.0122972
185 0.0123431
186 0.0123891
187 0.0124361
188 0.0124832
189 0.0125314
190 0.0125797
191 0.0126293
192 0.0126788
193 0.0127284
194 0.012778
195 0.0128292
196 0.0128804
197 0.0129316
198 0.0129828
199 0.013034
200 0.0130852
201 0.0131364
202 0.0131787
203 0.0132227
204 0.0132666
205 0.0133106
206 0.0133564
207 0.0134022
208 0.0134481
209 0.0134939
210 0.0135398
211 0.0135856
212 0.0136315
213 0.0136746
214 0.0137152
215 0.0137558
216 0.0137994
217 0.0138429
218 0.0138802
219 0.0139175
220 0.0139547
221 0.013992
222 0.0140293
223 0.0140666
224 0.0141093
225 0.0141519
226 0.0141945
227 0.0142371
228 0.0142798
229 0.0143224
230 0.014365
Re:2476, We:30
