0 0
1 2.13068e-09
2 6.96675e-09
3 1.29377e-08
4 1.99794e-08
5 2.8046e-08
6 3.70715e-08
7 4.69765e-08
8 5.77391e-08
9 6.94177e-08
10 8.20183e-08
11 9.55094e-08
12 1.09812e-07
13 1.24852e-07
14 1.40582e-07
15 1.56999e-07
16 1.74013e-07
17 1.91588e-07
18 2.09678e-07
19 2.28222e-07
20 2.47149e-07
21 2.66476e-07
22 2.86117e-07
23 3.06083e-07
24 3.26273e-07
25 3.46695e-07
26 3.67354e-07
27 3.88134e-07
28 4.09163e-07
29 4.3032e-07
30 4.51606e-07
31 4.73024e-07
32 4.94578e-07
33 5.16131e-07
34 5.37823e-07
35 5.59514e-07
36 5.81347e-07
37 6.03181e-07
38 6.25159e-07
39 6.47138e-07
40 6.69117e-07
41 6.91096e-07
42 7.13075e-07
43 7.35053e-07
44 7.57186e-07
45 7.79318e-07
46 8.01451e-07
47 8.23583e-07
48 8.45716e-07
49 8.67848e-07
50 8.89981e-07
51 9.11952e-07
52 9.33923e-07
53 9.55894e-07
54 9.77865e-07
55 9.99835e-07
56 1.02181e-06
57 1.04378e-06
58 1.06558e-06
59 1.08738e-06
60 1.10919e-06
61 1.13099e-06
62 1.15262e-06
63 1.17426e-06
64 1.19589e-06
65 1.21752e-06
66 1.23898e-06
67 1.26044e-06
68 1.28173e-06
69 1.30302e-06
70 1.32413e-06
71 1.34524e-06
72 1.36601e-06
73 1.38678e-06
74 1.40738e-06
75 1.42798e-06
76 1.44825e-06
77 1.46851e-06
78 1.48844e-06
79 1.50837e-06
80 1.52797e-06
81 1.54758e-06
82 1.56686e-06
83 1.58614e-06
84 1.60542e-06
85 1.62454e-06
86 1.64367e-06
87 1.66279e-06
88 1.68191e-06
89 1.70103e-06
90 1.72032e-06
91 1.73961e-06
92 1.7589e-06
93 1.77819e-06
94 1.79748e-06
95 1.81694e-06
96 1.83641e-06
97 1.85588e-06
98 1.87553e-06
99 1.89519e-06
100 1.91504e-06
101 1.93489e-06
102 1.95474e-06
103 1.97459e-06
104 1.99444e-06
105 2.01388e-06
106 2.03313e-06
107 2.05237e-06
108 2.07162e-06
109 2.09087e-06
110 2.10991e-06
111 2.12875e-06
112 2.1474e-06
113 2.16585e-06
114 2.18391e-06
115 2.20179e-06
116 2.21948e-06
117 2.23662e-06
118 2.25377e-06
119 2.2704e-06
120 2.28638e-06
121 2.30235e-06
122 2.31817e-06
123 2.33368e-06
124 2.34889e-06
125 2.36325e-06
126 2.37722e-06
127 2.39106e-06
128 2.40478e-06
129 2.4185e-06
130 2.43222e-06
131 2.44593e-06
132 2.45965e-06
133 2.47287e-06
134 2.48561e-06
135 2.49835e-06
136 2.51098e-06
137 2.52327e-06
138 2.53545e-06
139 2.54722e-06
140 2.55888e-06
141 2.57054e-06
142 2.58171e-06
143 2.5927e-06
144 2.60359e-06
145 2.61449e-06
146 2.62538e-06
147 2.63609e-06
148 2.6462e-06
149 2.656e-06
150 2.66572e-06
151 2.67544e-06
152 2.68508e-06
153 2.69442e-06
154 2.70356e-06
155 2.71255e-06
156 2.72141e-06
157 2.73008e-06
158 2.73868e-06
159 2.74692e-06
160 2.75482e-06
161 2.76261e-06
162 2.77019e-06
163 2.77772e-06
164 2.78482e-06
165 2.79154e-06
166 2.79799e-06
167 2.80421e-06
168 2.8102e-06
169 2.816e-06
170 2.82121e-06
171 2.8258e-06
172 2.82996e-06
173 2.8338e-06
174 2.83736e-06
175 2.84071e-06
176 2.84386e-06
177 2.84684e-06
178 2.8497e-06
179 2.85245e-06
180 2.85515e-06
181 2.85773e-06
182 2.86024e-06
183 2.86276e-06
184 2.86529e-06
185 2.86784e-06
186 2.87041e-06
187 2.87299e-06
188 2.87561e-06
189 2.87827e-06
190 2.88096e-06
191 2.8837e-06
192 2.8865e-06
193 2.88937e-06
194 2.89231e-06
195 2.89535e-06
196 2.89848e-06
197 2.90172e-06
198 2.90508e-06
199 2.90857e-06
200 2.91219e-06
201 2.91593e-06
202 2.91979e-06
203 2.92376e-06
204 2.92784e-06
205 2.93203e-06
206 2.93636e-06
207 2.9408e-06
208 2.94536e-06
209 2.95004e-06
210 2.95484e-06
211 2.95976e-06
212 2.96479e-06
213 2.96996e-06
214 2.97524e-06
215 2.98065e-06
216 2.98619e-06
217 2.99187e-06
218 2.99769e-06
219 3.00366e-06
220 3.00976e-06
221 3.01603e-06
222 3.02243e-06
223 3.02894e-06
224 3.03558e-06
225 3.04239e-06
226 3.04931e-06
227 3.0564e-06
228 3.06367e-06
229 3.07107e-06
230 3.07861e-06
231 3.08628e-06
232 3.09411e-06
233 3.10201e-06
234 3.11007e-06
235 3.11821e-06
236 3.12653e-06
237 3.13494e-06
238 3.14344e-06
239 3.15203e-06
240 3.16083e-06
241 3.16974e-06
242 3.17875e-06
243 3.18777e-06
244 3.1969e-06
245 3.20615e-06
246 3.2154e-06
247 3.22466e-06
248 3.23403e-06
249 3.24341e-06
250 3.25279e-06
251 3.26217e-06
252 3.27155e-06
253 3.28066e-06
254 3.28939e-06
255 3.29775e-06
256 3.30611e-06
257 3.31414e-06
258 3.32195e-06
259 3.32976e-06
260 3.33727e-06
261 3.34457e-06
262 3.35188e-06
263 3.35909e-06
264 3.36612e-06
265 3.37305e-06
266 3.3799e-06
267 3.38665e-06
268 3.39341e-06
269 3.40007e-06
270 3.40656e-06
271 3.41297e-06
272 3.41938e-06
273 3.4257e-06
274 3.43194e-06
275 3.4381e-06
276 3.44426e-06
277 3.45034e-06
278 3.45633e-06
279 3.46217e-06
280 3.46801e-06
281 3.47369e-06
282 3.4793e-06
283 3.48477e-06
284 3.49016e-06
285 3.49548e-06
286 3.50074e-06
287 3.50585e-06
288 3.51091e-06
289 3.51583e-06
290 3.5207e-06
291 3.5255e-06
292 3.53024e-06
293 3.53486e-06
294 3.53942e-06
295 3.54399e-06
296 3.54855e-06
297 3.55312e-06
298 3.55762e-06
299 3.56207e-06
300 3.56651e-06
301 3.5709e-06
302 3.57529e-06
303 3.57968e-06
304 3.58407e-06
305 3.58839e-06
306 3.59272e-06
307 3.59711e-06
308 3.6015e-06
309 3.60589e-06
310 3.61015e-06
311 3.61442e-06
312 3.61862e-06
313 3.62275e-06
314 3.62689e-06
315 3.63103e-06
316 3.6351e-06
317 3.63918e-06
318 3.64326e-06
319 3.64733e-06
320 3.65141e-06
321 3.65542e-06
322 3.65943e-06
323 3.66343e-06
324 3.66738e-06
325 3.67125e-06
326 3.675e-06
327 3.67869e-06
328 3.68238e-06
329 3.68607e-06
330 3.68976e-06
331 3.69345e-06
332 3.69714e-06
333 3.70089e-06
334 3.70465e-06
335 3.70841e-06
336 3.71224e-06
337 3.71607e-06
338 3.7199e-06
339 3.72382e-06
340 3.72773e-06
341 3.73165e-06
342 3.73556e-06
343 3.73957e-06
344 3.74358e-06
345 3.74759e-06
346 3.7516e-06
347 3.75562e-06
348 3.75963e-06
349 3.76364e-06
350 3.76753e-06
351 3.77143e-06
352 3.77532e-06
353 3.77922e-06
354 3.78312e-06
355 3.78701e-06
356 3.79105e-06
357 3.79508e-06
358 3.79912e-06
359 3.80332e-06
360 3.80753e-06
361 3.81173e-06
362 3.81593e-06
363 3.82014e-06
364 3.82434e-06
365 3.82854e-06
366 3.83275e-06
367 3.83695e-06
368 3.84115e-06
369 3.84536e-06
370 3.84956e-06
371 3.85376e-06
372 3.85797e-06
373 3.86217e-06
374 3.86637e-06
375 3.87058e-06
376 3.87478e-06
377 3.87898e-06
378 3.88319e-06
379 3.88739e-06
380 3.89159e-06
381 3.8958e-06
382 3.9e-06
Re:6721, We:8217
