0 0
1 9.27397e-11
2 3.46375e-10
3 6.69736e-10
4 1.0563e-09
5 1.50006e-09
6 1.99623e-09
7 2.54e-09
8 3.12736e-09
9 3.75357e-09
10 4.41594e-09
11 5.10984e-09
12 5.83358e-09
13 6.58456e-09
14 7.35929e-09
15 8.15738e-09
16 8.97399e-09
17 9.81003e-09
18 1.06619e-08
19 1.15302e-08
20 1.24108e-08
21 1.33039e-08
22 1.421e-08
23 1.51241e-08
24 1.60491e-08
25 1.69825e-08
26 1.79244e-08
27 1.88722e-08
28 1.98258e-08
29 2.07855e-08
30 2.17513e-08
31 2.27201e-08
32 2.36952e-08
33 2.46735e-08
34 2.56549e-08
35 2.66396e-08
36 2.76276e-08
37 2.86188e-08
38 2.96134e-08
39 3.06079e-08
40 3.16059e-08
41 3.26072e-08
42 3.36086e-08
43 3.46099e-08
44 3.56147e-08
45 3.66195e-08
46 3.76279e-08
47 3.86362e-08
48 3.96445e-08
49 4.06528e-08
50 4.16647e-08
51 4.26767e-08
52 4.36886e-08
53 4.47005e-08
54 4.57124e-08
55 4.67243e-08
56 4.77399e-08
57 4.87555e-08
58 4.97711e-08
59 5.07867e-08
60 5.18023e-08
61 5.28179e-08
62 5.38335e-08
63 5.48491e-08
64 5.58647e-08
65 5.68803e-08
66 5.7896e-08
67 5.89116e-08
68 5.99272e-08
69 6.09428e-08
70 6.19584e-08
71 6.2974e-08
72 6.39896e-08
73 6.50052e-08
74 6.60208e-08
75 6.70364e-08
76 6.8052e-08
77 6.90676e-08
78 7.00832e-08
79 7.10988e-08
80 7.21185e-08
81 7.31382e-08
82 7.41579e-08
83 7.51775e-08
84 7.61972e-08
85 7.72169e-08
86 7.82366e-08
87 7.92563e-08
88 8.0276e-08
89 8.12956e-08
90 8.23153e-08
91 8.3335e-08
92 8.43547e-08
93 8.53744e-08
94 8.63941e-08
95 8.74137e-08
96 8.84334e-08
97 8.94531e-08
98 9.04728e-08
99 9.14925e-08
100 9.25122e-08
101 9.35318e-08
102 9.45515e-08
103 9.55712e-08
104 9.65909e-08
105 9.76106e-08
106 9.86303e-08
107 9.96499e-08
108 1.0067e-07
109 1.01689e-07
110 1.02709e-07
111 1.03729e-07
112 1.04748e-07
113 1.05768e-07
114 1.06788e-07
115 1.07807e-07
116 1.08827e-07
117 1.09847e-07
118 1.10866e-07
119 1.11886e-07
120 1.12906e-07
121 1.13926e-07
122 1.14945e-07
123 1.15965e-07
124 1.16985e-07
125 1.18004e-07
126 1.19024e-07
127 1.20044e-07
128 1.21063e-07
129 1.22083e-07
130 1.23103e-07
131 1.24122e-07
132 1.25142e-07
133 1.26162e-07
134 1.27181e-07
135 1.28201e-07
136 1.29221e-07
137 1.3024e-07
138 1.3126e-07
139 1.3228e-07
140 1.333e-07
141 1.34319e-07
142 1.35339e-07
143 1.36359e-07
144 1.37378e-07
145 1.38398e-07
146 1.39418e-07
147 1.40437e-07
148 1.41457e-07
149 1.42477e-07
150 1.43496e-07
151 1.44516e-07
152 1.45536e-07
153 1.46555e-07
154 1.47575e-07
155 1.48595e-07
156 1.49614e-07
157 1.50634e-07
158 1.51654e-07
159 1.52673e-07
160 1.53693e-07
161 1.54713e-07
162 1.55733e-07
163 1.56752e-07
164 1.57772e-07
165 1.58792e-07
166 1.59811e-07
167 1.60831e-07
168 1.61851e-07
169 1.6287e-07
170 1.6389e-07
171 1.6491e-07
172 1.65929e-07
173 1.66949e-07
174 1.67969e-07
175 1.68988e-07
176 1.70008e-07
177 1.71028e-07
178 1.72047e-07
179 1.73067e-07
180 1.74087e-07
181 1.75107e-07
182 1.76126e-07
183 1.77146e-07
184 1.78166e-07
185 1.79185e-07
186 1.80205e-07
187 1.81225e-07
188 1.82244e-07
189 1.83264e-07
190 1.84284e-07
191 1.85303e-07
192 1.86323e-07
193 1.87343e-07
194 1.88362e-07
195 1.89382e-07
196 1.90402e-07
197 1.91421e-07
198 1.92441e-07
199 1.93461e-07
200 1.94481e-07
201 1.955e-07
202 1.9652e-07
203 1.9754e-07
204 1.98559e-07
205 1.99579e-07
206 2.00599e-07
207 2.01618e-07
208 2.02638e-07
209 2.03658e-07
210 2.04677e-07
211 2.05697e-07
212 2.06717e-07
213 2.07736e-07
214 2.08756e-07
215 2.09776e-07
216 2.10795e-07
217 2.11815e-07
218 2.12835e-07
219 2.13855e-07
220 2.14874e-07
221 2.15894e-07
222 2.16914e-07
223 2.17933e-07
224 2.18953e-07
225 2.19973e-07
226 2.20992e-07
227 2.22012e-07
228 2.23032e-07
229 2.24051e-07
230 2.25071e-07
231 2.26091e-07
232 2.2711e-07
233 2.2813e-07
234 2.2915e-07
235 2.30169e-07
236 2.31189e-07
237 2.32209e-07
238 2.33228e-07
239 2.34248e-07
240 2.35268e-07
241 2.36288e-07
242 2.37307e-07
243 2.38327e-07
244 2.39347e-07
245 2.40366e-07
246 2.41386e-07
247 2.42406e-07
248 2.43425e-07
249 2.44445e-07
250 2.45465e-07
251 2.46484e-07
252 2.47504e-07
253 2.48524e-07
254 2.49543e-07
255 2.50563e-07
256 2.51583e-07
