0 0
1 4.73485e-09
2 1.54817e-08
3 2.87707e-08
4 4.4476e-08
5 6.25141e-08
6 8.26643e-08
7 1.04845e-07
8 1.29031e-07
9 1.55301e-07
10 1.83672e-07
11 2.13968e-07
12 2.46231e-07
13 2.80048e-07
14 3.15584e-07
15 3.52536e-07
16 3.9085e-07
17 4.30258e-07
18 4.70832e-07
19 5.12225e-07
20 5.54696e-07
21 5.97845e-07
22 6.41697e-07
23 6.8628e-07
24 7.31367e-07
25 7.76972e-07
26 8.23111e-07
27 8.69523e-07
28 9.16493e-07
29 9.6375e-07
30 1.0113e-06
31 1.05915e-06
32 1.10699e-06
33 1.15514e-06
34 1.2036e-06
35 1.25207e-06
36 1.30085e-06
37 1.34963e-06
38 1.39841e-06
39 1.44752e-06
40 1.49663e-06
41 1.54574e-06
42 1.59485e-06
43 1.64396e-06
44 1.69341e-06
45 1.74287e-06
46 1.79232e-06
47 1.84178e-06
48 1.89123e-06
49 1.94069e-06
50 1.99015e-06
51 2.0396e-06
52 2.08906e-06
53 2.13851e-06
54 2.18797e-06
55 2.23705e-06
56 2.28613e-06
57 2.33521e-06
58 2.38429e-06
59 2.43337e-06
60 2.48245e-06
61 2.53154e-06
62 2.58023e-06
63 2.62853e-06
64 2.67684e-06
65 2.72476e-06
66 2.77267e-06
67 2.82059e-06
68 2.86812e-06
69 2.91565e-06
70 2.96279e-06
71 3.00993e-06
72 3.05668e-06
73 3.10343e-06
74 3.14979e-06
75 3.19615e-06
76 3.24251e-06
77 3.28848e-06
78 3.33445e-06
79 3.38002e-06
80 3.42559e-06
81 3.47117e-06
82 3.51674e-06
83 3.56192e-06
84 3.60709e-06
85 3.65227e-06
86 3.69744e-06
87 3.74262e-06
88 3.78779e-06
89 3.83255e-06
90 3.87731e-06
91 3.92207e-06
92 3.96642e-06
93 4.01118e-06
94 4.05552e-06
95 4.09986e-06
96 4.14419e-06
97 4.18853e-06
98 4.23243e-06
99 4.27634e-06
100 4.32024e-06
101 4.36414e-06
102 4.40805e-06
103 4.4515e-06
104 4.49496e-06
105 4.53797e-06
106 4.58097e-06
107 4.62398e-06
108 4.66699e-06
109 4.70999e-06
110 4.75254e-06
111 4.79508e-06
112 4.83717e-06
113 4.87925e-06
114 4.92133e-06
115 4.96295e-06
116 5.00456e-06
117 5.04571e-06
118 5.08686e-06
119 5.12754e-06
120 5.16822e-06
121 5.20843e-06
122 5.24818e-06
123 5.28747e-06
124 5.32631e-06
125 5.36343e-06
126 5.39973e-06
127 5.43411e-06
128 5.46744e-06
129 5.49881e-06
130 5.52814e-06
131 5.55667e-06
132 5.58371e-06
133 5.60962e-06
134 5.63468e-06
135 5.6573e-06
136 5.67806e-06
137 5.69881e-06
138 5.71617e-06
139 5.73195e-06
140 5.74662e-06
141 5.76053e-06
142 5.7738e-06
143 5.78501e-06
144 5.79478e-06
145 5.80375e-06
146 5.81212e-06
147 5.82005e-06
148 5.82756e-06
149 5.83473e-06
150 5.84149e-06
151 5.84794e-06
152 5.85422e-06
153 5.86037e-06
154 5.86653e-06
155 5.87268e-06
156 5.87886e-06
157 5.88507e-06
158 5.89132e-06
159 5.89763e-06
160 5.90401e-06
161 5.91048e-06
162 5.91704e-06
163 5.92372e-06
164 5.93052e-06
165 5.93752e-06
166 5.9447e-06
167 5.95208e-06
168 5.9597e-06
169 5.9676e-06
170 5.97585e-06
171 5.98447e-06
172 5.99345e-06
173 6.00282e-06
174 6.01262e-06
175 6.02283e-06
176 6.0334e-06
177 6.04433e-06
178 6.05563e-06
179 6.06724e-06
180 6.07916e-06
181 6.09137e-06
182 6.10387e-06
183 6.11662e-06
184 6.12956e-06
185 6.14271e-06
186 6.15606e-06
187 6.16956e-06
188 6.18313e-06
189 6.19678e-06
190 6.2105e-06
191 6.22414e-06
192 6.23756e-06
193 6.25055e-06
194 6.26307e-06
195 6.27527e-06
196 6.28729e-06
197 6.29925e-06
198 6.3112e-06
199 6.32304e-06
200 6.33488e-06
201 6.34671e-06
202 6.35855e-06
203 6.37045e-06
204 6.38241e-06
205 6.39449e-06
206 6.40664e-06
207 6.41886e-06
208 6.43114e-06
209 6.44349e-06
210 6.45591e-06
211 6.4684e-06
212 6.48097e-06
213 6.4936e-06
214 6.50623e-06
215 6.51894e-06
216 6.5318e-06
217 6.54474e-06
218 6.55784e-06
219 6.5711e-06
220 6.58454e-06
221 6.59814e-06
222 6.61175e-06
223 6.62545e-06
224 6.63915e-06
225 6.65285e-06
226 6.66628e-06
227 6.67935e-06
228 6.69226e-06
229 6.70516e-06
230 6.71806e-06
231 6.73088e-06
232 6.74337e-06
233 6.75562e-06
234 6.76772e-06
235 6.77974e-06
236 6.79176e-06
237 6.80378e-06
238 6.81579e-06
239 6.82789e-06
240 6.83999e-06
241 6.85201e-06
242 6.86387e-06
243 6.87565e-06
244 6.88743e-06
245 6.89922e-06
246 6.911e-06
247 6.92278e-06
248 6.93456e-06
249 6.94635e-06
250 6.95821e-06
251 6.97008e-06
252 6.98202e-06
253 6.99397e-06
254 7.00601e-06
255 7.01813e-06
256 7.03034e-06
257 7.04264e-06
258 7.05504e-06
259 7.06753e-06
260 7.08022e-06
261 7.09302e-06
262 7.10602e-06
263 7.11914e-06
264 7.13236e-06
265 7.14582e-06
266 7.1594e-06
267 7.1731e-06
268 7.18681e-06
269 7.20051e-06
270 7.21434e-06
271 7.22817e-06
272 7.24214e-06
273 7.2561e-06
274 7.27007e-06
275 7.28404e-06
276 7.298e-06
277 7.31197e-06
278 7.32608e-06
279 7.34019e-06
280 7.3543e-06
281 7.36841e-06
282 7.38237e-06
283 7.39649e-06
284 7.4106e-06
285 7.42425e-06
286 7.43761e-06
287 7.45083e-06
288 7.46404e-06
289 7.47726e-06
290 7.49047e-06
291 7.50369e-06
292 7.51691e-06
293 7.52982e-06
294 7.5426e-06
295 7.55523e-06
296 7.56772e-06
297 7.5802e-06
298 7.59269e-06
299 7.60533e-06
300 7.61796e-06
301 7.6306e-06
302 7.64323e-06
303 7.65603e-06
304 7.66882e-06
305 7.68178e-06
306 7.69474e-06
307 7.70787e-06
308 7.721e-06
309 7.73432e-06
310 7.74784e-06
311 7.76135e-06
312 7.77507e-06
313 7.789e-06
314 7.80293e-06
315 7.81686e-06
316 7.83102e-06
317 7.84519e-06
318 7.85935e-06
319 7.87351e-06
320 7.88768e-06
321 7.90184e-06
322 7.916e-06
323 7.93017e-06
324 7.94433e-06
325 7.95849e-06
326 7.97266e-06
327 7.98682e-06
328 8.00098e-06
329 8.01515e-06
330 8.02931e-06
331 8.04347e-06
332 8.05764e-06
333 8.07214e-06
334 8.08664e-06
335 8.10114e-06
336 8.11602e-06
337 8.1309e-06
338 8.14579e-06
339 8.16067e-06
340 8.17555e-06
341 8.19043e-06
342 8.20532e-06
343 8.2202e-06
344 8.23508e-06
345 8.24996e-06
346 8.26485e-06
347 8.2792e-06
348 8.29355e-06
349 8.30737e-06
350 8.32119e-06
351 8.335e-06
352 8.34882e-06
353 8.36264e-06
354 8.37646e-06
355 8.39028e-06
356 8.4041e-06
357 8.41792e-06
358 8.43174e-06
359 8.44556e-06
360 8.45938e-06
361 8.4732e-06
362 8.48702e-06
363 8.50084e-06
364 8.51465e-06
365 8.52847e-06
366 8.54229e-06
367 8.55611e-06
368 8.56993e-06
369 8.58375e-06
370 8.59757e-06
371 8.61139e-06
372 8.62521e-06
373 8.63903e-06
374 8.65285e-06
375 8.66667e-06
Re:5377, We:3944
