0 0
1 1.2429e-08
2 4.67758e-08
3 9.06044e-08
4 1.42815e-07
5 2.02622e-07
6 2.69331e-07
7 3.4232e-07
8 4.20943e-07
9 5.04573e-07
10 5.92848e-07
11 6.85556e-07
12 7.81907e-07
13 8.81762e-07
14 9.84914e-07
15 1.09109e-06
16 1.19992e-06
17 1.31101e-06
18 1.42444e-06
19 1.53971e-06
20 1.6569e-06
21 1.7754e-06
22 1.89525e-06
23 2.0165e-06
24 2.13919e-06
25 2.2626e-06
26 2.38677e-06
27 2.5117e-06
28 2.6374e-06
29 2.7639e-06
30 2.8912e-06
31 3.01932e-06
32 3.14744e-06
33 3.2764e-06
34 3.40537e-06
35 3.5352e-06
36 3.66503e-06
37 3.79486e-06
38 3.92558e-06
39 4.05631e-06
40 4.18703e-06
41 4.31776e-06
42 4.44942e-06
43 4.58107e-06
44 4.71273e-06
45 4.84439e-06
46 4.97605e-06
47 5.10771e-06
48 5.23937e-06
49 5.37103e-06
50 5.50269e-06
51 5.63435e-06
52 5.766e-06
53 5.89665e-06
54 6.0273e-06
55 6.15794e-06
56 6.28859e-06
57 6.41821e-06
58 6.54886e-06
59 6.67847e-06
60 6.80808e-06
61 6.93769e-06
62 7.0673e-06
63 7.19584e-06
64 7.32546e-06
65 7.454e-06
66 7.58254e-06
67 7.71107e-06
68 7.83961e-06
69 7.96705e-06
70 8.0956e-06
71 8.22303e-06
72 8.35046e-06
73 8.47789e-06
74 8.60532e-06
75 8.73161e-06
76 8.8579e-06
77 8.98419e-06
78 9.11048e-06
79 9.23678e-06
80 9.3619e-06
81 9.48702e-06
82 9.61214e-06
83 9.73727e-06
84 9.8612e-06
85 9.98513e-06
86 1.01091e-05
87 1.02318e-05
88 1.03545e-05
89 1.04772e-05
90 1.05988e-05
91 1.07203e-05
92 1.08418e-05
93 1.09633e-05
94 1.10836e-05
95 1.12038e-05
96 1.13229e-05
97 1.14419e-05
98 1.15609e-05
99 1.168e-05
100 1.17977e-05
101 1.19155e-05
102 1.20333e-05
103 1.2151e-05
104 1.22675e-05
105 1.2384e-05
106 1.25004e-05
107 1.26169e-05
108 1.27334e-05
109 1.28499e-05
110 1.2965e-05
111 1.30801e-05
112 1.31952e-05
113 1.33103e-05
114 1.34255e-05
115 1.35392e-05
116 1.36529e-05
117 1.37666e-05
118 1.38803e-05
119 1.39926e-05
120 1.41049e-05
121 1.42171e-05
122 1.43294e-05
123 1.44402e-05
124 1.4551e-05
125 1.46589e-05
126 1.47668e-05
127 1.48718e-05
128 1.49769e-05
129 1.50791e-05
130 1.51727e-05
131 1.5264e-05
132 1.53564e-05
133 1.54488e-05
134 1.55424e-05
135 1.5636e-05
136 1.57309e-05
137 1.58257e-05
138 1.59219e-05
139 1.60181e-05
140 1.61116e-05
141 1.62051e-05
142 1.62986e-05
143 1.63907e-05
144 1.64816e-05
145 1.65724e-05
146 1.6662e-05
147 1.67515e-05
148 1.6841e-05
149 1.69305e-05
150 1.70201e-05
151 1.71096e-05
152 1.71977e-05
153 1.72859e-05
154 1.7374e-05
155 1.74607e-05
156 1.75474e-05
157 1.76356e-05
158 1.77238e-05
159 1.7812e-05
160 1.79001e-05
161 1.79883e-05
162 1.80765e-05
163 1.81647e-05
164 1.82512e-05
165 1.83377e-05
166 1.84242e-05
167 1.85107e-05
168 1.85972e-05
169 1.86838e-05
170 1.87703e-05
171 1.88568e-05
172 1.89433e-05
173 1.90298e-05
174 1.91163e-05
175 1.92029e-05
176 1.92873e-05
177 1.93718e-05
178 1.94562e-05
179 1.95407e-05
180 1.96251e-05
181 1.97074e-05
182 1.97896e-05
183 1.98718e-05
184 1.99541e-05
185 2.00363e-05
186 2.01185e-05
187 2.01983e-05
188 2.0278e-05
189 2.03578e-05
190 2.04375e-05
191 2.05172e-05
192 2.0597e-05
193 2.06767e-05
194 2.07565e-05
195 2.08362e-05
196 2.09159e-05
197 2.09924e-05
198 2.10688e-05
199 2.11452e-05
200 2.12216e-05
201 2.1298e-05
202 2.13706e-05
203 2.14432e-05
204 2.15158e-05
205 2.15884e-05
206 2.1661e-05
207 2.17291e-05
208 2.17972e-05
209 2.18652e-05
210 2.19333e-05
211 2.20013e-05
212 2.20694e-05
213 2.21375e-05
214 2.22055e-05
215 2.2266e-05
216 2.23265e-05
217 2.2387e-05
218 2.24475e-05
219 2.2508e-05
220 2.25685e-05
221 2.2629e-05
222 2.26895e-05
223 2.275e-05
Re:1568, We:383
