0 0
1 7.99006e-09
2 2.61478e-08
3 4.86422e-08
4 7.529e-08
5 1.05921e-07
6 1.40245e-07
7 1.78064e-07
8 2.19459e-07
9 2.64477e-07
10 3.13322e-07
11 3.65555e-07
12 4.21039e-07
13 4.79491e-07
14 5.40463e-07
15 6.03907e-07
16 6.69426e-07
17 7.36845e-07
18 8.0594e-07
19 8.76807e-07
20 9.49166e-07
21 1.02269e-06
22 1.09743e-06
23 1.173e-06
24 1.24943e-06
25 1.32675e-06
26 1.40497e-06
27 1.48414e-06
28 1.56378e-06
29 1.64391e-06
30 1.72454e-06
31 1.80567e-06
32 1.88732e-06
33 1.96897e-06
34 2.05116e-06
35 2.13334e-06
36 2.21607e-06
37 2.29879e-06
38 2.38208e-06
39 2.46536e-06
40 2.54865e-06
41 2.63193e-06
42 2.7158e-06
43 2.79967e-06
44 2.88353e-06
45 2.9674e-06
46 3.05127e-06
47 3.13514e-06
48 3.21901e-06
49 3.30287e-06
50 3.38674e-06
51 3.47061e-06
52 3.55448e-06
53 3.63834e-06
54 3.72221e-06
55 3.80608e-06
56 3.88995e-06
57 3.97381e-06
58 4.05768e-06
59 4.14155e-06
60 4.22475e-06
61 4.30795e-06
62 4.39049e-06
63 4.47303e-06
64 4.5549e-06
65 4.63677e-06
66 4.71864e-06
67 4.79984e-06
68 4.88104e-06
69 4.96224e-06
70 5.04344e-06
71 5.12395e-06
72 5.20447e-06
73 5.28499e-06
74 5.36482e-06
75 5.44465e-06
76 5.52448e-06
77 5.60431e-06
78 5.68413e-06
79 5.76326e-06
80 5.84238e-06
81 5.9215e-06
82 6.00063e-06
83 6.07975e-06
84 6.15887e-06
85 6.23799e-06
86 6.31638e-06
87 6.39476e-06
88 6.47314e-06
89 6.55153e-06
90 6.62916e-06
91 6.70679e-06
92 6.78442e-06
93 6.86128e-06
94 6.93815e-06
95 7.01502e-06
96 7.09189e-06
97 7.16798e-06
98 7.24486e-06
99 7.32094e-06
100 7.39703e-06
101 7.47311e-06
102 7.54839e-06
103 7.62449e-06
104 7.69896e-06
105 7.77343e-06
106 7.8471e-06
107 7.92078e-06
108 7.99445e-06
109 8.06731e-06
110 8.14018e-06
111 8.21223e-06
112 8.28428e-06
113 8.35474e-06
114 8.42599e-06
115 8.49564e-06
116 8.56529e-06
117 8.63415e-06
118 8.70301e-06
119 8.77108e-06
120 8.83837e-06
121 8.90566e-06
122 8.97139e-06
123 9.03791e-06
124 9.10287e-06
125 9.16784e-06
126 9.23281e-06
127 9.297e-06
128 9.36119e-06
129 9.42386e-06
130 9.48652e-06
131 9.54769e-06
132 9.60605e-06
133 9.6534e-06
134 9.69194e-06
135 9.72693e-06
136 9.75773e-06
137 9.7867e-06
138 9.815e-06
139 9.84329e-06
140 9.87176e-06
141 9.90074e-06
142 9.93027e-06
143 9.96036e-06
144 9.99085e-06
145 1.00219e-05
146 1.00535e-05
147 1.00857e-05
148 1.01186e-05
149 1.01519e-05
150 1.01858e-05
151 1.02202e-05
152 1.02549e-05
153 1.02902e-05
154 1.03257e-05
155 1.03615e-05
156 1.03977e-05
157 1.04341e-05
158 1.04705e-05
159 1.0507e-05
160 1.05438e-05
161 1.05805e-05
162 1.0617e-05
163 1.06531e-05
164 1.06892e-05
165 1.0725e-05
166 1.07604e-05
167 1.07959e-05
168 1.0831e-05
169 1.08655e-05
170 1.09e-05
171 1.09345e-05
172 1.0968e-05
173 1.10013e-05
174 1.10345e-05
175 1.10672e-05
176 1.10995e-05
177 1.11318e-05
178 1.1163e-05
179 1.11939e-05
180 1.12248e-05
181 1.12552e-05
182 1.1285e-05
183 1.13149e-05
184 1.13447e-05
185 1.1374e-05
186 1.14032e-05
187 1.14325e-05
188 1.14613e-05
189 1.14898e-05
190 1.15183e-05
191 1.15468e-05
192 1.15748e-05
193 1.16028e-05
194 1.16308e-05
195 1.1659e-05
196 1.16872e-05
197 1.17155e-05
198 1.17437e-05
199 1.1772e-05
200 1.18005e-05
201 1.18291e-05
202 1.18576e-05
203 1.18861e-05
204 1.19149e-05
205 1.19438e-05
206 1.19726e-05
207 1.20014e-05
208 1.20303e-05
209 1.20594e-05
210 1.20886e-05
211 1.21177e-05
212 1.21469e-05
213 1.2176e-05
214 1.22055e-05
215 1.2235e-05
216 1.22646e-05
217 1.22944e-05
218 1.23243e-05
219 1.23546e-05
220 1.23849e-05
221 1.24151e-05
222 1.24454e-05
223 1.24761e-05
224 1.25068e-05
225 1.25375e-05
226 1.25687e-05
227 1.25998e-05
228 1.2631e-05
229 1.26626e-05
230 1.26943e-05
231 1.27259e-05
232 1.27576e-05
233 1.27898e-05
234 1.2822e-05
235 1.28542e-05
236 1.2887e-05
237 1.29197e-05
238 1.29525e-05
239 1.29853e-05
240 1.30188e-05
241 1.30523e-05
242 1.30857e-05
243 1.31192e-05
244 1.31526e-05
245 1.31869e-05
246 1.32211e-05
247 1.32554e-05
248 1.32896e-05
249 1.33239e-05
250 1.33581e-05
251 1.33933e-05
252 1.34285e-05
253 1.34637e-05
254 1.34989e-05
255 1.35341e-05
256 1.35692e-05
257 1.36044e-05
258 1.36396e-05
259 1.36761e-05
260 1.37126e-05
261 1.37491e-05
262 1.37856e-05
263 1.38221e-05
264 1.38586e-05
265 1.38951e-05
266 1.39316e-05
267 1.39681e-05
268 1.40046e-05
269 1.40411e-05
270 1.40776e-05
271 1.41141e-05
272 1.41506e-05
273 1.41871e-05
274 1.42236e-05
275 1.426e-05
276 1.42965e-05
277 1.4333e-05
278 1.43695e-05
279 1.4406e-05
280 1.44425e-05
281 1.4479e-05
282 1.45155e-05
283 1.4552e-05
284 1.45885e-05
285 1.4625e-05
Re:4033, We:1972
