0 0
1 8.87784e-09
2 3.34113e-08
3 6.46571e-08
4 1.01951e-07
5 1.4467e-07
6 1.92319e-07
7 2.44454e-07
8 3.00614e-07
9 3.6035e-07
10 4.23655e-07
11 4.89874e-07
12 5.58998e-07
13 6.30646e-07
14 7.04322e-07
15 7.80155e-07
16 8.57893e-07
17 9.37233e-07
18 1.01825e-06
19 1.10059e-06
20 1.18429e-06
21 1.26892e-06
22 1.35453e-06
23 1.44113e-06
24 1.52876e-06
25 1.61691e-06
26 1.70614e-06
27 1.79591e-06
28 1.88625e-06
29 1.97716e-06
30 2.06807e-06
31 2.15957e-06
32 2.25166e-06
33 2.34376e-06
34 2.43646e-06
35 2.52917e-06
36 2.62251e-06
37 2.71585e-06
38 2.80919e-06
39 2.90253e-06
40 2.99652e-06
41 3.09052e-06
42 3.18452e-06
43 3.27851e-06
44 3.37251e-06
45 3.46651e-06
46 3.5612e-06
47 3.65589e-06
48 3.75058e-06
49 3.84528e-06
50 3.93997e-06
51 4.03466e-06
52 4.12935e-06
53 4.22405e-06
54 4.31874e-06
55 4.41343e-06
56 4.50812e-06
57 4.60282e-06
58 4.69751e-06
59 4.7922e-06
60 4.88689e-06
61 4.9808e-06
62 5.07471e-06
63 5.16862e-06
64 5.26253e-06
65 5.35565e-06
66 5.44876e-06
67 5.54188e-06
68 5.63499e-06
69 5.7281e-06
70 5.82122e-06
71 5.91351e-06
72 6.0058e-06
73 6.09809e-06
74 6.19038e-06
75 6.28267e-06
76 6.37496e-06
77 6.46639e-06
78 6.55783e-06
79 6.64927e-06
80 6.7407e-06
81 6.83127e-06
82 6.92183e-06
83 7.0124e-06
84 7.10296e-06
85 7.19264e-06
86 7.28231e-06
87 7.37199e-06
88 7.46167e-06
89 7.55134e-06
90 7.64102e-06
91 7.7307e-06
92 7.81944e-06
93 7.90818e-06
94 7.99693e-06
95 8.08567e-06
96 8.17441e-06
97 8.26315e-06
98 8.35092e-06
99 8.43869e-06
100 8.52646e-06
101 8.61422e-06
102 8.70099e-06
103 8.78777e-06
104 8.87454e-06
105 8.96131e-06
106 9.04808e-06
107 9.13485e-06
108 9.22057e-06
109 9.3063e-06
110 9.39202e-06
111 9.47774e-06
112 9.5624e-06
113 9.64705e-06
114 9.7317e-06
115 9.81636e-06
116 9.89991e-06
117 9.98347e-06
118 1.0067e-05
119 1.01506e-05
120 1.0233e-05
121 1.03154e-05
122 1.03978e-05
123 1.04803e-05
124 1.05615e-05
125 1.06428e-05
126 1.07229e-05
127 1.0803e-05
128 1.08808e-05
129 1.09524e-05
130 1.10203e-05
131 1.10874e-05
132 1.11553e-05
133 1.12232e-05
134 1.12921e-05
135 1.1361e-05
136 1.14298e-05
137 1.14997e-05
138 1.15695e-05
139 1.16394e-05
140 1.17092e-05
141 1.1776e-05
142 1.18428e-05
143 1.19086e-05
144 1.19734e-05
145 1.20372e-05
146 1.21001e-05
147 1.21639e-05
148 1.22278e-05
149 1.22906e-05
150 1.23535e-05
151 1.24163e-05
152 1.24792e-05
153 1.2542e-05
154 1.26049e-05
155 1.26688e-05
156 1.27328e-05
157 1.27967e-05
158 1.28607e-05
159 1.29246e-05
160 1.29873e-05
161 1.30501e-05
162 1.31128e-05
163 1.31743e-05
164 1.32359e-05
165 1.32974e-05
166 1.33576e-05
167 1.34179e-05
168 1.34781e-05
169 1.35384e-05
170 1.35987e-05
171 1.36576e-05
172 1.37165e-05
173 1.37754e-05
174 1.38343e-05
175 1.38933e-05
176 1.39522e-05
177 1.40111e-05
178 1.407e-05
179 1.41274e-05
180 1.41847e-05
181 1.42421e-05
182 1.42995e-05
183 1.43552e-05
184 1.44109e-05
185 1.44667e-05
186 1.45224e-05
187 1.45764e-05
188 1.46304e-05
189 1.46826e-05
190 1.47349e-05
191 1.47871e-05
192 1.48394e-05
193 1.48897e-05
194 1.49401e-05
195 1.49905e-05
196 1.50389e-05
197 1.50874e-05
198 1.51358e-05
199 1.51843e-05
200 1.52327e-05
201 1.52812e-05
202 1.53296e-05
203 1.53756e-05
204 1.54216e-05
205 1.54677e-05
206 1.55137e-05
207 1.55597e-05
208 1.56057e-05
209 1.56487e-05
210 1.56916e-05
211 1.57346e-05
212 1.57775e-05
213 1.58205e-05
214 1.58634e-05
215 1.59064e-05
216 1.59493e-05
217 1.59923e-05
218 1.60352e-05
219 1.6071e-05
220 1.61068e-05
221 1.61426e-05
222 1.61784e-05
223 1.62142e-05
224 1.625e-05
Re:1120, We:274
