---------------------------------------
Begin Slurm Prolog: Aug-15-2024 14:39:51
Job ID:    1058445
User ID:   wdunlop3
Account:   gts-ssuresh313
Job name:  DropletImpactExample
Partition: cpu-small
QOS:       inferno
---------------------------------------
droplet_impact.c: In function 'main':
droplet_impact.c:64:24: error: assignment to expression with array type
droplet_impact.c: In function 'movie':
droplet_impact.c:177:10: warning: unused variable 'filename' [-Wunused-variable]
20
slurmstepd: error: *** JOB 1058445 ON atl1-1-02-019-23-1 CANCELLED AT 2024-08-15T14:44:33 ***
---------------------------------------
Begin Slurm Epilog: Aug-15-2024 14:44:34
Job ID:        1058445
Array Job ID:  _4294967294
User ID:       wdunlop3
Account:       gts-ssuresh313
Job name:      DropletImpactExample
Resources:     cpu=4,mem=8G,node=1
Rsrc Used:     cput=00:18:52,vmem=2583184K,walltime=00:04:43,mem=2582996K,energy_used=0
Partition:     cpu-small
QOS:           inferno
Nodes:         atl1-1-02-019-23-1
---------------------------------------
