---------------------------------------
Begin Slurm Prolog: Aug-15-2024 11:40:44
Job ID:    1051413
User ID:   wdunlop3
Account:   gts-ssuresh313
Job name:  DropletImpactExample3D
Partition: cpu-small
QOS:       embers
---------------------------------------
droplet_impact.c: In function 'movie':
droplet_impact.c:169:10: warning: unused variable 'filename' [-Wunused-variable]
droplet_impact.c: In function 'main':
droplet_impact.c:82:22: warning: 'sprintf' may write a terminating nul past the end of the destination [-Wformat-overflow=]
droplet_impact.c:82:5: note: 'sprintf' output between 9 and 33 bytes into a destination of size 30
droplet_impact.c:86:22: warning: '/log.log' directive writing 8 bytes into a region of size between 1 and 30 [-Wformat-overflow=]
droplet_impact.c:86:5: note: 'sprintf' output between 9 and 38 bytes into a destination of size 30
ast/interpreter/overload.h:535: error: the dimensional constraints below are not compatible
ast/interpreter/overload.h:535: 't == DT'
	└─ [/src/run.h:16: 't = 0.'] = [0,1]
ast/interpreter/overload.h:545: 'e->t == t'
	└─ [/src/run.h:16: 't = 0.'] = [0]
Re: 560, We:3
1
2
2
2
2
2
2
2
2
2
2
2
2
2
2
2
2
2
2
3
3
3
3
3
3
3
3
3
3
3
3
3
3
3
3
3
3
3
3
3
3
3
3
3
3
3
3
3
3
3
3
3
3
3
3
3
3
3
3
3
3
3
3
3
3
3
3
3
3
3
3
3
3
3
3
3
3
3
3
3
3
3
3
3
Re: 560, We:3
3

# Octree, 425 steps, 187.32 CPU, 195.1 real, 4.56e+04 points.step/s, 38 var
---------------------------------------
Begin Slurm Epilog: Aug-15-2024 11:44:24
Job ID:        1051413
Array Job ID:  _4294967294
User ID:       wdunlop3
Account:       gts-ssuresh313
Job name:      DropletImpactExample3D
Resources:     cpu=4,mem=8G,node=1
Rsrc Used:     cput=00:14:44,vmem=379900K,walltime=00:03:41,mem=358536K,energy_used=0
Partition:     cpu-small
QOS:           embers
Nodes:         atl1-1-02-009-1-1
---------------------------------------
