---------------------------------------
Begin Slurm Prolog: Aug-20-2024 12:53:25
Job ID:    1099425
User ID:   wdunlop3
Account:   gts-ssuresh313
Job name:  DropletImpactExample
Partition: cpu-small
QOS:       inferno
---------------------------------------
slurmstepd: error: *** JOB 1099425 ON atl1-1-03-004-1-2 CANCELLED AT 2024-08-20T12:53:36 ***
---------------------------------------
Begin Slurm Epilog: Aug-20-2024 12:53:38
Job ID:        1099425
Array Job ID:  _4294967294
User ID:       wdunlop3
Account:       gts-ssuresh313
Job name:      DropletImpactExample
Resources:     cpu=4,mem=8G,node=1
Rsrc Used:     cput=00:00:48,vmem=406972K,walltime=00:00:12,mem=401720K,energy_used=0
Partition:     cpu-small
QOS:           inferno
Nodes:         atl1-1-03-004-1-2
---------------------------------------
