0 0
1 7.10227e-09
2 2.33029e-08
3 4.40989e-08
4 6.93541e-08
5 9.88761e-08
6 1.32826e-07
7 1.70783e-07
8 2.12436e-07
9 2.57463e-07
10 3.05548e-07
11 3.56325e-07
12 4.09674e-07
13 4.65138e-07
14 5.22903e-07
15 5.82317e-07
16 6.43488e-07
17 7.06212e-07
18 7.70242e-07
19 8.35642e-07
20 9.02113e-07
21 9.69699e-07
22 1.03805e-06
23 1.1072e-06
24 1.17716e-06
25 1.24795e-06
26 1.31918e-06
27 1.39128e-06
28 1.46383e-06
29 1.53685e-06
30 1.61033e-06
31 1.68429e-06
32 1.75825e-06
33 1.8327e-06
34 1.90764e-06
35 1.98259e-06
36 2.05805e-06
37 2.13352e-06
38 2.20898e-06
39 2.28497e-06
40 2.36096e-06
41 2.43696e-06
42 2.51295e-06
43 2.58894e-06
44 2.66494e-06
45 2.74093e-06
46 2.81692e-06
47 2.89292e-06
48 2.96891e-06
49 3.04433e-06
50 3.11975e-06
51 3.1946e-06
52 3.26945e-06
53 3.34373e-06
54 3.41744e-06
55 3.49116e-06
56 3.56487e-06
57 3.63801e-06
58 3.71115e-06
59 3.78429e-06
60 3.85685e-06
61 3.92942e-06
62 4.00198e-06
63 4.07455e-06
64 4.14711e-06
65 4.21968e-06
66 4.29165e-06
67 4.36362e-06
68 4.43559e-06
69 4.50696e-06
70 4.57833e-06
71 4.6497e-06
72 4.72107e-06
73 4.79183e-06
74 4.86259e-06
75 4.93335e-06
76 5.00411e-06
77 5.07487e-06
78 5.145e-06
79 5.21514e-06
80 5.28527e-06
81 5.3554e-06
82 5.42554e-06
83 5.49567e-06
84 5.56581e-06
85 5.63528e-06
86 5.70476e-06
87 5.77424e-06
88 5.84372e-06
89 5.9132e-06
90 5.98268e-06
91 6.05215e-06
92 6.12163e-06
93 6.19111e-06
94 6.25989e-06
95 6.32866e-06
96 6.39744e-06
97 6.46622e-06
98 6.53499e-06
99 6.60377e-06
100 6.67255e-06
101 6.74059e-06
102 6.80862e-06
103 6.87666e-06
104 6.9447e-06
105 7.01273e-06
106 7.08077e-06
107 7.14881e-06
108 7.21684e-06
109 7.28488e-06
110 7.35212e-06
111 7.41936e-06
112 7.48659e-06
113 7.55383e-06
114 7.62107e-06
115 7.6883e-06
116 7.75554e-06
117 7.82278e-06
118 7.88915e-06
119 7.95552e-06
120 8.0219e-06
121 8.08827e-06
122 8.15465e-06
123 8.22102e-06
124 8.28649e-06
125 8.35195e-06
126 8.41742e-06
127 8.47772e-06
128 8.53425e-06
129 8.57448e-06
130 8.61046e-06
131 8.64448e-06
132 8.67773e-06
133 8.71124e-06
134 8.74501e-06
135 8.77905e-06
136 8.81337e-06
137 8.84797e-06
138 8.88286e-06
139 8.91805e-06
140 8.95324e-06
141 8.98842e-06
142 9.02393e-06
143 9.05943e-06
144 9.09399e-06
145 9.12856e-06
146 9.16252e-06
147 9.19532e-06
148 9.22812e-06
149 9.25955e-06
150 9.29046e-06
151 9.32163e-06
152 9.35281e-06
153 9.38346e-06
154 9.41385e-06
155 9.44424e-06
156 9.47437e-06
157 9.50451e-06
158 9.53438e-06
159 9.56426e-06
160 9.59413e-06
161 9.62401e-06
162 9.65362e-06
163 9.68324e-06
164 9.71183e-06
165 9.74018e-06
166 9.76877e-06
167 9.79737e-06
168 9.82571e-06
169 9.85405e-06
170 9.88239e-06
171 9.91048e-06
172 9.93856e-06
173 9.9664e-06
174 9.99397e-06
175 1.00218e-05
176 1.00494e-05
177 1.00767e-05
178 1.0104e-05
179 1.01313e-05
180 1.01584e-05
181 1.01855e-05
182 1.02123e-05
183 1.02391e-05
184 1.02659e-05
185 1.02924e-05
186 1.03187e-05
187 1.0345e-05
188 1.03713e-05
189 1.03971e-05
190 1.04228e-05
191 1.04486e-05
192 1.04746e-05
193 1.05007e-05
194 1.05264e-05
195 1.05522e-05
196 1.0578e-05
197 1.06037e-05
198 1.06295e-05
199 1.06553e-05
200 1.0681e-05
201 1.07068e-05
202 1.07326e-05
203 1.07583e-05
204 1.07841e-05
205 1.08099e-05
206 1.08356e-05
207 1.08614e-05
208 1.08872e-05
209 1.09129e-05
210 1.09387e-05
211 1.09645e-05
212 1.09902e-05
213 1.1016e-05
214 1.10418e-05
215 1.10675e-05
216 1.10933e-05
217 1.11191e-05
218 1.11452e-05
219 1.11713e-05
220 1.11974e-05
221 1.12236e-05
222 1.12497e-05
223 1.12762e-05
224 1.13027e-05
225 1.13292e-05
226 1.13558e-05
227 1.13827e-05
228 1.14097e-05
229 1.14366e-05
230 1.14636e-05
231 1.14905e-05
232 1.1518e-05
233 1.15454e-05
234 1.15729e-05
235 1.16003e-05
236 1.16278e-05
237 1.16552e-05
238 1.16827e-05
239 1.17107e-05
240 1.17387e-05
241 1.17667e-05
242 1.17948e-05
243 1.18228e-05
244 1.18508e-05
245 1.18796e-05
246 1.19083e-05
247 1.1937e-05
248 1.19657e-05
249 1.19945e-05
250 1.2024e-05
251 1.20536e-05
252 1.20832e-05
253 1.21128e-05
254 1.21423e-05
255 1.21719e-05
256 1.22015e-05
257 1.22322e-05
258 1.22629e-05
259 1.22936e-05
260 1.23243e-05
261 1.23551e-05
262 1.23858e-05
263 1.24165e-05
264 1.24472e-05
265 1.24779e-05
266 1.25086e-05
267 1.25393e-05
268 1.257e-05
269 1.26007e-05
270 1.26315e-05
271 1.26622e-05
272 1.26929e-05
273 1.27236e-05
274 1.27543e-05
275 1.2785e-05
276 1.28157e-05
277 1.28464e-05
278 1.28772e-05
279 1.29079e-05
280 1.29386e-05
281 1.29693e-05
282 1.3e-05
Re:896, We:219
