0 0
1 7.95455e-06
2 2.99365e-05
3 5.79868e-05
4 9.14016e-05
5 0.000129678
6 0.000172372
7 0.000219085
8 0.000269404
9 0.000322926
10 0.000379423
11 0.000438756
12 0.000500421
13 0.000564039
14 0.000629747
15 0.000697043
16 0.000766013
17 0.000836391
18 0.000908242
19 0.000981246
20 0.00105545
21 0.00113047
22 0.00120635
23 0.00128309
24 0.00136028
25 0.00143839
26 0.00151696
27 0.00159601
28 0.00167554
29 0.00175557
30 0.0018361
31 0.00191663
32 0.00199768
33 0.00207873
34 0.0021603
35 0.00224188
36 0.00232346
37 0.00240558
38 0.00248771
39 0.00256983
40 0.00265195
41 0.00273408
42 0.0028162
43 0.00289833
44 0.00298103
45 0.00306374
46 0.00314645
47 0.00322856
48 0.00331067
49 0.00339278
50 0.0034749
51 0.00355701
52 0.00363851
53 0.00372002
54 0.00380152
55 0.00388302
56 0.00396391
57 0.00404479
58 0.00412568
59 0.00420657
60 0.00428745
61 0.00436771
62 0.00444796
63 0.00452822
64 0.00460847
65 0.00468808
66 0.00476769
67 0.00484731
68 0.00492692
69 0.00500653
70 0.00508614
71 0.00516576
72 0.0052447
73 0.00532364
74 0.00540259
75 0.00548153
76 0.00556047
77 0.00563873
78 0.00571699
79 0.00579524
80 0.0058735
81 0.00595176
82 0.00603001
83 0.00610827
84 0.00618653
85 0.00626406
86 0.00634159
87 0.00641912
88 0.00649666
89 0.00657419
90 0.00665172
91 0.00672925
92 0.00680678
93 0.00688432
94 0.00696107
95 0.00703783
96 0.00711459
97 0.00719134
98 0.0072681
99 0.00734486
100 0.00742161
101 0.00749837
102 0.00757513
103 0.00765188
104 0.00772864
105 0.0078054
106 0.00788215
107 0.00795891
108 0.00803567
109 0.00811243
110 0.00818918
111 0.00826594
112 0.0083427
113 0.00841945
114 0.00849621
115 0.00857297
116 0.00864972
117 0.00872648
118 0.00880324
119 0.00887999
120 0.00895675
121 0.00903351
122 0.00911026
123 0.00918702
124 0.00926378
125 0.00934053
126 0.00941729
127 0.00949405
128 0.00957081
129 0.00964756
130 0.00972432
131 0.00980108
132 0.00987783
133 0.00995459
134 0.0100313
135 0.0101081
136 0.0101862
137 0.0102643
138 0.0103424
139 0.0104205
140 0.0104986
141 0.0105738
142 0.01063
143 0.0106757
144 0.0107193
145 0.0107611
146 0.0108006
147 0.0108398
148 0.0108785
149 0.0109173
150 0.0109561
151 0.0109952
152 0.0110344
153 0.011074
154 0.0111141
155 0.0111546
156 0.0111956
157 0.0112372
158 0.0112792
159 0.0113219
160 0.0113645
161 0.0114076
162 0.0114514
163 0.0114958
164 0.0115409
165 0.011586
166 0.0116317
167 0.0116775
168 0.011724
169 0.0117705
170 0.0118169
171 0.0118642
172 0.0119107
173 0.0119572
174 0.0120037
175 0.012051
176 0.0120984
177 0.0121457
178 0.012193
179 0.0122404
180 0.0122887
181 0.012337
182 0.0123853
183 0.0124337
184 0.012482
185 0.0125315
186 0.012581
187 0.0126304
188 0.0126799
189 0.0127294
190 0.0127802
191 0.0128311
192 0.0128819
193 0.0129328
194 0.0129836
195 0.0130345
196 0.0130871
197 0.0131397
198 0.0131923
199 0.0132449
200 0.0132975
201 0.0133524
202 0.0134073
203 0.0134622
204 0.0135171
205 0.013572
206 0.0136269
207 0.0136713
208 0.0137157
209 0.0137626
210 0.0138095
211 0.0138564
212 0.0139033
213 0.0139502
214 0.0139971
215 0.0140441
216 0.014091
217 0.0141379
218 0.0141848
219 0.0142317
220 0.0142786
221 0.0143255
222 0.014359
223 0.0143925
224 0.014426
225 0.0144595
226 0.014493
227 0.0145265
228 0.01456
Re:2509, We:31
