0 0
1 3.55114e-09
2 1.33497e-08
3 2.58481e-08
4 4.07655e-08
5 5.78534e-08
6 7.6913e-08
7 9.77672e-08
8 1.20231e-07
9 1.44215e-07
10 1.69537e-07
11 1.96136e-07
12 2.23784e-07
13 2.52443e-07
14 2.82052e-07
15 3.12532e-07
16 3.43625e-07
17 3.75523e-07
18 4.07928e-07
19 4.41037e-07
20 4.74512e-07
21 5.08554e-07
22 5.42988e-07
23 5.77824e-07
24 6.13075e-07
25 6.48539e-07
26 6.84218e-07
27 7.20341e-07
28 7.56691e-07
29 7.93273e-07
30 8.29854e-07
31 8.66673e-07
32 9.03735e-07
33 9.40796e-07
34 9.78106e-07
35 1.01542e-06
36 1.05298e-06
37 1.09055e-06
38 1.12838e-06
39 1.1662e-06
40 1.20403e-06
41 1.24186e-06
42 1.27996e-06
43 1.31807e-06
44 1.35617e-06
45 1.39427e-06
46 1.43237e-06
47 1.47048e-06
48 1.50887e-06
49 1.54726e-06
50 1.58566e-06
51 1.62405e-06
52 1.66244e-06
53 1.70084e-06
54 1.73923e-06
55 1.77762e-06
56 1.81602e-06
57 1.85441e-06
58 1.8928e-06
59 1.9312e-06
60 1.96959e-06
61 2.00798e-06
62 2.04638e-06
63 2.08477e-06
64 2.12316e-06
65 2.16156e-06
66 2.19995e-06
67 2.23834e-06
68 2.27674e-06
69 2.31513e-06
70 2.35352e-06
71 2.39192e-06
72 2.43031e-06
73 2.4687e-06
74 2.5071e-06
75 2.54549e-06
76 2.58388e-06
77 2.62228e-06
78 2.66067e-06
79 2.69906e-06
80 2.73746e-06
81 2.77585e-06
82 2.81424e-06
83 2.85264e-06
84 2.89103e-06
85 2.92942e-06
86 2.96782e-06
87 3.00621e-06
88 3.0446e-06
89 3.08299e-06
90 3.12139e-06
91 3.15978e-06
92 3.19817e-06
93 3.23657e-06
94 3.27496e-06
95 3.31335e-06
96 3.35175e-06
97 3.39014e-06
98 3.42853e-06
99 3.46693e-06
100 3.50532e-06
101 3.54371e-06
102 3.58211e-06
103 3.6205e-06
104 3.65889e-06
105 3.69729e-06
106 3.73568e-06
107 3.77407e-06
108 3.81247e-06
109 3.85086e-06
110 3.88925e-06
111 3.92765e-06
112 3.96604e-06
113 4.00443e-06
114 4.04283e-06
115 4.08122e-06
116 4.11961e-06
117 4.15801e-06
118 4.1964e-06
119 4.23479e-06
120 4.27319e-06
121 4.31158e-06
122 4.34997e-06
123 4.38837e-06
124 4.42676e-06
125 4.46515e-06
126 4.50355e-06
127 4.54194e-06
128 4.5796e-06
129 4.61583e-06
130 4.64314e-06
131 4.66857e-06
132 4.69267e-06
133 4.71555e-06
134 4.73814e-06
135 4.76072e-06
136 4.78331e-06
137 4.8062e-06
138 4.82909e-06
139 4.85198e-06
140 4.87519e-06
141 4.89874e-06
142 4.92229e-06
143 4.94619e-06
144 4.9701e-06
145 4.99438e-06
146 5.01867e-06
147 5.04335e-06
148 5.06804e-06
149 5.09273e-06
150 5.11742e-06
151 5.14256e-06
152 5.1677e-06
153 5.19283e-06
154 5.21797e-06
155 5.24311e-06
156 5.26825e-06
157 5.29339e-06
158 5.31852e-06
159 5.34366e-06
160 5.3688e-06
161 5.39394e-06
162 5.41966e-06
163 5.44538e-06
164 5.4711e-06
165 5.49683e-06
166 5.52191e-06
167 5.54699e-06
168 5.57081e-06
169 5.59464e-06
170 5.61911e-06
171 5.64291e-06
172 5.66608e-06
173 5.68924e-06
174 5.71241e-06
175 5.73557e-06
176 5.75805e-06
177 5.78054e-06
178 5.80234e-06
179 5.82348e-06
180 5.84462e-06
181 5.86576e-06
182 5.88622e-06
183 5.90668e-06
184 5.92646e-06
185 5.94624e-06
186 5.96601e-06
187 5.98508e-06
188 6.00347e-06
189 6.02186e-06
190 6.04025e-06
191 6.05794e-06
192 6.07562e-06
193 6.09259e-06
194 6.10957e-06
195 6.12654e-06
196 6.14278e-06
197 6.15902e-06
198 6.17452e-06
199 6.19002e-06
200 6.20478e-06
201 6.21954e-06
202 6.2343e-06
203 6.24906e-06
204 6.26382e-06
205 6.27772e-06
206 6.29161e-06
207 6.3055e-06
208 6.31847e-06
209 6.33143e-06
210 6.3444e-06
211 6.35737e-06
212 6.37033e-06
213 6.38212e-06
214 6.39391e-06
215 6.4057e-06
216 6.41749e-06
217 6.42927e-06
218 6.44106e-06
219 6.45088e-06
220 6.46071e-06
221 6.47053e-06
222 6.48035e-06
223 6.49018e-06
224 6.5e-06
Re:448, We:110
