0 0 0
0 0 0
0 0 0
0 0 0
0 0 0
0 0 0
0 0 0
0 0 0
0 0 0
0 0 0
1 1.5767e-07 0.000426136
1 1.5767e-07 0.000426136
1 1.5767e-07 0.000426136
1 1.5767e-07 0.000426136
1 1.5767e-07 0.000426136
1 1.5767e-07 0.000426136
1 1.5767e-07 0.000426136
1 1.5767e-07 0.000426136
1 1.5767e-07 0.000426136
1 1.5767e-07 0.000426136
2 3.00659e-07 0.000812592
2 3.00659e-07 0.000812592
2 3.00659e-07 0.000812592
2 3.00659e-07 0.000812592
2 3.00659e-07 0.000812592
2 3.00659e-07 0.000812592
2 3.00659e-07 0.000812592
2 3.00659e-07 0.000812592
2 3.00659e-07 0.000812592
2 3.00659e-07 0.000812592
3 4.43736e-07 0.00119929
3 4.43736e-07 0.00119929
3 4.43736e-07 0.00119929
3 4.43736e-07 0.00119929
3 4.43736e-07 0.00119929
3 4.43736e-07 0.00119929
3 4.43736e-07 0.00119929
3 4.43736e-07 0.00119929
3 4.43736e-07 0.00119929
3 4.43736e-07 0.00119929
