---------------------------------------
Begin Slurm Prolog: Sep-19-2024 14:27:20
Job ID:    1338850
User ID:   wdunlop3
Account:   gts-ssuresh313
Job name:  BursynskiValidation
Partition: cpu-medium
QOS:       inferno
---------------------------------------
ast/interpreter/overload.h:535: error: the dimensional constraints below are not compatible
ast/interpreter/overload.h:535: 't == DT'
	└─ [/src/run.h:16: 't = 0.'] = [0,1]
/src/navier-stokes/centered.h:180: 'u.x[] == Delta/t'
	└─ [/src/run.h:16: 't = 0.'] = [0]
Re: 2141, We:29
1
1
1
1
1
1
1
1
1
1
1
1
1
1
1
1
1
1
1
1
Re: 2141, We:29
1
Re: 2141, We:29
1
1
1
1
1
1
1
1
1
1
1
1
1
1
1
1
1
1
1
1
Re: 2141, We:29
1
Re: 2141, We:29
1
1
1
1
1
1
1
1
1
1
1
1
1
1
1
1
1
1
1
1
Re: 2141, We:29
1
Re: 2141, We:29
1
1
1
1
1
1
1
1
1
1
1
1
1
1
1
1
1
1
1
1
Re: 2141, We:29
1
Re: 2141, We:29
1
1
1
1
1
1
1
1
1
1
1
1
1
1
1
1
1
1
1
1
Re: 2141, We:29
1
Re: 2141, We:29
1
1
1
1
1
1
1
1
1
1
1
1
1
1
1
1
1
1
1
1
Re: 2141, We:29
1
Re: 2141, We:29
1
1
1
1
1
1
1
1
1
1
1
1
1
1
1
1
1
1
1
1
Re: 2141, We:29
1
Re: 2141, We:29
1
1
1
1
1
1
1
1
1
1
1
1
1
1
1
1
1
1
1
1
Re: 2141, We:29
1
Re: 2141, We:29
1
1
1
1
1
1
1
1
1
1
1
1
1
1
1
1
1
1
1
1
Re: 2141, We:29
1
Re: 2141, We:29
1
1
1
1
1
1
1
1
1
1
1
1
1
1
1
1
1
1
1
1
Re: 2141, We:29
1

# Octree, 20 steps, 99.37 CPU, 101.1 real, 4.95e+04 points.step/s, 41 var
# 10 procs, MPI: min 14 (14%) avg 44 (43%) max 66 (65%)
---------------------------------------
Begin Slurm Epilog: Sep-19-2024 14:29:27
Job ID:        1338850
Array Job ID:  _4294967294
User ID:       wdunlop3
Account:       gts-ssuresh313
Job name:      BursynskiValidation
Resources:     cpu=10,mem=160G,node=1
Rsrc Used:     cput=00:21:20,vmem=6716K,walltime=00:02:08,mem=6700K,energy_used=0
Partition:     cpu-medium
QOS:           inferno
Nodes:         atl1-1-01-003-29-2
---------------------------------------
