---------------------------------------
Begin Slurm Prolog: Aug-15-2024 11:33:40
Job ID:    1050761
User ID:   wdunlop3
Account:   gts-ssuresh313
Job name:  DropletImpactExample3D
Partition: cpu-small
QOS:       embers
---------------------------------------
ast/init_solver.h: In function '_init_solver':
ast/init_solver.h:23:688: error: 'vector' has no member named 'z'
ast/init_solver.h:23:714: error: 'vector' has no member named 'z'
ast/init_solver.h:23:760: error: 'vector' has no member named 'z'
/var/lib/slurm/slurmd/job1050761/slurm_script: line 16: ./droplet_impact: No such file or directory
---------------------------------------
Begin Slurm Epilog: Aug-15-2024 11:33:47
Job ID:        1050761
Array Job ID:  _4294967294
User ID:       wdunlop3
Account:       gts-ssuresh313
Job name:      DropletImpactExample3D
Resources:     cpu=4,mem=8G,node=1
Rsrc Used:     cput=00:00:32,vmem=5888K,walltime=00:00:08,mem=0,energy_used=0
Partition:     cpu-small
QOS:           embers
Nodes:         atl1-1-02-020-10-1
---------------------------------------
