---------------------------------------
Begin Slurm Prolog: Sep-05-2024 12:33:00
Job ID:    1233939
User ID:   wdunlop3
Account:   gts-ssuresh313
Job name:  DropImpact
Partition: cpu-small
QOS:       embers
---------------------------------------
ast/interpreter/overload.h:535: error: the dimensional constraints below are not compatible
ast/interpreter/overload.h:535: 't == DT'
	└─ [/src/run.h:16: 't = 0.'] = [0,1]
ast/interpreter/overload.h:545: 'e->t == t'
	└─ [/src/run.h:16: 't = 0.'] = [0]
slurmstepd: error: *** JOB 1233939 ON atl1-1-02-020-14-2 CANCELLED AT 2024-09-05T12:34:42 ***
---------------------------------------
Begin Slurm Epilog: Sep-05-2024 12:34:44
Job ID:        1233939
Array Job ID:  _4294967294
User ID:       wdunlop3
Account:       gts-ssuresh313
Job name:      DropImpact
Resources:     cpu=8,mem=56G,node=1
Rsrc Used:     cput=00:13:36,vmem=501756K,walltime=00:01:42,mem=500900K,energy_used=0
Partition:     cpu-small
QOS:           embers
Nodes:         atl1-1-02-020-14-2
---------------------------------------
