---------------------------------------
Begin Slurm Prolog: Sep-24-2024 17:06:38
Job ID:    1432306
User ID:   wdunlop3
Account:   gts-ssuresh313
Job name:  BursynskiValidationConservingWithExtendedTimeHigherRes
Partition: cpu-medium
QOS:       inferno
---------------------------------------
/storage/home/hcoda1/8/wdunlop3/basilisk/src/navier-stokes/conserving.h:28: error: the dimensional constraints below are not compatible
/src/navier-stokes/conserving.h:28: 'rhou += _const_cm*(clamp(f[],0.,1.)*(rho1 - rho2) + rho2)*u[]'
	└─  + [/src/navier-stokes/conserving.h:26: 'rhou = 0.'] + [/src/tension.h:43: 'amax = -1e30'] = [0]
/src/vof.h:284: 'c[] += dt*(flux[] - flux[0,1] + cc[]*(uf.y[0,1] - uf.y[]))/(_const_cm*Delta)'
	└─ [0,-1] - [/src/navier-stokes/conserving.h:26: 'rhou = 0.'] - [/src/tension.h:43: 'amax = -1e30'] = [0]
Re: 36952, We:5086
5.07526e-09
0
1.34432e-11
9.83747e-10
1.13415e-11
1.03376e-11
9.78871e-12
8.6482e-12
8.87903e-10
8.75421e-10
8.55384e-10
2.94227e-10
8.11078e-10
7.92043e-10
7.76485e-10
3.47895e-10
7.35487e-10
7.18805e-10
6.98383e-10
6.80976e-10
6.62233e-10
6.42978e-10
6.25273e-10
6.06586e-10
5.88515e-10
5.70677e-10
5.52738e-10
1.45874e-10
5.17351e-10
4.99861e-10
Re: 36952, We:5086
4.82609e-10
Re: 36952, We:5086
1.5981e-09
6.6732e-09
6.67319e-09
5.67711e-09
6.65885e-09
6.66285e-09
6.33228e-09
5.75756e-09
5.77772e-09
5.79778e-09
5.81781e-09
5.83776e-09
5.85754e-09
5.87719e-09
5.89671e-09
5.9161e-09
5.93531e-09
5.95439e-09
5.97333e-09
5.99222e-09
6.01096e-09
6.0295e-09
6.04791e-09
6.06626e-09
6.08446e-09
6.1025e-09
6.12044e-09
6.1382e-09
6.15582e-09
6.17331e-09
Re: 36952, We:5086
6.19056e-09
Re: 36952, We:5086
0
0
0
9.9609e-10
1.43436e-11
1.0349e-11
3.40923e-10
9.15641e-10
8.95486e-10
8.75421e-10
8.55384e-10
8.35448e-10
8.15669e-10
7.96011e-10
7.76485e-10
7.571e-10
7.37888e-10
7.18805e-10
6.99862e-10
6.80976e-10
6.62233e-10
6.43692e-10
6.25273e-10
6.06928e-10
5.88727e-10
5.70677e-10
5.52738e-10
5.34981e-10
5.17351e-10
4.99861e-10
Re: 36952, We:5086
4.82609e-10
Re: 36952, We:5086
0
0
0
0
0
0
0
0
0
0
0
0
0
0
0
0
0
0
0
0
0
0
0
0
0
0
0
0
0
0
Re: 36952, We:5086
0
Re: 36952, We:5086
6.67336e-09
6.6732e-09
6.65975e-09
5.68945e-09
6.66186e-09
6.66286e-09
6.66341e-09
6.66455e-09
5.7853e-09
5.79778e-09
5.81781e-09
6.37898e-09
5.86213e-09
5.88116e-09
5.89671e-09
6.3253e-09
5.93771e-09
5.95439e-09
5.97481e-09
5.99222e-09
6.01096e-09
6.03021e-09
6.04791e-09
6.0666e-09
6.08467e-09
6.1025e-09
6.12044e-09
6.5273e-09
6.15582e-09
6.1733e-09
Re: 36952, We:5086
6.19056e-09
Re: 36952, We:5086
0
0
0
9.8371e-10
9.64768e-10
9.45638e-10
9.2644e-10
9.07186e-10
8.95486e-10
8.75421e-10
8.55384e-10
8.30186e-10
8.11081e-10
7.96011e-10
7.76485e-10
7.54232e-10
7.37888e-10
7.18805e-10
6.99862e-10
6.80976e-10
6.62233e-10
6.43693e-10
6.25273e-10
6.06928e-10
5.88727e-10
5.70677e-10
5.52738e-10
5.34966e-10
5.17351e-10
4.99861e-10
Re: 36952, We:5086
4.82609e-10
Re: 36952, We:5086
6.67336e-09
0
0
9.8371e-10
9.64768e-10
9.45639e-10
9.2644e-10
9.07186e-10
8.87903e-10
8.68659e-10
8.49397e-10
8.30186e-10
8.11081e-10
7.92047e-10
7.73094e-10
7.54232e-10
7.35492e-10
7.16836e-10
6.98273e-10
6.80977e-10
6.61274e-10
6.42981e-10
6.25269e-10
6.06588e-10
5.88516e-10
5.70677e-10
5.52685e-10
5.34967e-10
5.17351e-10
4.99861e-10
Re: 36952, We:5086
4.82609e-10
Re: 36952, We:5086
0
6.6732e-09
6.67319e-09
5.68949e-09
5.70843e-09
5.72756e-09
5.74676e-09
5.76602e-09
5.77772e-09
5.79778e-09
5.81781e-09
5.84302e-09
5.86212e-09
5.87719e-09
5.89671e-09
5.91896e-09
5.93531e-09
5.95439e-09
5.97333e-09
5.99222e-09
6.01096e-09
6.02949e-09
6.04791e-09
6.06626e-09
6.08446e-09
6.1025e-09
6.12044e-09
6.13821e-09
6.15582e-09
6.1733e-09
Re: 36952, We:5086
6.19056e-09
Re: 36952, We:5086
4.08415e-09
6.6732e-09
6.67319e-09
5.68948e-09
5.70843e-09
5.72756e-09
5.74676e-09
5.76602e-09
5.7853e-09
5.80455e-09
5.8238e-09
5.84302e-09
5.86212e-09
5.88115e-09
5.9001e-09
5.91896e-09
5.9377e-09
5.95636e-09
5.97492e-09
5.99222e-09
6.01192e-09
6.0302e-09
6.04791e-09
6.06659e-09
6.08467e-09
6.10249e-09
6.12049e-09
6.13821e-09
6.15581e-09
6.1733e-09
Re: 36952, We:5086
6.19056e-09
Re: 36952, We:5086
2.58921e-09
0
0
0
0
0
0
0
0
0
0
0
0
0
0
0
0
0
0
0
0
0
0
0
0
0
0
0
0
0
Re: 36952, We:5086
0

# Octree, 30 steps, 321.5 CPU, 324.2 real, 9.23e+04 points.step/s, 59 var
# 10 procs, MPI: min 52 (16%) avg 1.4e+02 (42%) max 2e+02 (60%)
---------------------------------------
Begin Slurm Epilog: Sep-24-2024 17:12:29
Job ID:        1432306
Array Job ID:  _4294967294
User ID:       wdunlop3
Account:       gts-ssuresh313
Job name:      BursynskiValidationConservingWithExtendedTimeHigherRes
Resources:     cpu=10,mem=160G,node=1
Rsrc Used:     cput=00:58:30,vmem=7696K,walltime=00:05:51,mem=6692K,energy_used=0
Partition:     cpu-medium
QOS:           inferno
Nodes:         atl1-1-02-003-1-1
---------------------------------------
