---------------------------------------
Begin Slurm Prolog: Sep-19-2024 14:39:03
Job ID:    1339020
User ID:   wdunlop3
Account:   gts-ssuresh313
Job name:  BursynskiValidation
Partition: cpu-medium
QOS:       inferno
---------------------------------------
ast/interpreter/overload.h:535: error: the dimensional constraints below are not compatible
ast/interpreter/overload.h:535: 't == DT'
	└─ [/src/run.h:16: 't = 0.'] = [0,1]
ast/interpreter/overload.h:545: 'e->t == t'
	└─ [/src/run.h:16: 't = 0.'] = [0]
slurmstepd: error: *** JOB 1339020 ON atl1-1-01-003-29-2 CANCELLED AT 2024-09-19T20:39:16 DUE TO TIME LIMIT ***
slurmstepd: error: *** STEP 1339020.0 ON atl1-1-01-003-29-2 CANCELLED AT 2024-09-19T20:39:16 DUE TO TIME LIMIT ***
srun: Job step aborted: Waiting up to 32 seconds for job step to finish.
---------------------------------------
Begin Slurm Epilog: Sep-19-2024 20:39:18
Job ID:        1339020
Array Job ID:  _4294967294
User ID:       wdunlop3
Account:       gts-ssuresh313
Job name:      BursynskiValidation
Resources:     cpu=10,mem=160G,node=1
Rsrc Used:     cput=2-12:02:20,vmem=6716K,walltime=06:00:14,mem=6700K,energy_used=0
Partition:     cpu-medium
QOS:           inferno
Nodes:         atl1-1-01-003-29-2
---------------------------------------
