---------------------------------------
Begin Slurm Prolog: Sep-23-2024 12:57:52
Job ID:    1410970
User ID:   wdunlop3
Account:   gts-ssuresh313
Job name:  BursynskiValidationConservingWithExtendedTimeHigherRes
Partition: cpu-medium
QOS:       inferno
---------------------------------------
droplet_impact.c:275:2: error: #endif without #if
/storage/home/hcoda1/8/wdunlop3/basilisk/src/navier-stokes/conserving.h:28: error: the dimensional constraints below are not compatible
/src/navier-stokes/conserving.h:28: 'rhou += _const_cm*(clamp(f[],0.,1.)*(rho1 - rho2) + rho2)*u[]'
	└─  + [/src/navier-stokes/conserving.h:26: 'rhou = 0.'] + [/src/tension.h:43: 'amax = -1e30'] = [0]
/src/vof.h:284: 'c[] += dt*(flux[] - flux[0,1] + cc[]*(uf.y[0,1] - uf.y[]))/(_const_cm*Delta)'
	└─ [0,-1] - [/src/navier-stokes/conserving.h:26: 'rhou = 0.'] - [/src/tension.h:43: 'amax = -1e30'] = [0]
Re: 36753, We:5059
1
1
1
1
1
1
1
1
1
1
1
1
1
1
1
1
1
1
1
1
1
1
1
1
1
1
1
1
1
1
1
1
1
1
1
1
1
1
1
1
1
1
1
1
1
1
1
1
1
1
1
1
1
1
1
1
1
1
1
1
1
1
1
1
1
1
1
1
1
1
1
2
1
4
3
5
13
8
14
14
13
16
16
15
16
16
17
18
18
23
18
22
23
19
23
23
23
23
23
25
Re: 36753, We:5059
23
Re: 36753, We:5059
1
1
1
1
1
1
1
1
1
1
1
1
1
1
1
1
1
1
1
1
1
1
1
1
1
1
1
1
1
1
1
1
1
1
1
1
1
1
1
1
1
1
1
1
1
1
1
1
1
1
1
1
1
1
1
1
1
1
1
1
1
1
1
1
1
1
1
1
1
1
1
2
1
4
3
5
13
8
14
14
13
16
16
15
16
16
17
18
18
23
18
22
23
19
23
23
23
23
23
25
Re: 36753, We:5059
23
Re: 36753, We:5059
1
1
1
1
1
1
1
1
1
1
1
1
1
1
1
1
1
1
1
1
1
1
1
1
1
1
1
1
1
1
1
1
1
1
1
1
1
1
1
1
1
1
1
1
1
1
1
1
1
1
1
1
1
1
1
1
1
1
1
1
1
1
1
1
1
1
1
1
1
1
1
2
1
4
3
5
13
8
14
14
13
16
16
15
16
16
17
18
18
23
18
22
23
19
23
23
23
23
23
25
Re: 36753, We:5059
23
Re: 36753, We:5059
1
1
1
1
1
1
1
1
1
1
1
1
1
1
1
1
1
1
1
1
1
1
1
1
1
1
1
1
1
1
1
1
1
1
1
1
1
1
1
1
1
1
1
1
1
1
1
1
1
1
1
1
1
1
1
1
1
1
1
1
1
1
1
1
1
1
1
1
1
1
1
2
1
4
3
5
13
8
14
14
13
16
16
15
16
16
17
18
18
23
18
22
23
19
23
23
23
23
23
25
Re: 36753, We:5059
23
Re: 36753, We:5059
1
1
1
1
1
1
1
1
1
1
1
1
1
1
1
1
1
1
1
1
1
1
1
1
1
1
1
1
1
1
1
1
1
1
1
1
1
1
1
1
1
1
1
1
1
1
1
1
1
1
1
1
1
1
1
1
1
1
1
1
1
1
1
1
1
1
1
1
1
1
1
2
1
4
3
5
13
8
14
14
13
16
16
15
16
16
17
18
18
23
18
22
23
19
23
23
23
23
23
25
Re: 36753, We:5059
23
Re: 36753, We:5059
1
1
1
1
1
1
1
1
1
1
1
1
1
1
1
1
1
1
1
1
1
1
1
1
1
1
1
1
1
1
1
1
1
1
1
1
1
1
1
1
1
1
1
1
1
1
1
1
1
1
1
1
1
1
1
1
1
1
1
1
1
1
1
1
1
1
1
1
1
1
1
2
1
4
3
5
13
8
14
14
13
16
16
15
16
16
17
18
18
23
18
22
23
19
23
23
23
23
23
25
Re: 36753, We:5059
23
Re: 36753, We:5059
1
1
1
1
1
1
1
1
1
1
1
1
1
1
1
1
1
1
1
1
1
1
1
1
1
1
1
1
1
1
1
1
1
1
1
1
1
1
1
1
1
1
1
1
1
1
1
1
1
1
1
1
1
1
1
1
1
1
1
1
1
1
1
1
1
1
1
1
1
1
1
2
1
4
3
5
13
8
14
14
13
16
16
15
16
16
17
18
18
23
18
22
23
19
23
23
23
23
23
25
Re: 36753, We:5059
23
Re: 36753, We:5059
1
1
1
1
1
1
1
1
1
1
1
1
1
1
1
1
1
1
1
1
1
1
1
1
1
1
1
1
1
1
1
1
1
1
1
1
1
1
1
1
1
1
1
1
1
1
1
1
1
1
1
1
1
1
1
1
1
1
1
1
1
1
1
1
1
1
1
1
1
1
1
2
1
4
3
5
13
8
14
14
13
16
16
15
16
16
17
18
18
23
18
22
23
19
23
23
23
23
23
25
Re: 36753, We:5059
23
Re: 36753, We:5059
1
1
1
1
1
1
1
1
1
1
1
1
1
1
1
1
1
1
1
1
1
1
1
1
1
1
1
1
1
1
1
1
1
1
1
1
1
1
1
1
1
1
1
1
1
1
1
1
1
1
1
1
1
1
1
1
1
1
1
1
1
1
1
1
1
1
1
1
1
1
1
2
1
4
3
5
13
8
14
14
13
16
16
15
16
16
17
18
18
23
18
22
23
19
23
23
23
23
23
25
Re: 36753, We:5059
23
Re: 36753, We:5059
1
1
1
1
1
1
1
1
1
1
1
1
1
1
1
1
1
1
1
1
1
1
1
1
1
1
1
1
1
1
1
1
1
1
1
1
1
1
1
1
1
1
1
1
1
1
1
1
1
1
1
1
1
1
1
1
1
1
1
1
1
1
1
1
1
1
1
1
1
1
1
2
1
4
3
5
13
8
14
14
13
16
16
15
16
16
17
18
18
23
18
22
23
19
23
23
23
23
23
25
Re: 36753, We:5059
23

# Octree, 100 steps, 1001.79 CPU, 1012 real, 8.89e+04 points.step/s, 59 var
# 10 procs, MPI: min 1.6e+02 (16%) avg 4.3e+02 (43%) max 6.2e+02 (61%)
---------------------------------------
Begin Slurm Epilog: Sep-23-2024 13:15:13
Job ID:        1410970
Array Job ID:  _4294967294
User ID:       wdunlop3
Account:       gts-ssuresh313
Job name:      BursynskiValidationConservingWithExtendedTimeHigherRes
Resources:     cpu=10,mem=160G,node=1
Rsrc Used:     cput=02:53:30,vmem=23412K,walltime=00:17:21,mem=6692K,energy_used=0
Partition:     cpu-medium
QOS:           inferno
Nodes:         atl1-1-01-003-31-1
---------------------------------------
