---------------------------------------
Begin Slurm Prolog: Aug-30-2024 21:08:57
Job ID:    1200040
User ID:   wdunlop3
Account:   gts-ssuresh313
Job name:  DropletImpactExample3D
Partition: cpu-small
QOS:       embers
---------------------------------------
droplet_impact.c: In function 'movie':
droplet_impact.c:192:28: warning: '%s' directive writing up to 109 bytes into a region of size 100 [-Wformat-overflow=]
droplet_impact.c:192:28: note: assuming directive output of 12 bytes
droplet_impact.c:192:5: note: 'sprintf' output 10 or more bytes (assuming 130) into a destination of size 100
ast/interpreter/overload.h:535: error: the dimensional constraints below are not compatible
ast/interpreter/overload.h:535: 't == DT'
	└─ [/src/run.h:16: 't = 0.'] = [0,1]
ast/interpreter/overload.h:545: 'e->t == t'
	└─ [/src/run.h:16: 't = 0.'] = [0]
/var/lib/slurm/slurmd/job1200040/slurm_script: line 17: 106726 Killed                  ./droplet_impact 2.23e-3 1.0 10
slurmstepd: error: Detected 1 oom_kill event in StepId=1200040.batch. Some of the step tasks have been OOM Killed.
---------------------------------------
Begin Slurm Epilog: Aug-30-2024 21:10:59
Job ID:        1200040
Array Job ID:  _4294967294
User ID:       wdunlop3
Account:       gts-ssuresh313
Job name:      DropletImpactExample3D
Resources:     cpu=4,mem=8G,node=1
Rsrc Used:     cput=00:08:08,vmem=8225656K,walltime=00:02:02,mem=8212720K,energy_used=0
Partition:     cpu-small
QOS:           embers
Nodes:         atl1-1-02-019-19-2
---------------------------------------
