---------------------------------------
Begin Slurm Prolog: Aug-20-2024 00:27:12
Job ID:    1096671
User ID:   wdunlop3
Account:   gts-ssuresh313
Job name:  DropletImpactExample
Partition: cpu-small
QOS:       inferno
---------------------------------------
droplet_impact.c: In function 'main':
droplet_impact.c:90:22: warning: '%g' directive writing between 1 and 13 bytes into a region of size between 1 and 42 [-Wformat-overflow=]
droplet_impact.c:90:22: note: assuming directive output of 12 bytes
droplet_impact.c:90:5: note: 'sprintf' output between 10 and 63 bytes into a destination of size 50
droplet_impact.c:94:22: warning: '%s' directive writing up to 49 bytes into a region of size 30 [-Wformat-overflow=]
droplet_impact.c:94:5: note: 'sprintf' output between 9 and 58 bytes into a destination of size 30
ast/interpreter/overload.h:535: error: the dimensional constraints below are not compatible
ast/interpreter/overload.h:535: 't == DT'
	└─ [/src/run.h:16: 't = 0.'] = [0,1]
ast/interpreter/overload.h:545: 'e->t == t'
	└─ [/src/run.h:16: 't = 0.'] = [0]
60
Re: 67, We:49
1
2
2
2
2
2
2
2
2
2
2
2
2
2
2
2
2
2
2
3
3
3
3
3
3
3
3
3
3
3
3
3
3
3
3
Re: 67, We:49

# Octree, 177 steps, 23348.8 CPU, 2.341e+04 real, 1.63e+04 points.step/s, 38 var
1e-06
1e-05
Re: 672, We:493
1
2
2
2
2
2
2
2
2
2
2
2
2
2
2
2
2
2
2
3
3
3
3
3
3
3
3
3
3
3
3
3
3
3
3
3
3
3
3
3
3
3
3
3
Re: 672, We:493

# Octree, 224 steps, 9055.84 CPU, 9086 real, 3.17e+04 points.step/s, 38 var
2e-05
Re: 1344, We:986
1
2
2
2
2
2
2
2
2
2
2
2
2
2
2
2
2
2
2
3
3
3
3
3
3
3
3
3
3
3
3
3
3
3
3
3
3
3
3
3
3
3
3
3
3
Re: 1344, We:986

# Octree, 226 steps, 7693.42 CPU, 7720 real, 3.25e+04 points.step/s, 38 var
3e-05
