---------------------------------------
Begin Slurm Prolog: Aug-30-2024 16:57:34
Job ID:    1197755
User ID:   wdunlop3
Account:   gts-ssuresh313
Job name:  DropletImpactExample3D
Partition: cpu-small
QOS:       embers
---------------------------------------
droplet_impact.c: In function 'main':
droplet_impact.c:91:22: warning: '%g' directive writing between 1 and 13 bytes into a region of size between 1 and 42 [-Wformat-overflow=]
droplet_impact.c:91:22: note: assuming directive output of 12 bytes
droplet_impact.c:91:5: note: 'sprintf' output between 10 and 63 bytes into a destination of size 50
droplet_impact.c:95:22: warning: '%s' directive writing up to 49 bytes into a region of size 30 [-Wformat-overflow=]
droplet_impact.c:95:5: note: 'sprintf' output between 9 and 58 bytes into a destination of size 30
ast/interpreter/overload.h:535: error: the dimensional constraints below are not compatible
ast/interpreter/overload.h:535: 't == DT'
	└─ [/src/run.h:16: 't = 0.'] = [0,1]
ast/interpreter/overload.h:545: 'e->t == t'
	└─ [/src/run.h:16: 't = 0.'] = [0]
/var/lib/slurm/slurmd/job1197755/slurm_script: line 17: 169634 Killed                  ./droplet_impact 2.24e-3 1.0 10
slurmstepd: error: Detected 1 oom_kill event in StepId=1197755.batch. Some of the step tasks have been OOM Killed.
---------------------------------------
Begin Slurm Epilog: Aug-30-2024 16:59:25
Job ID:        1197755
Array Job ID:  _4294967294
User ID:       wdunlop3
Account:       gts-ssuresh313
Job name:      DropletImpactExample3D
Resources:     cpu=4,mem=8G,node=1
Rsrc Used:     cput=00:07:24,vmem=7753916K,walltime=00:01:51,mem=7750072K,energy_used=0
Partition:     cpu-small
QOS:           embers
Nodes:         atl1-1-02-015-13-1
---------------------------------------
