---------------------------------------
Begin Slurm Prolog: Aug-20-2024 00:32:18
Job ID:    1096676
User ID:   wdunlop3
Account:   gts-ssuresh313
Job name:  DropletImpactExample3D
Partition: cpu-small
QOS:       embers
---------------------------------------
droplet_impact.c: In function 'main':
droplet_impact.c:90:22: warning: '%g' directive writing between 1 and 13 bytes into a region of size between 1 and 42 [-Wformat-overflow=]
droplet_impact.c:90:22: note: assuming directive output of 12 bytes
droplet_impact.c:90:5: note: 'sprintf' output between 10 and 63 bytes into a destination of size 50
droplet_impact.c:94:22: warning: '%s' directive writing up to 49 bytes into a region of size 30 [-Wformat-overflow=]
droplet_impact.c:94:5: note: 'sprintf' output between 9 and 58 bytes into a destination of size 30
ast/interpreter/overload.h:535: error: the dimensional constraints below are not compatible
ast/interpreter/overload.h:535: 't == DT'
	└─ [/src/run.h:16: 't = 0.'] = [0,1]
ast/interpreter/overload.h:545: 'e->t == t'
	└─ [/src/run.h:16: 't = 0.'] = [0]
slurmstepd: error: *** JOB 1096676 ON atl1-1-02-014-14-1 CANCELLED AT 2024-08-20T06:32:28 DUE TO TIME LIMIT ***
---------------------------------------
Begin Slurm Epilog: Aug-20-2024 06:32:29
Job ID:        1096676
Array Job ID:  _4294967294
User ID:       wdunlop3
Account:       gts-ssuresh313
Job name:      DropletImpactExample3D
Resources:     cpu=4,mem=8G,node=1
Rsrc Used:     cput=1-00:00:44,vmem=2586032K,walltime=06:00:11,mem=2582988K,energy_used=0
Partition:     cpu-small
QOS:           embers
Nodes:         atl1-1-02-014-14-1
---------------------------------------
