---------------------------------------
Begin Slurm Prolog: Sep-16-2024 17:06:34
Job ID:    1308909
User ID:   wdunlop3
Account:   gts-ssuresh313
Job name:  BursynskiValidation
Partition: cpu-medium
QOS:       inferno
---------------------------------------
droplet_impact.c: In function 'movie_front':
droplet_impact.c:183:11: error: 'quat' undeclared (first use in this function)
droplet_impact.c:183:11: note: each undeclared identifier is reported only once for each function it appears in
droplet_impact.c:183:16: error: expected expression before ']' token
droplet_impact.c:183:5: error: too few arguments to function 'view'
/storage/home/hcoda1/8/wdunlop3/basilisk/src/draw.h:49:6: note: declared here
slurmstepd: error: execve(): /storage/home/hcoda1/8/wdunlop3/high_speed_droplet_impact4/droplet_impact_high_speed/impact3D/./droplet_impact_469840: No such file or directory
slurmstepd: error: execve(): /storage/home/hcoda1/8/wdunlop3/high_speed_droplet_impact4/droplet_impact_high_speed/impact3D/./droplet_impact_469840: No such file or directory
slurmstepd: error: execve(): /storage/home/hcoda1/8/wdunlop3/high_speed_droplet_impact4/droplet_impact_high_speed/impact3D/./droplet_impact_469840: No such file or directory
slurmstepd: error: execve(): /storage/home/hcoda1/8/wdunlop3/high_speed_droplet_impact4/droplet_impact_high_speed/impact3D/./droplet_impact_469840: No such file or directory
slurmstepd: error: execve(): /storage/home/hcoda1/8/wdunlop3/high_speed_droplet_impact4/droplet_impact_high_speed/impact3D/./droplet_impact_469840: No such file or directory
slurmstepd: error: execve(): /storage/home/hcoda1/8/wdunlop3/high_speed_droplet_impact4/droplet_impact_high_speed/impact3D/./droplet_impact_469840: No such file or directory
slurmstepd: error: execve(): /storage/home/hcoda1/8/wdunlop3/high_speed_droplet_impact4/droplet_impact_high_speed/impact3D/./droplet_impact_469840: No such file or directory
slurmstepd: error: execve(): /storage/home/hcoda1/8/wdunlop3/high_speed_droplet_impact4/droplet_impact_high_speed/impact3D/./droplet_impact_469840: No such file or directory
slurmstepd: error: execve(): /storage/home/hcoda1/8/wdunlop3/high_speed_droplet_impact4/droplet_impact_high_speed/impact3D/./droplet_impact_469840: No such file or directory
slurmstepd: error: execve(): /storage/home/hcoda1/8/wdunlop3/high_speed_droplet_impact4/droplet_impact_high_speed/impact3D/./droplet_impact_469840: No such file or directory
srun: error: atl1-1-02-002-9-2: tasks 0-9: Exited with exit code 2
rm: cannot remove ‘droplet_impact_469840’: No such file or directory
---------------------------------------
Begin Slurm Epilog: Sep-16-2024 17:06:38
Job ID:        1308909
Array Job ID:  _4294967294
User ID:       wdunlop3
Account:       gts-ssuresh313
Job name:      BursynskiValidation
Resources:     cpu=10,mem=160G,node=1
Rsrc Used:     cput=00:00:40,vmem=16K,walltime=00:00:04,mem=0,energy_used=0
Partition:     cpu-medium
QOS:           inferno
Nodes:         atl1-1-02-002-9-2
---------------------------------------
