---------------------------------------
Begin Slurm Prolog: Sep-23-2024 16:48:09
Job ID:    1416488
User ID:   wdunlop3
Account:   gts-ssuresh313
Job name:  BursynskiValidationConservingWithExtendedTimeHigherRes
Partition: cpu-medium
QOS:       inferno
---------------------------------------
/storage/home/hcoda1/8/wdunlop3/basilisk/src/navier-stokes/conserving.h:28: error: the dimensional constraints below are not compatible
/src/navier-stokes/conserving.h:28: 'rhou += _const_cm*(clamp(f[],0.,1.)*(rho1 - rho2) + rho2)*u[]'
	└─  + [/src/navier-stokes/conserving.h:26: 'rhou = 0.'] + [/src/tension.h:43: 'amax = -1e30'] = [0]
/src/vof.h:284: 'c[] += dt*(flux[] - flux[0,1] + cc[]*(uf.y[0,1] - uf.y[]))/(_const_cm*Delta)'
	└─ [0,-1] - [/src/navier-stokes/conserving.h:26: 'rhou = 0.'] - [/src/tension.h:43: 'amax = -1e30'] = [0]
Re: 36553, We:5031
1.54696e-09
6.45967e-09
6.45967e-09
5.49545e-09
6.44795e-09
6.44965e-09
6.14372e-09
5.57333e-09
5.59284e-09
5.61227e-09
5.63166e-09
5.65096e-09
5.67011e-09
5.68913e-09
5.70803e-09
5.72679e-09
5.74539e-09
5.76386e-09
5.7822e-09
5.80049e-09
5.81862e-09
5.83657e-09
5.85439e-09
5.87215e-09
5.88977e-09
5.90723e-09
5.9246e-09
5.94179e-09
5.95885e-09
5.97578e-09
Re: 36553, We:5031
5.99248e-09
Re: 36553, We:5031
0
0
0
9.64217e-10
1.17211e-11
1.00178e-11
3.15951e-10
8.86343e-10
8.66833e-10
8.4741e-10
8.28014e-10
8.08717e-10
7.8957e-10
7.70542e-10
7.51641e-10
7.32876e-10
7.14278e-10
6.95806e-10
6.77469e-10
6.59188e-10
6.41044e-10
6.23097e-10
6.05266e-10
5.87508e-10
5.6989e-10
5.52417e-10
5.35051e-10
5.17862e-10
5.00796e-10
4.83866e-10
Re: 36553, We:5031
4.67165e-10
Re: 36553, We:5031
0
0
0
0
0
0
0
0
0
0
0
0
0
0
0
0
0
0
0
0
0
0
0
0
0
0
0
0
0
0
Re: 36553, We:5031
0
Re: 36553, We:5031
0
0
0
9.52268e-10
9.33898e-10
9.1538e-10
8.96797e-10
8.78159e-10
8.66833e-10
8.4741e-10
8.28015e-10
8.03623e-10
7.8513e-10
7.70542e-10
7.51641e-10
7.30099e-10
7.11959e-10
6.95806e-10
6.75931e-10
6.59188e-10
6.41044e-10
6.22408e-10
6.05266e-10
5.87508e-10
5.69685e-10
5.52417e-10
5.35051e-10
5.17862e-10
5.00796e-10
4.83866e-10
Re: 36553, We:5031
4.67165e-10
Re: 36553, We:5031
6.45982e-09
6.45967e-09
6.44665e-09
5.5074e-09
6.44869e-09
6.44966e-09
6.4506e-09
6.45131e-09
5.60018e-09
5.61743e-09
5.63166e-09
6.17487e-09
5.67455e-09
5.69297e-09
5.71086e-09
5.8937e-09
5.74772e-09
5.76577e-09
5.78374e-09
5.80049e-09
5.81862e-09
5.83725e-09
5.85439e-09
5.87215e-09
5.88998e-09
5.90723e-09
5.9246e-09
5.94181e-09
5.95885e-09
5.97577e-09
Re: 36553, We:5031
5.99248e-09
Re: 36553, We:5031
4.91286e-09
0
1.3013e-11
9.52269e-10
1.09786e-11
1.00068e-11
9.07476e-12
8.37151e-12
8.59493e-10
8.42249e-10
8.28015e-10
2.84813e-10
7.85127e-10
7.667e-10
7.48813e-10
5.65969e-10
7.11955e-10
6.93895e-10
6.75927e-10
6.59188e-10
6.41044e-10
6.22405e-10
6.05266e-10
5.87508e-10
5.69684e-10
5.52417e-10
5.35051e-10
5.17847e-10
5.00796e-10
4.83866e-10
Re: 36553, We:5031
4.67165e-10
Re: 36553, We:5031
0
6.45967e-09
6.45967e-09
5.5074e-09
5.52577e-09
5.54429e-09
5.56288e-09
5.58152e-09
5.59284e-09
5.61227e-09
5.63166e-09
5.65606e-09
5.67455e-09
5.68913e-09
5.70803e-09
5.72957e-09
5.74771e-09
5.76386e-09
5.78374e-09
5.80048e-09
5.81862e-09
5.83725e-09
5.85439e-09
5.87215e-09
5.88998e-09
5.90723e-09
5.9246e-09
5.94179e-09
5.95885e-09
5.97577e-09
Re: 36553, We:5031
5.99248e-09
Re: 36553, We:5031
6.45982e-09
0
0
9.52234e-10
9.33898e-10
9.15381e-10
8.96797e-10
8.78159e-10
8.59493e-10
8.40865e-10
8.22219e-10
8.03623e-10
7.8513e-10
7.66705e-10
7.48358e-10
7.30099e-10
7.11959e-10
6.939e-10
6.75931e-10
6.59188e-10
6.40115e-10
6.22408e-10
6.04776e-10
5.87508e-10
5.69685e-10
5.52304e-10
5.35e-10
5.17848e-10
5.00795e-10
4.83866e-10
Re: 36553, We:5031
4.67165e-10
Re: 36553, We:5031
2.50636e-09
0
0
0
0
0
0
0
0
0
0
0
0
0
0
0
0
0
0
0
0
0
0
0
0
0
0
0
0
0
Re: 36553, We:5031
0

# Octree, 30 steps, 319.48 CPU, 322.1 real, 9.29e+04 points.step/s, 59 var
# 10 procs, MPI: min 63 (20%) avg 1.4e+02 (43%) max 1.9e+02 (60%)
Re: 36553, We:5031
3.95347e-09
6.45967e-09
6.45966e-09
5.50744e-09
5.52577e-09
5.54429e-09
5.56288e-09
5.58152e-09
5.60018e-09
5.61881e-09
5.63745e-09
5.65606e-09
5.67455e-09
5.69297e-09
5.71131e-09
5.72957e-09
5.74771e-09
5.76577e-09
5.78374e-09
5.80048e-09
5.81955e-09
5.83725e-09
5.85488e-09
5.87215e-09
5.88997e-09
5.90734e-09
5.92465e-09
5.9418e-09
5.95884e-09
5.97577e-09
Re: 36553, We:5031
5.99248e-09
---------------------------------------
Begin Slurm Epilog: Sep-23-2024 16:53:58
Job ID:        1416488
Array Job ID:  _4294967294
User ID:       wdunlop3
Account:       gts-ssuresh313
Job name:      BursynskiValidationConservingWithExtendedTimeHigherRes
Resources:     cpu=10,mem=160G,node=1
Rsrc Used:     cput=00:58:20,vmem=7688K,walltime=00:05:50,mem=6692K,energy_used=0
Partition:     cpu-medium
QOS:           inferno
Nodes:         atl1-1-01-003-31-1
---------------------------------------
