---------------------------------------
Begin Slurm Prolog: Sep-12-2024 12:50:09
Job ID:    1266138
User ID:   wdunlop3
Account:   gts-ssuresh313
Job name:  BursynskiValidation
Partition: cpu-medium
QOS:       inferno
---------------------------------------
ast/interpreter/overload.h:535: error: the dimensional constraints below are not compatible
ast/interpreter/overload.h:535: 't == DT'
	└─ [/src/run.h:16: 't = 0.'] = [0,1]
/src/navier-stokes/centered.h:180: 'u.x[] == Delta/t'
	└─ [/src/run.h:16: 't = 0.'] = [0]
Re: 2271, We:31
1
0 0 0 6.19875e-09 -3.32305e-18 0.00228 -1.30316e-19
1
1 1.26263e-06 0 6.19873e-09 2.25202e-18 0.00227938 1.02217e-18
1
2 4.71659e-06 0 6.19873e-09 -2.41661e-11 0.00227601 -2.36899e-11
1
3 9.11919e-06 0 6.19873e-09 2.64331e-12 0.00227171 7.34073e-12
1
4 1.43842e-05 0 6.19873e-09 -2.65033e-11 0.00226656 -2.28165e-11
1
5 2.04332e-05 0 6.19873e-09 -4.87616e-11 0.00226065 -5.22094e-11
1
6 2.71949e-05 0 6.19873e-09 -5.30336e-11 0.00225404 -5.89922e-11
1
7 3.46045e-05 0 6.19873e-09 -4.72339e-11 0.0022468 -5.44606e-11
1
8 4.26031e-05 0 6.19873e-09 -3.28763e-11 0.00223898 -3.86849e-11
1
9 5.11373e-05 0 6.19873e-09 -2.83302e-11 0.00223063 -3.35371e-11
1
10 6.01582e-05 0 6.19873e-09 -2.83261e-11 0.00222181 -3.47959e-11
1
11 6.96217e-05 0 6.19873e-09 -3.08411e-11 0.00221255 -3.66873e-11
1
12 7.94874e-05 0 6.19873e-09 -6.46693e-11 0.0022029 -4.45035e-11
1
13 8.9719e-05 0 6.19873e-09 -4.6276e-11 0.00219289 -5.97352e-11
1
14 0.000100283 0 6.19873e-09 -5.14355e-11 0.00218255 -5.90886e-11
1
15 0.000111149 0 6.19873e-09 -5.67187e-11 0.00217191 -6.32833e-11
1
16 0.00012229 0 6.19873e-09 -6.55294e-11 0.00216101 -7.13796e-11
1
17 0.000133681 0 6.19873e-09 -7.39989e-11 0.00214985 -5.96889e-11
1
18 0.000145299 0 6.19873e-09 -7.34654e-11 0.00213848 -5.71309e-11
1
19 0.000157124 0 6.19873e-09 -6.76052e-11 0.0021269 -6.27892e-11
1
20 0.000169136 0 6.19873e-09 -6.492e-11 0.00211513 -5.57648e-11
1
21 0.000181318 0 6.19873e-09 -5.69593e-11 0.0021032 -4.43695e-11
1
22 0.000193656 0 6.19872e-09 -3.14739e-11 0.00209111 -1.54903e-11
1
23 0.000206135 0 6.19872e-09 -8.82472e-12 0.00207887 1.32783e-11
1
24 0.000218742 0 6.19872e-09 5.87458e-12 0.00206652 3.13047e-11
1
25 0.000231466 0 6.19872e-09 1.57959e-11 0.00205405 4.27475e-11
1
26 0.000244295 0 6.19872e-09 1.96002e-11 0.00204146 4.74545e-11
1
27 0.000257221 0 6.19872e-09 2.26516e-11 0.00202879 5.10273e-11
1
28 0.000270234 0 6.19872e-09 2.03761e-11 0.00201602 5.06493e-11
1
29 0.000283327 0 6.19872e-09 1.27241e-11 0.00200318 4.48761e-11
1
30 0.000296492 0 6.19872e-09 -3.60997e-12 0.00199026 3.00875e-11
1
31 0.000309723 0 6.19872e-09 -1.55086e-11 0.00197727 1.97186e-11
1
32 0.000323014 0 6.19872e-09 -1.80977e-11 0.00196422 2.11576e-11
1
33 0.00033636 0 6.19873e-09 -1.72367e-11 0.00195112 2.83726e-11
1
34 0.000349754 0 6.19872e-09 1.59243e-11 0.00193797 5.92017e-11
1
35 0.000363194 0 6.19872e-09 2.82179e-11 0.00192477 7.54256e-11
1
36 0.000376674 0 6.19871e-09 6.82572e-11 0.00191152 1.17728e-10
1
37 0.000390192 0 6.19871e-09 8.63927e-11 0.00189824 1.41251e-10
1
38 0.000403743 0 6.19871e-09 1.10315e-10 0.00188492 1.59395e-10
1
39 0.000417325 0 6.19871e-09 1.06252e-10 0.00187157 1.69554e-10
1
40 0.000430935 0 6.19871e-09 1.03167e-10 0.00185819 1.67959e-10
1
41 0.000444571 0 6.19871e-09 9.35795e-11 0.00184478 1.63569e-10
1
42 0.000458229 0 6.19872e-09 8.48504e-11 0.00183135 1.57883e-10
1
43 0.000471908 0 6.19872e-09 7.22051e-11 0.00181789 1.4619e-10
1
44 0.000485607 0 6.19871e-09 6.1605e-11 0.00180442 1.4648e-10
1
45 0.000499322 0 6.19872e-09 4.84093e-11 0.00179092 1.29801e-10
1
46 0.000513054 0 6.19871e-09 4.13458e-11 0.0017774 1.14478e-10
1
47 0.000526799 0 6.19871e-09 3.89425e-11 0.00176387 1.28263e-10
1
48 0.000540558 0 6.19871e-09 4.39737e-11 0.00175033 1.41654e-10
1
49 0.000554329 0 6.19871e-09 7.3154e-11 0.00173676 1.74806e-10
1
50 0.00056811 0 6.19871e-09 1.00956e-10 0.00172319 2.0249e-10
1
51 0.000581901 0 6.19871e-09 1.11839e-10 0.0017096 2.15498e-10
1
52 0.000595701 0 6.19871e-09 1.18595e-10 0.00169601 2.23454e-10
1
53 0.000609509 0 6.19871e-09 1.22278e-10 0.00168239 2.30191e-10
1
54 0.000623325 0 6.19871e-09 1.22519e-10 0.00166878 2.37624e-10
1
55 0.000637147 0 6.19871e-09 1.16245e-10 0.00165515 2.35808e-10
1
56 0.000650975 0 6.19871e-09 1.00915e-10 0.00164151 2.25661e-10
1
57 0.000664809 0 6.19871e-09 8.04311e-11 0.00162787 2.12977e-10
1
58 0.000678647 0 6.19871e-09 6.99543e-11 0.00161422 2.08244e-10
1
59 0.000692491 0 6.19871e-09 8.05717e-11 0.00160056 2.07929e-10
1
60 0.000706338 0 6.19871e-09 6.30639e-11 0.00158689 2.20758e-10
1
61 0.000720189 0 6.19871e-09 6.22883e-11 0.00157323 2.28441e-10
1
62 0.000734044 0 6.1987e-09 4.0849e-11 0.00155954 2.52426e-10
1
63 0.000747902 0 6.19871e-09 9.29331e-11 0.00154586 2.87139e-10
1
64 0.000761762 0 6.1987e-09 9.37033e-11 0.00153218 3.02062e-10
1
65 0.000775626 0 6.1987e-09 8.10547e-11 0.00151848 3.09448e-10
1
66 0.000789491 0 6.1987e-09 7.19485e-11 0.00150478 3.13756e-10
1
67 0.000803359 0 6.1987e-09 5.92611e-11 0.00149108 3.1048e-10
1
68 0.000817228 0 6.1987e-09 6.75301e-11 0.00147737 3.06416e-10
1
69 0.0008311 0 6.1987e-09 1.8855e-11 0.00146366 3.06394e-10
1
70 0.000844972 0 6.1987e-09 1.89127e-11 0.00144994 3.03672e-10
1
71 0.000858847 0 6.1987e-09 7.43296e-12 0.00143622 3.05129e-10
1
72 0.000872722 0 6.1987e-09 6.59391e-12 0.0014225 3.16428e-10
1
73 0.000886599 0 6.1987e-09 1.07975e-11 0.00140877 3.28997e-10
1
74 0.000900477 0 6.1987e-09 1.68051e-11 0.00139504 3.44935e-10
1
75 0.000914356 0 6.1987e-09 2.71148e-11 0.0013813 3.69457e-10
1
76 0.000928236 0 6.1987e-09 3.89927e-11 0.00136756 3.91858e-10
1
77 0.000942117 0 6.1987e-09 5.55456e-11 0.00135382 4.0977e-10
1
78 0.000955998 0 6.1987e-09 4.31405e-11 0.00134007 4.19484e-10
1
79 0.00096988 0 6.1987e-09 3.99691e-11 0.00132632 4.24736e-10
1
80 0.000983763 0 6.19869e-09 2.99823e-11 0.00131257 4.27595e-10
1
81 0.000997647 0 6.1987e-09 2.22747e-11 0.00129882 4.31915e-10
1
82 0.00101153 0 6.1987e-09 4.64226e-12 0.00128505 4.54243e-10
1
83 0.00102471 0 6.19869e-09 -1.19599e-11 0.00127198 4.18686e-10
1
84 0.00103671 0 6.1987e-09 -2.08039e-11 0.00126009 4.1928e-10
1
85 0.00104769 0 6.19869e-09 -2.62973e-11 0.0012492 4.1946e-10
1
86 0.00105786 0 6.1987e-09 -3.48122e-11 0.00123911 4.20919e-10
1
87 0.00106746 0 6.19869e-09 -3.53417e-11 0.00122959 4.29655e-10
1
88 0.00107652 0 6.19869e-09 -2.59338e-11 0.0012206 4.46217e-10
1
89 0.00108429 0 6.19869e-09 -3.05611e-11 0.00121289 4.49963e-10
1
90 0.00109103 0 6.19869e-09 -3.20047e-11 0.0012062 4.55972e-10
1
91 0.00109743 0 6.19869e-09 -3.12564e-11 0.00119985 4.63118e-10
1
92 0.0011034 0 6.19869e-09 -3.03233e-11 0.00119392 4.73013e-10
1
93 0.00110912 0 6.19869e-09 -3.04916e-11 0.00118825 4.80322e-10
1
94 0.00111483 0 6.19869e-09 -3.35423e-11 0.00118258 4.87342e-10
1
95 0.00112029 0 6.19869e-09 -3.69015e-11 0.00117716 4.90937e-10
1
96 0.00112568 0 6.19869e-09 -3.79157e-11 0.00117181 4.86131e-10
1
97 0.00113105 0 6.19869e-09 -3.37516e-11 0.00116649 5.1151e-10
1
98 0.00113632 0 6.19869e-09 -6.21794e-11 0.00116126 5.18374e-10
1
99 0.00114154 0 6.19869e-09 -2.69877e-11 0.00115609 5.61124e-10
1
100 0.00114677 0 6.19868e-09 -1.27078e-11 0.00115091 5.54362e-10
1
101 0.00115194 0 6.19869e-09 -2.0904e-11 0.0011458 5.73728e-10
1
102 0.00115707 0 6.19869e-09 -1.6349e-11 0.00114073 5.65458e-10
1
103 0.00116219 0 6.19869e-09 -2.41987e-11 0.00113568 5.63386e-10
1
104 0.00116728 0 6.19868e-09 -2.53108e-11 0.00113066 5.68109e-10
1
105 0.00117237 0 6.19869e-09 -2.3591e-11 0.00112564 5.7662e-10
1
106 0.00117747 0 6.19869e-09 -2.59312e-11 0.00112062 5.80528e-10
1
107 0.00118257 0 6.19868e-09 -3.14064e-11 0.00111561 5.81359e-10
1
108 0.00118768 0 6.19868e-09 -5.60631e-11 0.00111059 5.78245e-10
1
109 0.0011928 0 6.19869e-09 -4.76825e-11 0.00110558 5.77151e-10
1
110 0.00119792 0 6.19869e-09 -4.44096e-11 0.00110057 5.86791e-10
1
111 0.00120304 0 6.19868e-09 -3.79686e-11 0.00109556 6.00882e-10
1
112 0.00120818 0 6.19868e-09 -4.24785e-11 0.00109056 6.18028e-10
1
113 0.00121332 0 6.19868e-09 -1.83673e-11 0.00108555 6.31823e-10
1
114 0.00121848 0 6.19868e-09 -1.05998e-11 0.00108054 6.45765e-10
1
115 0.00122365 0 6.19868e-09 -8.67873e-12 0.00107553 6.53584e-10
1
116 0.00122885 0 6.19868e-09 -9.89422e-12 0.0010705 6.51949e-10
1
117 0.00123407 0 6.19867e-09 -3.5418e-12 0.00106546 6.89871e-10
1
118 0.00123931 0 6.19868e-09 7.42138e-12 0.00106041 6.87624e-10
1
119 0.00124457 0 6.19868e-09 2.39661e-11 0.00105536 7.11068e-10
1
120 0.00124988 0 6.19868e-09 1.99032e-11 0.00105026 7.18477e-10
1
121 0.00125523 0 6.19868e-09 2.77322e-11 0.00104515 7.36227e-10
1
122 0.0012606 0 6.19867e-09 3.93621e-11 0.00104003 7.50818e-10
1
123 0.00126603 0 6.19867e-09 7.62183e-11 0.00103486 7.8223e-10
1
124 0.0012715 0 6.19867e-09 8.31919e-11 0.00102967 8.03282e-10
1
125 0.00127702 0 6.19866e-09 1.00663e-10 0.00102445 8.27037e-10
1
126 0.00128259 0 6.19866e-09 1.14903e-10 0.00101919 8.48576e-10
1
127 0.00128822 0 6.19866e-09 1.18914e-10 0.00101389 8.56629e-10
1
128 0.0012939 0 6.19866e-09 1.18442e-10 0.00100857 8.59598e-10
1
129 0.00129961 0 6.19866e-09 1.12911e-10 0.00100323 8.5945e-10
1
130 0.00130537 0 6.19865e-09 1.02661e-10 0.000997856 8.58449e-10
1
131 0.00131117 0 6.19865e-09 9.45441e-11 0.000992457 8.57455e-10
1
132 0.00131702 0 6.19865e-09 8.64728e-11 0.00098703 8.68968e-10
1
133 0.0013229 0 6.19865e-09 7.30596e-11 0.000981597 8.72693e-10
1
134 0.00132883 0 6.19865e-09 9.12944e-11 0.000976138 8.69908e-10
1
135 0.00133479 0 6.19865e-09 7.78172e-11 0.000970657 8.56513e-10
1
136 0.00134078 0 6.19865e-09 1.09834e-10 0.000965173 8.5131e-10
1
137 0.00134681 0 6.19865e-09 1.83491e-10 0.000959669 8.94526e-10
1
138 0.00135289 0 6.19865e-09 2.47665e-10 0.000954134 9.15059e-10
1
139 0.00135901 0 6.19865e-09 2.55759e-10 0.00094859 9.71012e-10
1
140 0.00136515 0 6.19865e-09 3.22428e-10 0.000943037 1.01846e-09
1
141 0.00137134 0 6.19865e-09 4.51026e-10 0.000937464 1.16555e-09
1
142 0.00137754 0 6.19864e-09 5.0142e-10 0.000931902 1.1268e-09
1
143 0.00138376 0 6.19865e-09 6.43336e-10 0.000926338 1.12021e-09
1
144 0.00139002 0 6.19864e-09 7.45696e-10 0.000920763 1.05015e-09
1
145 0.00139629 0 6.19864e-09 6.09597e-10 0.000915198 1.09498e-09
1
146 0.00140257 0 6.19864e-09 3.77829e-10 0.000909653 9.94124e-10
1
147 0.00140869 0 6.19864e-09 3.64156e-10 0.000904259 7.90982e-10
1
148 0.00141482 0 6.19864e-09 1.56288e-10 0.000898887 8.46349e-10
1
149 0.00142095 0 6.19864e-09 -2.02589e-10 0.000893529 9.08298e-10
1
150 0.00142702 0 6.19864e-09 -6.13306e-10 0.000888243 6.43953e-10
1
151 0.00143285 0 6.19864e-09 -7.52296e-10 0.000883191 7.824e-10
1
152 0.00143852 0 6.19864e-09 -1.49828e-09 0.000878302 1.2543e-09
1
153 0.0014442 0 6.19863e-09 -2.26595e-09 0.000873414 1.17506e-09
1
154 0.00144989 0 6.19863e-09 -2.47701e-09 0.00086854 1.26095e-09
1
155 0.00145553 0 6.19863e-09 -3.20398e-09 0.000863727 1.59564e-09
1
156 0.00146117 0 6.19863e-09 -3.72628e-09 0.000858924 2.18034e-09
1
157 0.00146662 0 6.19863e-09 -4.60491e-09 0.000854312 1.92841e-09
1
158 0.00147189 0 6.19863e-09 -5.70384e-09 0.000849867 2.494e-09
1
159 0.00147719 0 6.19863e-09 -6.24467e-09 0.000845411 3.2225e-09
1
160 0.0014825 0 6.19863e-09 -6.44841e-09 0.000840963 3.12068e-09
1
161 0.00148769 0 6.19863e-09 -7.43111e-09 0.000836636 2.71268e-09
1
162 0.0014929 0 6.19863e-09 -9.04107e-09 0.000832306 2.06835e-09
1
163 0.00149793 0 6.19863e-09 -9.61978e-09 0.00082814 2.30613e-09
1
164 0.00150296 0 6.19863e-09 -1.0702e-08 0.000823993 2.23938e-09
1
165 0.00150801 0 6.19863e-09 -1.159e-08 0.000819843 2.20036e-09
1
166 0.00151307 0 6.19863e-09 -1.31729e-08 0.0008157 9.01203e-10
1
167 0.00151815 0 6.19863e-09 -1.48399e-08 0.000811561 1.03726e-10
1
168 0.00152325 0 6.19863e-09 -1.62157e-08 0.000807411 -3.62073e-10
1
169 0.00152837 0 6.19863e-09 -1.72034e-08 0.00080327 -9.52226e-10
1
170 0.00153352 0 6.19863e-09 -1.84799e-08 0.000799119 -1.42161e-09
1
171 0.00153871 0 6.19863e-09 -2.11787e-08 0.000794945 -2.27489e-09
1
172 0.00154393 0 6.19863e-09 -2.28682e-08 0.000790774 -3.03179e-09
1
173 0.00154917 0 6.19863e-09 -2.41788e-08 0.000786605 -3.57192e-09
1
174 0.00155437 0 6.19862e-09 -2.57271e-08 0.000782471 -3.58172e-09
1
175 0.00155959 0 6.19863e-09 -2.84585e-08 0.000778344 -3.10369e-09
1
176 0.00156482 0 6.19863e-09 -3.09926e-08 0.000774238 -3.19109e-09
1
177 0.00156956 0 6.19862e-09 -3.37213e-08 0.000770517 -3.297e-09
1
178 0.00157435 0 6.19863e-09 -3.55496e-08 0.000766781 -2.55625e-09
1
179 0.00157918 0 6.19863e-09 -3.7558e-08 0.000763031 -2.28184e-09
1
180 0.00158402 0 6.19863e-09 -4.06425e-08 0.00075927 -2.14371e-09
1
181 0.00158889 0 6.19863e-09 -4.41999e-08 0.000755511 -1.19799e-09
1
182 0.00159378 0 6.19862e-09 -4.73654e-08 0.000751756 -4.05116e-10
1
183 0.00159869 0 6.19863e-09 -5.07999e-08 0.000747996 -1.01038e-09
1
184 0.0016036 0 6.19863e-09 -5.44257e-08 0.000744248 -4.82669e-10
1
Re: 2271, We:31
1
1
1
1
1
1
1
1
1
1
1
1
1
1
1
1
1
1
1
1
1
1
1
1
1
1
1
1
1
1
1
1
1
1
1
1
1
1
1
1
1
1
1
1
1
1
1
1
1
1
1
1
1
1
1
1
1
1
1
1
1
1
1
1
1
1
1
1
1
1
1
1
1
1
1
1
1
1
1
1
1
1
1
1
1
1
1
1
1
1
1
1
1
1
1
1
1
1
1
1
1
1
1
1
1
1
1
1
1
1
1
1
1
1
1
1
1
1
1
1
1
1
1
1
1
1
1
1
1
1
1
1
1
1
1
1
1
1
1
1
1
1
1
1
1
1
1
1
1
1
1
1
1
1
1
1
1
1
1
1
1
1
1
1
1
1
1
1
1
1
1
1
1
1
1
1
1
1
1
1
1
1
1
1
1
1
1
1
1
1
1
1
1
1
1
1
1
1
1
1
Re: 2271, We:31
1
Re: 2271, We:31
1
1
1
1
1
1
1
1
1
1
1
1
1
1
1
1
1
1
1
1
1
1
1
1
1
1
1
1
1
1
1
1
1
1
1
1
1
1
1
1
1
1
1
1
1
1
1
1
1
1
1
1
1
1
1
1
1
1
1
1
1
1
1
1
1
1
1
1
1
1
1
1
1
1
1
1
1
1
1
1
1
1
1
1
1
1
1
1
1
1
1
1
1
1
1
1
1
1
1
1
1
1
1
1
1
1
1
1
1
1
1
1
1
1
1
1
1
1
1
1
1
1
1
1
1
1
1
1
1
1
1
1
1
1
1
1
1
1
1
1
1
1
1
1
1
1
1
1
1
1
1
1
1
1
1
1
1
1
1
1
1
1
1
1
1
1
1
1
1
1
1
1
1
1
1
1
1
1
1
1
1
1
1
1
1
1
1
1
1
1
1
1
1
1
1
1
1
1
1
1
Re: 2271, We:31
1
Re: 2271, We:31
1
1
1
1
1
1
1
1
1
1
1
1
1
1
1
1
1
1
1
1
1
1
1
1
1
1
1
1
1
1
1
1
1
1
1
1
1
1
1
1
1
1
1
1
1
1
1
1
1
1
1
1
1
1
1
1
1
1
1
1
1
1
1
1
1
1
1
1
1
1
1
1
1
1
1
1
1
1
1
1
1
1
1
1
1
1
1
1
1
1
1
1
1
1
1
1
1
1
1
1
1
1
1
1
1
1
1
1
1
1
1
1
1
1
1
1
1
1
1
1
1
1
1
1
1
1
1
1
1
1
1
1
1
1
1
1
1
1
1
1
1
1
1
1
1
1
1
1
1
1
1
1
1
1
1
1
1
1
1
1
1
1
1
1
1
1
1
1
1
1
1
1
1
1
1
1
1
1
1
1
1
1
1
1
1
1
1
1
1
1
1
1
1
1
1
1
1
1
1
1
Re: 2271, We:31
1
Re: 2271, We:31
1
1
1
1
1
1
1
1
1
1
1
1
1
1
1
1
1
1
1
1
1
1
1
1
1
1
1
1
1
1
1
1
1
1
1
1
1
1
1
1
1
1
1
1
1
1
1
1
1
1
1
1
1
1
1
1
1
1
1
1
1
1
1
1
1
1
1
1
1
1
1
1
1
1
1
1
1
1
1
1
1
1
1
1
1
1
1
1
1
1
1
1
1
1
1
1
1
1
1
1
1
1
1
1
1
1
1
1
1
1
1
1
1
1
1
1
1
1
1
1
1
1
1
1
1
1
1
1
1
1
1
1
1
1
1
1
1
1
1
1
1
1
1
1
1
1
1
1
1
1
1
1
1
1
1
1
1
1
1
1
1
1
1
1
1
1
1
1
1
1
1
1
1
1
1
1
1
1
1
1
1
1
1
1
1
1
1
1
1
1
1
1
1
1
1
1
1
1
1
1
Re: 2271, We:31
1
Re: 2271, We:31
1
1
1
1
1
1
1
1
1
1
1
1
1
1
1
1
1
1
1
1
1
1
1
1
1
1
1
1
1
1
1
1
1
1
1
1
1
1
1
1
1
1
1
1
1
1
1
1
1
1
1
1
1
1
1
1
1
1
1
1
1
1
1
1
1
1
1
1
1
1
1
1
1
1
1
1
1
1
1
1
1
1
1
1
1
1
1
1
1
1
1
1
1
1
1
1
1
1
1
1
1
1
1
1
1
1
1
1
1
1
1
1
1
1
1
1
1
1
1
1
1
1
1
1
1
1
1
1
1
1
1
1
1
1
1
1
1
1
1
1
1
1
1
1
1
1
1
1
1
1
1
1
1
1
1
1
1
1
1
1
1
1
1
1
1
1
1
1
1
1
1
1
1
1
1
1
1
1
1
1
1
1
1
1
1
1
1
1
1
1
1
1
1
1
1
1
1
1
1
1
Re: 2271, We:31
1
Re: 2271, We:31
1
1
1
1
1
1
1
1
1
1
1
1
1
1
1
1
1
1
1
1
1
1
1
1
1
1
1
1
1
1
1
1
1
1
1
1
1
1
1
1
1
1
1
1
1
1
1
1
1
1
1
1
1
1
1
1
1
1
1
1
1
1
1
1
1
1
1
1
1
1
1
1
1
1
1
1
1
1
1
1
1
1
1
1
1
1
1
1
1
1
1
1
1
1
1
1
1
1
1
1
1
1
1
1
1
1
1
1
1
1
1
1
1
1
1
1
1
1
1
1
1
1
1
1
1
1
1
1
1
1
1
1
1
1
1
1
1
1
1
1
1
1
1
1
1
1
1
1
1
1
1
1
1
1
1
1
1
1
1
1
1
1
1
1
1
1
1
1
1
1
1
1
1
1
1
1
1
1
1
1
1
1
1
1
1
1
1
1
1
1
1
1
1
1
1
1
1
1
1
1
Re: 2271, We:31
1
Re: 2271, We:31
1
1
1
1
1
1
1
1
1
1
1
1
1
1
1
1
1
1
1
1
1
1
1
1
1
1
1
1
1
1
1
1
1
1
1
1
1
1
1
1
1
1
1
1
1
1
1
1
1
1
1
1
1
1
1
1
1
1
1
1
1
1
1
1
1
1
1
1
1
1
1
1
1
1
1
1
1
1
1
1
1
1
1
1
1
1
1
1
1
1
1
1
1
1
1
1
1
1
1
1
1
1
1
1
1
1
1
1
1
1
1
1
1
1
1
1
1
1
1
1
1
1
1
1
1
1
1
1
1
1
1
1
1
1
1
1
1
1
1
1
1
1
1
1
1
1
1
1
1
1
1
1
1
1
1
1
1
1
1
1
1
1
1
1
1
1
1
1
1
1
1
1
1
1
1
1
1
1
1
1
1
1
1
1
1
1
1
1
1
1
1
1
1
1
1
1
1
1
1
1
Re: 2271, We:31
1
185 0.00160853 0 6.19863e-09 -5.8433e-08 0.000740514 2.96283e-10
1
186 0.00161346 0 6.19862e-09 -6.35746e-08 0.000736776 1.72431e-10
1
187 0.00161841 0 6.19862e-09 -6.83614e-08 0.000733051 4.56989e-10
1
188 0.0016233 0 6.19862e-09 -7.30753e-08 0.000729387 2.89633e-10
1
189 0.00162812 0 6.19862e-09 -7.75641e-08 0.000725778 -2.44977e-10
1
190 0.00163295 0 6.19862e-09 -8.24172e-08 0.000722185 -8.55048e-10
1
191 0.00163765 0 6.19862e-09 -8.92294e-08 0.000718702 -1.062e-09
1
192 0.00164233 0 6.19862e-09 -9.54407e-08 0.000715245 -1.4643e-09
1
193 0.00164691 0 6.19862e-09 -1.01783e-07 0.000711876 -1.84295e-09
1
194 0.00165142 0 6.19862e-09 -1.08623e-07 0.000708575 -2.82126e-09
1
195 0.00165586 0 6.19863e-09 -1.14923e-07 0.000705333 -3.52922e-09
1
196 0.00166018 0 6.19863e-09 -1.20613e-07 0.000702195 -4.71087e-09
1
197 0.00166451 0 6.19862e-09 -1.27802e-07 0.000699062 -5.98753e-09
1
198 0.00166883 0 6.19862e-09 -1.3574e-07 0.000695943 -6.87127e-09
1
199 0.00167303 0 6.19862e-09 -1.42987e-07 0.000692925 -8.35552e-09
Re: 2271, We:31
1
200 0.00167723 0 6.19862e-09 -1.50543e-07 0.000689918 -9.3881e-09

# Octree, 200 steps, 713.03 CPU, 722.3 real, 7.31e+04 points.step/s, 41 var
# 10 procs, MPI: min 1.3e+02 (17%) avg 3.1e+02 (42%) max 4.6e+02 (63%)
Re: 2271, We:31
1
1
1
1
1
1
1
1
1
1
1
1
1
1
1
1
1
1
1
1
1
1
1
1
1
1
1
1
1
1
1
1
1
1
1
1
1
1
1
1
1
1
1
1
1
1
1
1
1
1
1
1
1
1
1
1
1
1
1
1
1
1
1
1
1
1
1
1
1
1
1
1
1
1
1
1
1
1
1
1
1
1
1
1
1
1
1
1
1
1
1
1
1
1
1
1
1
1
1
1
1
1
1
1
1
1
1
1
1
1
1
1
1
1
1
1
1
1
1
1
1
1
1
1
1
1
1
1
1
1
1
1
1
1
1
1
1
1
1
1
1
1
1
1
1
1
1
1
1
1
1
1
1
1
1
1
1
1
1
1
1
1
1
1
1
1
1
1
1
1
1
1
1
1
1
1
1
1
1
1
1
1
1
1
1
1
1
1
1
1
1
1
1
1
1
1
1
1
1
1
Re: 2271, We:31
1
Re: 2271, We:31
1
1
1
1
1
1
1
1
1
1
1
1
1
1
1
1
1
1
1
1
1
1
1
1
1
1
1
1
1
1
1
1
1
1
1
1
1
1
1
1
1
1
1
1
1
1
1
1
1
1
1
1
1
1
1
1
1
1
1
1
1
1
1
1
1
1
1
1
1
1
1
1
1
1
1
1
1
1
1
1
1
1
1
1
1
1
1
1
1
1
1
1
1
1
1
1
1
1
1
1
1
1
1
1
1
1
1
1
1
1
1
1
1
1
1
1
1
1
1
1
1
1
1
1
1
1
1
1
1
1
1
1
1
1
1
1
1
1
1
1
1
1
1
1
1
1
1
1
1
1
1
1
1
1
1
1
1
1
1
1
1
1
1
1
1
1
1
1
1
1
1
1
1
1
1
1
1
1
1
1
1
1
1
1
1
1
1
1
1
1
1
1
1
1
1
1
1
1
1
1
Re: 2271, We:31
1
---------------------------------------
Begin Slurm Epilog: Sep-12-2024 13:02:40
Job ID:        1266138
Array Job ID:  _4294967294
User ID:       wdunlop3
Account:       gts-ssuresh313
Job name:      BursynskiValidation
Resources:     cpu=10,mem=160G,node=1
Rsrc Used:     cput=02:05:10,vmem=6728K,walltime=00:12:31,mem=6700K,energy_used=0
Partition:     cpu-medium
QOS:           inferno
Nodes:         atl1-1-02-004-11-1
---------------------------------------
