---------------------------------------
Begin Slurm Prolog: Sep-23-2024 16:34:10
Job ID:    1415892
User ID:   wdunlop3
Account:   gts-ssuresh313
Job name:  BursynskiValidationConservingWithExtendedTimeHigherRes
Partition: cpu-medium
QOS:       inferno
---------------------------------------
droplet_impact.c: In function 'update_contact_angle':
droplet_impact.c:275:30: warning: passing argument 1 of 'array_max' from incompatible pointer type [-Wincompatible-pointer-types]
droplet_impact.c:122:19: note: expected 'int *' but argument is of type 'double *'
droplet_impact.c:275:12: warning: format '%g' expects argument of type 'double', but argument 2 has type 'int' [-Wformat=]
/storage/home/hcoda1/8/wdunlop3/basilisk/src/navier-stokes/conserving.h:28: error: the dimensional constraints below are not compatible
/src/navier-stokes/conserving.h:28: 'rhou += _const_cm*(clamp(f[],0.,1.)*(rho1 - rho2) + rho2)*u[]'
	└─  + [/src/navier-stokes/conserving.h:26: 'rhou = 0.'] + [/src/tension.h:43: 'amax = -1e30'] = [0]
/src/vof.h:284: 'c[] += dt*(flux[] - flux[0,1] + cc[]*(uf.y[0,1] - uf.y[]))/(_const_cm*Delta)'
	└─ [0,-1] - [/src/navier-stokes/conserving.h:26: 'rhou = 0.'] - [/src/tension.h:43: 'amax = -1e30'] = [0]
Re: 36553, We:5031
1.06718e-321
1.06718e-321
1.06718e-321
1.06718e-321
1.06718e-321
1.06718e-321
1.06718e-321
1.06718e-321
1.06718e-321
1.06718e-321
1.06718e-321
1.06718e-321
1.06718e-321
1.06718e-321
1.06718e-321
1.06718e-321
1.06718e-321
1.06718e-321
1.06718e-321
1.06718e-321
1.06718e-321
1.06718e-321
1.06718e-321
1.06718e-321
1.06718e-321
1.06718e-321
1.06718e-321
1.06718e-321
1.06718e-321
1.06718e-321
Re: 36553, We:5031
1.06718e-321
Re: 36553, We:5031
1.06718e-321
1.06718e-321
1.06718e-321
1.06718e-321
1.06718e-321
1.06718e-321
1.06718e-321
1.06718e-321
1.06718e-321
1.06718e-321
1.06718e-321
1.06718e-321
1.06718e-321
1.06718e-321
1.06718e-321
1.06718e-321
1.06718e-321
1.06718e-321
1.06718e-321
1.06718e-321
1.06718e-321
1.06718e-321
1.06718e-321
1.06718e-321
1.06718e-321
1.06718e-321
1.06718e-321
1.06718e-321
1.06718e-321
1.06718e-321
Re: 36553, We:5031
1.06718e-321
Re: 36553, We:5031
1.06718e-321
1.06718e-321
1.06718e-321
1.06718e-321
1.06718e-321
1.06718e-321
1.06718e-321
1.06718e-321
1.06718e-321
1.06718e-321
1.06718e-321
1.06718e-321
1.06718e-321
1.06718e-321
1.06718e-321
1.06718e-321
1.06718e-321
1.06718e-321
1.06718e-321
1.06718e-321
1.06718e-321
1.06718e-321
1.06718e-321
1.06718e-321
1.06718e-321
1.06718e-321
1.06718e-321
1.06718e-321
1.06718e-321
1.06718e-321
Re: 36553, We:5031
1.06718e-321
Re: 36553, We:5031
1.06718e-321
1.06718e-321
1.06718e-321
1.06718e-321
1.06718e-321
1.06718e-321
1.06718e-321
1.06718e-321
1.06718e-321
1.06718e-321
1.06718e-321
1.06718e-321
1.06718e-321
1.06718e-321
1.06718e-321
1.06718e-321
1.06718e-321
1.06718e-321
1.06718e-321
1.06718e-321
1.06718e-321
1.06718e-321
1.06718e-321
1.06718e-321
1.06718e-321
1.06718e-321
1.06718e-321
1.06718e-321
1.06718e-321
1.06718e-321
Re: 36553, We:5031
1.06718e-321
Re: 36553, We:5031
1.06718e-321
1.06718e-321
1.06718e-321
1.06718e-321
1.06718e-321
1.06718e-321
1.06718e-321
1.06718e-321
1.06718e-321
1.06718e-321
1.06718e-321
1.06718e-321
1.06718e-321
1.06718e-321
1.06718e-321
1.06718e-321
1.06718e-321
1.06718e-321
1.06718e-321
1.06718e-321
1.06718e-321
1.06718e-321
1.06718e-321
1.06718e-321
1.06718e-321
1.06718e-321
1.06718e-321
1.06718e-321
1.06718e-321
1.06718e-321
Re: 36553, We:5031
1.06718e-321
Re: 36553, We:5031
1.06718e-321
1.06718e-321
1.06718e-321
1.06718e-321
1.06718e-321
1.06718e-321
1.06718e-321
1.06718e-321
1.06718e-321
1.06718e-321
1.06718e-321
1.06718e-321
1.06718e-321
1.06718e-321
1.06718e-321
1.06718e-321
1.06718e-321
1.06718e-321
1.06718e-321
1.06718e-321
1.06718e-321
1.06718e-321
1.06718e-321
1.06718e-321
1.06718e-321
1.06718e-321
1.06718e-321
1.06718e-321
1.06718e-321
1.06718e-321
Re: 36553, We:5031
1.06718e-321
Re: 36553, We:5031
1.06718e-321
1.06718e-321
1.06718e-321
1.06718e-321
1.06718e-321
1.06718e-321
1.06718e-321
1.06718e-321
1.06718e-321
1.06718e-321
1.06718e-321
1.06718e-321
1.06718e-321
1.06718e-321
1.06718e-321
1.06718e-321
1.06718e-321
1.06718e-321
1.06718e-321
1.06718e-321
1.06718e-321
1.06718e-321
1.06718e-321
1.06718e-321
1.06718e-321
1.06718e-321
1.06718e-321
1.06718e-321
1.06718e-321
1.06718e-321
Re: 36553, We:5031
1.06718e-321
Re: 36553, We:5031
1.06718e-321
1.06718e-321
1.06718e-321
1.06718e-321
1.06718e-321
1.06718e-321
1.06718e-321
1.06718e-321
1.06718e-321
1.06718e-321
1.06718e-321
1.06718e-321
1.06718e-321
1.06718e-321
1.06718e-321
1.06718e-321
1.06718e-321
1.06718e-321
1.06718e-321
1.06718e-321
1.06718e-321
1.06718e-321
1.06718e-321
1.06718e-321
1.06718e-321
1.06718e-321
1.06718e-321
1.06718e-321
1.06718e-321
1.06718e-321
Re: 36553, We:5031
1.06718e-321
Re: 36553, We:5031
1.06718e-321
1.06718e-321
1.06718e-321
1.06718e-321
1.06718e-321
1.06718e-321
1.06718e-321
1.06718e-321
1.06718e-321
1.06718e-321
1.06718e-321
1.06718e-321
1.06718e-321
1.06718e-321
1.06718e-321
1.06718e-321
1.06718e-321
1.06718e-321
1.06718e-321
1.06718e-321
1.06718e-321
1.06718e-321
1.06718e-321
1.06718e-321
1.06718e-321
1.06718e-321
1.06718e-321
1.06718e-321
1.06718e-321
1.06718e-321
Re: 36553, We:5031
1.06718e-321
Re: 36553, We:5031
1.06718e-321
1.06718e-321
1.06718e-321
1.06718e-321
1.06718e-321
1.06718e-321
1.06718e-321
1.06718e-321
1.06718e-321
1.06718e-321
1.06718e-321
1.06718e-321
1.06718e-321
1.06718e-321
1.06718e-321
1.06718e-321
1.06718e-321
1.06718e-321
1.06718e-321
1.06718e-321
1.06718e-321
1.06718e-321
1.06718e-321
1.06718e-321
1.06718e-321
1.06718e-321
1.06718e-321
1.06718e-321
1.06718e-321
1.06718e-321
Re: 36553, We:5031
1.06718e-321

# Octree, 30 steps, 321.32 CPU, 324.1 real, 9.23e+04 points.step/s, 59 var
# 10 procs, MPI: min 53 (16%) avg 1.4e+02 (43%) max 2e+02 (62%)
---------------------------------------
Begin Slurm Epilog: Sep-23-2024 16:40:05
Job ID:        1415892
Array Job ID:  _4294967294
User ID:       wdunlop3
Account:       gts-ssuresh313
Job name:      BursynskiValidationConservingWithExtendedTimeHigherRes
Resources:     cpu=10,mem=160G,node=1
Rsrc Used:     cput=00:59:20,vmem=19444K,walltime=00:05:56,mem=6700K,energy_used=0
Partition:     cpu-medium
QOS:           inferno
Nodes:         atl1-1-03-004-1-2
---------------------------------------
