---------------------------------------
Begin Slurm Prolog: Sep-25-2024 16:54:22
Job ID:    1451493
User ID:   wdunlop3
Account:   gts-ssuresh313
Job name:  BursynskiValidationConservingWithExtendedTimeHigherRes
Partition: cpu-medium
QOS:       inferno
---------------------------------------
/storage/home/hcoda1/8/wdunlop3/basilisk/src/navier-stokes/conserving.h:28: error: the dimensional constraints below are not compatible
/src/navier-stokes/conserving.h:28: 'rhou += _const_cm*(clamp(f[],0.,1.)*(rho1 - rho2) + rho2)*u[]'
	└─  + [/src/navier-stokes/conserving.h:26: 'rhou = 0.'] + [/src/tension.h:43: 'amax = -1e30'] = [0]
/src/vof.h:284: 'c[] += dt*(flux[] - flux[0,1] + cc[]*(uf.y[0,1] - uf.y[]))/(_const_cm*Delta)'
	└─ [0,-1] - [/src/navier-stokes/conserving.h:26: 'rhou = 0.'] - [/src/tension.h:43: 'amax = -1e30'] = [0]
Re: 2271, We:31
1.17799e-09
3.42139e-10
5.10094e-10
6.26238e-10
6.6191e-10
6.3606e-10
5.85978e-10
5.71116e-10
5.59603e-10
5.89658e-10
5.78498e-10
5.69308e-10
5.52309e-10
5.1451e-10
5.83224e-10
6.14096e-10
6.1539e-10
6.21687e-10
6.3198e-10
6.15529e-10
5.84805e-10
5.62237e-10
5.07396e-10
4.78592e-10
5.15621e-10
5.53493e-10
5.48323e-10
5.51365e-10
5.52417e-10
5.14966e-10
Re: 2271, We:31
5.54126e-10
Re: 2271, We:31
3.70925e-10
1.20674e-09
8.40002e-10
6.42726e-10
5.52318e-10
5.40088e-10
5.60818e-10
5.55503e-10
5.6e-10
5.62297e-10
5.77001e-10
5.69464e-10
5.72395e-10
5.74586e-10
5.91332e-10
5.92103e-10
5.98344e-10
6.01972e-10
6.05702e-10
6.10056e-10
6.13697e-10
6.17855e-10
6.31658e-10
6.48628e-10
6.29956e-10
6.34143e-10
6.38371e-10
6.42664e-10
6.43194e-10
6.50571e-10
Re: 2271, We:31
6.54608e-10
Re: 2271, We:31
0
3.42139e-10
5.59708e-10
6.77824e-10
7.72642e-10
8.42242e-10
8.11829e-10
8.31882e-10
8.17255e-10
8.39339e-10
8.38492e-10
8.37605e-10
8.36772e-10
8.35668e-10
8.3487e-10
8.37826e-10
8.32703e-10
8.31564e-10
8.30363e-10
8.29117e-10
8.23993e-10
8.26075e-10
8.1473e-10
7.93878e-10
8.21637e-10
8.17062e-10
8.18309e-10
8.14071e-10
7.9808e-10
8.11584e-10
Re: 2271, We:31
7.91466e-10
Re: 2271, We:31
0
0
1.49165e-10
2.312e-10
2.26569e-10
2.21906e-10
2.17237e-10
2.12562e-10
2.07882e-10
2.03213e-10
1.98547e-10
1.93896e-10
1.89268e-10
1.84659e-10
1.80078e-10
1.76148e-10
1.70995e-10
1.66496e-10
1.62011e-10
1.57529e-10
1.56901e-10
1.48632e-10
1.44208e-10
1.39787e-10
1.35392e-10
1.3401e-10
1.26796e-10
1.2503e-10
1.38806e-10
1.16275e-10
Re: 2271, We:31
1.30742e-10
Re: 2271, We:31
0
2.36919e-10
3.22749e-10
4.80136e-10
5.43212e-10
5.17575e-10
5.02584e-10
5.28768e-10
5.08229e-10
5.34825e-10
5.33175e-10
5.47388e-10
5.35353e-10
4.84711e-10
5.86062e-10
5.7739e-10
5.56069e-10
5.67103e-10
6.1267e-10
5.96884e-10
5.95166e-10
5.86849e-10
5.60941e-10
5.09892e-10
5.16257e-10
5.63389e-10
5.58361e-10
5.46564e-10
5.46364e-10
5.40666e-10
Re: 2271, We:31
5.56545e-10
Re: 2271, We:31
1.54891e-09
1.20674e-09
1.03878e-09
9.19765e-10
8.84316e-10
8.57459e-10
9.21893e-10
9.26693e-10
9.53016e-10
9.03248e-10
9.05213e-10
9.27482e-10
9.47013e-10
9.8833e-10
9.0825e-10
8.77581e-10
8.80322e-10
8.76032e-10
8.6769e-10
8.85523e-10
9.18354e-10
9.42949e-10
9.99755e-10
1.03686e-09
9.95142e-10
9.59033e-10
9.65944e-10
9.64613e-10
9.65243e-10
1.00434e-09
Re: 2271, We:31
9.66796e-10
Re: 2271, We:31
1.54891e-09
1.8083e-10
2.3592e-10
2.51971e-10
2.52356e-10
2.52388e-10
2.48519e-10
2.4466e-10
2.40817e-10
2.37002e-10
2.33207e-10
2.29446e-10
2.25725e-10
2.22038e-10
2.18398e-10
2.14798e-10
2.11246e-10
2.07743e-10
2.22629e-10
2.00834e-10
2.03239e-10
2.3057e-10
2.23301e-10
1.87537e-10
1.87689e-10
2.09413e-10
2.04955e-10
2.26811e-10
2.19602e-10
1.89387e-10
Re: 2271, We:31
2.21844e-10
Re: 2271, We:31
0
1.28447e-09
1.22598e-09
1.04797e-09
9.79878e-10
1.00082e-09
1.01501e-09
9.88013e-10
1.00771e-09
9.80263e-10
9.8104e-10
9.65938e-10
9.77069e-10
1.02679e-09
9.24494e-10
9.32208e-10
9.52556e-10
9.40525e-10
8.942e-10
9.08687e-10
9.09333e-10
9.16557e-10
9.41342e-10
9.91231e-10
9.83676e-10
9.3532e-10
9.39084e-10
9.49584e-10
9.48427e-10
9.52621e-10
Re: 2271, We:31
9.35024e-10
Re: 2271, We:31
9.47948e-10
1.2893e-09
1.28489e-09
1.28874e-09
1.25173e-09
1.1966e-09
1.20103e-09
1.20547e-09
1.20991e-09
1.21435e-09
1.21879e-09
1.22322e-09
1.22763e-09
1.23203e-09
1.2364e-09
1.24075e-09
1.24507e-09
1.25102e-09
1.26092e-09
1.2579e-09
1.25635e-09
1.22988e-09
1.23804e-09
1.27472e-09
1.2755e-09
1.25473e-09
1.26015e-09
1.23928e-09
1.24749e-09
1.27871e-09
Re: 2271, We:31
1.24726e-09
Re: 2271, We:31
6.00966e-10
1.06238e-10
2.82027e-11
2.89401e-11
7.05807e-11
1.3037e-10
1.30613e-10
1.30851e-10
1.31089e-10
1.31316e-10
1.31537e-10
1.31761e-10
1.31975e-10
1.32186e-10
1.324e-10
1.32606e-10
1.32812e-10
1.31362e-10
1.07328e-10
1.33443e-10
1.33666e-10
1.33887e-10
1.34117e-10
1.34368e-10
1.34622e-10
1.34891e-10
1.35192e-10
1.35503e-10
1.35857e-10
1.36356e-10
Re: 2271, We:31
1.37057e-10

# Octree, 30 steps, 78.86 CPU, 80.79 real, 5.63e+04 points.step/s, 59 var
# 10 procs, MPI: min 12 (15%) avg 32 (39%) max 43 (54%)
---------------------------------------
Begin Slurm Epilog: Sep-25-2024 16:56:13
Job ID:        1451493
Array Job ID:  _4294967294
User ID:       wdunlop3
Account:       gts-ssuresh313
Job name:      BursynskiValidationConservingWithExtendedTimeHigherRes
Resources:     cpu=10,mem=160G,node=1
Rsrc Used:     cput=00:18:30,vmem=17568K,walltime=00:01:51,mem=6692K,energy_used=0
Partition:     cpu-medium
QOS:           inferno
Nodes:         atl1-1-02-003-21-1
---------------------------------------
