---------------------------------------
Begin Slurm Prolog: Sep-04-2024 16:14:41
Job ID:    1227626
User ID:   wdunlop3
Account:   gts-ssuresh313
Job name:  DropletImpactExample3D
Partition: cpu-small
QOS:       embers
---------------------------------------
ast/interpreter/overload.h:535: error: the dimensional constraints below are not compatible
ast/interpreter/overload.h:535: 't == DT'
	└─ [/src/run.h:16: 't = 0.'] = [0,1]
ast/interpreter/overload.h:545: 'e->t == t'
	└─ [/src/run.h:16: 't = 0.'] = [0]
/var/lib/slurm/slurmd/job1227626/slurm_script: line 17: 62799 Killed                  ./droplet_impact 2.18e-3 1.0 10
slurmstepd: error: Detected 1 oom_kill event in StepId=1227626.batch. Some of the step tasks have been OOM Killed.
---------------------------------------
Begin Slurm Epilog: Sep-04-2024 16:16:33
Job ID:        1227626
Array Job ID:  _4294967294
User ID:       wdunlop3
Account:       gts-ssuresh313
Job name:      DropletImpactExample3D
Resources:     cpu=4,mem=8G,node=1
Rsrc Used:     cput=00:07:28,vmem=7761308K,walltime=00:01:52,mem=7748048K,energy_used=0
Partition:     cpu-small
QOS:           embers
Nodes:         atl1-1-02-004-1-2
---------------------------------------
