---------------------------------------
Begin Slurm Prolog: Sep-25-2024 16:56:14
Job ID:    1451495
User ID:   wdunlop3
Account:   gts-ssuresh313
Job name:  BursynskiValidationConservingWithExtendedTimeHigherRes
Partition: cpu-medium
QOS:       inferno
---------------------------------------
/storage/home/hcoda1/8/wdunlop3/basilisk/src/navier-stokes/conserving.h:28: error: the dimensional constraints below are not compatible
/src/navier-stokes/conserving.h:28: 'rhou += _const_cm*(clamp(f[],0.,1.)*(rho1 - rho2) + rho2)*u[]'
	└─  + [/src/navier-stokes/conserving.h:26: 'rhou = 0.'] + [/src/tension.h:43: 'amax = -1e30'] = [0]
/src/vof.h:284: 'c[] += dt*(flux[] - flux[0,1] + cc[]*(uf.y[0,1] - uf.y[]))/(_const_cm*Delta)'
	└─ [0,-1] - [/src/navier-stokes/conserving.h:26: 'rhou = 0.'] - [/src/tension.h:43: 'amax = -1e30'] = [0]
Re: 2271, We:31
3.48857e-12
2.41503e-10
3.00067e-10
2.37776e-10
2.35942e-10
3.3546e-10
3.33561e-10
3.3155e-10
3.29541e-10
3.27535e-10
3.25531e-10
3.23542e-10
3.21555e-10
3.19569e-10
3.17582e-10
3.15599e-10
3.13616e-10
3.11633e-10
3.09651e-10
3.07672e-10
3.05694e-10
3.03727e-10
3.01756e-10
3.00298e-10
2.97836e-10
2.95881e-10
2.93922e-10
2.91967e-10
2.90204e-10
2.92535e-10
Re: 2271, We:31
2.90598e-10
Re: 2271, We:31
3.71937e-10
5.7289e-10
7.84338e-10
8.6391e-10
8.99731e-10
8.40784e-10
7.90106e-10
7.96555e-10
7.78028e-10
7.72168e-10
7.58686e-10
7.66612e-10
7.50111e-10
7.4932e-10
7.45294e-10
7.45168e-10
7.44892e-10
7.29068e-10
7.44384e-10
7.37237e-10
7.35826e-10
7.30217e-10
7.36684e-10
7.43492e-10
7.38902e-10
7.15948e-10
7.08459e-10
7.32102e-10
7.42872e-10
7.42708e-10
Re: 2271, We:31
7.32431e-10
Re: 2271, We:31
4.25357e-10
7.55321e-10
7.96526e-10
8.48445e-10
8.48311e-10
7.7163e-10
7.71783e-10
7.72043e-10
7.72525e-10
7.728e-10
7.73074e-10
7.73054e-10
7.73297e-10
7.73539e-10
7.73778e-10
7.74014e-10
7.74413e-10
7.74479e-10
7.74707e-10
7.74933e-10
7.75156e-10
7.75375e-10
7.75592e-10
7.75299e-10
7.75909e-10
7.76101e-10
7.76295e-10
7.76484e-10
7.76648e-10
7.72552e-10
Re: 2271, We:31
7.72704e-10
Re: 2271, We:31
1.57816e-10
3.23575e-10
6.09181e-10
6.65185e-10
6.43033e-10
6.85e-10
6.85299e-10
6.94779e-10
7.32047e-10
7.52496e-10
7.36229e-10
7.25334e-10
7.45816e-10
6.95456e-10
7.30794e-10
7.20755e-10
7.34825e-10
6.96744e-10
7.36123e-10
7.07216e-10
7.09037e-10
6.9513e-10
7.2032e-10
7.08507e-10
7.09067e-10
7.08384e-10
7.10172e-10
7.17989e-10
7.27142e-10
7.17012e-10
Re: 2271, We:31
7.12489e-10
Re: 2271, We:31
1.17889e-09
9.73759e-10
6.64233e-10
6.04848e-10
5.7184e-10
5.73295e-10
5.75512e-10
5.76962e-10
5.78424e-10
5.74917e-10
5.82129e-10
5.84638e-10
5.87976e-10
6.03904e-10
5.89773e-10
5.91585e-10
5.93544e-10
6.11051e-10
5.97315e-10
6.06239e-10
6.09324e-10
6.16598e-10
6.11743e-10
6.06333e-10
6.1289e-10
6.37493e-10
6.55595e-10
6.24636e-10
6.15288e-10
6.17091e-10
Re: 2271, We:31
6.28696e-10
Re: 2271, We:31
1.12198e-09
5.58119e-10
5.56426e-10
5.46612e-10
5.45767e-10
5.80421e-10
6.30629e-10
6.24481e-10
6.43073e-10
6.5417e-10
6.62169e-10
6.53743e-10
6.6865e-10
6.55259e-10
6.75162e-10
6.75224e-10
6.75125e-10
6.75358e-10
6.75531e-10
6.75509e-10
6.75588e-10
6.75672e-10
6.75813e-10
6.76167e-10
6.76053e-10
6.76167e-10
6.67317e-10
6.76399e-10
6.76577e-10
6.76703e-10
Re: 2271, We:31
6.77159e-10
Re: 2271, We:31
4.44163e-10
3.26956e-10
2.85001e-10
4.72175e-10
4.24777e-10
3.40128e-10
3.19302e-10
3.35216e-10
3.38665e-10
3.60596e-10
3.66029e-10
3.5577e-10
3.50858e-10
3.39885e-10
3.80682e-10
3.92169e-10
3.88743e-10
3.5727e-10
3.80227e-10
3.58085e-10
3.74574e-10
3.64943e-10
3.89208e-10
3.88282e-10
3.91567e-10
3.83544e-10
3.75929e-10
3.78121e-10
3.83981e-10
4.00616e-10
Re: 2271, We:31
3.94138e-10
Re: 2271, We:31
1.06971e-09
1.1383e-09
8.96228e-10
8.57519e-10
8.79379e-10
8.07596e-10
7.83462e-10
7.81201e-10
7.43613e-10
7.35879e-10
7.38791e-10
7.49366e-10
7.28564e-10
7.75819e-10
7.43745e-10
7.52661e-10
7.38268e-10
7.70392e-10
7.36322e-10
7.64827e-10
7.62755e-10
7.76337e-10
7.50818e-10
7.62303e-10
7.61416e-10
7.66997e-10
7.68113e-10
7.6492e-10
7.58847e-10
7.53641e-10
Re: 2271, We:31
7.55993e-10
Re: 2271, We:31
1.08021e-09
1.12933e-09
1.15355e-09
1.011e-09
1.02436e-09
1.12087e-09
1.14582e-09
1.13078e-09
1.1272e-09
1.09222e-09
1.09975e-09
1.10984e-09
1.11357e-09
1.12726e-09
1.08399e-09
1.07323e-09
1.07524e-09
1.11186e-09
1.08349e-09
1.10556e-09
1.08888e-09
1.09838e-09
1.07513e-09
1.07635e-09
1.07317e-09
1.07589e-09
1.0802e-09
1.07297e-09
1.06363e-09
1.06191e-09
Re: 2271, We:31
1.07012e-09
Re: 2271, We:31
3.49757e-10
1.8343e-10
1.57631e-10
9.57147e-11
1.30039e-10
1.48e-10
1.67711e-10
1.59609e-10
1.60064e-10
1.604e-10
1.60795e-10
1.6128e-10
1.62777e-10
1.63172e-10
1.62374e-10
1.62769e-10
1.64514e-10
1.65319e-10
1.65422e-10
1.65896e-10
1.6634e-10
1.668e-10
1.66112e-10
1.66142e-10
1.66368e-10
1.66771e-10
1.67177e-10
1.67583e-10
1.67991e-10
1.68404e-10
Re: 2271, We:31
1.68845e-10

# Octree, 30 steps, 229.41 CPU, 231.8 real, 9.33e+04 points.step/s, 59 var
# 10 procs, MPI: min 35 (15%) avg 95 (41%) max 1.4e+02 (60%)
---------------------------------------
Begin Slurm Epilog: Sep-25-2024 17:00:34
Job ID:        1451495
Array Job ID:  _4294967294
User ID:       wdunlop3
Account:       gts-ssuresh313
Job name:      BursynskiValidationConservingWithExtendedTimeHigherRes
Resources:     cpu=10,mem=160G,node=1
Rsrc Used:     cput=00:43:10,vmem=6708K,walltime=00:04:19,mem=6700K,energy_used=0
Partition:     cpu-medium
QOS:           inferno
Nodes:         atl1-1-02-003-21-1
---------------------------------------
