---------------------------------------
Begin Slurm Prolog: Sep-06-2024 13:34:16
Job ID:    1243528
User ID:   wdunlop3
Account:   gts-ssuresh313
Job name:  DropImpact
Partition: cpu-small
QOS:       embers
---------------------------------------
ast/interpreter/overload.h:535: error: the dimensional constraints below are not compatible
ast/interpreter/overload.h:535: 't == DT'
	└─ [/src/run.h:16: 't = 0.'] = [0,1]
ast/interpreter/overload.h:545: 'e->t == t'
	└─ [/src/run.h:16: 't = 0.'] = [0]
Re: 2240, We:27
1
2
2
2
2
2
2
2
2
2
2
2
2
2
2
2
2
2
2
3
3
3
3
3
3
3
3
3
3
3
3
3
3
3
3
3
3
3
3
3
3
3
3
3
3
3
3
3
3
3
3
3
3
3
3
3
3
3
3
3
3
3
3
3
3
3
3
3
3
3
3
3
3
3
3
3
3
3
3
3
3
3
3
3
3
3
3
3
3
3
3
3
3
3
3
3
3
3
3
3
3
3
3
3
3
3
3
3
3
3
3
3
3
3
3
3
3
3
3
3
3
3
3
3
3
3
3
3
3
3
3
3
3
3
3
3
3
3
3
3
3
3
3
3
3
3
3
3
3
3
3
3
3
3
3
3
3
3
3
3
3
3
3
3
3
3
3
3
3
3
3
3
3
3
3
3
3
3
3
3
3
3
3
3
3
3
3
3
3
3
3
3
3
3
3
3
3
3
3
4
4
4
4
4
4
4
4
4
4
4
4
4
4
4
4
4
4
4
4
4
4
4
4
4
4
4
4
4
4
4
4
4
4
4
4
4
4
4
4
4
4
Re: 2240, We:27

# Octree, 1207 steps, 11404.7 CPU, 1.148e+04 real, 1.45e+04 points.step/s, 41 var
---------------------------------------
Begin Slurm Epilog: Sep-06-2024 16:45:55
Job ID:        1243528
Array Job ID:  _4294967294
User ID:       wdunlop3
Account:       gts-ssuresh313
Job name:      DropImpact
Resources:     cpu=1,mem=7G,node=1
Rsrc Used:     cput=03:11:39,vmem=587956K,walltime=03:11:39,mem=565152K,energy_used=0
Partition:     cpu-small
QOS:           embers
Nodes:         atl1-1-02-020-34-2
---------------------------------------
