---------------------------------------
Begin Slurm Prolog: Sep-23-2024 16:21:03
Job ID:    1415725
User ID:   wdunlop3
Account:   gts-ssuresh313
Job name:  BursynskiValidationConservingWithExtendedTimeHigherRes
Partition: cpu-medium
QOS:       inferno
---------------------------------------
droplet_impact.c: In function 'update_contact_angle':
droplet_impact.c:264:20: warning: implicit declaration of function 'array_max'; did you mean 'array_new'? [-Wimplicit-function-declaration]
droplet_impact.c:264:12: warning: format '%g' expects argument of type 'double', but argument 2 has type 'int' [-Wformat=]
droplet_impact.c: In function 'array_max':
droplet_impact.c:284:1: warning: control reaches end of non-void function [-Wreturn-type]
/storage/home/hcoda1/8/wdunlop3/basilisk/src/navier-stokes/conserving.h:28: error: the dimensional constraints below are not compatible
/src/navier-stokes/conserving.h:28: 'rhou += _const_cm*(clamp(f[],0.,1.)*(rho1 - rho2) + rho2)*u[]'
	└─  + [/src/navier-stokes/conserving.h:26: 'rhou = 0.'] + [/src/tension.h:43: 'amax = -1e30'] = [0]
/src/vof.h:284: 'c[] += dt*(flux[] - flux[0,1] + cc[]*(uf.y[0,1] - uf.y[]))/(_const_cm*Delta)'
	└─ [0,-1] - [/src/navier-stokes/conserving.h:26: 'rhou = 0.'] - [/src/tension.h:43: 'amax = -1e30'] = [0]
Re: 36653, We:5045
1.06718e-321
1.06718e-321
1.06718e-321
1.06718e-321
1.06718e-321
1.06718e-321
1.06718e-321
1.06718e-321
1.06718e-321
1.06718e-321
1.06718e-321
1.06718e-321
1.06718e-321
1.06718e-321
1.06718e-321
1.06718e-321
1.06718e-321
1.06718e-321
1.06718e-321
1.06718e-321
1.06718e-321
1.06718e-321
1.06718e-321
1.06718e-321
1.06718e-321
1.06718e-321
1.06718e-321
1.06718e-321
1.06718e-321
1.06718e-321
1.06718e-321
1.06718e-321
1.06718e-321
1.06718e-321
1.06718e-321
1.06718e-321
1.06718e-321
1.06718e-321
1.06718e-321
1.06718e-321
1.06718e-321
1.06718e-321
1.06718e-321
1.06718e-321
1.06718e-321
1.06718e-321
1.06718e-321
1.06718e-321
1.06718e-321
1.06718e-321
1.06718e-321
1.06718e-321
1.06718e-321
1.06718e-321
1.06718e-321
1.06718e-321
1.06718e-321
1.06718e-321
1.06718e-321
1.06718e-321
1.06718e-321
1.06718e-321
1.06718e-321
1.06718e-321
1.06718e-321
1.06718e-321
1.06718e-321
1.06718e-321
1.06718e-321
1.06718e-321
1.06718e-321
1.06718e-321
1.06718e-321
1.07509e-320
2.81339e-315
484834
-1
76129
-1
-1
-1
-1
-1
-1
6.95336e-310
1.06718e-321
-1
-1
-1
3.95253e-323
-1
-1
2.58333e-315
-1
3.57858e-315
2.78669e-315
2.78045e-315
3.02221e-316
2.76849e-315
1.4822e-322
Re: 36653, We:5045
2.67701e-315
Re: 36653, We:5045
1.06718e-321
1.06718e-321
1.06718e-321
1.06718e-321
1.06718e-321
1.06718e-321
1.06718e-321
1.06718e-321
1.06718e-321
1.06718e-321
1.06718e-321
1.06718e-321
1.06718e-321
1.06718e-321
1.06718e-321
1.06718e-321
1.06718e-321
1.06718e-321
1.06718e-321
1.06718e-321
1.06718e-321
1.06718e-321
1.06718e-321
1.06718e-321
1.06718e-321
1.06718e-321
1.06718e-321
1.06718e-321
1.06718e-321
1.06718e-321
1.06718e-321
1.06718e-321
1.06718e-321
1.06718e-321
1.06718e-321
1.06718e-321
1.06718e-321
1.06718e-321
1.06718e-321
1.06718e-321
1.06718e-321
1.06718e-321
1.06718e-321
1.06718e-321
1.06718e-321
1.06718e-321
1.06718e-321
1.06718e-321
1.06718e-321
1.06718e-321
1.06718e-321
1.06718e-321
1.06718e-321
1.06718e-321
1.06718e-321
1.06718e-321
1.06718e-321
1.06718e-321
1.06718e-321
1.06718e-321
1.06718e-321
1.06718e-321
1.06718e-321
1.06718e-321
1.06718e-321
1.06718e-321
1.06718e-321
1.06718e-321
1.06718e-321
1.06718e-321
1.06718e-321
1.06718e-321
1.06718e-321
1.05137e-320
3.20828e-315
484834
-1
76129
-1
-1
-1
-1
-1
-1
6.95336e-310
1.06718e-321
-1
-1
-1
3.95253e-323
-1
-1
4.96822e-315
-1
3.21654e-315
3.22168e-315
3.20636e-315
4.8798e-315
3.21806e-315
1.4822e-322
Re: 36653, We:5045
2.77486e-315
Re: 36653, We:5045
1.06718e-321
1.06718e-321
1.06718e-321
1.06718e-321
1.06718e-321
1.06718e-321
1.06718e-321
1.06718e-321
1.06718e-321
1.06718e-321
1.06718e-321
1.06718e-321
1.06718e-321
1.06718e-321
1.06718e-321
1.06718e-321
1.06718e-321
1.06718e-321
1.06718e-321
1.06718e-321
1.06718e-321
1.06718e-321
1.06718e-321
1.06718e-321
1.06718e-321
1.06718e-321
1.06718e-321
1.06718e-321
1.06718e-321
1.06718e-321
1.06718e-321
1.06718e-321
1.06718e-321
1.06718e-321
1.06718e-321
1.06718e-321
1.06718e-321
1.06718e-321
1.06718e-321
1.06718e-321
1.06718e-321
1.06718e-321
1.06718e-321
1.06718e-321
1.06718e-321
1.06718e-321
1.06718e-321
1.06718e-321
1.06718e-321
1.06718e-321
1.06718e-321
1.06718e-321
1.06718e-321
1.06718e-321
1.06718e-321
1.06718e-321
1.06718e-321
1.06718e-321
1.06718e-321
1.06718e-321
1.06718e-321
1.06718e-321
1.06718e-321
1.06718e-321
1.06718e-321
1.06718e-321
1.06718e-321
1.06718e-321
1.06718e-321
1.06718e-321
1.06718e-321
1.06718e-321
1.06718e-321
3.95253e-323
2.20269e-315
484834
-1
76129
-1
-1
-1
-1
-1
-1
6.95336e-310
1.06718e-321
-1
-1
-1
3.95253e-323
-1
-1
1.93922e-315
-1
1.93922e-315
1.93922e-315
1.93922e-315
1.93922e-315
1.93922e-315
1.4822e-322
Re: 36653, We:5045
1.93922e-315
Re: 36653, We:5045
1.06718e-321
1.06718e-321
1.06718e-321
1.06718e-321
1.06718e-321
1.06718e-321
1.06718e-321
1.06718e-321
1.06718e-321
1.06718e-321
1.06718e-321
1.06718e-321
1.06718e-321
1.06718e-321
1.06718e-321
1.06718e-321
1.06718e-321
1.06718e-321
1.06718e-321
1.06718e-321
1.06718e-321
1.06718e-321
1.06718e-321
1.06718e-321
1.06718e-321
1.06718e-321
1.06718e-321
1.06718e-321
1.06718e-321
1.06718e-321
1.06718e-321
1.06718e-321
1.06718e-321
1.06718e-321
1.06718e-321
1.06718e-321
1.06718e-321
1.06718e-321
1.06718e-321
1.06718e-321
1.06718e-321
1.06718e-321
1.06718e-321
1.06718e-321
1.06718e-321
1.06718e-321
1.06718e-321
1.06718e-321
1.06718e-321
1.06718e-321
1.06718e-321
1.06718e-321
1.06718e-321
1.06718e-321
1.06718e-321
1.06718e-321
1.06718e-321
1.06718e-321
1.06718e-321
1.06718e-321
1.06718e-321
1.06718e-321
1.06718e-321
1.06718e-321
1.06718e-321
1.06718e-321
1.06718e-321
1.06718e-321
1.06718e-321
1.06718e-321
1.06718e-321
1.06718e-321
1.06718e-321
1.01185e-320
4.09044e-315
484834
-1
76129
-1
-1
-1
-1
-1
-1
6.95336e-310
1.06718e-321
-1
-1
-1
3.95253e-323
-1
-1
2.73821e-315
-1
1.24676e-316
1.96382e-315
2.55567e-315
1.99402e-315
2.8531e-316
1.4822e-322
Re: 36653, We:5045
1.05408e-316
Re: 36653, We:5045
1.06718e-321
1.06718e-321
1.06718e-321
1.06718e-321
1.06718e-321
1.06718e-321
1.06718e-321
1.06718e-321
1.06718e-321
1.06718e-321
1.06718e-321
1.06718e-321
1.06718e-321
1.06718e-321
1.06718e-321
1.06718e-321
1.06718e-321
1.06718e-321
1.06718e-321
1.06718e-321
1.06718e-321
1.06718e-321
1.06718e-321
1.06718e-321
1.06718e-321
1.06718e-321
1.06718e-321
1.06718e-321
1.06718e-321
1.06718e-321
1.06718e-321
1.06718e-321
1.06718e-321
1.06718e-321
1.06718e-321
1.06718e-321
1.06718e-321
1.06718e-321
1.06718e-321
1.06718e-321
1.06718e-321
1.06718e-321
1.06718e-321
1.06718e-321
1.06718e-321
1.06718e-321
1.06718e-321
1.06718e-321
1.06718e-321
1.06718e-321
1.06718e-321
1.06718e-321
1.06718e-321
1.06718e-321
1.06718e-321
1.06718e-321
1.06718e-321
1.06718e-321
1.06718e-321
1.06718e-321
1.06718e-321
1.06718e-321
1.06718e-321
1.06718e-321
1.06718e-321
1.06718e-321
1.06718e-321
1.06718e-321
1.06718e-321
1.06718e-321
1.06718e-321
1.06718e-321
1.06718e-321
1.01185e-320
2.63877e-315
484834
-1
76129
-1
-1
-1
-1
-1
-1
6.95336e-310
1.06718e-321
-1
-1
-1
3.95253e-323
-1
-1
2.62772e-315
-1
2.40566e-315
2.47581e-315
2.74323e-315
2.06282e-315
2.37897e-315
1.4822e-322
Re: 36653, We:5045
2.66031e-315
Re: 36653, We:5045
1.06718e-321
1.06718e-321
1.06718e-321
1.06718e-321
1.06718e-321
1.06718e-321
1.06718e-321
1.06718e-321
1.06718e-321
1.06718e-321
1.06718e-321
1.06718e-321
1.06718e-321
1.06718e-321
1.06718e-321
1.06718e-321
1.06718e-321
1.06718e-321
1.06718e-321
1.06718e-321
1.06718e-321
1.06718e-321
1.06718e-321
1.06718e-321
1.06718e-321
1.06718e-321
1.06718e-321
1.06718e-321
1.06718e-321
1.06718e-321
1.06718e-321
1.06718e-321
1.06718e-321
1.06718e-321
1.06718e-321
1.06718e-321
1.06718e-321
1.06718e-321
1.06718e-321
1.06718e-321
1.06718e-321
1.06718e-321
1.06718e-321
1.06718e-321
1.06718e-321
1.06718e-321
1.06718e-321
1.06718e-321
1.06718e-321
1.06718e-321
1.06718e-321
1.06718e-321
1.06718e-321
1.06718e-321
1.06718e-321
1.06718e-321
1.06718e-321
1.06718e-321
1.06718e-321
1.06718e-321
1.06718e-321
1.06718e-321
1.06718e-321
1.06718e-321
1.06718e-321
1.06718e-321
1.06718e-321
1.06718e-321
1.06718e-321
1.06718e-321
1.06718e-321
1.06718e-321
1.06718e-321
1.14623e-320
3.29555e-315
484834
-1
76129
-1
-1
-1
-1
-1
-1
6.95336e-310
1.06718e-321
-1
-1
-1
3.95253e-323
-1
-1
2.70386e-315
-1
2.80273e-315
3.37908e-315
2.70492e-315
2.70811e-315
2.82416e-315
1.4822e-322
Re: 36653, We:5045
3.43876e-315
Re: 36653, We:5045
1.06718e-321
1.06718e-321
1.06718e-321
1.06718e-321
1.06718e-321
1.06718e-321
1.06718e-321
1.06718e-321
1.06718e-321
1.06718e-321
1.06718e-321
1.06718e-321
1.06718e-321
1.06718e-321
1.06718e-321
1.06718e-321
1.06718e-321
1.06718e-321
1.06718e-321
1.06718e-321
1.06718e-321
1.06718e-321
1.06718e-321
1.06718e-321
1.06718e-321
1.06718e-321
1.06718e-321
1.06718e-321
1.06718e-321
1.06718e-321
1.06718e-321
1.06718e-321
1.06718e-321
1.06718e-321
1.06718e-321
1.06718e-321
1.06718e-321
1.06718e-321
1.06718e-321
1.06718e-321
1.06718e-321
1.06718e-321
1.06718e-321
1.06718e-321
1.06718e-321
1.06718e-321
1.06718e-321
1.06718e-321
1.06718e-321
1.06718e-321
1.06718e-321
1.06718e-321
1.06718e-321
1.06718e-321
1.06718e-321
1.06718e-321
1.06718e-321
1.06718e-321
1.06718e-321
1.06718e-321
1.06718e-321
1.06718e-321
1.06718e-321
1.06718e-321
1.06718e-321
1.06718e-321
1.06718e-321
1.06718e-321
1.06718e-321
1.06718e-321
1.06718e-321
1.06718e-321
1.06718e-321
1.01185e-320
2.45245e-315
484834
-1
76129
-1
-1
-1
-1
-1
-1
6.95336e-310
1.06718e-321
-1
-1
-1
3.95253e-323
-1
-1
2.70075e-315
-1
2.87146e-315
2.57495e-315
2.62506e-315
2.4891e-315
2.57902e-315
1.4822e-322
Re: 36653, We:5045
2.89778e-315
Re: 36653, We:5045
1.06718e-321
1.06718e-321
1.06718e-321
1.06718e-321
1.06718e-321
1.06718e-321
1.06718e-321
1.06718e-321
1.06718e-321
1.06718e-321
1.06718e-321
1.06718e-321
1.06718e-321
1.06718e-321
1.06718e-321
1.06718e-321
1.06718e-321
1.06718e-321
1.06718e-321
1.06718e-321
1.06718e-321
1.06718e-321
1.06718e-321
1.06718e-321
1.06718e-321
1.06718e-321
1.06718e-321
1.06718e-321
1.06718e-321
1.06718e-321
1.06718e-321
1.06718e-321
1.06718e-321
1.06718e-321
1.06718e-321
1.06718e-321
1.06718e-321
1.06718e-321
1.06718e-321
1.06718e-321
1.06718e-321
1.06718e-321
1.06718e-321
1.06718e-321
1.06718e-321
1.06718e-321
1.06718e-321
1.06718e-321
1.06718e-321
1.06718e-321
1.06718e-321
1.06718e-321
1.06718e-321
1.06718e-321
1.06718e-321
1.06718e-321
1.06718e-321
1.06718e-321
1.06718e-321
1.06718e-321
1.06718e-321
1.06718e-321
1.06718e-321
1.06718e-321
1.06718e-321
1.06718e-321
1.06718e-321
1.06718e-321
1.06718e-321
1.06718e-321
1.06718e-321
1.06718e-321
1.06718e-321
1.07509e-320
2.44906e-315
484834
-1
76129
-1
-1
-1
-1
-1
-1
6.95336e-310
1.06718e-321
-1
-1
-1
3.95253e-323
-1
-1
3.20783e-316
-1
2.24716e-315
1.40752e-316
1.62491e-316
9.47793e-317
3.03246e-316
1.4822e-322
Re: 36653, We:5045
1.99037e-315
Re: 36653, We:5045
1.06718e-321
1.06718e-321
1.06718e-321
1.06718e-321
1.06718e-321
1.06718e-321
1.06718e-321
1.06718e-321
1.06718e-321
1.06718e-321
1.06718e-321
1.06718e-321
1.06718e-321
1.06718e-321
1.06718e-321
1.06718e-321
1.06718e-321
1.06718e-321
1.06718e-321
1.06718e-321
1.06718e-321
1.06718e-321
1.06718e-321
1.06718e-321
1.06718e-321
1.06718e-321
1.06718e-321
1.06718e-321
1.06718e-321
1.06718e-321
1.06718e-321
1.06718e-321
1.06718e-321
1.06718e-321
1.06718e-321
1.06718e-321
1.06718e-321
1.06718e-321
1.06718e-321
1.06718e-321
1.06718e-321
1.06718e-321
1.06718e-321
1.06718e-321
1.06718e-321
1.06718e-321
1.06718e-321
1.06718e-321
1.06718e-321
1.06718e-321
1.06718e-321
1.06718e-321
1.06718e-321
1.06718e-321
1.06718e-321
1.06718e-321
1.06718e-321
1.06718e-321
1.06718e-321
1.06718e-321
1.06718e-321
1.06718e-321
1.06718e-321
1.06718e-321
1.06718e-321
1.06718e-321
1.06718e-321
1.06718e-321
1.06718e-321
1.06718e-321
1.06718e-321
1.06718e-321
1.06718e-321
1.01185e-320
1.70008e-316
484834
-1
76129
-1
-1
-1
-1
-1
-1
6.95336e-310
1.06718e-321
-1
-1
-1
3.95253e-323
-1
-1
3.29375e-315
-1
1.89978e-315
3.28854e-315
3.28623e-315
3.25908e-315
1.90332e-315
1.4822e-322
Re: 36653, We:5045
2.00699e-315
Re: 36653, We:5045
1.06718e-321
1.06718e-321
1.06718e-321
1.06718e-321
1.06718e-321
1.06718e-321
1.06718e-321
1.06718e-321
1.06718e-321
1.06718e-321
1.06718e-321
1.06718e-321
1.06718e-321
1.06718e-321
1.06718e-321
1.06718e-321
1.06718e-321
1.06718e-321
1.06718e-321
1.06718e-321
1.06718e-321
1.06718e-321
1.06718e-321
1.06718e-321
1.06718e-321
1.06718e-321
1.06718e-321
1.06718e-321
1.06718e-321
1.06718e-321
1.06718e-321
1.06718e-321
1.06718e-321
1.06718e-321
1.06718e-321
1.06718e-321
1.06718e-321
1.06718e-321
1.06718e-321
1.06718e-321
1.06718e-321
1.06718e-321
1.06718e-321
1.06718e-321
1.06718e-321
1.06718e-321
1.06718e-321
1.06718e-321
1.06718e-321
1.06718e-321
1.06718e-321
1.06718e-321
1.06718e-321
1.06718e-321
1.06718e-321
1.06718e-321
1.06718e-321
1.06718e-321
1.06718e-321
1.06718e-321
1.06718e-321
1.06718e-321
1.06718e-321
1.06718e-321
1.06718e-321
1.06718e-321
1.06718e-321
1.06718e-321
1.06718e-321
1.06718e-321
1.06718e-321
1.06718e-321
1.06718e-321
3.95253e-323
2.68254e-315
484834
-1
76129
-1
-1
-1
-1
-1
-1
6.95336e-310
1.06718e-321
-1
-1
-1
3.95253e-323
-1
-1
3.21842e-315
-1
3.29207e-315
2.87177e-315
2.92501e-316
2.05803e-316
3.17435e-315
1.4822e-322
Re: 36653, We:5045
2.6275e-315

# Octree, 100 steps, 997.31 CPU, 1006 real, 8.94e+04 points.step/s, 59 var
# 10 procs, MPI: min 1.6e+02 (16%) avg 4.3e+02 (43%) max 6.2e+02 (61%)
---------------------------------------
Begin Slurm Epilog: Sep-23-2024 16:38:21
Job ID:        1415725
Array Job ID:  _4294967294
User ID:       wdunlop3
Account:       gts-ssuresh313
Job name:      BursynskiValidationConservingWithExtendedTimeHigherRes
Resources:     cpu=10,mem=160G,node=1
Rsrc Used:     cput=02:53:00,vmem=180972K,walltime=00:17:18,mem=162764K,energy_used=0
Partition:     cpu-medium
QOS:           inferno
Nodes:         atl1-1-03-003-33-1
---------------------------------------
