---------------------------------------
Begin Slurm Prolog: Sep-13-2024 13:33:16
Job ID:    1278106
User ID:   wdunlop3
Account:   gts-ssuresh313
Job name:  BursynskiValidation
Partition: cpu-medium
QOS:       inferno
---------------------------------------
ast/interpreter/overload.h:535: error: the dimensional constraints below are not compatible
ast/interpreter/overload.h:535: 't == DT'
	└─ [/src/run.h:16: 't = 0.'] = [0,1]
ast/interpreter/overload.h:545: 'e->t == t'
	└─ [/src/run.h:16: 't = 0.'] = [0]
slurmstepd: error: *** JOB 1278106 ON atl1-1-01-003-30-1 CANCELLED AT 2024-09-13T19:33:46 DUE TO TIME LIMIT ***
slurmstepd: error: *** STEP 1278106.0 ON atl1-1-01-003-30-1 CANCELLED AT 2024-09-13T19:33:46 DUE TO TIME LIMIT ***
---------------------------------------
Begin Slurm Epilog: Sep-13-2024 19:33:48
Job ID:        1278106
Array Job ID:  _4294967294
User ID:       wdunlop3
Account:       gts-ssuresh313
Job name:      BursynskiValidation
Resources:     cpu=10,mem=160G,node=1
Rsrc Used:     cput=2-12:05:00,vmem=6708K,walltime=06:00:30,mem=6692K,energy_used=0
Partition:     cpu-medium
QOS:           inferno
Nodes:         atl1-1-01-003-30-1
---------------------------------------
