---------------------------------------
Begin Slurm Prolog: Sep-24-2024 16:33:06
Job ID:    1431703
User ID:   wdunlop3
Account:   gts-ssuresh313
Job name:  BursynskiValidationConservingWithExtendedTimeHigherRes
Partition: cpu-medium
QOS:       inferno
---------------------------------------
ast/interpreter/overload.h:535: error: the dimensional constraints below are not compatible
ast/interpreter/overload.h:535: 't == DT'
	└─ [/src/run.h:16: 't = 0.'] = [0,1]
ast/interpreter/overload.h:545: 'e->t == t'
	└─ [/src/run.h:16: 't = 0.'] = [0]
slurmstepd: error: *** JOB 1431703 ON atl1-1-02-003-5-1 CANCELLED AT 2024-09-25T09:13:12 DUE TO TIME LIMIT ***
slurmstepd: error: *** STEP 1431703.0 ON atl1-1-02-003-5-1 CANCELLED AT 2024-09-25T09:13:12 DUE TO TIME LIMIT ***
srun: Job step aborted: Waiting up to 32 seconds for job step to finish.
---------------------------------------
Begin Slurm Epilog: Sep-25-2024 09:13:17
Job ID:        1431703
Array Job ID:  _4294967294
User ID:       wdunlop3
Account:       gts-ssuresh313
Job name:      BursynskiValidationConservingWithExtendedTimeHigherRes
Resources:     cpu=10,mem=160G,node=1
Rsrc Used:     cput=6-22:41:10,vmem=7.50M,walltime=16:40:07,mem=6692K,energy_used=0
Partition:     cpu-medium
QOS:           inferno
Nodes:         atl1-1-02-003-5-1
---------------------------------------
