---------------------------------------
Begin Slurm Prolog: Sep-23-2024 16:18:27
Job ID:    1415697
User ID:   wdunlop3
Account:   gts-ssuresh313
Job name:  BursynskiValidationConservingWithExtendedTimeHigherRes
Partition: cpu-medium
QOS:       inferno
---------------------------------------
droplet_impact.c: In function 'update_contact_angle':
droplet_impact.c:264:20: warning: implicit declaration of function 'array_max'; did you mean 'array_new'? [-Wimplicit-function-declaration]
droplet_impact.c:264:12: warning: format '%g' expects argument of type 'double', but argument 2 has type 'int' [-Wformat=]
droplet_impact.c: In function 'array_max':
droplet_impact.c:279:9: error: 'i' undeclared (first use in this function)
droplet_impact.c:279:9: note: each undeclared identifier is reported only once for each function it appears in
droplet_impact.c:284:1: warning: control reaches end of non-void function [-Wreturn-type]
slurmstepd: error: execve(): /storage/home/hcoda1/8/wdunlop3/high_speed_droplet_impact4/droplet_impact_high_speed/impact3D/./droplet_impact_1071752: No such file or directory
slurmstepd: error: execve(): /storage/home/hcoda1/8/wdunlop3/high_speed_droplet_impact4/droplet_impact_high_speed/impact3D/./droplet_impact_1071752: No such file or directory
slurmstepd: error: execve(): /storage/home/hcoda1/8/wdunlop3/high_speed_droplet_impact4/droplet_impact_high_speed/impact3D/./droplet_impact_1071752: No such file or directory
slurmstepd: error: execve(): /storage/home/hcoda1/8/wdunlop3/high_speed_droplet_impact4/droplet_impact_high_speed/impact3D/./droplet_impact_1071752: No such file or directory
slurmstepd: error: execve(): /storage/home/hcoda1/8/wdunlop3/high_speed_droplet_impact4/droplet_impact_high_speed/impact3D/./droplet_impact_1071752: No such file or directory
slurmstepd: error: execve(): /storage/home/hcoda1/8/wdunlop3/high_speed_droplet_impact4/droplet_impact_high_speed/impact3D/./droplet_impact_1071752: No such file or directory
slurmstepd: error: execve(): /storage/home/hcoda1/8/wdunlop3/high_speed_droplet_impact4/droplet_impact_high_speed/impact3D/./droplet_impact_1071752: No such file or directory
slurmstepd: error: execve(): /storage/home/hcoda1/8/wdunlop3/high_speed_droplet_impact4/droplet_impact_high_speed/impact3D/./droplet_impact_1071752: No such file or directory
slurmstepd: error: execve(): /storage/home/hcoda1/8/wdunlop3/high_speed_droplet_impact4/droplet_impact_high_speed/impact3D/./droplet_impact_1071752: No such file or directory
slurmstepd: error: execve(): /storage/home/hcoda1/8/wdunlop3/high_speed_droplet_impact4/droplet_impact_high_speed/impact3D/./droplet_impact_1071752: No such file or directory
srun: error: atl1-1-02-002-5-2: tasks 0-9: Exited with exit code 2
rm: cannot remove ‘droplet_impact_1071752’: No such file or directory
---------------------------------------
Begin Slurm Epilog: Sep-23-2024 16:18:30
Job ID:        1415697
Array Job ID:  _4294967294
User ID:       wdunlop3
Account:       gts-ssuresh313
Job name:      BursynskiValidationConservingWithExtendedTimeHigherRes
Resources:     cpu=10,mem=160G,node=1
Rsrc Used:     cput=00:00:40,vmem=16K,walltime=00:00:04,mem=0,energy_used=0
Partition:     cpu-medium
QOS:           inferno
Nodes:         atl1-1-02-002-5-2
---------------------------------------
