---------------------------------------
Begin Slurm Prolog: Sep-13-2024 16:09:20
Job ID:    1280272
User ID:   wdunlop3
Account:   gts-ssuresh313
Job name:  BursynskiValidation
Partition: cpu-medium
QOS:       inferno
---------------------------------------
droplet_impact_clsvof.c: In function 'log_status':
droplet_impact_clsvof.c:147:21: warning: '%g' directive writing between 1 and 13 bytes into a region of size between 0 and 16 [-Wformat-overflow=]
droplet_impact_clsvof.c:147:21: note: assuming directive output of 12 bytes
droplet_impact_clsvof.c:147:5: note: 'sprintf' output between 7 and 41 bytes into a destination of size 20
droplet_impact_clsvof.c: In function 'movie_top':
droplet_impact_clsvof.c:229:28: warning: '%g' directive writing between 1 and 13 bytes into a region of size between 10 and 130 [-Wformat-overflow=]
droplet_impact_clsvof.c:229:28: note: assuming directive output of 12 bytes
droplet_impact_clsvof.c:229:5: note: 'sprintf' output 20 or more bytes (assuming 151) into a destination of size 140
droplet_impact_clsvof.c: In function 'movie_front':
droplet_impact_clsvof.c:205:28: warning: '%g' directive writing between 1 and 13 bytes into a region of size between 10 and 130 [-Wformat-overflow=]
droplet_impact_clsvof.c:205:28: note: assuming directive output of 12 bytes
droplet_impact_clsvof.c:205:5: note: 'sprintf' output 22 or more bytes (assuming 153) into a destination of size 140
ast/interpreter/overload.h:535: error: the dimensional constraints below are not compatible
ast/interpreter/overload.h:535: 't == DT'
	└─ [/src/run.h:16: 't = 0.'] = [0,1]
/src/navier-stokes/centered.h:180: 'u.x[] == Delta/t'
	└─ [/src/run.h:16: 't = 0.'] = [0]
Re: 2271, We:31
0
0
0
0
0
0
0
0
0
0
0
0
0
0
0
0
0
0
0
0
0
0
0
0
0
0
0
0
0
0
0
0
0
0
0
0
0
0
0
0
0
0
0
0
0
0
0
0
0
0
0
0
0
0
0
0
0
0
0
0
0
0
0
0
0
0
0
0
0
0
0
0
0
0
0
0
0
0
0
0
0
0
0
0
0
0
0
0
0
0
0
0
0
0
0
0
0
0
0
0
Re: 2271, We:31
0

# Octree, 100 steps, 518.94 CPU, 525.8 real, 7.63e+04 points.step/s, 45 var
# 10 procs, MPI: min 77 (15%) avg 2.1e+02 (39%) max 2.9e+02 (54%)
Re: 2271, We:31
0
0
0
0
0
0
0
0
0
0
0
0
0
0
0
0
0
0
0
0
0
0
0
0
0
0
0
0
0
0
0
0
0
0
0
0
0
0
0
0
0
0
0
0
0
0
0
0
0
0
0
0
0
0
0
0
0
0
0
0
0
0
0
0
0
0
0
0
0
0
0
0
0
0
0
0
0
0
0
0
0
0
0
0
0
0
0
0
0
0
0
0
0
0
0
0
0
0
0
0
Re: 2271, We:31
0
Re: 2271, We:31
0
0
0
0
0
0
0
0
0
0
0
0
0
0
0
0
0
0
0
0
0
0
0
0
0
0
0
0
0
0
0
0
0
0
0
0
0
0
0
0
0
0
0
0
0
0
0
0
0
0
0
0
0
0
0
0
0
0
0
0
0
0
0
0
0
0
0
0
0
0
0
0
0
0
0
0
0
0
0
0
0
0
0
0
0
0
0
0
0
0
0
0
0
0
0
0
0
0
0
0
Re: 2271, We:31
0
Re: 2271, We:31
0
0
0
0
0
0
0
0
0
0
0
0
0
0
0
0
0
0
0
0
0
0
0
0
0
0
0
0
0
0
0
0
0
0
0
0
0
0
0
0
0
0
0
0
0
0
0
0
0
0
0
0
0
0
0
0
0
0
0
0
0
0
0
0
0
0
0
0
0
0
0
0
0
0
0
0
0
0
0
0
0
0
0
0
0
0
0
0
0
0
0
0
0
0
0
0
0
0
0
0
Re: 2271, We:31
0
Re: 2271, We:31
0
0
0
0
0
0
0
0
0
0
0
0
0
0
0
0
0
0
0
0
0
0
0
0
0
0
0
0
0
0
0
0
0
0
0
0
0
0
0
0
0
0
0
0
0
0
0
0
0
0
0
0
0
0
0
0
0
0
0
0
0
0
0
0
0
0
0
0
0
0
0
0
0
0
0
0
0
0
0
0
0
0
0
0
0
0
0
0
0
0
0
0
0
0
0
0
0
0
0
0
Re: 2271, We:31
0
Re: 2271, We:31
0
0
0
0
0
0
0
0
0
0
0
0
0
0
0
0
0
0
0
0
0
0
0
0
0
0
0
0
0
0
0
0
0
0
0
0
0
0
0
0
0
0
0
0
0
0
0
0
0
0
0
0
0
0
0
0
0
0
0
0
0
0
0
0
0
0
0
0
0
0
0
0
0
0
0
0
0
0
0
0
0
0
0
0
0
0
0
0
0
0
0
0
0
0
0
0
0
0
0
0
Re: 2271, We:31
0
Re: 2271, We:31
0
0
0
0
0
0
0
0
0
0
0
0
0
0
0
0
0
0
0
0
0
0
0
0
0
0
0
0
0
0
0
0
0
0
0
0
0
0
0
0
0
0
0
0
0
0
0
0
0
0
0
0
0
0
0
0
0
0
0
0
0
0
0
0
0
0
0
0
0
0
0
0
0
0
0
0
0
0
0
0
0
0
0
0
0
0
0
0
0
0
0
0
0
0
0
0
0
0
0
0
Re: 2271, We:31
0
Re: 2271, We:31
0
0
0
0
0
0
0
0
0
0
0
0
0
0
0
0
0
0
0
0
0
0
0
0
0
0
0
0
0
0
0
0
0
0
0
0
0
0
0
0
0
0
0
0
0
0
0
0
0
0
0
0
0
0
0
0
0
0
0
0
0
0
0
0
0
0
0
0
0
0
0
0
0
0
0
0
0
0
0
0
0
0
0
0
0
0
0
0
0
0
0
0
0
0
0
0
0
0
0
0
Re: 2271, We:31
0
Re: 2271, We:31
0
0
0
0
0
0
0
0
0
0
0
0
0
0
0
0
0
0
0
0
0
0
0
0
0
0
0
0
0
0
0
0
0
0
0
0
0
0
0
0
0
0
0
0
0
0
0
0
0
0
0
0
0
0
0
0
0
0
0
0
0
0
0
0
0
0
0
0
0
0
0
0
0
0
0
0
0
0
0
0
0
0
0
0
0
0
0
0
0
0
0
0
0
0
0
0
0
0
0
0
Re: 2271, We:31
0
Re: 2271, We:31
0
0
0
0
0
0
0
0
0
0
0
0
0
0
0
0
0
0
0
0
0
0
0
0
0
0
0
0
0
0
0
0
0
0
0
0
0
0
0
0
0
0
0
0
0
0
0
0
0
0
0
0
0
0
0
0
0
0
0
0
0
0
0
0
0
0
0
0
0
0
0
0
0
0
0
0
0
0
0
0
0
0
0
0
0
0
0
0
0
0
0
0
0
0
0
0
0
0
0
0
Re: 2271, We:31
0
---------------------------------------
Begin Slurm Epilog: Sep-13-2024 16:18:34
Job ID:        1280272
Array Job ID:  _4294967294
User ID:       wdunlop3
Account:       gts-ssuresh313
Job name:      BursynskiValidation
Resources:     cpu=10,mem=160G,node=1
Rsrc Used:     cput=01:32:30,vmem=7724K,walltime=00:09:15,mem=6700K,energy_used=0
Partition:     cpu-medium
QOS:           inferno
Nodes:         atl1-1-02-002-9-2
---------------------------------------
