---------------------------------------
Begin Slurm Prolog: Sep-25-2024 17:02:16
Job ID:    1451568
User ID:   wdunlop3
Account:   gts-ssuresh313
Job name:  BursynskiValidationConservingWithExtendedTimeHigherRes
Partition: cpu-medium
QOS:       inferno
---------------------------------------
ast/interpreter/overload.h:535: error: the dimensional constraints below are not compatible
ast/interpreter/overload.h:535: 't == DT'
	└─ [/src/run.h:16: 't = 0.'] = [0,1]
ast/interpreter/overload.h:545: 'e->t == t'
	└─ [/src/run.h:16: 't = 0.'] = [0]
Re: 2271, We:31
6.00966e-10
1.06238e-10
2.82025e-11
2.89397e-11
7.10258e-11
1.30369e-10
1.30613e-10
1.3085e-10
1.31089e-10
1.31315e-10
1.31537e-10
1.3176e-10
1.31974e-10
1.32185e-10
1.32399e-10
1.32605e-10
1.3281e-10
1.27903e-10
1.07323e-10
1.33442e-10
1.33664e-10
1.33885e-10
1.30146e-10
1.34365e-10
1.3462e-10
1.34889e-10
1.35189e-10
1.355e-10
1.35853e-10
1.3635e-10
1.37048e-10
1.34172e-10
1.21108e-10
1.20954e-10
1.24563e-10
1.34643e-10
1.28569e-10
1.42908e-10
1.36842e-10
1.40125e-10
1.37615e-10
1.4004e-10
1.42557e-10
1.45053e-10
1.47599e-10
1.50241e-10
1.52907e-10
1.55621e-10
1.58416e-10
1.61185e-10
1.63941e-10
1.6675e-10
1.6933e-10
1.72375e-10
1.75077e-10
1.77954e-10
1.80832e-10
1.83682e-10
1.86534e-10
1.89382e-10
1.92237e-10
1.95076e-10
1.97903e-10
2.00723e-10
2.03538e-10
2.06368e-10
2.09175e-10
2.1089e-10
2.14754e-10
2.12395e-10
2.12049e-10
2.05849e-10
1.95992e-10
1.99183e-10
2.0038e-10
1.98045e-10
2.01347e-10
2.04713e-10
2.08169e-10
2.11629e-10
2.15106e-10
2.18555e-10
2.21952e-10
2.2531e-10
2.28683e-10
2.32001e-10
2.35345e-10
2.38726e-10
2.42118e-10
2.45564e-10
2.48272e-10
2.5178e-10
2.40835e-10
2.15526e-10
2.14006e-10
2.0954e-10
2.04195e-10
1.93615e-10
1.77756e-10
1.32223e-10
9.65149e-11
9.77146e-11
9.84649e-11
8.51947e-11
8.84678e-11
9.18624e-11
9.53199e-11
9.88383e-11
8.68538e-11
9.03001e-11
7.65694e-11
6.82055e-11
6.21803e-11
6.48036e-11
6.75448e-11
7.04983e-11
7.13409e-11
5.81676e-11
3.84698e-11
3.98014e-11
3.57207e-11
3.46899e-11
3.46705e-11
3.29444e-11
3.51389e-11
3.74337e-11
3.97656e-11
4.21294e-11
4.33059e-11
3.65581e-11
3.82609e-11
4.0018e-11
4.17907e-11
4.31595e-11
4.45966e-11
4.23045e-11
4.37068e-11
4.51509e-11
4.6635e-11
4.81633e-11
4.97442e-11
5.13563e-11
5.30022e-11
5.45359e-11
5.58658e-11
5.69247e-11
5.78748e-11
5.87607e-11
5.96574e-11
6.04654e-11
6.12907e-11
6.21582e-11
6.30785e-11
6.4047e-11
6.50651e-11
6.61422e-11
6.72853e-11
6.85114e-11
6.98147e-11
7.12032e-11
7.26826e-11
7.42478e-11
6.40884e-11
6.51803e-11
6.15454e-11
6.29243e-11
6.43601e-11
6.58454e-11
5.74225e-11
5.89981e-11
6.06124e-11
6.22573e-11
6.37064e-11
6.53987e-11
6.71264e-11
6.88939e-11
7.06476e-11
7.23947e-11
7.41898e-11
7.60354e-11
7.79099e-11
7.98269e-11
8.18041e-11
8.38264e-11
8.45263e-11
6.61056e-11
2.69335e-11
9.958e-12
9.95829e-12
9.95846e-12
9.95791e-12
9.95776e-12
9.95809e-12
9.95791e-12
1.03787e-11
1.09252e-11
1.26853e-11
1.32108e-11
1.37531e-11
9.95825e-12
9.95816e-12
9.95803e-12
9.958e-12
9.95834e-12
9.95821e-12
9.95826e-12
9.95817e-12
9.95789e-12
9.95826e-12
9.95803e-12
9.95805e-12
9.95813e-12
9.95799e-12
9.95807e-12
9.95824e-12
9.95829e-12
9.95821e-12
9.95812e-12
9.95807e-12
9.95799e-12
9.9578e-12
9.95809e-12
9.95822e-12
9.95787e-12
9.95821e-12
9.95819e-12
9.95818e-12
9.95827e-12
9.95831e-12
9.95797e-12
9.95825e-12
9.95826e-12
9.95762e-12
9.95788e-12
9.95839e-12
9.95835e-12
9.95773e-12
9.95821e-12
9.95836e-12
9.95751e-12
9.95797e-12
9.95818e-12
9.95781e-12
9.958e-12
9.9581e-12
9.95796e-12
9.95828e-12
9.95807e-12
9.95809e-12
9.95757e-12
9.95804e-12
9.95828e-12
9.95834e-12
9.95819e-12
9.95851e-12
9.9585e-12
9.95811e-12
9.95785e-12
9.95766e-12
9.95777e-12
9.95808e-12
9.95781e-12
9.95794e-12
9.95788e-12
9.95816e-12
9.95822e-12
9.95841e-12
9.95826e-12
9.95818e-12
9.95841e-12
9.95779e-12
9.95812e-12
9.95788e-12
9.95814e-12
9.95797e-12
9.95854e-12
9.95794e-12
9.95829e-12
9.958e-12
9.95821e-12
9.95787e-12
9.9579e-12
9.95825e-12
9.95794e-12
9.95833e-12
9.95777e-12
9.95838e-12
9.95834e-12
9.95816e-12
9.95831e-12
9.95829e-12
9.95807e-12
9.95844e-12
9.95833e-12
9.95794e-12
9.95833e-12
9.95846e-12
9.95817e-12
9.95832e-12
9.95835e-12
9.95846e-12
9.95821e-12
9.95839e-12
9.95817e-12
9.95816e-12
9.95792e-12
9.95816e-12
9.95853e-12
9.95819e-12
9.95831e-12
9.95809e-12
9.95816e-12
9.95798e-12
9.95833e-12
9.9584e-12
9.95813e-12
9.95836e-12
9.95834e-12
9.95836e-12
9.95822e-12
9.95848e-12
9.95805e-12
9.95801e-12
9.95825e-12
9.95807e-12
9.95834e-12
9.95839e-12
9.95818e-12
9.95809e-12
9.95831e-12
9.95809e-12
9.95816e-12
9.95845e-12
9.95796e-12
9.95792e-12
9.95854e-12
9.9581e-12
9.95825e-12
9.9583e-12
9.95807e-12
9.95822e-12
9.95845e-12
Re: 2271, We:31
0
3.42139e-10
5.60013e-10
6.78434e-10
7.70048e-10
8.42243e-10
8.15188e-10
8.34325e-10
8.15731e-10
8.39342e-10
8.38495e-10
8.37608e-10
8.3685e-10
8.35673e-10
8.36067e-10
8.38458e-10
8.32709e-10
8.31571e-10
8.30371e-10
8.29126e-10
8.27161e-10
8.26086e-10
8.18099e-10
8.0198e-10
8.21651e-10
8.17603e-10
8.18325e-10
8.14088e-10
7.97425e-10
8.11671e-10
7.91473e-10
7.96472e-10
7.99321e-10
7.95767e-10
7.95257e-10
7.88775e-10
7.85101e-10
7.86796e-10
7.86606e-10
7.81295e-10
7.73135e-10
7.56016e-10
7.61665e-10
7.70661e-10
7.70966e-10
7.70713e-10
7.574e-10
7.42046e-10
7.42162e-10
7.42055e-10
7.41914e-10
7.41753e-10
7.41523e-10
7.41266e-10
7.40968e-10
7.40596e-10
7.40187e-10
7.39739e-10
7.39227e-10
7.38684e-10
7.38115e-10
7.37488e-10
7.3685e-10
7.36184e-10
7.35457e-10
7.34681e-10
7.33879e-10
7.33012e-10
7.32088e-10
7.31101e-10
7.29862e-10
7.28875e-10
7.27674e-10
7.26258e-10
7.25066e-10
7.23684e-10
7.22187e-10
7.11474e-10
7.00132e-10
7.07956e-10
7.01649e-10
7.15581e-10
7.16206e-10
6.89408e-10
6.87334e-10
6.86401e-10
6.83548e-10
6.90204e-10
7.01868e-10
6.99458e-10
6.97112e-10
6.94669e-10
6.92174e-10
6.89557e-10
6.89701e-10
6.86815e-10
6.83709e-10
6.77164e-10
6.50481e-10
6.6715e-10
6.28966e-10
5.77575e-10
5.84043e-10
5.74955e-10
5.92291e-10
5.63217e-10
5.72266e-10
5.64221e-10
5.69414e-10
5.66288e-10
5.49965e-10
5.33768e-10
5.13441e-10
5.10581e-10
5.30205e-10
4.98903e-10
4.84831e-10
4.68557e-10
4.73774e-10
5.19357e-10
4.67245e-10
4.66796e-10
4.68484e-10
4.65974e-10
4.63447e-10
4.65267e-10
4.64978e-10
4.6196e-10
4.61181e-10
4.61557e-10
4.61921e-10
4.62369e-10
4.62557e-10
4.66086e-10
4.59002e-10
4.66931e-10
4.67973e-10
4.52533e-10
4.26822e-10
4.2794e-10
4.29919e-10
4.3208e-10
4.34082e-10
4.27483e-10
4.24455e-10
4.26113e-10
4.26622e-10
4.27843e-10
4.29373e-10
4.3074e-10
4.32134e-10
4.33589e-10
4.35114e-10
4.36717e-10
4.38519e-10
4.40238e-10
4.41961e-10
4.43911e-10
4.46037e-10
4.48147e-10
4.50483e-10
4.52853e-10
4.55292e-10
4.5782e-10
4.60397e-10
4.63071e-10
4.65792e-10
4.68551e-10
4.25893e-10
4.28777e-10
3.94494e-10
3.67579e-10
3.73524e-10
3.83604e-10
3.6563e-10
3.60757e-10
3.55374e-10
3.58248e-10
3.63226e-10
3.68852e-10
3.74788e-10
3.79004e-10
3.84094e-10
3.89258e-10
3.86067e-10
3.73578e-10
3.58364e-10
3.51803e-10
3.59656e-10
3.56604e-10
3.54253e-10
3.61819e-10
3.66802e-10
3.68376e-10
3.47203e-10
3.51305e-10
3.55406e-10
3.59546e-10
3.63771e-10
3.68072e-10
3.72464e-10
3.76956e-10
3.8151e-10
3.59729e-10
3.60776e-10
3.5266e-10
3.66971e-10
3.72059e-10
3.78758e-10
3.64965e-10
3.65855e-10
3.70855e-10
3.55968e-10
3.33932e-10
3.32478e-10
3.33674e-10
3.37571e-10
3.41548e-10
3.45601e-10
3.49768e-10
3.53964e-10
3.58261e-10
3.62583e-10
3.67005e-10
3.71429e-10
3.75842e-10
3.80137e-10
3.84472e-10
3.86521e-10
3.92646e-10
3.96534e-10
4.00729e-10
4.04317e-10
4.05373e-10
3.67042e-10
3.60035e-10
3.61573e-10
3.61135e-10
3.48777e-10
3.61264e-10
3.63715e-10
3.64279e-10
3.78221e-10
3.65538e-10
3.51584e-10
3.68031e-10
3.5433e-10
3.38549e-10
3.44278e-10
3.52614e-10
3.54869e-10
3.92001e-10
4.09459e-10
4.07241e-10
4.38753e-10
4.28566e-10
4.36721e-10
4.30514e-10
3.75109e-10
3.80444e-10
4.12543e-10
4.03033e-10
3.68896e-10
3.56665e-10
3.63455e-10
3.69278e-10
3.60545e-10
3.62106e-10
3.76315e-10
3.66999e-10
3.67016e-10
3.68736e-10
3.70507e-10
3.72351e-10
3.74283e-10
3.76294e-10
3.78376e-10
3.80538e-10
3.9443e-10
4.06923e-10
4.22726e-10
4.50576e-10
4.23477e-10
4.48095e-10
4.52124e-10
4.38287e-10
4.4196e-10
4.39315e-10
4.41195e-10
4.21319e-10
4.13056e-10
4.21303e-10
4.23776e-10
4.33791e-10
4.3659e-10
4.48271e-10
4.79953e-10
4.86507e-10
5.0418e-10
5.10408e-10
5.13071e-10
5.37472e-10
5.39382e-10
5.49197e-10
5.41496e-10
5.52443e-10
5.51021e-10
5.46016e-10
5.62782e-10
5.6699e-10
5.6766e-10
5.60616e-10
5.54319e-10
5.28042e-10
5.12049e-10
4.95715e-10
4.96906e-10
4.8803e-10
4.87825e-10
4.87964e-10
5.03654e-10
5.08185e-10
4.96398e-10
4.94738e-10
5.18867e-10
5.39026e-10
5.50493e-10
5.91559e-10
5.98394e-10
5.92894e-10
6.16763e-10
6.20395e-10
6.10665e-10
5.90985e-10
5.99956e-10
5.83341e-10
6.07755e-10
6.30236e-10
6.3907e-10
6.44817e-10
6.20661e-10
6.09681e-10
Re: 2271, We:31
1.17799e-09
3.42139e-10
5.0918e-10
6.27614e-10
6.59949e-10
6.36064e-10
5.85526e-10
5.70665e-10
5.59917e-10
5.86852e-10
5.72442e-10
5.68556e-10
5.55439e-10
5.22415e-10
5.86746e-10
6.02263e-10
6.04419e-10
6.10871e-10
6.25182e-10
6.07853e-10
5.81928e-10
5.54293e-10
5.15205e-10
4.94156e-10
5.24196e-10
5.60847e-10
5.75212e-10
5.64064e-10
5.50162e-10
5.23544e-10
5.67626e-10
5.66132e-10
5.86197e-10
5.90879e-10
5.75251e-10
5.52834e-10
5.41367e-10
5.38236e-10
5.32138e-10
5.41821e-10
5.42203e-10
5.79936e-10
5.55225e-10
5.34994e-10
5.33325e-10
5.46054e-10
5.52408e-10
5.65574e-10
5.6215e-10
5.53927e-10
5.74989e-10
5.75488e-10
5.68902e-10
5.81066e-10
5.75192e-10
5.83597e-10
5.82507e-10
5.89932e-10
6.05667e-10
5.80171e-10
5.94612e-10
5.83342e-10
5.95853e-10
6.03913e-10
5.84296e-10
5.95788e-10
5.85288e-10
5.87248e-10
5.96804e-10
6.00682e-10
6.19748e-10
6.18467e-10
6.06473e-10
6.00348e-10
6.46297e-10
6.10095e-10
5.48999e-10
5.18982e-10
5.34099e-10
6.24058e-10
6.30434e-10
5.85498e-10
5.55452e-10
5.86161e-10
6.03641e-10
6.15506e-10
6.13686e-10
5.87782e-10
5.6872e-10
5.77034e-10
6.07325e-10
6.06694e-10
6.21661e-10
6.33623e-10
6.17269e-10
6.0007e-10
5.78064e-10
5.73831e-10
5.53918e-10
5.92659e-10
5.91407e-10
5.30376e-10
5.23003e-10
5.36826e-10
5.4258e-10
5.14305e-10
5.23958e-10
5.07662e-10
5.29973e-10
5.23856e-10
5.38103e-10
5.24185e-10
5.41268e-10
5.33064e-10
5.57726e-10
5.26643e-10
4.98829e-10
4.7289e-10
4.82681e-10
5.63231e-10
5.25592e-10
5.50338e-10
5.66525e-10
5.64517e-10
5.64622e-10
5.67939e-10
5.70853e-10
5.43679e-10
5.43099e-10
5.44704e-10
5.17466e-10
5.01214e-10
5.23913e-10
5.1324e-10
5.10528e-10
5.37796e-10
5.29749e-10
5.27306e-10
4.99442e-10
4.97188e-10
4.80311e-10
4.86197e-10
5.22434e-10
5.02816e-10
4.89632e-10
5.12664e-10
4.88903e-10
4.91261e-10
4.92057e-10
4.92777e-10
4.8654e-10
4.84973e-10
4.85958e-10
4.95954e-10
4.9685e-10
4.97789e-10
4.98785e-10
4.99827e-10
5.00932e-10
5.02102e-10
5.03312e-10
5.17011e-10
5.05855e-10
5.07032e-10
5.08317e-10
5.0962e-10
5.10914e-10
5.08242e-10
5.02742e-10
5.03053e-10
4.90999e-10
4.93838e-10
4.96699e-10
4.99581e-10
5.02513e-10
4.86404e-10
4.73201e-10
4.75534e-10
4.62588e-10
4.77327e-10
4.82889e-10
4.78925e-10
4.54676e-10
4.46887e-10
4.52346e-10
4.50672e-10
4.53155e-10
4.55662e-10
4.58178e-10
4.60708e-10
4.63226e-10
4.56489e-10
4.58864e-10
4.61122e-10
4.63301e-10
4.65268e-10
4.67231e-10
4.69201e-10
4.7121e-10
4.73261e-10
4.75329e-10
4.77458e-10
4.79498e-10
4.58673e-10
4.76742e-10
4.79174e-10
4.87944e-10
4.89692e-10
4.91257e-10
4.92805e-10
4.94426e-10
4.9604e-10
4.87432e-10
4.5691e-10
4.30192e-10
4.01166e-10
4.0214e-10
4.03111e-10
4.04088e-10
4.05105e-10
4.06136e-10
4.20025e-10
4.17515e-10
4.18418e-10
4.20485e-10
4.1984e-10
4.1254e-10
4.42511e-10
4.38121e-10
4.65803e-10
4.72919e-10
4.97479e-10
4.9005e-10
4.79355e-10
4.64983e-10
4.57799e-10
4.5792e-10
4.86121e-10
4.87226e-10
5.03976e-10
5.43014e-10
5.48381e-10
5.49496e-10
5.5056e-10
5.51561e-10
5.52459e-10
5.53305e-10
5.54148e-10
5.54983e-10
5.55798e-10
5.56609e-10
5.57393e-10
5.58179e-10
5.58965e-10
5.61105e-10
5.60601e-10
5.61344e-10
5.61979e-10
5.62675e-10
5.63471e-10
5.64184e-10
5.65101e-10
5.65646e-10
5.66278e-10
5.67189e-10
5.70575e-10
5.68842e-10
5.73344e-10
6.02163e-10
6.14902e-10
5.95409e-10
5.92188e-10
5.89514e-10
5.9864e-10
6.09427e-10
6.43457e-10
6.52915e-10
6.56411e-10
6.76238e-10
6.79528e-10
6.80871e-10
6.8224e-10
6.83645e-10
6.85075e-10
6.86524e-10
6.88002e-10
6.89502e-10
6.91011e-10
7.00361e-10
6.94088e-10
7.00989e-10
7.04408e-10
7.05651e-10
7.19815e-10
7.19534e-10
7.21804e-10
7.49049e-10
7.67309e-10
7.92818e-10
8.30454e-10
8.40777e-10
8.85368e-10
8.92807e-10
8.98691e-10
8.9349e-10
8.99585e-10
9.00039e-10
9.03992e-10
9.17419e-10
9.20424e-10
9.32043e-10
9.64474e-10
9.64594e-10
9.54367e-10
9.48102e-10
9.45507e-10
9.4202e-10
9.38074e-10
9.61722e-10
9.40903e-10
9.6535e-10
9.82203e-10
9.62758e-10
9.94431e-10
1.03221e-09
1.05443e-09
1.07347e-09
1.07318e-09
1.0729e-09
1.07263e-09
1.07236e-09
1.07361e-09
1.07185e-09
1.0716e-09
1.07137e-09
1.07115e-09
1.07093e-09
1.07092e-09
1.07179e-09
1.07037e-09
1.07021e-09
1.07007e-09
Re: 2271, We:31
3.70925e-10
1.20674e-09
8.40459e-10
6.42112e-10
5.54888e-10
5.41151e-10
5.61422e-10
5.55038e-10
5.60296e-10
5.61897e-10
5.76951e-10
5.6945e-10
5.72393e-10
5.74778e-10
5.90124e-10
5.91878e-10
5.98325e-10
6.01951e-10
6.05678e-10
6.09639e-10
6.13671e-10
6.17705e-10
6.28267e-10
6.4203e-10
6.29917e-10
6.33577e-10
6.38328e-10
6.42619e-10
6.41983e-10
6.50526e-10
6.59863e-10
6.58814e-10
6.71133e-10
6.93324e-10
7.04449e-10
7.07263e-10
7.00445e-10
6.84661e-10
6.86366e-10
7.10239e-10
7.36366e-10
7.31229e-10
7.3261e-10
7.42757e-10
7.45336e-10
7.46858e-10
7.44382e-10
7.44652e-10
7.4348e-10
7.43132e-10
7.47966e-10
7.49109e-10
7.50317e-10
7.51541e-10
7.52806e-10
7.54143e-10
7.55501e-10
7.56884e-10
7.58325e-10
7.5978e-10
7.61253e-10
7.62768e-10
7.64282e-10
7.65818e-10
7.67406e-10
7.69031e-10
7.70671e-10
7.72367e-10
7.74111e-10
7.7591e-10
7.77433e-10
7.79755e-10
7.81757e-10
7.83847e-10
7.85768e-10
7.88232e-10
7.90605e-10
8.01611e-10
8.14086e-10
8.07228e-10
8.14194e-10
8.24913e-10
8.26605e-10
8.27228e-10
8.29802e-10
8.31214e-10
8.345e-10
8.38411e-10
8.40684e-10
8.42898e-10
8.4512e-10
8.47365e-10
8.4959e-10
8.50838e-10
8.5315e-10
8.55457e-10
8.57772e-10
8.63447e-10
8.89194e-10
8.71595e-10
9.0894e-10
9.59533e-10
9.52264e-10
9.60519e-10
9.42302e-10
9.70449e-10
9.60459e-10
9.67522e-10
9.61041e-10
9.63087e-10
9.78392e-10
9.97832e-10
1.01767e-09
1.0201e-09
1.00014e-09
1.03113e-09
1.04491e-09
1.06083e-09
1.05549e-09
1.00971e-09
1.06165e-09
1.06193e-09
1.06005e-09
1.06237e-09
1.0647e-09
1.06266e-09
1.06273e-09
1.06553e-09
1.06606e-09
1.06542e-09
1.06476e-09
1.06399e-09
1.06347e-09
1.06252e-09
1.07252e-09
1.06111e-09
1.06309e-09
1.07908e-09
1.10482e-09
1.1008e-09
1.09805e-09
1.09557e-09
1.09323e-09
1.09949e-09
1.08444e-09
1.08217e-09
1.07376e-09
1.07039e-09
1.06827e-09
1.06637e-09
1.06443e-09
1.06241e-09
1.06028e-09
1.05805e-09
1.05558e-09
1.05317e-09
1.05071e-09
1.04799e-09
1.04503e-09
1.04205e-09
1.03879e-09
1.03545e-09
1.032e-09
1.02843e-09
1.02477e-09
1.02097e-09
1.01709e-09
1.0121e-09
1.05342e-09
1.04922e-09
1.08214e-09
1.10767e-09
1.12477e-09
1.1234e-09
1.15623e-09
1.16086e-09
1.16594e-09
1.16278e-09
1.15853e-09
1.15328e-09
1.1471e-09
1.14263e-09
1.13727e-09
1.13182e-09
1.13473e-09
1.14733e-09
1.16232e-09
1.16865e-09
1.16054e-09
1.16335e-09
1.16545e-09
1.15763e-09
1.15241e-09
1.15061e-09
1.17156e-09
1.16726e-09
1.16297e-09
1.15863e-09
1.1542e-09
1.1497e-09
1.14509e-09
1.14038e-09
1.13561e-09
1.15716e-09
1.15588e-09
1.16376e-09
1.14925e-09
1.14396e-09
1.1371e-09
1.15072e-09
1.14967e-09
1.14451e-09
1.15924e-09
1.18112e-09
1.18244e-09
1.18111e-09
1.17709e-09
1.173e-09
1.16882e-09
1.16453e-09
1.16021e-09
1.15577e-09
1.15128e-09
1.14668e-09
1.14206e-09
1.13743e-09
1.13291e-09
1.12832e-09
1.126e-09
1.11962e-09
1.11547e-09
1.11099e-09
1.1071e-09
1.10573e-09
1.14374e-09
1.15043e-09
1.14859e-09
1.14874e-09
1.16086e-09
1.14814e-09
1.14549e-09
1.14474e-09
1.13062e-09
1.14313e-09
1.15692e-09
1.14031e-09
1.15386e-09
1.16949e-09
1.1636e-09
1.1551e-09
1.15268e-09
1.11538e-09
1.09775e-09
1.09979e-09
1.06809e-09
1.0781e-09
1.06977e-09
1.07581e-09
1.13104e-09
1.12554e-09
1.09327e-09
1.1026e-09
1.13656e-09
1.14861e-09
1.14163e-09
1.13561e-09
1.14413e-09
1.14236e-09
1.12794e-09
1.13703e-09
1.13678e-09
1.13483e-09
1.13281e-09
1.13071e-09
1.12851e-09
1.12622e-09
1.12385e-09
1.12138e-09
1.10718e-09
1.09436e-09
1.07823e-09
1.05005e-09
1.07681e-09
1.05184e-09
1.04746e-09
1.06094e-09
1.0569e-09
1.05918e-09
1.05692e-09
1.07641e-09
1.08428e-09
1.07563e-09
1.07275e-09
1.06232e-09
1.0591e-09
1.04699e-09
1.01488e-09
1.00789e-09
9.89781e-10
9.83101e-10
9.79981e-10
9.55115e-10
9.52731e-10
9.42436e-10
9.49653e-10
9.38216e-10
9.39139e-10
9.43641e-10
9.26366e-10
9.21644e-10
9.20457e-10
9.26976e-10
9.32747e-10
9.58501e-10
9.73966e-10
9.89805e-10
9.88115e-10
9.96486e-10
9.96184e-10
9.95552e-10
9.79362e-10
9.74332e-10
9.85617e-10
9.86773e-10
9.62133e-10
9.41466e-10
9.29481e-10
8.87893e-10
8.80532e-10
8.85493e-10
8.61077e-10
8.56888e-10
8.66049e-10
8.85154e-10
8.75592e-10
8.91604e-10
8.66571e-10
8.43461e-10
8.3398e-10
8.26984e-10
8.50471e-10
8.60764e-10
Re: 2271, We:31
0
1.28447e-09
1.22598e-09
1.04886e-09
9.81247e-10
1.00082e-09
1.01043e-09
9.87394e-10
1.00679e-09
9.84065e-10
9.83163e-10
9.6928e-10
9.80255e-10
1.01914e-09
9.28593e-10
9.42716e-10
9.67335e-10
9.45688e-10
9.02886e-10
9.07361e-10
9.1199e-10
9.16464e-10
9.42221e-10
9.7456e-10
9.74939e-10
9.34575e-10
9.34153e-10
9.41203e-10
9.43703e-10
9.47544e-10
9.3772e-10
9.13595e-10
8.90993e-10
8.50686e-10
8.73156e-10
8.90945e-10
9.0491e-10
9.49715e-10
9.63197e-10
9.40041e-10
9.10143e-10
8.475e-10
8.83191e-10
9.08278e-10
8.97015e-10
8.76832e-10
8.74361e-10
8.43934e-10
8.59216e-10
8.72862e-10
8.40582e-10
8.53668e-10
8.51793e-10
8.44064e-10
8.69554e-10
8.48369e-10
8.13256e-10
8.15933e-10
8.28236e-10
8.42804e-10
8.49309e-10
8.42478e-10
8.208e-10
8.23624e-10
8.33917e-10
8.36091e-10
8.31959e-10
8.34673e-10
8.37349e-10
8.40017e-10
8.4266e-10
8.45329e-10
8.49363e-10
8.50579e-10
8.46001e-10
8.56366e-10
8.69424e-10
8.71141e-10
8.73701e-10
8.84021e-10
8.77595e-10
8.91673e-10
8.94886e-10
8.85386e-10
8.78508e-10
8.841e-10
8.87764e-10
8.88463e-10
9.04103e-10
9.21452e-10
9.28729e-10
9.4389e-10
9.36591e-10
9.59846e-10
9.66401e-10
9.68467e-10
9.7072e-10
9.79017e-10
1.00487e-09
1.05579e-09
1.05772e-09
1.05648e-09
1.0746e-09
1.06923e-09
1.06663e-09
1.0777e-09
1.07087e-09
1.07898e-09
1.08106e-09
1.08274e-09
1.05855e-09
1.06961e-09
1.06967e-09
1.06538e-09
1.04414e-09
1.05415e-09
1.05951e-09
1.07742e-09
1.07268e-09
1.06905e-09
1.06327e-09
1.07494e-09
1.06948e-09
1.06738e-09
1.06693e-09
1.07331e-09
1.06224e-09
1.07562e-09
1.06757e-09
1.07112e-09
1.0723e-09
1.07372e-09
1.07496e-09
1.07702e-09
1.07911e-09
1.0522e-09
1.04848e-09
1.07203e-09
1.04447e-09
1.03932e-09
1.0541e-09
1.05e-09
1.01938e-09
1.01696e-09
1.02114e-09
9.98007e-10
1.03397e-09
1.04813e-09
1.03532e-09
1.08981e-09
1.10703e-09
1.10814e-09
1.08808e-09
1.04573e-09
1.0489e-09
1.00921e-09
1.01553e-09
1.03302e-09
1.03255e-09
9.98106e-10
9.82311e-10
9.42415e-10
9.17641e-10
9.22158e-10
9.10186e-10
9.31947e-10
9.29882e-10
9.46987e-10
9.80862e-10
9.68041e-10
9.88135e-10
9.73723e-10
9.9528e-10
1.00259e-09
9.97811e-10
9.8084e-10
9.89208e-10
9.81367e-10
9.76173e-10
9.54871e-10
9.44113e-10
9.34814e-10
9.57837e-10
9.33028e-10
9.47104e-10
9.41901e-10
9.09712e-10
9.07581e-10
8.56834e-10
8.44183e-10
8.58029e-10
8.23082e-10
8.03516e-10
8.0904e-10
8.3157e-10
8.45434e-10
8.45177e-10
8.28814e-10
8.26194e-10
8.2704e-10
8.4118e-10
8.06046e-10
8.18082e-10
8.31266e-10
7.71287e-10
7.51246e-10
7.48468e-10
7.39232e-10
7.49364e-10
7.64802e-10
7.73258e-10
7.69752e-10
7.64591e-10
7.96483e-10
8.42621e-10
8.99665e-10
9.00041e-10
8.88353e-10
8.83214e-10
8.64952e-10
8.44342e-10
8.00202e-10
8.09387e-10
8.17887e-10
8.30417e-10
8.39278e-10
8.49193e-10
8.65635e-10
8.83804e-10
8.49601e-10
8.36769e-10
8.24855e-10
8.31846e-10
8.26064e-10
8.25126e-10
8.25946e-10
8.23193e-10
7.9771e-10
7.66932e-10
7.45401e-10
7.65475e-10
7.67046e-10
7.50137e-10
7.83515e-10
8.02131e-10
8.11681e-10
8.18232e-10
8.14385e-10
8.34538e-10
8.35393e-10
8.16506e-10
8.14899e-10
8.03539e-10
7.40277e-10
7.00264e-10
7.45055e-10
7.43522e-10
7.23833e-10
7.32742e-10
7.21392e-10
7.24057e-10
7.04177e-10
7.21321e-10
7.14858e-10
6.9034e-10
6.57154e-10
6.5792e-10
6.58701e-10
6.59493e-10
6.60294e-10
6.61116e-10
6.61948e-10
6.628e-10
6.63688e-10
6.64613e-10
6.65584e-10
6.66613e-10
6.67692e-10
6.68818e-10
6.69994e-10
6.71204e-10
6.7244e-10
6.73723e-10
6.75026e-10
6.76338e-10
6.77672e-10
6.79004e-10
6.80335e-10
6.81678e-10
6.83011e-10
6.84329e-10
6.85639e-10
6.86823e-10
6.88096e-10
6.89352e-10
6.90585e-10
6.91581e-10
6.92968e-10
6.93862e-10
6.72466e-10
6.79284e-10
6.45449e-10
6.55509e-10
6.40845e-10
6.39962e-10
6.32408e-10
6.22644e-10
6.20839e-10
5.94867e-10
5.86242e-10
5.86929e-10
5.58868e-10
5.25505e-10
5.05054e-10
5.05583e-10
5.26189e-10
5.31639e-10
5.44542e-10
5.29533e-10
5.59322e-10
5.31031e-10
5.10533e-10
5.30133e-10
5.13124e-10
5.27172e-10
4.97992e-10
4.82043e-10
4.49072e-10
4.49392e-10
4.49704e-10
4.50012e-10
4.50314e-10
4.50608e-10
4.44323e-10
4.31095e-10
4.39143e-10
4.11792e-10
3.58209e-10
3.44586e-10
3.45441e-10
3.46289e-10
3.47115e-10
3.47928e-10
Re: 2271, We:31
1.54891e-09
1.20674e-09
1.03969e-09
9.18389e-10
8.86295e-10
8.56385e-10
9.18375e-10
9.25158e-10
9.5392e-10
9.06438e-10
9.11302e-10
9.28227e-10
9.43788e-10
9.80209e-10
9.04717e-10
8.89613e-10
8.91283e-10
8.86837e-10
8.74475e-10
8.93577e-10
9.21217e-10
9.50997e-10
9.91931e-10
1.01975e-09
9.8655e-10
9.51662e-10
9.39038e-10
9.51896e-10
9.6748e-10
9.95747e-10
9.47976e-10
9.50471e-10
9.29448e-10
9.01667e-10
9.11474e-10
9.36279e-10
9.63518e-10
9.90174e-10
9.99794e-10
9.70943e-10
9.49247e-10
9.09556e-10
9.37336e-10
9.64002e-10
9.6806e-10
9.57676e-10
9.50972e-10
9.35992e-10
9.4443e-10
9.56947e-10
9.34846e-10
9.36945e-10
9.46054e-10
9.36313e-10
9.44514e-10
9.38364e-10
9.41603e-10
9.36211e-10
9.22421e-10
9.49753e-10
9.3705e-10
9.49959e-10
9.38995e-10
9.32395e-10
9.53391e-10
9.43211e-10
9.5493e-10
9.54108e-10
9.45612e-10
9.42717e-10
9.24557e-10
9.26665e-10
9.39405e-10
9.46197e-10
9.00771e-10
9.3731e-10
9.98581e-10
1.02924e-09
1.01375e-09
9.23453e-10
9.16951e-10
9.61711e-10
9.91429e-10
9.60686e-10
9.43188e-10
9.31303e-10
9.33096e-10
9.5895e-10
9.77917e-10
9.69531e-10
9.39157e-10
9.39688e-10
9.24621e-10
9.12529e-10
9.28721e-10
9.4574e-10
9.6754e-10
9.71561e-10
9.91281e-10
9.52343e-10
9.53388e-10
1.01421e-09
1.02138e-09
1.00736e-09
1.0014e-09
1.02948e-09
1.01961e-09
1.03567e-09
1.01312e-09
1.01897e-09
1.00443e-09
1.01802e-09
1.00058e-09
1.00838e-09
9.83276e-10
1.01389e-09
1.04119e-09
1.06658e-09
1.05619e-09
9.74988e-10
1.01195e-09
9.86644e-10
9.69854e-10
9.71233e-10
9.70457e-10
9.6641e-10
9.62734e-10
9.89099e-10
9.88809e-10
9.86305e-10
1.0126e-09
1.02786e-09
1.00415e-09
1.01404e-09
1.01592e-09
9.87796e-10
9.94944e-10
9.96439e-10
1.02332e-09
1.02749e-09
1.04409e-09
1.03745e-09
1.00046e-09
1.01937e-09
1.04973e-09
1.02659e-09
1.0576e-09
1.05679e-09
1.05598e-09
1.05525e-09
1.06147e-09
1.06302e-09
1.06202e-09
1.05201e-09
1.05109e-09
1.05012e-09
1.0491e-09
1.04803e-09
1.04688e-09
1.04567e-09
1.04442e-09
1.03067e-09
1.04177e-09
1.04043e-09
1.03909e-09
1.03772e-09
1.03637e-09
1.04001e-09
1.04557e-09
1.04525e-09
1.0573e-09
1.05447e-09
1.05162e-09
1.04874e-09
1.04582e-09
1.06194e-09
1.07514e-09
1.0728e-09
1.08574e-09
1.07101e-09
1.06545e-09
1.06942e-09
1.09368e-09
1.10149e-09
1.09605e-09
1.09774e-09
1.09527e-09
1.09277e-09
1.09027e-09
1.08775e-09
1.08524e-09
1.08274e-09
1.08037e-09
1.07811e-09
1.07593e-09
1.07396e-09
1.07199e-09
1.07002e-09
1.06802e-09
1.06596e-09
1.0639e-09
1.06178e-09
1.05975e-09
1.08058e-09
1.06252e-09
1.0601e-09
1.05134e-09
1.04959e-09
1.04802e-09
1.04646e-09
1.04482e-09
1.04318e-09
1.05174e-09
1.08221e-09
1.10885e-09
1.13779e-09
1.13672e-09
1.13563e-09
1.13454e-09
1.1334e-09
1.13225e-09
1.11825e-09
1.12066e-09
1.11967e-09
1.11753e-09
1.11811e-09
1.12536e-09
1.09535e-09
1.09971e-09
1.072e-09
1.06486e-09
1.04029e-09
1.0477e-09
1.05838e-09
1.07274e-09
1.07991e-09
1.07977e-09
1.05156e-09
1.05044e-09
1.03367e-09
9.94625e-10
9.89247e-10
9.88121e-10
9.87045e-10
9.86035e-10
9.85128e-10
9.84273e-10
9.8342e-10
9.82578e-10
9.81754e-10
9.80934e-10
9.80141e-10
9.79346e-10
9.78552e-10
9.76402e-10
9.76897e-10
9.76145e-10
9.75503e-10
9.748e-10
9.73995e-10
9.73274e-10
9.72349e-10
9.71795e-10
9.71154e-10
9.70233e-10
9.66837e-10
9.6856e-10
9.64044e-10
9.35215e-10
9.22464e-10
9.41944e-10
9.45151e-10
9.47809e-10
9.38666e-10
9.27861e-10
8.9381e-10
8.8433e-10
8.8081e-10
8.60956e-10
8.57635e-10
8.56261e-10
8.54856e-10
8.53412e-10
8.51945e-10
8.50455e-10
8.48931e-10
8.47388e-10
8.45833e-10
8.36436e-10
8.42661e-10
8.35712e-10
8.32245e-10
8.30952e-10
8.16739e-10
8.16968e-10
8.14648e-10
7.87353e-10
7.69044e-10
7.43485e-10
7.05796e-10
6.9542e-10
6.50772e-10
6.43273e-10
6.37328e-10
6.42468e-10
6.36307e-10
6.35784e-10
6.31761e-10
6.1826e-10
6.15178e-10
6.03481e-10
5.70965e-10
5.70755e-10
5.8089e-10
5.87054e-10
5.89545e-10
5.92929e-10
5.96763e-10
5.73e-10
5.93704e-10
5.69138e-10
5.5216e-10
5.71477e-10
5.39674e-10
5.01763e-10
4.79402e-10
4.6023e-10
4.6038e-10
4.60519e-10
4.60649e-10
4.60777e-10
4.5938e-10
4.60995e-10
4.61094e-10
4.6118e-10
4.61257e-10
4.61327e-10
4.61188e-10
4.6018e-10
4.61457e-10
4.61473e-10
4.61476e-10
4.33118e-10
Re: 2271, We:31
9.47948e-10
1.2893e-09
1.28489e-09
1.28873e-09
1.25128e-09
1.1966e-09
1.20102e-09
1.20546e-09
1.2099e-09
1.21434e-09
1.21878e-09
1.2232e-09
1.22762e-09
1.23201e-09
1.23638e-09
1.24073e-09
1.24505e-09
1.2485e-09
1.24563e-09
1.25788e-09
1.25845e-09
1.2242e-09
1.2313e-09
1.25866e-09
1.27104e-09
1.24584e-09
1.25126e-09
1.23863e-09
1.23295e-09
1.26157e-09
1.23837e-09
1.21257e-09
1.20662e-09
1.15724e-09
1.18524e-09
1.20052e-09
1.19551e-09
1.20468e-09
1.20933e-09
1.20217e-09
1.18619e-09
1.15574e-09
1.1587e-09
1.15913e-09
1.1558e-09
1.13311e-09
1.12546e-09
1.10886e-09
1.11029e-09
1.11639e-09
1.10284e-09
1.1014e-09
1.08732e-09
1.08157e-09
1.08313e-09
1.05898e-09
1.05506e-09
1.05734e-09
1.04218e-09
1.05014e-09
1.05133e-09
1.05875e-09
1.03962e-09
1.03567e-09
1.02418e-09
1.03063e-09
1.02424e-09
1.01328e-09
1.03233e-09
1.01984e-09
1.02046e-09
1.02975e-09
1.03818e-09
1.0301e-09
1.0306e-09
1.02701e-09
1.02804e-09
1.03696e-09
1.0351e-09
1.0229e-09
1.02953e-09
1.02909e-09
1.02964e-09
1.03018e-09
1.0075e-09
1.02494e-09
1.01825e-09
9.88006e-10
9.93451e-10
1.00571e-09
9.84221e-10
9.78711e-10
9.67347e-10
9.82806e-10
9.79934e-10
9.78101e-10
9.8378e-10
9.83384e-10
1.00391e-09
1.05412e-09
1.09453e-09
1.09804e-09
1.10201e-09
1.11854e-09
1.11238e-09
1.11676e-09
1.1152e-09
1.11696e-09
1.12873e-09
1.1306e-09
1.14965e-09
1.16336e-09
1.17475e-09
1.1775e-09
1.18003e-09
1.18181e-09
1.18632e-09
1.2049e-09
1.22741e-09
1.16358e-09
1.14149e-09
1.15328e-09
1.12555e-09
1.0676e-09
1.07788e-09
1.06601e-09
1.0501e-09
1.06519e-09
1.05195e-09
1.02261e-09
1.00951e-09
1.01243e-09
9.76155e-10
9.93572e-10
9.93739e-10
9.25728e-10
9.40875e-10
9.47948e-10
8.97262e-10
9.19156e-10
9.45073e-10
9.11738e-10
8.63634e-10
8.82468e-10
8.67067e-10
8.12765e-10
8.49605e-10
8.7537e-10
8.96921e-10
9.50251e-10
9.61554e-10
9.99443e-10
9.46733e-10
8.95419e-10
8.83802e-10
8.76758e-10
8.43164e-10
8.25271e-10
8.19198e-10
8.13357e-10
7.81706e-10
7.7175e-10
7.58004e-10
7.48369e-10
7.48925e-10
7.51532e-10
7.54064e-10
7.61134e-10
7.6695e-10
7.65721e-10
7.69993e-10
7.67394e-10
7.67114e-10
7.57925e-10
7.47809e-10
7.47733e-10
7.50682e-10
7.53609e-10
7.56526e-10
7.544e-10
7.57462e-10
7.53172e-10
7.57074e-10
7.286e-10
7.33079e-10
7.35724e-10
7.46632e-10
7.57061e-10
7.35591e-10
7.40111e-10
7.50616e-10
7.46902e-10
7.50292e-10
7.54334e-10
7.58203e-10
7.61708e-10
7.66406e-10
7.69931e-10
7.73516e-10
7.75066e-10
7.93924e-10
7.52288e-10
7.48268e-10
7.52436e-10
7.21134e-10
7.0341e-10
7.07385e-10
7.11156e-10
7.14561e-10
7.17989e-10
7.21479e-10
7.25021e-10
7.28611e-10
7.32243e-10
7.35945e-10
7.39712e-10
7.43596e-10
7.47545e-10
7.51541e-10
7.5566e-10
7.598e-10
7.5337e-10
7.55476e-10
7.5452e-10
7.59437e-10
7.64281e-10
7.61841e-10
7.70196e-10
7.45681e-10
7.29606e-10
7.08237e-10
6.72025e-10
6.73336e-10
6.57231e-10
6.61938e-10
6.66624e-10
6.71177e-10
6.75711e-10
6.79756e-10
6.83588e-10
6.87011e-10
6.90113e-10
6.92822e-10
6.95741e-10
6.98324e-10
7.00639e-10
7.02816e-10
7.0499e-10
7.07141e-10
7.09243e-10
7.10472e-10
7.08006e-10
6.89747e-10
6.88904e-10
6.78828e-10
6.73599e-10
6.91851e-10
6.94112e-10
6.85273e-10
6.81503e-10
6.91167e-10
6.92395e-10
6.82883e-10
6.84477e-10
6.86724e-10
6.66157e-10
6.56029e-10
6.63011e-10
6.47895e-10
6.50102e-10
6.54035e-10
6.5468e-10
6.57072e-10
6.59567e-10
6.62184e-10
6.64916e-10
6.67745e-10
6.70681e-10
6.73699e-10
6.76792e-10
6.7986e-10
6.83062e-10
6.83806e-10
6.67876e-10
6.55479e-10
6.4747e-10
6.29746e-10
6.23244e-10
6.03843e-10
6.07202e-10
6.10566e-10
6.1393e-10
6.18796e-10
6.2068e-10
6.24035e-10
6.27422e-10
6.30732e-10
6.34046e-10
6.34954e-10
6.34956e-10
6.24331e-10
5.98517e-10
5.89466e-10
5.94648e-10
6.04631e-10
5.99056e-10
5.92063e-10
5.85901e-10
5.54256e-10
5.55775e-10
5.60041e-10
5.60271e-10
5.6554e-10
5.68443e-10
5.67141e-10
5.74334e-10
5.77025e-10
5.79695e-10
5.82353e-10
5.84924e-10
5.87485e-10
5.85434e-10
5.89356e-10
5.90521e-10
5.93012e-10
5.90548e-10
5.92926e-10
5.81697e-10
5.82482e-10
5.85852e-10
5.77168e-10
5.57256e-10
5.44988e-10
5.30361e-10
5.2288e-10
5.28624e-10
5.2392e-10
5.15126e-10
5.14756e-10
5.16778e-10
5.30836e-10
5.3275e-10
5.2262e-10
Re: 2271, We:31
0
2.36919e-10
3.2275e-10
4.80139e-10
5.41843e-10
5.17581e-10
5.07171e-10
5.29388e-10
5.09158e-10
5.31026e-10
5.31055e-10
5.4405e-10
5.3217e-10
4.92365e-10
5.81967e-10
5.66886e-10
5.41295e-10
5.61946e-10
6.03731e-10
5.98217e-10
5.92517e-10
5.86951e-10
5.60072e-10
5.26574e-10
5.25006e-10
5.64146e-10
5.63305e-10
5.54958e-10
5.51104e-10
5.45762e-10
5.53871e-10
5.7617e-10
5.96883e-10
6.35097e-10
6.10415e-10
5.90291e-10
5.7379e-10
5.26387e-10
5.10238e-10
5.30589e-10
5.57636e-10
6.17366e-10
5.78651e-10
5.50555e-10
5.58761e-10
5.75802e-10
5.75134e-10
6.02395e-10
5.83907e-10
5.67081e-10
5.96238e-10
5.79975e-10
5.78669e-10
5.83215e-10
5.54516e-10
5.72516e-10
6.04459e-10
5.9866e-10
5.83252e-10
5.65637e-10
5.56154e-10
5.60004e-10
5.78718e-10
5.72922e-10
5.59665e-10
5.54503e-10
5.55681e-10
5.50021e-10
5.44372e-10
5.38727e-10
5.33094e-10
5.27477e-10
5.21899e-10
5.16332e-10
5.21463e-10
5.1268e-10
5.03059e-10
4.95068e-10
5.03002e-10
5.34891e-10
4.93883e-10
4.77089e-10
4.71406e-10
4.78491e-10
4.82912e-10
4.8309e-10
4.79198e-10
4.79338e-10
4.52836e-10
4.48783e-10
4.54344e-10
4.41347e-10
4.67712e-10
4.71507e-10
4.7229e-10
4.59044e-10
4.52772e-10
4.47214e-10
4.42401e-10
4.48724e-10
4.47654e-10
4.35267e-10
4.27519e-10
4.31213e-10
4.32124e-10
4.19266e-10
4.24304e-10
4.1439e-10
4.10496e-10
4.07002e-10
4.29399e-10
4.20752e-10
4.31142e-10
4.36145e-10
4.7625e-10
4.66533e-10
4.59634e-10
4.56819e-10
4.60806e-10
4.63648e-10
4.68605e-10
4.58257e-10
4.6341e-10
4.64948e-10
4.64821e-10
4.57876e-10
4.68375e-10
4.4748e-10
4.54921e-10
4.57716e-10
4.48944e-10
4.46881e-10
4.44986e-10
4.42434e-10
4.39821e-10
4.66203e-10
4.69365e-10
4.45236e-10
4.72192e-10
4.76721e-10
4.61283e-10
4.64699e-10
4.94633e-10
4.96389e-10
4.91623e-10
5.14292e-10
4.77907e-10
4.63349e-10
4.75764e-10
4.209e-10
4.0331e-10
4.018e-10
4.21435e-10
4.63332e-10
4.59689e-10
4.98869e-10
4.92003e-10
4.7393e-10
4.73761e-10
5.07522e-10
5.22587e-10
5.61701e-10
5.85653e-10
5.80276e-10
5.91342e-10
5.68626e-10
5.69698e-10
5.51516e-10
5.16507e-10
5.28184e-10
5.06894e-10
5.20077e-10
4.9726e-10
4.8865e-10
4.92102e-10
5.07782e-10
4.9806e-10
5.04556e-10
5.08623e-10
5.28546e-10
5.37915e-10
5.45886e-10
5.21344e-10
5.44701e-10
5.29149e-10
5.3285e-10
5.64941e-10
5.6792e-10
6.1739e-10
6.28756e-10
6.13628e-10
6.47299e-10
6.65655e-10
6.58984e-10
6.35354e-10
6.20493e-10
6.19758e-10
6.35116e-10
6.36713e-10
6.34822e-10
6.19621e-10
6.53669e-10
6.40535e-10
6.26243e-10
6.85095e-10
7.04011e-10
7.09259e-10
7.1653e-10
7.01681e-10
6.82108e-10
6.72811e-10
6.75576e-10
6.79883e-10
6.47005e-10
5.99912e-10
5.41968e-10
5.40674e-10
5.51431e-10
5.55631e-10
5.72997e-10
5.96076e-10
6.66175e-10
6.64242e-10
7.09269e-10
6.98164e-10
6.88428e-10
6.75411e-10
6.46516e-10
6.40797e-10
6.77964e-10
6.90626e-10
7.02359e-10
6.95186e-10
7.00781e-10
7.01528e-10
7.01121e-10
7.07568e-10
7.40523e-10
7.71299e-10
7.92826e-10
7.72746e-10
7.71169e-10
7.88074e-10
7.54695e-10
7.36083e-10
7.2654e-10
7.19999e-10
7.23859e-10
7.03726e-10
7.02893e-10
7.21809e-10
7.23446e-10
7.34844e-10
7.98146e-10
8.38201e-10
7.93456e-10
7.95033e-10
8.14765e-10
8.059e-10
8.17294e-10
8.14675e-10
8.34601e-10
8.17503e-10
8.24014e-10
8.48584e-10
8.81823e-10
8.81113e-10
8.8039e-10
8.79659e-10
8.78919e-10
8.78163e-10
8.77397e-10
8.76616e-10
8.75803e-10
8.74955e-10
8.74067e-10
8.73125e-10
8.72135e-10
8.71102e-10
8.70021e-10
8.68905e-10
8.67766e-10
8.66581e-10
8.65375e-10
8.64159e-10
8.62925e-10
8.61689e-10
8.60461e-10
8.59222e-10
8.5799e-10
8.56778e-10
8.55575e-10
8.54398e-10
8.5324e-10
8.52102e-10
8.50985e-10
8.50111e-10
8.48852e-10
8.48086e-10
8.69619e-10
8.62943e-10
8.96922e-10
8.87014e-10
9.01836e-10
9.02874e-10
9.10593e-10
9.20525e-10
9.22495e-10
9.48641e-10
9.5744e-10
9.56925e-10
9.85164e-10
1.01871e-09
1.03933e-09
1.03899e-09
1.01855e-09
1.01328e-09
1.00055e-09
1.01574e-09
9.86128e-10
1.0146e-09
1.03528e-09
1.01586e-09
1.03305e-09
1.01919e-09
1.04855e-09
1.0647e-09
1.09786e-09
1.09769e-09
1.09758e-09
1.09746e-09
1.09736e-09
1.09727e-09
1.10375e-09
1.11718e-09
1.10934e-09
1.1369e-09
1.19069e-09
1.20453e-09
1.20389e-09
1.20325e-09
1.20265e-09
1.20205e-09
Re: 2271, We:31
0
0
1.48403e-10
2.31203e-10
2.26573e-10
2.21911e-10
2.17245e-10
2.12571e-10
2.07893e-10
2.03226e-10
1.98561e-10
1.93912e-10
1.89287e-10
1.84679e-10
1.80099e-10
1.75542e-10
1.71018e-10
1.66522e-10
1.6204e-10
1.57559e-10
1.53775e-10
1.48667e-10
1.44245e-10
1.39827e-10
1.35433e-10
1.34053e-10
1.26839e-10
1.25077e-10
1.40691e-10
1.16252e-10
1.308e-10
1.25848e-10
1.11636e-10
1.16098e-10
1.11306e-10
1.12585e-10
1.07306e-10
9.78708e-11
9.28346e-11
9.34362e-11
9.67873e-11
1.21008e-10
1.10908e-10
8.5329e-11
8.0052e-11
7.64373e-11
9.25784e-11
1.09475e-10
1.05514e-10
1.0168e-10
9.80274e-11
9.44508e-11
9.09522e-11
8.75667e-11
8.42745e-11
8.10652e-11
7.79722e-11
7.50159e-11
7.21463e-11
6.94056e-11
6.67693e-11
6.42381e-11
6.18142e-11
5.94874e-11
5.72394e-11
5.50707e-11
5.3007e-11
5.10279e-11
4.91297e-11
4.73092e-11
4.60982e-11
4.39146e-11
4.23457e-11
4.09859e-11
3.97089e-11
3.8271e-11
3.72067e-11
3.62584e-11
3.54833e-11
3.48372e-11
3.42935e-11
9.81399e-12
6.74524e-12
3.29585e-11
3.24812e-11
3.2019e-11
3.16101e-11
2.10882e-11
7.23227e-12
5.91122e-12
7.66168e-12
6.37097e-12
6.7197e-12
7.20398e-12
4.9039e-12
5.09088e-12
6.65747e-12
7.18218e-12
8.32498e-12
9.46989e-12
1.05303e-11
1.15558e-11
1.25787e-11
1.33361e-11
1.44265e-11
1.55637e-11
1.67263e-11
1.79434e-11
1.9217e-11
2.05613e-11
2.18655e-11
1.89335e-11
1.97624e-11
2.05651e-11
2.13217e-11
2.20795e-11
2.28681e-11
1.54177e-11
2.44427e-11
2.5252e-11
1.26751e-11
1.83902e-11
1.91182e-11
1.48299e-11
1.56201e-11
1.64719e-11
1.73529e-11
1.8267e-11
1.92501e-11
2.02739e-11
2.13584e-11
2.25113e-11
2.36895e-11
2.17566e-11
1.95213e-11
2.37067e-11
2.14272e-11
2.16617e-11
2.24407e-11
2.32552e-11
2.41192e-11
2.50047e-11
2.59113e-11
2.67756e-11
2.75275e-11
2.81266e-11
2.86666e-11
2.91694e-11
2.96779e-11
3.0137e-11
3.0605e-11
3.1097e-11
3.16197e-11
3.21681e-11
3.27437e-11
3.33531e-11
3.39974e-11
3.46819e-11
3.54146e-11
3.61912e-11
3.70124e-11
3.78888e-11
3.87935e-11
3.97283e-11
4.07123e-11
4.17293e-11
4.27742e-11
4.38647e-11
4.49822e-11
4.61297e-11
4.73215e-11
4.85323e-11
2.53073e-11
1.64101e-11
5.34349e-12
5.34359e-12
5.34333e-12
5.34319e-12
5.34286e-12
5.34338e-12
5.34358e-12
5.34331e-12
5.34355e-12
5.34349e-12
5.34356e-12
5.34294e-12
5.34328e-12
5.34352e-12
5.34352e-12
5.34312e-12
5.34304e-12
5.34339e-12
5.34344e-12
5.34325e-12
5.34329e-12
5.34346e-12
5.34289e-12
5.34351e-12
5.34318e-12
5.34327e-12
5.34305e-12
5.34284e-12
5.34342e-12
5.34341e-12
5.34314e-12
5.3435e-12
5.34304e-12
5.34311e-12
5.34344e-12
5.3434e-12
5.3432e-12
5.34335e-12
5.34318e-12
5.34317e-12
5.34325e-12
5.34318e-12
5.34339e-12
5.3429e-12
5.34346e-12
5.3426e-12
5.34337e-12
5.34334e-12
5.34308e-12
5.34354e-12
5.34353e-12
5.34323e-12
5.3434e-12
5.34337e-12
5.34278e-12
5.34313e-12
5.34352e-12
5.34338e-12
5.34309e-12
5.34335e-12
5.34328e-12
5.34338e-12
5.34349e-12
5.34355e-12
5.34341e-12
5.34313e-12
5.34318e-12
5.3434e-12
5.34316e-12
5.34328e-12
5.34314e-12
5.3431e-12
5.3434e-12
5.34334e-12
5.34334e-12
5.34358e-12
5.34327e-12
5.34297e-12
5.34349e-12
5.34332e-12
5.34357e-12
5.34342e-12
5.34327e-12
5.3431e-12
5.34335e-12
5.34328e-12
5.34318e-12
5.34304e-12
5.34336e-12
5.3433e-12
5.34325e-12
5.3432e-12
5.34331e-12
5.34344e-12
5.34326e-12
5.34332e-12
5.34322e-12
5.34334e-12
5.34328e-12
5.34337e-12
5.34317e-12
5.34345e-12
5.34342e-12
5.34329e-12
5.34343e-12
5.34343e-12
6.25816e-12
6.25833e-12
6.25814e-12
6.25824e-12
6.25805e-12
6.25799e-12
6.2581e-12
6.25775e-12
6.25775e-12
6.25835e-12
6.25801e-12
6.25803e-12
6.25825e-12
6.25831e-12
6.25805e-12
6.25829e-12
6.25831e-12
6.25768e-12
6.25798e-12
6.2582e-12
6.25822e-12
6.25805e-12
6.25773e-12
6.25778e-12
6.25792e-12
6.25842e-12
6.2581e-12
6.25827e-12
6.25845e-12
6.258e-12
6.25798e-12
6.25843e-12
6.25784e-12
6.25773e-12
6.25825e-12
6.25818e-12
6.25788e-12
6.25817e-12
6.25791e-12
6.25802e-12
6.25819e-12
6.25792e-12
6.25751e-12
6.25828e-12
6.2579e-12
6.25808e-12
6.2583e-12
6.15216e-12
6.15214e-12
6.15215e-12
6.15233e-12
6.15247e-12
6.15225e-12
6.15247e-12
6.15225e-12
7.08896e-12
7.08882e-12
7.08831e-12
7.08874e-12
7.0887e-12
7.08877e-12
7.08828e-12
7.08889e-12
7.08822e-12
Re: 2271, We:31
1.54891e-09
1.8083e-10
2.35921e-10
2.51083e-10
2.52359e-10
2.52392e-10
2.48525e-10
2.44667e-10
2.40826e-10
2.37013e-10
2.33219e-10
2.2946e-10
2.2574e-10
2.22054e-10
2.18415e-10
2.14815e-10
2.11265e-10
2.13714e-10
2.38172e-10
2.00858e-10
2.01128e-10
2.36242e-10
2.3401e-10
2.03589e-10
1.92144e-10
2.18292e-10
2.13836e-10
2.27454e-10
2.3413e-10
2.06506e-10
2.30721e-10
2.61227e-10
2.82129e-10
3.33751e-10
3.04362e-10
2.81327e-10
2.94949e-10
2.7404e-10
2.78129e-10
2.84804e-10
3.06138e-10
3.37083e-10
3.34617e-10
3.34708e-10
3.38541e-10
3.61733e-10
3.69856e-10
3.869e-10
3.8588e-10
3.80191e-10
3.94108e-10
3.95918e-10
4.10589e-10
4.16476e-10
4.15419e-10
4.3986e-10
4.44059e-10
4.42047e-10
4.57448e-10
4.49677e-10
4.4861e-10
4.41338e-10
4.60602e-10
4.647e-10
4.76349e-10
4.7006e-10
4.76604e-10
4.88806e-10
4.68882e-10
4.8673e-10
4.89466e-10
4.89352e-10
4.92341e-10
5.01601e-10
4.99376e-10
5.03734e-10
4.95985e-10
4.89986e-10
4.77912e-10
4.44463e-10
4.81793e-10
4.81506e-10
4.8003e-10
4.78548e-10
5.00301e-10
4.73764e-10
4.74887e-10
5.00917e-10
5.02958e-10
4.73975e-10
4.79144e-10
4.79001e-10
4.8226e-10
4.64156e-10
4.60449e-10
4.76346e-10
4.807e-10
4.8825e-10
4.62529e-10
4.00594e-10
3.95019e-10
4.03918e-10
3.88806e-10
3.87204e-10
3.91777e-10
3.85773e-10
3.85662e-10
3.82197e-10
3.8422e-10
3.80716e-10
3.77195e-10
3.6945e-10
3.53647e-10
3.47591e-10
3.23405e-10
3.18387e-10
3.14604e-10
2.94126e-10
2.92099e-10
3.55426e-10
3.82469e-10
3.70426e-10
3.98556e-10
4.58862e-10
4.47049e-10
4.57288e-10
4.71539e-10
4.51377e-10
4.64176e-10
5.04404e-10
5.13197e-10
5.09331e-10
5.44658e-10
5.26502e-10
5.25563e-10
5.96548e-10
5.8071e-10
5.72938e-10
6.2291e-10
6.00286e-10
5.73629e-10
6.06214e-10
6.53558e-10
6.3403e-10
6.48834e-10
7.02664e-10
6.65404e-10
6.39248e-10
6.17303e-10
5.6362e-10
5.51958e-10
5.13691e-10
5.66005e-10
6.16904e-10
6.28084e-10
6.34671e-10
6.67782e-10
6.85162e-10
6.90698e-10
6.9597e-10
7.27018e-10
7.36343e-10
7.61226e-10
7.70785e-10
7.74939e-10
7.72074e-10
7.69274e-10
7.61962e-10
7.55913e-10
7.56887e-10
7.52365e-10
7.54716e-10
7.54984e-10
7.63957e-10
7.73853e-10
7.7364e-10
7.7048e-10
7.6734e-10
7.63949e-10
7.65811e-10
7.62469e-10
7.66372e-10
7.62227e-10
7.90346e-10
7.86848e-10
8.04346e-10
8.32928e-10
8.39301e-10
8.63555e-10
8.59953e-10
8.50321e-10
8.54086e-10
8.51516e-10
8.48236e-10
8.4509e-10
8.42234e-10
8.39391e-10
8.36545e-10
8.33643e-10
8.43602e-10
8.27719e-10
8.71357e-10
8.77766e-10
8.74925e-10
9.07575e-10
9.26646e-10
9.20403e-10
9.14002e-10
9.15487e-10
9.16374e-10
9.13913e-10
9.11303e-10
9.08768e-10
9.06325e-10
9.03727e-10
9.01077e-10
8.98339e-10
8.95552e-10
8.9273e-10
8.8975e-10
8.83389e-10
8.64116e-10
8.54791e-10
8.02488e-10
7.96413e-10
7.92731e-10
7.98551e-10
8.02932e-10
8.15298e-10
8.28684e-10
8.50526e-10
8.87218e-10
8.86404e-10
9.03021e-10
8.98838e-10
8.94073e-10
8.86143e-10
8.79223e-10
8.75436e-10
8.71848e-10
8.68646e-10
8.65749e-10
8.6323e-10
8.60497e-10
8.5809e-10
8.55933e-10
8.53906e-10
8.51884e-10
8.49885e-10
8.4793e-10
8.46851e-10
8.49461e-10
8.67865e-10
8.68856e-10
8.79078e-10
8.84455e-10
8.66341e-10
8.64214e-10
8.73187e-10
8.7709e-10
8.6756e-10
8.66469e-10
8.76123e-10
8.74672e-10
8.72574e-10
8.93297e-10
9.03584e-10
8.96765e-10
9.1205e-10
9.10016e-10
9.0626e-10
9.05799e-10
9.03595e-10
9.01298e-10
8.98889e-10
8.96376e-10
8.93775e-10
8.91077e-10
8.88306e-10
8.85467e-10
8.82665e-10
8.79734e-10
8.79271e-10
8.95489e-10
9.08182e-10
9.16495e-10
9.3453e-10
9.41349e-10
9.61075e-10
9.58047e-10
9.55018e-10
9.51996e-10
9.47478e-10
9.45943e-10
9.42729e-10
9.397e-10
9.36744e-10
9.3379e-10
9.33246e-10
9.3361e-10
9.44606e-10
9.70797e-10
9.80226e-10
9.7543e-10
9.65835e-10
9.71805e-10
9.79198e-10
9.85766e-10
1.01782e-09
1.01658e-09
1.01274e-09
1.01294e-09
1.00811e-09
1.00565e-09
1.00739e-09
1.00062e-09
9.98365e-10
9.9613e-10
9.93913e-10
9.91776e-10
9.89654e-10
9.92149e-10
9.88675e-10
9.88099e-10
9.86065e-10
9.88987e-10
9.87074e-10
9.98774e-10
9.98466e-10
9.9558e-10
1.00476e-09
1.02517e-09
1.03796e-09
1.05311e-09
1.06112e-09
1.05592e-09
1.06118e-09
1.07054e-09
1.07149e-09
1.07005e-09
1.05659e-09
1.05528e-09
1.06602e-09
1.06486e-09
