---------------------------------------
Begin Slurm Prolog: Sep-04-2024 16:56:02
Job ID:    1227977
User ID:   wdunlop3
Account:   gts-ssuresh313
Job name:  CompareRefinementLevelsfor3DImpact
Partition: cpu-small
QOS:       embers
---------------------------------------
ast/interpreter/overload.h:535: error: the dimensional constraints below are not compatible
ast/interpreter/overload.h:535: 't == DT'
	└─ [/src/run.h:16: 't = 0.'] = [0,1]
ast/interpreter/overload.h:545: 'e->t == t'
	└─ [/src/run.h:16: 't = 0.'] = [0]
/var/lib/slurm/slurmd/job1227977/slurm_script: line 16: 99967 Segmentation fault      ./droplet_impact 2.28e-3 1.0 7
slurmstepd: error: *** JOB 1227977 ON atl1-1-02-020-1-2 CANCELLED AT 2024-09-04T17:48:25 ***
---------------------------------------
Begin Slurm Epilog: Sep-04-2024 17:48:27
Job ID:        1227977
Array Job ID:  _4294967294
User ID:       wdunlop3
Account:       gts-ssuresh313
Job name:      CompareRefinementLevelsfor3DImpact
Resources:     cpu=12,mem=24G,node=3
Rsrc Used:     cput=10:28:48,vmem=537500K,walltime=00:52:24,mem=527776K,energy_used=0
Partition:     cpu-small
QOS:           embers
Nodes:         atl1-1-02-020-1-2,atl1-1-02-020-2-[1-2]
---------------------------------------
