---------------------------------------
Begin Slurm Prolog: Sep-03-2024 09:55:01
Job ID:    1220761
User ID:   wdunlop3
Account:   gts-ssuresh313
Job name:  DropletImpactExample3D
Partition: cpu-small
QOS:       embers
---------------------------------------
ast/interpreter/overload.h:535: error: the dimensional constraints below are not compatible
ast/interpreter/overload.h:535: 't == DT'
	└─ [/src/run.h:16: 't = 0.'] = [0,1]
ast/interpreter/overload.h:545: 'e->t == t'
	└─ [/src/run.h:16: 't = 0.'] = [0]
/var/lib/slurm/slurmd/job1220761/slurm_script: line 17: 169103 Killed                  ./droplet_impact 2.19e-3 1.0 10
slurmstepd: error: Detected 1 oom_kill event in StepId=1220761.batch. Some of the step tasks have been OOM Killed.
---------------------------------------
Begin Slurm Epilog: Sep-03-2024 09:56:52
Job ID:        1220761
Array Job ID:  _4294967294
User ID:       wdunlop3
Account:       gts-ssuresh313
Job name:      DropletImpactExample3D
Resources:     cpu=4,mem=8G,node=1
Rsrc Used:     cput=00:07:24,vmem=7764724K,walltime=00:01:51,mem=7748048K,energy_used=0
Partition:     cpu-small
QOS:           embers
Nodes:         atl1-1-02-014-34-2
---------------------------------------
