---------------------------------------
Begin Slurm Prolog: Sep-06-2024 13:13:04
Job ID:    1243381
User ID:   wdunlop3
Account:   gts-ssuresh313
Job name:  DropImpact
Partition: cpu-small
QOS:       embers
---------------------------------------
date: extra operand ‘%Y%m%d_%H%M%S’
Try 'date --help' for more information.
ast/interpreter/overload.h:535: error: the dimensional constraints below are not compatible
ast/interpreter/overload.h:535: 't == DT'
	└─ [/src/run.h:16: 't = 0.'] = [0,1]
ast/interpreter/overload.h:545: 'e->t == t'
	└─ [/src/run.h:16: 't = 0.'] = [0]
/var/lib/slurm/slurmd/job1243381/slurm_script: line 19: ./droplet_impact: No such file or directory
---------------------------------------
Begin Slurm Epilog: Sep-06-2024 13:13:29
Job ID:        1243381
Array Job ID:  _4294967294
User ID:       wdunlop3
Account:       gts-ssuresh313
Job name:      DropImpact
Resources:     cpu=1,mem=7G,node=1
Rsrc Used:     cput=00:00:25,vmem=11900K,walltime=00:00:25,mem=0,energy_used=0
Partition:     cpu-small
QOS:           embers
Nodes:         atl1-1-02-020-34-2
---------------------------------------
