---------------------------------------
Begin Slurm Prolog: Aug-15-2024 14:42:54
Job ID:    1058511
User ID:   wdunlop3
Account:   gts-ssuresh313
Job name:  DropletImpactExample
Partition: cpu-small
QOS:       inferno
---------------------------------------
droplet_impact.c: In function 'main':
droplet_impact.c:64:68: error: expected ')' before ';' token
droplet_impact.c:106:15: error: expected ';' before '}' token
droplet_impact.c: In function 'movie':
droplet_impact.c:177:10: warning: unused variable 'filename' [-Wunused-variable]
20
slurmstepd: error: *** JOB 1058511 ON atl1-1-02-019-23-1 CANCELLED AT 2024-08-15T14:44:25 ***
---------------------------------------
Begin Slurm Epilog: Aug-15-2024 14:44:27
Job ID:        1058511
Array Job ID:  _4294967294
User ID:       wdunlop3
Account:       gts-ssuresh313
Job name:      DropletImpactExample
Resources:     cpu=4,mem=8G,node=1
Rsrc Used:     cput=00:06:08,vmem=1119300K,walltime=00:01:32,mem=1119268K,energy_used=0
Partition:     cpu-small
QOS:           inferno
Nodes:         atl1-1-02-019-23-1
---------------------------------------
