---------------------------------------
Begin Slurm Prolog: Aug-17-2024 18:04:49
Job ID:    1072468
User ID:   wdunlop3
Account:   gts-ssuresh313
Job name:  DropletImpactExample3D
Partition: cpu-small
QOS:       embers
---------------------------------------
droplet_impact.c: In function 'movie':
droplet_impact.c:177:10: warning: unused variable 'filename' [-Wunused-variable]
droplet_impact.c:192:28: warning: '_t=' directive writing 3 bytes into a region of size between 0 and 49 [-Wformat-overflow=]
droplet_impact.c:192:28: note: assuming directive output of 12 bytes
droplet_impact.c:192:5: note: 'sprintf' output 10 or more bytes (assuming 70) into a destination of size 50
droplet_impact.c: In function 'main':
droplet_impact.c:90:22: warning: '%g' directive writing between 1 and 13 bytes into a region of size between 1 and 42 [-Wformat-overflow=]
droplet_impact.c:90:22: note: assuming directive output of 12 bytes
droplet_impact.c:90:5: note: 'sprintf' output between 10 and 63 bytes into a destination of size 50
droplet_impact.c:94:22: warning: '%s' directive writing up to 49 bytes into a region of size 30 [-Wformat-overflow=]
droplet_impact.c:94:5: note: 'sprintf' output between 9 and 58 bytes into a destination of size 30
ast/interpreter/overload.h:535: error: the dimensional constraints below are not compatible
ast/interpreter/overload.h:535: 't == DT'
	└─ [/src/run.h:16: 't = 0.'] = [0,1]
ast/interpreter/overload.h:545: 'e->t == t'
	└─ [/src/run.h:16: 't = 0.'] = [0]
Re: 1344, We:7
1
2
2
2
2
2
2
2
2
2
2
2
2
2
2
2
2
2
2
3
3
3
3
3
3
3
3
3
3
3
3
3
3
3
3
3
3
3
3
3
3
3
3
3
3
3
3
3
3
3
3
3
3
3
3
3
3
3
3
3
3
3
3
3
3
3
3
3
3
3
3
3
3
3
3
3
3
3
3
3
Re: 1344, We:7
3

# Octree, 405 steps, 160.69 CPU, 167.8 real, 4.53e+04 points.step/s, 38 var
---------------------------------------
Begin Slurm Epilog: Aug-17-2024 18:08:01
Job ID:        1072468
Array Job ID:  _4294967294
User ID:       wdunlop3
Account:       gts-ssuresh313
Job name:      DropletImpactExample3D
Resources:     cpu=4,mem=8G,node=1
Rsrc Used:     cput=00:12:44,vmem=394844K,walltime=00:03:11,mem=365128K,energy_used=0
Partition:     cpu-small
QOS:           embers
Nodes:         atl1-1-02-017-12-1
---------------------------------------
