0 0
1 4.46204e-07
2 1.42985e-06
3 2.47635e-06
4 3.86169e-06
5 5.56724e-06
6 7.56406e-06
7 9.82551e-06
8 1.23272e-05
9 1.50477e-05
10 1.79673e-05
11 2.10672e-05
12 2.43319e-05
13 2.77457e-05
14 3.12956e-05
15 3.49689e-05
16 3.87541e-05
17 4.26418e-05
18 4.66217e-05
19 5.0686e-05
20 5.48265e-05
21 5.90367e-05
22 6.33103e-05
23 6.76416e-05
24 7.20256e-05
25 7.64571e-05
26 8.09316e-05
27 8.54459e-05
28 8.99964e-05
29 9.45795e-05
30 9.91913e-05
31 0.000103831
32 0.000108494
33 0.000113179
34 0.000117885
35 0.000122609
36 0.00012735
37 0.000132107
38 0.000136877
39 0.00014166
40 0.000146454
41 0.000151257
42 0.000156069
43 0.000160891
44 0.000165721
45 0.000170558
46 0.000175401
47 0.00018025
48 0.000185104
49 0.000189963
50 0.000194826
51 0.000199693
52 0.000204565
53 0.00020944
54 0.000214317
55 0.000219197
56 0.00022408
57 0.000228965
58 0.000233851
59 0.00023874
60 0.000243629
61 0.000248521
62 0.000253414
63 0.000258308
64 0.000263205
65 0.000268101
66 0.000272999
67 0.000277897
68 0.000282797
69 0.000287696
70 0.000292598
71 0.000297499
72 0.0003024
73 0.000307303
74 0.000312206
75 0.000317109
76 0.000322012
77 0.000326917
78 0.000331821
79 0.000336726
80 0.00034163
81 0.000346535
82 0.00035144
83 0.000356346
84 0.000361252
85 0.000366158
86 0.000371065
87 0.000375971
88 0.000380877
89 0.000385783
90 0.00039069
91 0.000395596
92 0.000400502
93 0.000405408
94 0.000410315
95 0.000415221
96 0.000420127
97 0.000425033
98 0.00042994
99 0.000434846
100 0.000439752
101 0.000444658
102 0.000449565
103 0.000454473
104 0.000459381
105 0.000464289
106 0.000469196
107 0.000474104
108 0.000479012
109 0.00048392
110 0.000488828
111 0.000493736
112 0.000498644
113 0.000503552
114 0.00050846
115 0.000513368
116 0.000518276
117 0.000523184
118 0.000528092
119 0.000533
120 0.000537908
121 0.000542815
122 0.000547723
123 0.000552631
124 0.000557539
125 0.000562447
126 0.000567355
127 0.000572263
128 0.000577171
129 0.000582079
130 0.000586987
131 0.000591895
132 0.000596803
133 0.000601711
134 0.000606619
135 0.000611527
136 0.000616435
137 0.000621342
138 0.00062625
139 0.000631158
140 0.000636066
141 0.000640974
142 0.000645882
143 0.00065079
144 0.000655698
145 0.000660606
146 0.000665514
147 0.000670422
148 0.00067533
149 0.000680238
150 0.000685146
151 0.000690054
152 0.000694961
153 0.000699869
154 0.000704777
155 0.000709685
156 0.000714593
157 0.000719501
158 0.000724409
159 0.000729317
160 0.000734225
161 0.000739133
162 0.000744041
163 0.000748949
164 0.000753857
165 0.000758765
166 0.000763673
167 0.000768581
168 0.000773488
169 0.000778396
170 0.000783304
171 0.000788212
172 0.00079312
173 0.000798028
174 0.000802936
175 0.000807844
176 0.000812752
177 0.00081766
178 0.000822568
179 0.000827476
180 0.000832384
181 0.000837292
182 0.0008422
183 0.000847107
184 0.000852015
185 0.000856923
186 0.000861831
187 0.000866739
188 0.000871647
189 0.000876555
190 0.000881463
191 0.000886371
192 0.000891279
193 0.000896187
194 0.000901095
195 0.000906003
196 0.000910911
197 0.000915819
198 0.000920727
199 0.000925634
200 0.000930542
201 0.00093545
202 0.000940358
203 0.000945266
204 0.000950174
205 0.000955082
206 0.00095999
207 0.000964898
208 0.000969806
209 0.000974714
210 0.000979622
211 0.00098453
212 0.000989438
213 0.000994346
214 0.000999253
215 0.00100416
216 0.00100907
217 0.00101398
218 0.00101889
219 0.00102379
220 0.0010287
221 0.00103361
222 0.00103852
223 0.00104342
224 0.00104833
225 0.00105324
226 0.00105815
227 0.00106306
228 0.00106796
229 0.00107287
230 0.00107778
231 0.00108269
232 0.0010876
233 0.0010925
234 0.00109741
235 0.00110232
236 0.00110723
237 0.00111214
238 0.00111704
239 0.00112195
240 0.00112686
241 0.00113177
242 0.00113668
243 0.00114158
244 0.00114649
245 0.0011514
246 0.00115631
247 0.00116122
248 0.00116612
249 0.00117103
250 0.00117594
251 0.00118085
252 0.00118576
253 0.00119066
254 0.00119557
255 0.00120048
256 0.00120539
257 0.00121029
258 0.0012152
259 0.00122011
260 0.00122502
261 0.00122993
262 0.00123483
263 0.00123974
264 0.00124465
265 0.00124956
266 0.00125447
267 0.00125937
268 0.00126428
269 0.00126919
270 0.0012741
271 0.00127901
272 0.00128391
273 0.00128882
274 0.00129373
275 0.00129864
276 0.00130355
277 0.00130845
278 0.00131336
279 0.00131827
280 0.00132318
281 0.00132809
282 0.00133299
283 0.0013379
284 0.00134281
285 0.00134772
286 0.00135262
287 0.00135753
288 0.00136244
289 0.00136735
290 0.00137226
291 0.00137716
292 0.00138207
293 0.00138698
294 0.00139189
295 0.0013968
296 0.0014017
297 0.00140661
298 0.00141152
299 0.00141643
300 0.00142134
301 0.00142624
302 0.00143115
303 0.00143606
304 0.00144097
305 0.00144588
306 0.00145078
307 0.00145569
308 0.0014606
309 0.00146551
310 0.00147042
311 0.00147532
312 0.00148023
313 0.00148514
314 0.00149005
315 0.00149495
316 0.00149986
317 0.00150477
318 0.00150968
319 0.00151459
320 0.00151949
321 0.0015244
322 0.00152931
323 0.00153422
324 0.00153913
325 0.00154403
326 0.00154894
327 0.00155385
328 0.00155876
329 0.00156367
330 0.00156857
331 0.00157348
332 0.00157839
333 0.0015833
334 0.00158821
335 0.00159311
336 0.00159802
337 0.00160293
338 0.00160784
339 0.00161275
340 0.00161765
341 0.00162256
342 0.00162747
343 0.00163238
344 0.00163729
345 0.00164219
346 0.0016471
347 0.00165201
348 0.00165692
349 0.00166182
350 0.00166673
351 0.00167164
352 0.00167655
353 0.00168146
354 0.00168636
355 0.00169127
356 0.00169618
357 0.00170109
358 0.001706
359 0.0017109
360 0.00171581
361 0.00172072
362 0.00172563
363 0.00173054
364 0.00173544
365 0.00174035
366 0.00174526
367 0.00175017
368 0.00175508
369 0.00175998
370 0.00176489
371 0.0017698
372 0.00177471
373 0.00177962
374 0.00178452
375 0.00178943
376 0.00179434
377 0.00179925
378 0.00180415
379 0.00180906
380 0.00181397
381 0.00181888
382 0.00182379
383 0.00182869
384 0.0018336
385 0.00183851
386 0.00184342
387 0.00184833
388 0.00185323
389 0.00185814
390 0.00186305
391 0.00186796
392 0.00187287
393 0.00187777
394 0.00188268
395 0.00188759
396 0.0018925
397 0.00189741
398 0.00190231
399 0.00190722
400 0.00191213
401 0.00191704
402 0.00192195
403 0.00192685
404 0.00193176
405 0.00193667
406 0.00194158
407 0.00194649
408 0.00195139
409 0.0019563
410 0.00196121
411 0.00196612
412 0.00197102
413 0.00197593
414 0.00198084
415 0.00198575
416 0.00199066
417 0.00199556
418 0.00200047
419 0.00200538
420 0.00201029
421 0.0020152
422 0.0020201
423 0.00202501
424 0.00202992
425 0.00203483
426 0.00203974
427 0.00204464
428 0.00204955
429 0.00205446
430 0.00205937
431 0.00206428
432 0.00206918
433 0.00207409
434 0.002079
435 0.00208391
436 0.00208882
437 0.00209372
438 0.00209863
439 0.00210354
440 0.00210845
441 0.00211335
442 0.00211826
443 0.00212317
444 0.00212808
445 0.00213299
446 0.00213789
447 0.0021428
448 0.00214771
449 0.00215262
450 0.00215753
451 0.00216243
452 0.00216734
453 0.00217225
454 0.00217716
455 0.00218207
456 0.00218697
457 0.00219188
458 0.00219679
459 0.0022017
460 0.00220661
461 0.00221151
462 0.00221642
463 0.00222133
464 0.00222624
465 0.00223115
466 0.00223605
467 0.00224096
468 0.00224587
469 0.00225078
470 0.00225568
471 0.00226059
472 0.0022655
473 0.00227041
474 0.00227532
475 0.00228022
476 0.00228513
477 0.00229004
478 0.00229495
479 0.00229986
480 0.00230476
481 0.00230967
482 0.00231458
483 0.00231949
484 0.0023244
485 0.0023293
486 0.00233421
487 0.00233912
488 0.00234403
489 0.00234894
490 0.00235384
491 0.00235875
492 0.00236366
493 0.00236857
494 0.00237348
495 0.00237838
496 0.00238329
497 0.0023882
498 0.00239311
499 0.00239802
500 0.00240292
501 0.00240783
502 0.00241274
503 0.00241765
504 0.00242255
505 0.00242746
506 0.00243237
507 0.00243728
508 0.00244219
509 0.00244709
510 0.002452
511 0.00245691
512 0.00246182
513 0.00246673
514 0.00247163
515 0.00247654
516 0.00248145
517 0.00248636
518 0.00249127
519 0.00249617
520 0.00250108
521 0.00250599
522 0.0025109
523 0.00251581
524 0.00252071
525 0.00252562
526 0.00253053
527 0.00253544
528 0.00254035
529 0.00254525
530 0.00255016
531 0.00255507
532 0.00255998
533 0.00256488
534 0.00256979
535 0.0025747
536 0.00257961
537 0.00258452
538 0.00258942
539 0.00259433
540 0.00259924
541 0.00260415
542 0.00260906
543 0.00261396
544 0.00261887
545 0.00262378
546 0.00262869
547 0.0026336
548 0.0026385
549 0.00264341
550 0.00264832
551 0.00265323
552 0.00265814
553 0.00266304
554 0.00266795
555 0.00267286
556 0.00267777
557 0.00268268
558 0.00268758
559 0.00269249
560 0.0026974
561 0.00270231
562 0.00270722
563 0.00271212
564 0.00271703
565 0.00272194
566 0.00272685
567 0.00273175
568 0.00273666
569 0.00274157
570 0.00274648
571 0.00275139
572 0.00275629
573 0.0027612
574 0.00276611
575 0.00277102
576 0.00277593
577 0.00278083
578 0.00278574
579 0.00279065
580 0.00279556
581 0.00280047
582 0.00280537
583 0.00281028
584 0.00281519
585 0.0028201
586 0.00282501
587 0.00282991
588 0.00283482
589 0.00283973
590 0.00284464
591 0.00284955
592 0.00285445
593 0.00285936
594 0.00286427
595 0.00286918
596 0.00287408
597 0.00287899
598 0.0028839
599 0.00288881
600 0.00289372
601 0.00289862
602 0.00290353
603 0.00290844
604 0.00291335
605 0.00291826
606 0.00292316
607 0.00292807
608 0.00293298
609 0.00293789
610 0.0029428
611 0.0029477
612 0.00295261
613 0.00295752
614 0.00296243
615 0.00296734
616 0.00297224
617 0.00297715
618 0.00298206
619 0.00298697
620 0.00299188
621 0.00299678
622 0.00300169
623 0.0030066
624 0.00301151
625 0.00301641
626 0.00302132
627 0.00302623
628 0.00303114
629 0.00303605
630 0.00304095
631 0.00304586
632 0.00305077
633 0.00305568
634 0.00306059
635 0.00306549
636 0.0030704
637 0.00307531
638 0.00308022
639 0.00308513
640 0.00309003
641 0.00309494
642 0.00309985
643 0.00310476
644 0.00310967
645 0.00311457
646 0.00311948
647 0.00312439
648 0.0031293
649 0.00313421
650 0.00313911
651 0.00314402
652 0.00314893
653 0.00315384
654 0.00315875
655 0.00316365
656 0.00316856
657 0.00317347
658 0.00317838
659 0.00318328
660 0.00318819
661 0.0031931
662 0.00319801
663 0.00320292
664 0.00320782
665 0.00321273
666 0.00321764
667 0.00322255
668 0.00322746
669 0.00323236
670 0.00323727
671 0.00324218
672 0.00324709
673 0.003252
674 0.0032569
675 0.00326181
676 0.00326672
677 0.00327163
678 0.00327654
679 0.00328144
680 0.00328635
681 0.00329126
682 0.00329617
683 0.00330108
684 0.00330598
685 0.00331089
686 0.0033158
687 0.00332071
688 0.00332561
689 0.00333052
690 0.00333543
691 0.00334034
692 0.00334525
693 0.00335015
694 0.00335506
695 0.00335997
696 0.00336488
697 0.00336979
698 0.00337469
699 0.0033796
700 0.00338451
701 0.00338942
702 0.00339433
703 0.00339923
704 0.00340414
705 0.00340905
706 0.00341396
707 0.00341887
708 0.00342377
709 0.00342868
710 0.00343359
711 0.0034385
712 0.00344341
713 0.00344831
714 0.00345322
715 0.00345813
716 0.00346304
717 0.00346795
718 0.00347285
719 0.00347776
720 0.00348267
721 0.00348758
722 0.00349248
723 0.00349739
724 0.0035023
725 0.00350721
726 0.00351212
727 0.00351702
728 0.00352193
729 0.00352684
730 0.00353175
731 0.00353666
732 0.00354156
733 0.00354647
734 0.00355138
735 0.00355629
736 0.0035612
737 0.0035661
738 0.00357101
739 0.00357592
740 0.00358083
741 0.00358574
742 0.00359064
743 0.00359555
744 0.00360046
745 0.00360537
746 0.00361028
747 0.00361518
748 0.00362009
749 0.003625
750 0.00362991
751 0.00363481
752 0.00363972
753 0.00364463
754 0.00364954
755 0.00365445
756 0.00365935
757 0.00366426
758 0.00366917
759 0.00367408
760 0.00367899
761 0.00368389
762 0.0036888
763 0.00369371
764 0.00369862
765 0.00370353
766 0.00370843
767 0.00371334
768 0.00371825
769 0.00372316
770 0.00372807
771 0.00373297
772 0.00373788
773 0.00374279
774 0.0037477
775 0.00375261
776 0.00375751
777 0.00376242
778 0.00376733
779 0.00377224
780 0.00377715
781 0.00378205
782 0.00378696
783 0.00379187
784 0.00379678
785 0.00380168
786 0.00380659
787 0.0038115
788 0.00381641
789 0.00382132
790 0.00382622
791 0.00383113
792 0.00383604
793 0.00384095
794 0.00384586
795 0.00385076
796 0.00385567
797 0.00386058
798 0.00386549
799 0.0038704
800 0.0038753
801 0.00388021
802 0.00388512
803 0.00389003
804 0.00389494
805 0.00389984
806 0.00390475
807 0.00390966
808 0.00391457
809 0.00391948
810 0.00392438
811 0.00392929
812 0.0039342
813 0.00393911
814 0.00394401
815 0.00394892
816 0.00395383
817 0.00395874
818 0.00396365
819 0.00396855
820 0.00397346
821 0.00397837
822 0.00398328
823 0.00398819
824 0.00399309
825 0.003998
826 0.00400291
827 0.00400782
828 0.00401273
829 0.00401763
830 0.00402254
831 0.00402745
832 0.00403236
833 0.00403727
834 0.00404217
835 0.00404708
836 0.00405199
837 0.0040569
838 0.00406181
839 0.00406671
840 0.00407162
841 0.00407653
842 0.00408144
843 0.00408634
844 0.00409125
845 0.00409616
846 0.00410107
847 0.00410598
848 0.00411088
849 0.00411579
850 0.0041207
851 0.00412561
852 0.00413052
853 0.00413542
854 0.00414033
855 0.00414524
856 0.00415015
857 0.00415506
858 0.00415996
859 0.00416487
860 0.00416978
861 0.00417469
862 0.0041796
863 0.0041845
864 0.00418941
865 0.00419432
866 0.00419923
867 0.00420414
868 0.00420904
869 0.00421395
870 0.00421886
871 0.00422377
872 0.00422868
873 0.00423358
874 0.00423849
875 0.0042434
876 0.00424831
877 0.00425321
878 0.00425812
879 0.00426303
880 0.00426794
881 0.00427285
882 0.00427775
883 0.00428266
884 0.00428757
885 0.00429248
886 0.00429739
887 0.00430229
888 0.0043072
889 0.00431211
890 0.00431702
891 0.00432193
892 0.00432683
893 0.00433174
894 0.00433665
895 0.00434156
896 0.00434647
897 0.00435137
898 0.00435628
899 0.00436119
900 0.0043661
901 0.00437101
902 0.00437591
903 0.00438082
904 0.00438573
905 0.00439064
906 0.00439554
907 0.00440045
908 0.00440536
909 0.00441027
910 0.00441518
911 0.00442008
912 0.00442499
913 0.0044299
914 0.00443481
915 0.00443972
916 0.00444462
917 0.00444953
918 0.00445444
919 0.00445935
920 0.00446426
921 0.00446916
922 0.00447407
923 0.00447898
924 0.00448389
925 0.0044888
926 0.0044937
927 0.00449861
928 0.00450352
929 0.00450843
930 0.00451334
931 0.00451824
932 0.00452315
933 0.00452806
934 0.00453297
935 0.00453788
936 0.00454278
937 0.00454769
938 0.0045526
939 0.00455751
940 0.00456241
941 0.00456732
942 0.00457223
943 0.00457714
944 0.00458205
945 0.00458695
946 0.00459186
947 0.00459677
948 0.00460168
949 0.00460659
950 0.00461149
951 0.0046164
952 0.00462131
953 0.00462622
954 0.00463113
955 0.00463603
956 0.00464094
957 0.00464585
958 0.00465076
959 0.00465567
960 0.00466057
961 0.00466548
962 0.00467039
963 0.0046753
964 0.00468021
965 0.00468511
966 0.00469002
967 0.00469493
968 0.00469984
969 0.00470474
970 0.00470965
971 0.00471456
972 0.00471947
973 0.00472438
974 0.00472928
975 0.00473419
976 0.0047391
977 0.00474401
978 0.00474892
979 0.00475382
980 0.00475873
981 0.00476364
982 0.00476855
983 0.00477346
984 0.00477836
985 0.00478327
986 0.00478818
987 0.00479309
988 0.004798
989 0.0048029
990 0.00480781
991 0.00481272
992 0.00481763
993 0.00482254
994 0.00482744
995 0.00483235
996 0.00483726
997 0.00484217
998 0.00484707
999 0.00485198
1000 0.00485689
1001 0.0048618
1002 0.00486671
1003 0.00487161
1004 0.00487652
1005 0.00488143
1006 0.00488634
1007 0.00489125
1008 0.00489615
1009 0.00490106
1010 0.00490597
1011 0.00491088
1012 0.00491579
1013 0.00492069
1014 0.0049256
1015 0.00493051
1016 0.00493542
1017 0.00494033
1018 0.00494523
1019 0.00495014
1020 0.00495505
1021 0.00495996
1022 0.00496487
1023 0.00496977
1024 0.00497468
1025 0.00497959
1026 0.0049845
1027 0.00498941
1028 0.00499431
1029 0.00499922
1030 0.00500413
1031 0.00500904
1032 0.00501394
1033 0.00501885
1034 0.00502376
1035 0.00502867
1036 0.00503358
1037 0.00503848
1038 0.00504339
1039 0.0050483
1040 0.00505321
1041 0.00505812
1042 0.00506302
1043 0.00506793
1044 0.00507284
1045 0.00507775
1046 0.00508266
1047 0.00508756
1048 0.00509247
1049 0.00509738
1050 0.00510229
1051 0.0051072
1052 0.0051121
1053 0.00511701
1054 0.00512192
1055 0.00512683
1056 0.00513174
1057 0.00513664
1058 0.00514155
1059 0.00514646
1060 0.00515137
1061 0.00515627
1062 0.00516118
1063 0.00516609
1064 0.005171
1065 0.00517591
1066 0.00518081
1067 0.00518572
1068 0.00519063
1069 0.00519554
1070 0.00520045
1071 0.00520535
1072 0.00521026
1073 0.00521517
1074 0.00522008
1075 0.00522499
1076 0.00522989
1077 0.0052348
1078 0.00523971
1079 0.00524462
1080 0.00524953
1081 0.00525443
1082 0.00525934
1083 0.00526425
1084 0.00526916
1085 0.00527407
1086 0.00527897
1087 0.00528388
1088 0.00528879
1089 0.0052937
1090 0.00529861
1091 0.00530351
1092 0.00530842
1093 0.00531333
1094 0.00531824
1095 0.00532314
1096 0.00532805
1097 0.00533296
1098 0.00533787
1099 0.00534278
1100 0.00534768
1101 0.00535259
1102 0.0053575
1103 0.00536241
1104 0.00536732
1105 0.00537222
1106 0.00537713
1107 0.00538204
1108 0.00538695
1109 0.00539186
1110 0.00539676
1111 0.00540167
1112 0.00540658
1113 0.00541149
1114 0.0054164
1115 0.0054213
1116 0.00542621
1117 0.00543112
1118 0.00543603
1119 0.00544094
1120 0.00544584
1121 0.00545075
1122 0.00545566
1123 0.00546057
1124 0.00546547
1125 0.00547038
1126 0.00547529
1127 0.0054802
1128 0.00548511
1129 0.00549001
1130 0.00549492
1131 0.00549983
1132 0.00550474
1133 0.00550965
1134 0.00551455
1135 0.00551946
1136 0.00552437
1137 0.00552928
1138 0.00553419
1139 0.00553909
1140 0.005544
1141 0.00554891
1142 0.00555382
1143 0.00555873
1144 0.00556363
1145 0.00556854
1146 0.00557345
1147 0.00557836
1148 0.00558327
1149 0.00558817
1150 0.00559308
1151 0.00559799
1152 0.0056029
1153 0.0056078
1154 0.00561271
1155 0.00561762
1156 0.00562253
1157 0.00562744
1158 0.00563234
1159 0.00563725
1160 0.00564216
1161 0.00564707
1162 0.00565198
1163 0.00565688
1164 0.00566179
1165 0.0056667
1166 0.00567161
1167 0.00567652
1168 0.00568142
1169 0.00568633
1170 0.00569124
1171 0.00569615
1172 0.00570106
1173 0.00570596
1174 0.00571087
1175 0.00571578
1176 0.00572069
1177 0.0057256
1178 0.0057305
1179 0.00573541
1180 0.00574032
1181 0.00574523
1182 0.00575014
1183 0.00575504
1184 0.00575995
1185 0.00576486
1186 0.00576977
1187 0.00577467
1188 0.00577958
1189 0.00578449
1190 0.0057894
1191 0.00579431
1192 0.00579921
1193 0.00580412
1194 0.00580903
1195 0.00581394
1196 0.00581885
1197 0.00582375
1198 0.00582866
1199 0.00583357
1200 0.00583848
1201 0.00584339
1202 0.00584829
1203 0.0058532
1204 0.00585811
1205 0.00586302
1206 0.00586793
1207 0.00587283
1208 0.00587774
1209 0.00588265
1210 0.00588756
1211 0.00589247
1212 0.00589737
1213 0.00590228
1214 0.00590719
1215 0.0059121
1216 0.005917
1217 0.00592191
1218 0.00592682
1219 0.00593173
1220 0.00593664
1221 0.00594154
1222 0.00594645
1223 0.00595136
1224 0.00595627
1225 0.00596118
1226 0.00596608
1227 0.00597099
1228 0.0059759
1229 0.00598081
1230 0.00598572
1231 0.00599062
1232 0.00599553
1233 0.00600044
1234 0.00600535
1235 0.00601026
1236 0.00601516
1237 0.00602007
1238 0.00602498
1239 0.00602989
1240 0.0060348
1241 0.0060397
1242 0.00604461
1243 0.00604952
1244 0.00605443
1245 0.00605934
1246 0.00606424
1247 0.00606915
1248 0.00607406
1249 0.00607897
1250 0.00608387
1251 0.00608878
1252 0.00609369
1253 0.0060986
1254 0.00610351
1255 0.00610841
1256 0.00611332
1257 0.00611823
1258 0.00612314
1259 0.00612805
1260 0.00613295
1261 0.00613786
1262 0.00614277
1263 0.00614768
1264 0.00615259
1265 0.00615749
1266 0.0061624
1267 0.00616731
1268 0.00617222
1269 0.00617713
1270 0.00618203
1271 0.00618694
1272 0.00619185
1273 0.00619676
1274 0.00620167
1275 0.00620657
1276 0.00621148
1277 0.00621639
1278 0.0062213
1279 0.0062262
1280 0.00623111
1281 0.00623602
1282 0.00624093
1283 0.00624584
1284 0.00625074
1285 0.00625565
1286 0.00626056
1287 0.00626547
1288 0.00627038
1289 0.00627528
1290 0.00628019
1291 0.0062851
1292 0.00629001
1293 0.00629492
1294 0.00629982
1295 0.00630473
1296 0.00630964
1297 0.00631455
1298 0.00631946
1299 0.00632436
1300 0.00632927
1301 0.00633418
1302 0.00633909
1303 0.006344
1304 0.0063489
1305 0.00635381
1306 0.00635872
1307 0.00636363
1308 0.00636853
1309 0.00637344
1310 0.00637835
1311 0.00638326
1312 0.00638817
1313 0.00639307
1314 0.00639798
1315 0.00640289
1316 0.0064078
1317 0.00641271
1318 0.00641761
1319 0.00642252
1320 0.00642743
1321 0.00643234
1322 0.00643725
1323 0.00644215
1324 0.00644706
1325 0.00645197
1326 0.00645688
1327 0.00646179
1328 0.00646669
1329 0.0064716
1330 0.00647651
1331 0.00648142
1332 0.00648633
1333 0.00649123
1334 0.00649614
1335 0.00650105
1336 0.00650596
1337 0.00651087
1338 0.00651577
1339 0.00652068
1340 0.00652559
1341 0.0065305
1342 0.0065354
1343 0.00654031
1344 0.00654522
1345 0.00655013
1346 0.00655504
1347 0.00655994
1348 0.00656485
1349 0.00656976
1350 0.00657467
1351 0.00657958
1352 0.00658448
1353 0.00658939
1354 0.0065943
1355 0.00659921
1356 0.00660412
1357 0.00660902
1358 0.00661393
1359 0.00661884
1360 0.00662375
1361 0.00662866
1362 0.00663356
1363 0.00663847
1364 0.00664338
1365 0.00664829
1366 0.0066532
1367 0.0066581
1368 0.00666301
1369 0.00666792
1370 0.00667283
1371 0.00667773
1372 0.00668264
1373 0.00668755
1374 0.00669246
1375 0.00669737
1376 0.00670227
1377 0.00670718
1378 0.00671209
1379 0.006717
1380 0.00672191
1381 0.00672681
1382 0.00673172
1383 0.00673663
1384 0.00674154
1385 0.00674645
1386 0.00675135
1387 0.00675626
1388 0.00676117
1389 0.00676608
1390 0.00677099
1391 0.00677589
1392 0.0067808
1393 0.00678571
1394 0.00679062
1395 0.00679553
1396 0.00680043
1397 0.00680534
1398 0.00681025
1399 0.00681516
1400 0.00682007
1401 0.00682497
1402 0.00682988
1403 0.00683479
1404 0.0068397
1405 0.0068446
1406 0.00684951
1407 0.00685442
1408 0.00685933
1409 0.00686424
1410 0.00686914
1411 0.00687405
1412 0.00687896
1413 0.00688387
1414 0.00688878
1415 0.00689368
1416 0.00689859
1417 0.0069035
1418 0.00690841
1419 0.00691332
1420 0.00691822
1421 0.00692313
1422 0.00692804
1423 0.00693295
1424 0.00693786
1425 0.00694276
1426 0.00694767
1427 0.00695258
1428 0.00695749
1429 0.0069624
1430 0.0069673
1431 0.00697221
1432 0.00697712
1433 0.00698203
1434 0.00698693
1435 0.00699184
1436 0.00699675
1437 0.00700166
1438 0.00700657
1439 0.00701147
1440 0.00701638
1441 0.00702129
1442 0.0070262
1443 0.00703111
1444 0.00703601
1445 0.00704092
1446 0.00704583
1447 0.00705074
1448 0.00705565
1449 0.00706055
1450 0.00706546
1451 0.00707037
1452 0.00707528
1453 0.00708019
1454 0.00708509
1455 0.00709
1456 0.00709491
1457 0.00709982
1458 0.00710473
1459 0.00710963
1460 0.00711454
1461 0.00711945
1462 0.00712436
1463 0.00712926
1464 0.00713417
1465 0.00713908
1466 0.00714399
1467 0.0071489
1468 0.0071538
1469 0.00715871
1470 0.00716362
1471 0.00716853
1472 0.00717344
1473 0.00717834
1474 0.00718325
1475 0.00718816
1476 0.00719307
1477 0.00719798
1478 0.00720288
1479 0.00720779
1480 0.0072127
1481 0.00721761
1482 0.00722252
1483 0.00722742
1484 0.00723233
1485 0.00723724
1486 0.00724215
1487 0.00724706
1488 0.00725196
1489 0.00725687
1490 0.00726178
1491 0.00726669
1492 0.0072716
1493 0.0072765
1494 0.00728141
1495 0.00728632
1496 0.00729123
1497 0.00729613
1498 0.00730104
1499 0.00730595
1500 0.00731086
1501 0.00731577
1502 0.00732067
1503 0.00732558
1504 0.00733049
1505 0.0073354
1506 0.00734031
1507 0.00734521
1508 0.00735012
1509 0.00735503
1510 0.00735994
1511 0.00736485
1512 0.00736975
1513 0.00737466
1514 0.00737957
1515 0.00738448
1516 0.00738939
1517 0.00739429
1518 0.0073992
1519 0.00740411
1520 0.00740902
1521 0.00741393
1522 0.00741883
1523 0.00742374
1524 0.00742865
1525 0.00743356
1526 0.00743846
1527 0.00744337
1528 0.00744828
1529 0.00745319
1530 0.0074581
1531 0.007463
1532 0.00746791
1533 0.00747282
1534 0.00747773
1535 0.00748264
1536 0.00748754
1537 0.00749245
1538 0.00749736
1539 0.00750227
1540 0.00750718
1541 0.00751208
1542 0.00751699
1543 0.0075219
1544 0.00752681
1545 0.00753172
1546 0.00753662
1547 0.00754153
1548 0.00754644
1549 0.00755135
1550 0.00755626
1551 0.00756116
1552 0.00756607
1553 0.00757098
1554 0.00757589
1555 0.0075808
1556 0.0075857
1557 0.00759061
1558 0.00759552
1559 0.00760043
1560 0.00760533
1561 0.00761024
1562 0.00761515
1563 0.00762006
1564 0.00762497
1565 0.00762987
1566 0.00763478
1567 0.00763969
1568 0.0076446
1569 0.00764951
1570 0.00765441
1571 0.00765932
1572 0.00766423
1573 0.00766914
1574 0.00767405
1575 0.00767895
1576 0.00768386
1577 0.00768877
1578 0.00769368
1579 0.00769859
1580 0.00770349
1581 0.0077084
1582 0.00771331
1583 0.00771822
1584 0.00772313
1585 0.00772803
1586 0.00773294
1587 0.00773785
1588 0.00774276
1589 0.00774766
1590 0.00775257
1591 0.00775748
1592 0.00776239
1593 0.0077673
1594 0.0077722
1595 0.00777711
1596 0.00778202
1597 0.00778693
1598 0.00779184
1599 0.00779674
1600 0.00780165
1601 0.00780656
1602 0.00781147
1603 0.00781638
1604 0.00782128
1605 0.00782619
1606 0.0078311
1607 0.00783601
1608 0.00784092
1609 0.00784582
1610 0.00785073
1611 0.00785564
1612 0.00786055
1613 0.00786546
1614 0.00787036
1615 0.00787527
1616 0.00788018
1617 0.00788509
1618 0.00789
1619 0.0078949
1620 0.00789981
1621 0.00790472
1622 0.00790963
1623 0.00791453
1624 0.00791944
1625 0.00792435
1626 0.00792926
1627 0.00793417
1628 0.00793907
1629 0.00794398
1630 0.00794889
1631 0.0079538
1632 0.00795871
1633 0.00796361
1634 0.00796852
1635 0.00797343
1636 0.00797834
1637 0.00798325
1638 0.00798815
1639 0.00799306
1640 0.00799797
1641 0.00800288
1642 0.00800779
1643 0.00801269
1644 0.0080176
1645 0.00802251
1646 0.00802742
1647 0.00803233
1648 0.00803723
1649 0.00804214
1650 0.00804705
1651 0.00805196
1652 0.00805686
1653 0.00806177
1654 0.00806668
1655 0.00807159
1656 0.0080765
1657 0.0080814
1658 0.00808631
1659 0.00809122
1660 0.00809613
1661 0.00810104
1662 0.00810594
1663 0.00811085
1664 0.00811576
1665 0.00812067
1666 0.00812558
1667 0.00813048
1668 0.00813539
1669 0.0081403
1670 0.00814521
1671 0.00815012
1672 0.00815502
1673 0.00815993
1674 0.00816484
1675 0.00816975
1676 0.00817466
1677 0.00817956
1678 0.00818447
1679 0.00818938
1680 0.00819429
1681 0.00819919
1682 0.0082041
1683 0.00820901
1684 0.00821392
1685 0.00821883
1686 0.00822373
1687 0.00822864
1688 0.00823355
1689 0.00823846
1690 0.00824337
1691 0.00824827
1692 0.00825318
1693 0.00825809
1694 0.008263
1695 0.00826791
1696 0.00827281
1697 0.00827772
1698 0.00828263
1699 0.00828754
1700 0.00829245
1701 0.00829735
1702 0.00830226
1703 0.00830717
1704 0.00831208
1705 0.00831699
1706 0.00832189
1707 0.0083268
1708 0.00833171
1709 0.00833662
1710 0.00834153
1711 0.00834643
1712 0.00835134
1713 0.00835625
1714 0.00836116
1715 0.00836606
1716 0.00837097
1717 0.00837588
1718 0.00838079
1719 0.0083857
1720 0.0083906
1721 0.00839551
1722 0.00840042
1723 0.00840533
1724 0.00841024
1725 0.00841514
1726 0.00842005
1727 0.00842496
1728 0.00842987
1729 0.00843478
1730 0.00843968
1731 0.00844459
1732 0.0084495
1733 0.00845441
1734 0.00845932
1735 0.00846422
1736 0.00846913
1737 0.00847404
1738 0.00847895
1739 0.00848386
1740 0.00848876
1741 0.00849367
1742 0.00849858
1743 0.00850349
1744 0.00850839
1745 0.0085133
1746 0.00851821
1747 0.00852312
1748 0.00852803
1749 0.00853293
1750 0.00853784
1751 0.00854275
1752 0.00854766
1753 0.00855257
1754 0.00855747
1755 0.00856238
1756 0.00856729
1757 0.0085722
1758 0.00857711
1759 0.00858201
1760 0.00858692
1761 0.00859183
1762 0.00859674
1763 0.00860165
1764 0.00860655
1765 0.00861146
1766 0.00861637
1767 0.00862128
1768 0.00862619
1769 0.00863109
1770 0.008636
1771 0.00864091
1772 0.00864582
1773 0.00865073
1774 0.00865563
1775 0.00866054
1776 0.00866545
1777 0.00867036
1778 0.00867526
1779 0.00868017
1780 0.00868508
1781 0.00868999
1782 0.0086949
1783 0.0086998
1784 0.00870471
1785 0.00870962
1786 0.00871453
1787 0.00871944
1788 0.00872434
1789 0.00872925
1790 0.00873416
1791 0.00873907
1792 0.00874398
1793 0.00874888
1794 0.00875379
1795 0.0087587
1796 0.00876361
1797 0.00876852
1798 0.00877342
1799 0.00877833
1800 0.00878324
1801 0.00878815
1802 0.00879306
1803 0.00879796
1804 0.00880287
1805 0.00880778
1806 0.00881269
1807 0.00881759
1808 0.0088225
1809 0.00882741
1810 0.00883232
1811 0.00883723
1812 0.00884213
1813 0.00884704
1814 0.00885195
1815 0.00885686
1816 0.00886177
1817 0.00886667
1818 0.00887158
1819 0.00887649
1820 0.0088814
1821 0.00888631
1822 0.00889121
1823 0.00889612
1824 0.00890103
1825 0.00890594
1826 0.00891085
1827 0.00891575
1828 0.00892066
1829 0.00892557
1830 0.00893048
1831 0.00893539
1832 0.00894029
1833 0.0089452
1834 0.00895011
1835 0.00895502
1836 0.00895992
1837 0.00896483
1838 0.00896974
1839 0.00897465
1840 0.00897956
1841 0.00898446
1842 0.00898937
1843 0.00899428
1844 0.00899919
1845 0.0090041
1846 0.009009
1847 0.00901391
1848 0.00901882
1849 0.00902373
1850 0.00902864
1851 0.00903354
1852 0.00903845
1853 0.00904336
1854 0.00904827
1855 0.00905318
1856 0.00905808
1857 0.00906299
1858 0.0090679
1859 0.00907281
1860 0.00907772
1861 0.00908262
1862 0.00908753
1863 0.00909244
1864 0.00909735
1865 0.00910226
1866 0.00910716
1867 0.00911207
1868 0.00911698
1869 0.00912189
1870 0.00912679
1871 0.0091317
1872 0.00913661
1873 0.00914152
1874 0.00914643
1875 0.00915133
1876 0.00915624
1877 0.00916115
1878 0.00916606
1879 0.00917097
1880 0.00917587
1881 0.00918078
1882 0.00918569
1883 0.0091906
1884 0.00919551
1885 0.00920041
1886 0.00920532
1887 0.00921023
1888 0.00921514
1889 0.00922005
1890 0.00922495
1891 0.00922986
1892 0.00923477
1893 0.00923968
1894 0.00924459
1895 0.00924949
1896 0.0092544
1897 0.00925931
1898 0.00926422
1899 0.00926912
1900 0.00927403
1901 0.00927894
1902 0.00928385
1903 0.00928876
1904 0.00929366
1905 0.00929857
1906 0.00930348
1907 0.00930839
1908 0.0093133
1909 0.0093182
1910 0.00932311
1911 0.00932802
1912 0.00933293
1913 0.00933784
1914 0.00934274
1915 0.00934765
1916 0.00935256
1917 0.00935747
1918 0.00936238
1919 0.00936728
1920 0.00937219
1921 0.0093771
1922 0.00938201
1923 0.00938692
1924 0.00939182
1925 0.00939673
1926 0.00940164
1927 0.00940655
1928 0.00941146
1929 0.00941636
1930 0.00942127
1931 0.00942618
1932 0.00943109
1933 0.00943599
1934 0.0094409
1935 0.00944581
1936 0.00945072
1937 0.00945563
1938 0.00946053
1939 0.00946544
1940 0.00947035
1941 0.00947526
1942 0.00948017
1943 0.00948507
1944 0.00948998
1945 0.00949489
1946 0.0094998
1947 0.00950471
1948 0.00950961
1949 0.00951452
1950 0.00951943
1951 0.00952434
1952 0.00952925
1953 0.00953415
1954 0.00953906
1955 0.00954397
1956 0.00954888
1957 0.00955379
1958 0.00955869
1959 0.0095636
1960 0.00956851
1961 0.00957342
1962 0.00957832
1963 0.00958323
1964 0.00958814
1965 0.00959305
1966 0.00959796
1967 0.00960286
1968 0.00960777
1969 0.00961268
1970 0.00961759
1971 0.0096225
1972 0.0096274
1973 0.00963231
1974 0.00963722
1975 0.00964213
1976 0.00964704
1977 0.00965194
1978 0.00965685
1979 0.00966176
1980 0.00966667
1981 0.00967158
1982 0.00967648
1983 0.00968139
1984 0.0096863
1985 0.00969121
1986 0.00969612
1987 0.00970102
1988 0.00970593
1989 0.00971084
1990 0.00971575
1991 0.00972065
1992 0.00972556
1993 0.00973047
1994 0.00973538
1995 0.00974029
1996 0.00974519
1997 0.0097501
1998 0.00975501
1999 0.00975992
2000 0.00976483
2001 0.00976973
2002 0.00977464
2003 0.00977955
2004 0.00978446
2005 0.00978937
2006 0.00979427
2007 0.00979918
2008 0.00980409
2009 0.009809
2010 0.00981391
2011 0.00981881
2012 0.00982372
2013 0.00982863
2014 0.00983354
2015 0.00983845
2016 0.00984335
2017 0.00984826
2018 0.00985317
2019 0.00985808
2020 0.00986299
2021 0.00986789
2022 0.0098728
2023 0.00987771
2024 0.00988262
2025 0.00988752
2026 0.00989243
2027 0.00989734
2028 0.00990225
2029 0.00990716
2030 0.00991206
2031 0.00991697
2032 0.00992188
2033 0.00992679
2034 0.0099317
2035 0.0099366
2036 0.00994151
2037 0.00994642
2038 0.00995133
2039 0.00995624
2040 0.00996114
2041 0.00996605
2042 0.00997096
2043 0.00997587
2044 0.00998078
2045 0.00998568
2046 0.00999059
2047 0.0099955
2048 0.0100004
2049 0.0100053
2050 0.0100102
2051 0.0100151
2052 0.01002
2053 0.0100249
2054 0.0100299
2055 0.0100348
2056 0.0100397
2057 0.0100446
2058 0.0100495
2059 0.0100544
2060 0.0100593
2061 0.0100642
2062 0.0100691
2063 0.010074
2064 0.0100789
2065 0.0100838
2066 0.0100888
2067 0.0100937
2068 0.0100986
2069 0.0101035
2070 0.0101084
2071 0.0101133
2072 0.0101182
2073 0.0101231
2074 0.010128
2075 0.0101329
2076 0.0101378
2077 0.0101427
2078 0.0101476
2079 0.0101526
2080 0.0101575
2081 0.0101624
2082 0.0101673
2083 0.0101722
2084 0.0101771
2085 0.010182
2086 0.0101869
2087 0.0101918
2088 0.0101967
2089 0.0102016
2090 0.0102065
2091 0.0102114
2092 0.0102164
2093 0.0102213
2094 0.0102262
2095 0.0102311
2096 0.010236
2097 0.0102409
2098 0.0102458
2099 0.0102507
2100 0.0102556
2101 0.0102605
2102 0.0102654
2103 0.0102703
2104 0.0102753
2105 0.0102802
2106 0.0102851
2107 0.01029
2108 0.0102949
2109 0.0102995
2110 0.0103041
2111 0.0103086
2112 0.0103127
2113 0.0103168
2114 0.0103206
2115 0.0103243
2116 0.0103278
2117 0.0103311
2118 0.0103339
2119 0.0103366
2120 0.010339
2121 0.0103414
2122 0.0103429
2123 0.0103445
2124 0.0103462
2125 0.0103479
2126 0.0103496
2127 0.0103513
2128 0.0103531
2129 0.0103549
2130 0.0103564
2131 0.010358
2132 0.0103595
2133 0.0103611
2134 0.0103628
2135 0.0103644
2136 0.010366
2137 0.0103677
2138 0.0103693
2139 0.010371
2140 0.0103727
2141 0.0103744
2142 0.0103758
2143 0.0103773
2144 0.0103787
2145 0.0103802
2146 0.0103817
2147 0.0103833
2148 0.0103848
2149 0.0103864
2150 0.010388
2151 0.0103896
2152 0.0103911
2153 0.0103928
2154 0.0103944
2155 0.010396
2156 0.0103976
2157 0.0103992
2158 0.0104004
2159 0.0104017
2160 0.0104026
2161 0.0104035
2162 0.0104045
2163 0.0104056
2164 0.0104067
2165 0.0104079
2166 0.0104092
2167 0.0104105
2168 0.0104119
2169 0.0104133
2170 0.0104148
2171 0.0104163
2172 0.0104178
2173 0.0104194
2174 0.010421
2175 0.0104227
2176 0.0104243
2177 0.0104257
2178 0.0104271
2179 0.0104286
2180 0.0104302
2181 0.0104317
2182 0.0104334
2183 0.010435
2184 0.0104367
2185 0.0104384
2186 0.0104401
2187 0.0104418
2188 0.0104436
2189 0.0104454
2190 0.0104473
2191 0.0104492
2192 0.0104511
2193 0.0104527
2194 0.0104544
2195 0.0104561
2196 0.0104579
2197 0.0104597
2198 0.0104616
2199 0.0104635
2200 0.0104654
2201 0.0104674
2202 0.0104694
2203 0.0104715
2204 0.0104736
2205 0.0104757
2206 0.0104778
2207 0.01048
2208 0.0104822
2209 0.0104845
2210 0.0104868
2211 0.0104891
2212 0.0104914
2213 0.0104938
2214 0.0104962
2215 0.0104987
2216 0.0105011
2217 0.0105036
2218 0.0105061
2219 0.0105086
2220 0.0105112
2221 0.0105137
2222 0.0105163
2223 0.010519
2224 0.0105216
2225 0.0105243
2226 0.010527
2227 0.0105298
2228 0.0105325
2229 0.0105344
2230 0.0105363
2231 0.0105383
2232 0.0105404
2233 0.0105425
2234 0.0105448
2235 0.0105471
2236 0.0105495
2237 0.010552
2238 0.0105545
2239 0.0105571
2240 0.0105597
2241 0.0105624
2242 0.0105652
2243 0.010568
2244 0.0105708
2245 0.0105737
2246 0.0105766
2247 0.0105796
2248 0.0105826
2249 0.0105856
2250 0.0105886
2251 0.0105917
2252 0.0105948
2253 0.0105979
2254 0.0106011
2255 0.0106043
2256 0.0106075
2257 0.0106108
2258 0.010614
2259 0.0106173
2260 0.0106206
2261 0.0106239
2262 0.0106273
2263 0.0106306
2264 0.010634
2265 0.0106374
2266 0.0106408
2267 0.0106442
2268 0.0106477
2269 0.0106511
2270 0.0106546
2271 0.0106581
2272 0.0106616
2273 0.0106651
2274 0.0106686
2275 0.0106722
2276 0.0106757
2277 0.0106793
2278 0.0106828
2279 0.0106864
2280 0.01069
2281 0.0106936
2282 0.0106972
2283 0.0107008
2284 0.0107044
2285 0.010708
2286 0.0107117
2287 0.0107154
2288 0.010719
2289 0.0107227
2290 0.0107264
2291 0.0107301
2292 0.0107339
2293 0.0107376
2294 0.0107413
2295 0.0107451
2296 0.0107488
2297 0.0107526
2298 0.0107564
2299 0.0107602
2300 0.010764
2301 0.0107678
2302 0.0107716
2303 0.0107755
2304 0.0107793
2305 0.0107832
2306 0.0107871
2307 0.010791
2308 0.010795
2309 0.0107989
2310 0.0108029
2311 0.0108068
2312 0.0108108
2313 0.0108148
2314 0.0108189
2315 0.0108229
2316 0.0108269
2317 0.010831
2318 0.010835
2319 0.0108391
2320 0.0108432
2321 0.0108473
2322 0.0108514
2323 0.0108555
2324 0.0108596
2325 0.0108638
2326 0.0108679
2327 0.0108721
2328 0.0108763
2329 0.0108804
2330 0.0108846
2331 0.0108888
2332 0.010893
2333 0.0108973
2334 0.0109015
2335 0.0109057
2336 0.01091
2337 0.0109142
2338 0.0109185
2339 0.0109228
2340 0.0109271
2341 0.0109314
2342 0.0109357
2343 0.0109401
2344 0.0109444
2345 0.0109488
2346 0.0109532
2347 0.0109576
2348 0.010962
2349 0.0109664
2350 0.0109708
2351 0.0109753
2352 0.0109797
2353 0.0109842
2354 0.0109887
2355 0.0109932
2356 0.0109977
2357 0.0110023
2358 0.0110069
2359 0.0110114
2360 0.011016
2361 0.0110207
2362 0.0110253
2363 0.0110299
2364 0.0110346
2365 0.0110393
2366 0.011044
2367 0.0110487
2368 0.0110534
2369 0.0110582
2370 0.0110629
2371 0.0110677
2372 0.0110725
2373 0.0110773
2374 0.0110821
2375 0.0110869
2376 0.0110917
2377 0.0110965
2378 0.0111014
2379 0.0111062
2380 0.0111111
2381 0.0111159
2382 0.0111208
2383 0.0111256
2384 0.0111305
2385 0.0111354
2386 0.0111402
2387 0.0111451
2388 0.01115
2389 0.0111549
2390 0.0111598
2391 0.0111646
2392 0.0111695
2393 0.0111744
2394 0.0111793
2395 0.0111842
2396 0.0111891
2397 0.011194
2398 0.0111989
2399 0.0112038
2400 0.0112087
2401 0.0112136
2402 0.0112185
2403 0.0112234
2404 0.0112283
2405 0.0112332
2406 0.0112381
2407 0.011243
2408 0.0112479
2409 0.0112528
2410 0.0112577
2411 0.0112626
2412 0.0112675
2413 0.0112724
2414 0.0112773
2415 0.0112822
2416 0.0112871
2417 0.011292
2418 0.0112969
2419 0.0113018
2420 0.0113067
2421 0.0113116
2422 0.0113165
2423 0.0113214
2424 0.0113263
2425 0.0113312
2426 0.0113361
2427 0.011341
2428 0.0113459
2429 0.0113508
2430 0.0113557
2431 0.0113607
2432 0.0113656
2433 0.0113705
2434 0.0113754
2435 0.0113803
2436 0.0113852
2437 0.0113901
2438 0.011395
2439 0.0113999
2440 0.0114048
2441 0.0114097
2442 0.0114146
2443 0.0114195
2444 0.0114244
2445 0.0114293
2446 0.0114343
2447 0.0114392
2448 0.0114441
2449 0.011449
2450 0.0114539
2451 0.0114588
2452 0.0114637
2453 0.0114686
2454 0.0114735
2455 0.0114784
2456 0.0114833
2457 0.0114882
2458 0.0114931
2459 0.011498
2460 0.011503
2461 0.0115079
2462 0.0115128
2463 0.0115177
2464 0.0115226
2465 0.0115275
2466 0.0115324
2467 0.0115373
2468 0.0115422
2469 0.0115471
2470 0.011552
2471 0.0115569
2472 0.0115618
2473 0.0115667
2474 0.0115716
2475 0.0115766
2476 0.0115815
2477 0.0115864
2478 0.0115913
2479 0.0115962
2480 0.0116011
2481 0.011606
2482 0.0116109
2483 0.0116158
2484 0.0116207
2485 0.0116256
2486 0.0116305
2487 0.0116354
2488 0.0116403
2489 0.0116453
2490 0.0116502
2491 0.0116551
2492 0.01166
2493 0.0116649
2494 0.0116698
2495 0.0116747
2496 0.0116796
2497 0.0116845
2498 0.0116894
2499 0.0116943
2500 0.0116992
2501 0.0117041
2502 0.011709
2503 0.0117139
2504 0.0117189
2505 0.0117238
2506 0.0117287
2507 0.0117336
2508 0.0117385
2509 0.0117434
2510 0.0117483
2511 0.0117532
2512 0.0117581
2513 0.011763
2514 0.0117679
2515 0.0117728
2516 0.0117777
2517 0.0117826
2518 0.0117876
2519 0.0117925
2520 0.0117974
2521 0.0118023
2522 0.0118072
2523 0.0118121
2524 0.011817
2525 0.0118219
2526 0.0118268
2527 0.0118317
2528 0.0118366
2529 0.0118415
2530 0.0118464
2531 0.0118513
2532 0.0118562
2533 0.0118612
2534 0.0118661
2535 0.011871
2536 0.0118759
2537 0.0118808
2538 0.0118857
2539 0.0118906
2540 0.0118955
2541 0.0119004
2542 0.0119053
2543 0.0119102
2544 0.0119151
2545 0.01192
2546 0.0119249
2547 0.0119298
2548 0.0119348
2549 0.0119397
2550 0.0119446
2551 0.0119495
2552 0.0119544
2553 0.0119593
2554 0.0119642
2555 0.0119691
2556 0.011974
2557 0.0119789
2558 0.0119838
2559 0.0119887
2560 0.0119936
2561 0.0119985
2562 0.0120035
2563 0.0120084
2564 0.0120133
2565 0.0120182
2566 0.0120231
2567 0.012028
2568 0.0120329
2569 0.0120378
2570 0.0120427
2571 0.0120476
2572 0.0120525
2573 0.0120574
2574 0.0120623
2575 0.0120672
2576 0.0120721
2577 0.0120771
2578 0.012082
2579 0.0120869
2580 0.0120918
2581 0.0120967
2582 0.0121016
2583 0.0121065
2584 0.0121114
2585 0.0121163
2586 0.0121212
2587 0.0121261
2588 0.012131
2589 0.0121359
2590 0.0121408
2591 0.0121458
2592 0.0121507
2593 0.0121556
2594 0.0121605
2595 0.0121654
2596 0.0121703
2597 0.0121752
2598 0.0121801
2599 0.012185
2600 0.0121899
2601 0.0121948
2602 0.0121997
2603 0.0122046
2604 0.0122095
2605 0.0122144
2606 0.0122194
2607 0.0122243
2608 0.0122292
2609 0.0122341
2610 0.012239
2611 0.0122439
2612 0.0122488
2613 0.0122537
2614 0.0122586
2615 0.0122635
2616 0.0122684
2617 0.0122733
2618 0.0122782
2619 0.0122831
2620 0.0122881
2621 0.012293
2622 0.0122979
2623 0.0123028
2624 0.0123077
2625 0.0123126
2626 0.0123175
2627 0.0123224
2628 0.0123273
2629 0.0123322
2630 0.0123371
2631 0.012342
2632 0.0123469
2633 0.0123518
2634 0.0123567
2635 0.0123617
2636 0.0123666
2637 0.0123715
2638 0.0123764
2639 0.0123813
2640 0.0123862
2641 0.0123911
2642 0.012396
2643 0.0124009
2644 0.0124058
2645 0.0124107
2646 0.0124156
2647 0.0124205
2648 0.0124254
2649 0.0124304
2650 0.0124353
2651 0.0124402
2652 0.0124451
2653 0.01245
2654 0.0124549
2655 0.0124598
2656 0.0124647
2657 0.0124696
2658 0.0124745
2659 0.0124794
2660 0.0124843
2661 0.0124892
2662 0.0124941
2663 0.012499
2664 0.012504
2665 0.0125089
2666 0.0125138
2667 0.0125187
2668 0.0125236
2669 0.0125285
2670 0.0125334
2671 0.0125383
2672 0.0125432
2673 0.0125481
2674 0.012553
2675 0.0125579
2676 0.0125628
2677 0.0125677
2678 0.0125727
2679 0.0125776
2680 0.0125825
2681 0.0125874
2682 0.0125923
2683 0.0125972
2684 0.0126021
2685 0.012607
2686 0.0126119
2687 0.0126168
2688 0.0126217
2689 0.0126266
2690 0.0126315
2691 0.0126364
2692 0.0126413
2693 0.0126463
2694 0.0126512
2695 0.0126561
2696 0.012661
2697 0.0126659
2698 0.0126708
2699 0.0126757
2700 0.0126806
2701 0.0126855
2702 0.0126904
2703 0.0126953
2704 0.0127002
2705 0.0127051
2706 0.01271
2707 0.0127149
2708 0.0127199
2709 0.0127248
2710 0.0127297
2711 0.0127346
2712 0.0127395
2713 0.0127444
2714 0.0127493
2715 0.0127542
2716 0.0127591
2717 0.012764
2718 0.0127689
2719 0.0127738
2720 0.0127787
2721 0.0127836
2722 0.0127886
2723 0.0127935
2724 0.0127984
2725 0.0128033
2726 0.0128082
2727 0.0128131
2728 0.012818
2729 0.0128229
2730 0.0128278
2731 0.0128327
2732 0.0128376
2733 0.0128425
2734 0.0128474
2735 0.0128523
2736 0.0128572
2737 0.0128622
2738 0.0128671
2739 0.012872
2740 0.0128769
2741 0.0128818
2742 0.0128867
2743 0.0128916
2744 0.0128965
2745 0.0129014
2746 0.0129063
2747 0.0129112
2748 0.0129161
2749 0.012921
2750 0.0129259
2751 0.0129309
2752 0.0129358
2753 0.0129407
2754 0.0129456
2755 0.0129505
2756 0.0129554
2757 0.0129603
2758 0.0129652
2759 0.0129701
2760 0.012975
2761 0.0129799
2762 0.0129848
2763 0.0129897
2764 0.0129946
2765 0.0129995
2766 0.0130045
2767 0.0130094
2768 0.0130143
2769 0.0130192
2770 0.0130241
2771 0.013029
2772 0.0130339
2773 0.0130388
2774 0.0130437
2775 0.0130486
2776 0.0130535
2777 0.0130584
2778 0.0130633
2779 0.0130682
2780 0.0130732
2781 0.0130781
2782 0.013083
2783 0.0130879
2784 0.0130928
2785 0.0130977
2786 0.0131026
2787 0.0131075
2788 0.0131124
2789 0.0131173
2790 0.0131222
2791 0.0131271
2792 0.013132
2793 0.0131369
2794 0.0131418
2795 0.0131468
2796 0.0131517
2797 0.0131566
2798 0.0131615
2799 0.0131664
2800 0.0131713
2801 0.0131762
2802 0.0131811
2803 0.013186
2804 0.0131909
2805 0.0131958
2806 0.0132007
2807 0.0132056
2808 0.0132105
2809 0.0132155
2810 0.0132204
2811 0.0132253
2812 0.0132302
2813 0.0132351
2814 0.01324
2815 0.0132449
2816 0.0132498
2817 0.0132547
2818 0.0132596
2819 0.0132645
2820 0.0132694
2821 0.0132743
2822 0.0132792
2823 0.0132841
2824 0.0132891
2825 0.013294
2826 0.0132989
2827 0.0133038
2828 0.0133087
2829 0.0133136
2830 0.0133185
2831 0.0133234
2832 0.0133283
2833 0.0133332
2834 0.0133381
2835 0.013343
2836 0.0133479
2837 0.0133528
2838 0.0133578
2839 0.0133627
2840 0.0133676
2841 0.0133725
2842 0.0133774
2843 0.0133823
2844 0.0133872
2845 0.0133921
2846 0.013397
2847 0.0134019
2848 0.0134068
2849 0.0134117
2850 0.0134166
2851 0.0134215
2852 0.0134264
2853 0.0134314
2854 0.0134363
2855 0.0134412
2856 0.0134461
2857 0.013451
2858 0.0134559
2859 0.0134608
2860 0.0134657
2861 0.0134706
2862 0.0134755
2863 0.0134804
2864 0.0134853
2865 0.0134902
2866 0.0134951
2867 0.0135001
2868 0.013505
2869 0.0135099
2870 0.0135148
2871 0.0135197
2872 0.0135246
2873 0.0135295
2874 0.0135344
2875 0.0135393
2876 0.0135442
2877 0.0135491
2878 0.013554
2879 0.0135589
2880 0.0135638
2881 0.0135687
2882 0.0135737
2883 0.0135786
2884 0.0135835
2885 0.0135884
2886 0.0135933
2887 0.0135982
2888 0.0136031
2889 0.013608
2890 0.0136129
2891 0.0136178
2892 0.0136227
2893 0.0136276
2894 0.0136325
2895 0.0136374
2896 0.0136423
2897 0.0136473
2898 0.0136522
2899 0.0136571
2900 0.013662
2901 0.0136669
2902 0.0136718
2903 0.0136767
2904 0.0136816
2905 0.0136865
2906 0.0136914
2907 0.0136963
2908 0.0137012
2909 0.0137061
2910 0.013711
2911 0.013716
2912 0.0137209
2913 0.0137258
2914 0.0137307
2915 0.0137356
2916 0.0137405
2917 0.0137454
2918 0.0137503
2919 0.0137552
2920 0.0137601
2921 0.013765
2922 0.0137699
2923 0.0137748
2924 0.0137797
2925 0.0137846
2926 0.0137896
2927 0.0137945
2928 0.0137994
2929 0.0138043
2930 0.0138092
2931 0.0138141
2932 0.013819
2933 0.0138239
2934 0.0138288
2935 0.0138337
2936 0.0138386
2937 0.0138435
2938 0.0138484
2939 0.0138533
2940 0.0138583
2941 0.0138632
2942 0.0138681
2943 0.013873
2944 0.0138779
2945 0.0138828
2946 0.0138877
2947 0.0138926
2948 0.0138975
2949 0.0139024
2950 0.0139073
2951 0.0139122
2952 0.0139171
2953 0.013922
2954 0.0139269
2955 0.0139319
2956 0.0139368
2957 0.0139417
2958 0.0139466
2959 0.0139515
2960 0.0139564
2961 0.0139613
2962 0.0139662
2963 0.0139711
2964 0.013976
2965 0.0139809
2966 0.0139858
2967 0.0139907
2968 0.0139956
2969 0.0140006
2970 0.0140055
2971 0.0140104
2972 0.0140153
2973 0.0140202
2974 0.0140251
2975 0.01403
2976 0.0140349
2977 0.0140398
2978 0.0140447
2979 0.0140496
2980 0.0140545
2981 0.0140594
2982 0.0140643
2983 0.0140692
2984 0.0140742
2985 0.0140791
2986 0.014084
2987 0.0140889
2988 0.0140938
2989 0.0140987
2990 0.0141036
2991 0.0141085
2992 0.0141134
2993 0.0141183
2994 0.0141232
2995 0.0141281
2996 0.014133
2997 0.0141379
2998 0.0141429
2999 0.0141478
3000 0.0141527
3001 0.0141576
3002 0.0141625
3003 0.0141674
3004 0.0141723
3005 0.0141772
3006 0.0141821
3007 0.014187
3008 0.0141919
3009 0.0141968
3010 0.0142017
3011 0.0142066
3012 0.0142098
3013 0.0142132
3014 0.0142154
3015 0.0142167
3016 0.0142172
3017 0.0142177
3018 0.014218
3019 0.0142183
3020 0.0142186
3021 0.014219
3022 0.0142193
3023 0.0142194
3024 0.0142196
3025 0.0142197
3026 0.0142199
3027 0.0142199
3028 0.01422
3029 0.01422
3030 0.01422
3031 0.0142201
3032 0.0142201
3033 0.0142201
3034 0.0142201
3035 0.0142201
3036 0.0142201
3037 0.0142201
3038 0.0142201
3039 0.0142201
3040 0.0142201
3041 0.0142201
3042 0.0142201
3043 0.0142201
3044 0.0142201
3045 0.0142201
3046 0.0142201
3047 0.0142201
3048 0.0142201
3049 0.0142201
3050 0.0142201
3051 0.0142201
3052 0.0142201
3053 0.0142201
3054 0.0142201
3055 0.0142201
3056 0.0142201
3057 0.0142201
3058 0.0142201
3059 0.0142201
3060 0.0142201
3061 0.0142201
3062 0.0142201
3063 0.0142201
3064 0.0142201
3065 0.0142201
3066 0.0142201
3067 0.0142201
3068 0.0142201
3069 0.0142201
3070 0.0142201
3071 0.0142201
3072 0.0142201
3073 0.0142201
3074 0.0142201
3075 0.0142201
3076 0.0142201
3077 0.0142201
3078 0.0142201
3079 0.0142201
3080 0.0142201
3081 0.0142201
3082 0.0142201
3083 0.0142201
3084 0.0142201
3085 0.0142201
3086 0.0142201
3087 0.0142201
3088 0.0142201
3089 0.0142201
3090 0.0142201
3091 0.0142201
3092 0.0142201
3093 0.0142201
