0 0 0
0 0 0
0 0 0
0 0 0
0 0 0
0 0 0
0 0 0
0 0 0
0 0 0
0 0 0
1 2.34276e-07 0.000887784
1 2.34276e-07 0.000887784
1 2.34276e-07 0.000887784
1 2.34276e-07 0.000887784
1 2.34276e-07 0.000887784
1 2.34276e-07 0.000887784
1 2.34276e-07 0.000887784
1 2.34276e-07 0.000887784
1 2.34276e-07 0.000887784
1 2.34276e-07 0.000887784
2 7.0051e-07 0.00265457
2 7.0051e-07 0.00265457
2 7.0051e-07 0.00265457
2 7.0051e-07 0.00265457
2 7.0051e-07 0.00265457
2 7.0051e-07 0.00265457
2 7.0051e-07 0.00265457
2 7.0051e-07 0.00265457
2 7.0051e-07 0.00265457
2 7.0051e-07 0.00265457
3 1.18622e-06 0.00449514
3 1.18622e-06 0.00449514
3 1.18622e-06 0.00449514
3 1.18622e-06 0.00449514
3 1.18622e-06 0.00449514
3 1.18622e-06 0.00449514
3 1.18622e-06 0.00449514
3 1.18622e-06 0.00449514
3 1.18622e-06 0.00449514
3 1.18622e-06 0.00449514
4 1.68924e-06 0.00640134
4 1.68924e-06 0.00640134
4 1.68924e-06 0.00640134
4 1.68924e-06 0.00640134
4 1.68924e-06 0.00640134
4 1.68924e-06 0.00640134
4 1.68924e-06 0.00640134
4 1.68924e-06 0.00640134
4 1.68924e-06 0.00640134
4 1.68924e-06 0.00640134
