0 0 0
0 0 0
0 0 0
0 0 0
0 0 0
0 0 0
0 0 0
0 0 0
0 0 0
0 0 0
1 1.57244e-07 0.000426136
1 1.57244e-07 0.000426136
1 1.57244e-07 0.000426136
1 1.57244e-07 0.000426136
1 1.57244e-07 0.000426136
1 1.57244e-07 0.000426136
1 1.57244e-07 0.000426136
1 1.57244e-07 0.000426136
1 1.57244e-07 0.000426136
1 1.57244e-07 0.000426136
2 2.99846e-07 0.000812592
2 2.99846e-07 0.000812592
2 2.99846e-07 0.000812592
2 2.99846e-07 0.000812592
2 2.99846e-07 0.000812592
2 2.99846e-07 0.000812592
2 2.99846e-07 0.000812592
2 2.99846e-07 0.000812592
2 2.99846e-07 0.000812592
2 2.99846e-07 0.000812592
3 4.42537e-07 0.00119929
3 4.42537e-07 0.00119929
3 4.42537e-07 0.00119929
3 4.42537e-07 0.00119929
3 4.42537e-07 0.00119929
3 4.42537e-07 0.00119929
3 4.42537e-07 0.00119929
3 4.42537e-07 0.00119929
3 4.42537e-07 0.00119929
3 4.42537e-07 0.00119929
