0 0
1 8.87784e-10
2 2.92301e-09
3 5.59971e-09
4 8.93181e-09
5 1.28543e-08
6 1.73201e-08
7 2.22668e-08
8 2.76632e-08
9 3.34717e-08
10 3.96404e-08
11 4.61378e-08
12 5.29432e-08
13 6.00246e-08
14 6.73719e-08
15 7.49332e-08
16 8.26835e-08
17 9.06336e-08
18 9.87519e-08
19 1.07047e-07
20 1.1548e-07
21 1.24008e-07
22 1.32684e-07
23 1.41463e-07
24 1.50293e-07
25 1.59231e-07
26 1.68223e-07
27 1.77328e-07
28 1.86491e-07
29 1.95712e-07
30 2.04993e-07
31 2.14274e-07
32 2.23617e-07
33 2.33022e-07
34 2.42427e-07
35 2.51897e-07
36 2.61367e-07
37 2.70902e-07
38 2.80438e-07
39 2.89974e-07
40 2.9951e-07
41 3.09115e-07
42 3.1872e-07
43 3.28325e-07
44 3.3793e-07
45 3.47535e-07
46 3.5714e-07
47 3.66745e-07
48 3.7635e-07
49 3.85955e-07
50 3.9556e-07
51 4.05165e-07
52 4.14695e-07
53 4.24225e-07
54 4.33755e-07
55 4.43209e-07
56 4.52664e-07
57 4.62118e-07
58 4.71572e-07
59 4.8095e-07
60 4.90327e-07
61 4.99705e-07
62 5.09082e-07
63 5.1846e-07
64 5.27837e-07
65 5.37215e-07
66 5.46512e-07
67 5.55809e-07
68 5.65106e-07
69 5.74404e-07
70 5.83701e-07
71 5.92998e-07
72 6.02213e-07
73 6.11427e-07
74 6.20641e-07
75 6.29856e-07
76 6.3907e-07
77 6.48284e-07
78 6.57499e-07
79 6.66713e-07
80 6.75927e-07
81 6.85053e-07
82 6.94179e-07
83 7.03304e-07
84 7.1243e-07
85 7.21556e-07
86 7.30681e-07
87 7.39807e-07
88 7.48933e-07
89 7.58058e-07
90 7.67089e-07
91 7.7612e-07
92 7.8515e-07
93 7.94181e-07
94 8.03212e-07
95 8.12242e-07
96 8.21273e-07
97 8.30304e-07
98 8.39334e-07
99 8.48262e-07
100 8.5719e-07
101 8.66118e-07
102 8.75046e-07
103 8.83974e-07
104 8.92902e-07
105 9.0183e-07
106 9.10758e-07
107 9.19686e-07
108 9.28614e-07
109 9.37429e-07
110 9.46244e-07
111 9.55059e-07
112 9.63874e-07
113 9.72689e-07
114 9.81504e-07
115 9.90319e-07
116 9.99134e-07
117 1.00795e-06
118 1.01664e-06
119 1.02533e-06
120 1.03402e-06
121 1.04271e-06
122 1.0514e-06
123 1.05996e-06
124 1.06853e-06
125 1.07709e-06
126 1.08526e-06
127 1.09246e-06
128 1.09896e-06
129 1.10397e-06
130 1.10858e-06
131 1.11288e-06
132 1.11715e-06
133 1.12142e-06
134 1.12532e-06
135 1.12925e-06
136 1.13319e-06
137 1.13715e-06
138 1.14112e-06
139 1.14509e-06
140 1.14905e-06
141 1.15305e-06
142 1.15709e-06
143 1.16109e-06
144 1.16508e-06
145 1.16908e-06
146 1.17298e-06
147 1.17681e-06
148 1.18064e-06
149 1.18431e-06
150 1.18799e-06
151 1.19166e-06
152 1.1953e-06
153 1.19894e-06
154 1.20258e-06
155 1.2061e-06
156 1.20965e-06
157 1.21312e-06
158 1.21652e-06
159 1.21995e-06
160 1.22338e-06
161 1.22682e-06
162 1.23028e-06
163 1.23368e-06
164 1.23706e-06
165 1.24046e-06
166 1.24386e-06
167 1.24726e-06
168 1.2507e-06
169 1.25407e-06
170 1.25741e-06
171 1.26078e-06
172 1.26416e-06
173 1.26753e-06
174 1.2709e-06
175 1.27431e-06
176 1.27762e-06
177 1.28096e-06
178 1.2843e-06
179 1.28764e-06
180 1.29098e-06
181 1.29435e-06
182 1.29772e-06
183 1.30113e-06
184 1.30454e-06
185 1.30795e-06
186 1.31132e-06
187 1.3147e-06
188 1.31811e-06
189 1.32152e-06
190 1.32493e-06
191 1.32838e-06
192 1.33183e-06
193 1.33532e-06
194 1.33881e-06
195 1.34234e-06
196 1.34587e-06
197 1.34941e-06
198 1.35298e-06
199 1.35656e-06
200 1.36014e-06
201 1.36372e-06
202 1.36735e-06
203 1.37098e-06
204 1.37461e-06
205 1.37829e-06
206 1.38197e-06
207 1.38571e-06
208 1.38945e-06
209 1.39319e-06
210 1.39699e-06
211 1.40079e-06
212 1.40466e-06
213 1.40852e-06
214 1.41246e-06
215 1.41639e-06
216 1.42033e-06
217 1.42434e-06
218 1.42836e-06
219 1.43245e-06
220 1.43655e-06
221 1.44065e-06
222 1.44484e-06
223 1.44903e-06
224 1.45322e-06
225 1.45751e-06
226 1.4618e-06
227 1.4661e-06
228 1.47039e-06
229 1.47481e-06
230 1.47923e-06
231 1.48365e-06
232 1.48821e-06
233 1.49277e-06
234 1.49733e-06
235 1.50189e-06
236 1.50644e-06
237 1.51119e-06
238 1.51593e-06
239 1.52067e-06
240 1.52541e-06
241 1.53039e-06
242 1.53537e-06
243 1.54035e-06
244 1.54533e-06
245 1.55031e-06
246 1.55529e-06
247 1.56027e-06
248 1.56525e-06
249 1.57023e-06
250 1.57521e-06
251 1.58019e-06
252 1.58517e-06
253 1.59014e-06
254 1.59512e-06
255 1.6001e-06
256 1.60508e-06
257 1.61006e-06
258 1.61504e-06
259 1.62002e-06
260 1.625e-06
Re:448, We:219
