0 0
1 7.77699e-06
2 2.92683e-05
3 5.66925e-05
4 8.93614e-05
5 0.000126784
6 0.000168524
7 0.000214194
8 0.00026339
9 0.000315718
10 0.000370954
11 0.000428962
12 0.00048925
13 0.000551448
14 0.00061569
15 0.000681484
16 0.000748915
17 0.000817721
18 0.000887969
19 0.000959343
20 0.00103189
21 0.00110524
22 0.00117942
23 0.00125445
24 0.00132992
25 0.00140628
26 0.0014831
27 0.00156038
28 0.00163814
29 0.00171638
30 0.00179512
31 0.00187385
32 0.00195309
33 0.00203233
34 0.00211208
35 0.00219184
36 0.00227159
37 0.00235189
38 0.00243218
39 0.00251247
40 0.00259276
41 0.00267305
42 0.00275334
43 0.00283363
44 0.00291449
45 0.00299535
46 0.00307622
47 0.00315649
48 0.00323677
49 0.00331705
50 0.00339733
51 0.00347761
52 0.00355729
53 0.00363698
54 0.00371666
55 0.00379635
56 0.00387543
57 0.00395451
58 0.00403359
59 0.00411267
60 0.00419175
61 0.00427021
62 0.00434868
63 0.00442714
64 0.0045056
65 0.00458344
66 0.00466127
67 0.00473911
68 0.00481694
69 0.00489478
70 0.00497261
71 0.00505045
72 0.00512763
73 0.00520481
74 0.00528199
75 0.00535917
76 0.00543635
77 0.00551286
78 0.00558937
79 0.00566588
80 0.00574239
81 0.0058189
82 0.00589541
83 0.00597192
84 0.00604843
85 0.00612424
86 0.00620004
87 0.00627584
88 0.00635164
89 0.00642744
90 0.00650324
91 0.00657904
92 0.00665485
93 0.00673065
94 0.00680569
95 0.00688074
96 0.00695578
97 0.00703082
98 0.00710587
99 0.00718091
100 0.00725595
101 0.007331
102 0.00740604
103 0.00748108
104 0.00755613
105 0.00763117
106 0.00770621
107 0.00778126
108 0.0078563
109 0.00793134
110 0.00800639
111 0.00808143
112 0.00815647
113 0.00823152
114 0.00830656
115 0.00838161
116 0.00845665
117 0.00853169
118 0.00860674
119 0.00868178
120 0.00875682
121 0.00883187
122 0.00890691
123 0.00898195
124 0.009057
125 0.00913204
126 0.00920708
127 0.00928213
128 0.00935717
129 0.00943221
130 0.00950726
131 0.0095823
132 0.00965858
133 0.00973485
134 0.00981112
135 0.0098874
136 0.00996367
137 0.0100399
138 0.0101162
139 0.0101925
140 0.0102688
141 0.0103383
142 0.010391
143 0.0104352
144 0.0104774
145 0.0105178
146 0.0105561
147 0.0105945
148 0.0106324
149 0.0106703
150 0.0107082
151 0.0107466
152 0.0107849
153 0.0108237
154 0.0108629
155 0.0109025
156 0.0109427
157 0.0109833
158 0.0110245
159 0.0110662
160 0.0111079
161 0.0111501
162 0.011193
163 0.0112364
164 0.0112805
165 0.0113253
166 0.0113708
167 0.0114162
168 0.0114624
169 0.0115087
170 0.0115549
171 0.0116019
172 0.0116473
173 0.0116935
174 0.0117397
175 0.0117859
176 0.011833
177 0.0118801
178 0.0119272
179 0.0119753
180 0.0120234
181 0.0120714
182 0.0121206
183 0.0121629
184 0.0121974
185 0.0122293
186 0.0122611
187 0.0122929
188 0.0123259
189 0.01236
190 0.012396
191 0.0124335
192 0.0124727
193 0.0125137
194 0.0125557
195 0.0125999
196 0.0126453
197 0.012692
198 0.0127403
199 0.0127885
200 0.0128384
201 0.0128882
202 0.01294
203 0.0129918
204 0.0130436
205 0.0130978
206 0.0131519
207 0.0132061
208 0.0132602
209 0.0133176
210 0.0133593
211 0.0133917
212 0.0134218
213 0.013452
214 0.013481
215 0.0135111
216 0.0135413
217 0.0135728
218 0.0136059
219 0.0136409
220 0.0136758
221 0.0137131
222 0.0137532
223 0.0137934
224 0.0138376
225 0.0138817
226 0.0139259
227 0.01397
228 0.0140142
229 0.0140584
230 0.0141025
231 0.0141467
232 0.0141908
233 0.014235
Re:2453, We:30
