0 0
1 8.87784e-10
2 3.33743e-09
3 6.46202e-09
4 1.01914e-08
5 1.44633e-08
6 1.92282e-08
7 2.44418e-08
8 3.00578e-08
9 3.60538e-08
10 4.23843e-08
11 4.90339e-08
12 5.59461e-08
13 6.31107e-08
14 7.0513e-08
15 7.8133e-08
16 8.59455e-08
17 9.39199e-08
18 1.02064e-07
19 1.10341e-07
20 1.18756e-07
21 1.27265e-07
22 1.35873e-07
23 1.44581e-07
24 1.53393e-07
25 1.62258e-07
26 1.71232e-07
27 1.80262e-07
28 1.89348e-07
29 1.98493e-07
30 2.07696e-07
31 2.16899e-07
32 2.26163e-07
33 2.35489e-07
34 2.44814e-07
35 2.54203e-07
36 2.63592e-07
37 2.72981e-07
38 2.82436e-07
39 2.91891e-07
40 3.01345e-07
41 3.108e-07
42 3.20323e-07
43 3.29846e-07
44 3.3937e-07
45 3.48893e-07
46 3.58416e-07
47 3.68011e-07
48 3.77607e-07
49 3.87202e-07
50 3.96797e-07
51 4.06393e-07
52 4.15988e-07
53 4.25583e-07
54 4.35179e-07
55 4.44774e-07
56 4.54369e-07
57 4.63965e-07
58 4.7356e-07
59 4.83155e-07
60 4.92751e-07
61 5.02346e-07
62 5.12024e-07
63 5.21702e-07
64 5.3138e-07
65 5.41058e-07
66 5.50736e-07
67 5.60414e-07
68 5.70092e-07
69 5.7977e-07
70 5.89448e-07
71 5.99126e-07
72 6.08804e-07
73 6.18483e-07
74 6.28161e-07
75 6.37839e-07
76 6.47517e-07
77 6.57195e-07
78 6.66777e-07
79 6.76456e-07
80 6.86037e-07
81 6.95619e-07
82 7.052e-07
83 7.14781e-07
84 7.24362e-07
85 7.33944e-07
86 7.43525e-07
87 7.53106e-07
88 7.62687e-07
89 7.72269e-07
90 7.8185e-07
91 7.91431e-07
92 8.01012e-07
93 8.10594e-07
94 8.20175e-07
95 8.29756e-07
96 8.39337e-07
97 8.48919e-07
98 8.585e-07
99 8.68081e-07
100 8.77662e-07
101 8.87122e-07
102 8.96582e-07
103 9.06042e-07
104 9.15502e-07
105 9.24962e-07
106 9.34422e-07
107 9.43882e-07
108 9.53342e-07
109 9.62802e-07
110 9.72262e-07
111 9.81722e-07
112 9.91182e-07
113 1.00064e-06
114 1.0101e-06
115 1.01956e-06
116 1.02902e-06
117 1.03848e-06
118 1.04794e-06
119 1.0574e-06
120 1.06686e-06
121 1.07632e-06
122 1.08562e-06
123 1.09492e-06
124 1.10422e-06
125 1.11336e-06
126 1.12233e-06
127 1.13131e-06
128 1.13846e-06
129 1.14504e-06
130 1.15119e-06
131 1.15735e-06
132 1.16327e-06
133 1.16919e-06
134 1.17518e-06
135 1.18126e-06
136 1.18734e-06
137 1.1935e-06
138 1.19976e-06
139 1.20601e-06
140 1.21236e-06
141 1.21881e-06
142 1.22525e-06
143 1.2317e-06
144 1.23815e-06
145 1.24471e-06
146 1.25126e-06
147 1.25782e-06
148 1.26438e-06
149 1.27082e-06
150 1.27726e-06
151 1.28382e-06
152 1.29038e-06
153 1.29694e-06
154 1.3035e-06
155 1.31006e-06
156 1.31662e-06
157 1.32333e-06
158 1.33003e-06
159 1.33673e-06
160 1.34344e-06
161 1.35014e-06
162 1.35685e-06
163 1.36355e-06
164 1.37025e-06
165 1.37696e-06
166 1.38366e-06
167 1.39018e-06
168 1.39671e-06
169 1.40323e-06
170 1.40957e-06
171 1.4159e-06
172 1.42224e-06
173 1.42838e-06
174 1.43453e-06
175 1.44048e-06
176 1.44643e-06
177 1.45219e-06
178 1.45795e-06
179 1.46371e-06
180 1.46947e-06
181 1.47523e-06
182 1.48078e-06
183 1.48633e-06
184 1.49187e-06
185 1.4972e-06
186 1.50252e-06
187 1.50785e-06
188 1.51317e-06
189 1.51826e-06
190 1.52334e-06
191 1.52842e-06
192 1.53351e-06
193 1.53859e-06
194 1.54339e-06
195 1.54819e-06
196 1.55299e-06
197 1.55779e-06
198 1.56259e-06
199 1.56705e-06
200 1.57151e-06
201 1.57562e-06
202 1.57974e-06
203 1.58385e-06
204 1.58797e-06
205 1.59208e-06
206 1.59574e-06
207 1.5994e-06
208 1.60305e-06
209 1.60671e-06
210 1.61037e-06
211 1.61403e-06
212 1.61768e-06
213 1.62134e-06
214 1.625e-06
Re:448, We:219
