0 0
1 2.84091e-09
2 9.289e-09
3 1.7238e-08
4 2.66101e-08
5 3.73211e-08
6 4.92717e-08
7 6.23779e-08
8 7.66095e-08
9 9.20414e-08
10 1.08626e-07
11 1.26366e-07
12 1.45157e-07
13 1.64902e-07
14 1.85538e-07
15 2.07152e-07
16 2.29542e-07
17 2.52768e-07
18 2.76668e-07
19 3.01162e-07
20 3.26156e-07
21 3.51673e-07
22 3.776e-07
23 4.03952e-07
24 4.30746e-07
25 4.57844e-07
26 4.85255e-07
27 5.12827e-07
28 5.40727e-07
29 5.68794e-07
30 5.97034e-07
31 6.25447e-07
32 6.54038e-07
33 6.82629e-07
34 7.11402e-07
35 7.40175e-07
36 7.69135e-07
37 7.98095e-07
38 8.27246e-07
39 8.56398e-07
40 8.8555e-07
41 9.14702e-07
42 9.43853e-07
43 9.73005e-07
44 1.00216e-06
45 1.03131e-06
46 1.06067e-06
47 1.08982e-06
48 1.11897e-06
49 1.14812e-06
50 1.17727e-06
51 1.20642e-06
52 1.23536e-06
53 1.26429e-06
54 1.29302e-06
55 1.32133e-06
56 1.34944e-06
57 1.37734e-06
58 1.40484e-06
59 1.43215e-06
60 1.45906e-06
61 1.48578e-06
62 1.51231e-06
63 1.53865e-06
64 1.5648e-06
65 1.59077e-06
66 1.61674e-06
67 1.64251e-06
68 1.66829e-06
69 1.69389e-06
70 1.71948e-06
71 1.74507e-06
72 1.77066e-06
73 1.79625e-06
74 1.82185e-06
75 1.84763e-06
76 1.87342e-06
77 1.89921e-06
78 1.925e-06
79 1.95099e-06
80 1.97698e-06
81 2.00318e-06
82 2.02939e-06
83 2.05581e-06
84 2.08223e-06
85 2.10888e-06
86 2.13553e-06
87 2.16217e-06
88 2.18882e-06
89 2.21523e-06
90 2.24165e-06
91 2.26783e-06
92 2.29424e-06
93 2.32066e-06
94 2.34708e-06
95 2.37349e-06
96 2.39991e-06
97 2.42632e-06
98 2.45299e-06
99 2.47966e-06
100 2.50557e-06
101 2.53148e-06
102 2.55739e-06
103 2.58256e-06
104 2.60772e-06
105 2.63289e-06
106 2.65806e-06
107 2.68323e-06
108 2.70839e-06
109 2.73306e-06
110 2.75701e-06
111 2.7805e-06
112 2.80377e-06
113 2.82638e-06
114 2.84877e-06
115 2.87116e-06
116 2.89334e-06
117 2.91552e-06
118 2.93749e-06
119 2.95945e-06
120 2.98039e-06
121 3.00114e-06
122 3.02188e-06
123 3.04262e-06
124 3.06317e-06
125 3.08372e-06
126 3.10426e-06
127 3.12385e-06
128 3.14272e-06
129 3.1616e-06
130 3.18047e-06
131 3.199e-06
132 3.21736e-06
133 3.23571e-06
134 3.25425e-06
135 3.27278e-06
136 3.29046e-06
137 3.30782e-06
138 3.32534e-06
139 3.34286e-06
140 3.3599e-06
141 3.37693e-06
142 3.39366e-06
143 3.41054e-06
144 3.42742e-06
145 3.44368e-06
146 3.4598e-06
147 3.47591e-06
148 3.49218e-06
149 3.50844e-06
150 3.52455e-06
151 3.54051e-06
152 3.55662e-06
153 3.57273e-06
154 3.58823e-06
155 3.60329e-06
156 3.61821e-06
157 3.63328e-06
158 3.64834e-06
159 3.66341e-06
160 3.67804e-06
161 3.69227e-06
162 3.70636e-06
163 3.72045e-06
164 3.73402e-06
165 3.7476e-06
166 3.7613e-06
167 3.77462e-06
168 3.78758e-06
169 3.80019e-06
170 3.81247e-06
171 3.82393e-06
172 3.83494e-06
173 3.84521e-06
174 3.85481e-06
175 3.86378e-06
176 3.87224e-06
177 3.88005e-06
178 3.88747e-06
179 3.89456e-06
180 3.9014e-06
181 3.90799e-06
182 3.91414e-06
183 3.91968e-06
184 3.9248e-06
185 3.92962e-06
186 3.93414e-06
187 3.9384e-06
188 3.94246e-06
189 3.94635e-06
190 3.9501e-06
191 3.95366e-06
192 3.957e-06
193 3.96012e-06
194 3.96313e-06
195 3.96611e-06
196 3.96907e-06
197 3.97203e-06
198 3.97499e-06
199 3.97795e-06
200 3.98091e-06
201 3.98389e-06
202 3.98689e-06
203 3.98992e-06
204 3.99297e-06
205 3.99606e-06
206 3.99918e-06
207 4.00237e-06
208 4.00561e-06
209 4.00893e-06
210 4.01233e-06
211 4.01584e-06
212 4.01946e-06
213 4.02321e-06
214 4.02709e-06
215 4.03112e-06
216 4.03528e-06
217 4.03958e-06
218 4.04401e-06
219 4.04859e-06
220 4.05331e-06
221 4.05817e-06
222 4.06316e-06
223 4.06826e-06
224 4.07347e-06
225 4.07879e-06
226 4.08418e-06
227 4.08965e-06
228 4.0952e-06
229 4.10081e-06
230 4.10647e-06
231 4.1122e-06
232 4.11798e-06
233 4.1238e-06
234 4.12968e-06
235 4.13559e-06
236 4.14157e-06
237 4.14759e-06
238 4.15367e-06
239 4.15979e-06
240 4.16595e-06
241 4.17214e-06
242 4.17837e-06
243 4.18463e-06
244 4.19094e-06
245 4.19729e-06
246 4.20367e-06
247 4.2101e-06
248 4.21657e-06
249 4.22308e-06
250 4.22964e-06
251 4.23624e-06
252 4.24289e-06
253 4.24958e-06
254 4.25632e-06
255 4.26311e-06
256 4.27e-06
257 4.27694e-06
258 4.28393e-06
259 4.29103e-06
260 4.29825e-06
261 4.30552e-06
262 4.31291e-06
263 4.32043e-06
264 4.32801e-06
265 4.33573e-06
266 4.34352e-06
267 4.35145e-06
268 4.35945e-06
269 4.36753e-06
270 4.3757e-06
271 4.38394e-06
272 4.39227e-06
273 4.40068e-06
274 4.40918e-06
275 4.41769e-06
276 4.42628e-06
277 4.43498e-06
278 4.44377e-06
279 4.45256e-06
280 4.46125e-06
281 4.46984e-06
282 4.47814e-06
283 4.48625e-06
284 4.49427e-06
285 4.50203e-06
286 4.50978e-06
287 4.51737e-06
288 4.52471e-06
289 4.53197e-06
290 4.53923e-06
291 4.54634e-06
292 4.55336e-06
293 4.56039e-06
294 4.56727e-06
295 4.57386e-06
296 4.58038e-06
297 4.58684e-06
298 4.59309e-06
299 4.5991e-06
300 4.60494e-06
301 4.6106e-06
302 4.61611e-06
303 4.62152e-06
304 4.62673e-06
305 4.63176e-06
306 4.63666e-06
307 4.64139e-06
308 4.64605e-06
309 4.65063e-06
310 4.65502e-06
311 4.65931e-06
312 4.6635e-06
313 4.6676e-06
314 4.67166e-06
315 4.6757e-06
316 4.6797e-06
317 4.68367e-06
318 4.68761e-06
319 4.69152e-06
320 4.6954e-06
321 4.6992e-06
322 4.70294e-06
323 4.70659e-06
324 4.71019e-06
325 4.71377e-06
326 4.71732e-06
327 4.72081e-06
328 4.72426e-06
329 4.72768e-06
330 4.73103e-06
331 4.73441e-06
332 4.73778e-06
333 4.74111e-06
334 4.74443e-06
335 4.74778e-06
336 4.75113e-06
337 4.75448e-06
338 4.75783e-06
339 4.76121e-06
340 4.76458e-06
341 4.76796e-06
342 4.77136e-06
343 4.77476e-06
344 4.77819e-06
345 4.78162e-06
346 4.78508e-06
347 4.78853e-06
348 4.79199e-06
349 4.79548e-06
350 4.79897e-06
351 4.80248e-06
352 4.806e-06
353 4.80952e-06
354 4.81307e-06
355 4.81662e-06
356 4.82017e-06
357 4.82375e-06
358 4.82734e-06
359 4.83092e-06
360 4.83454e-06
361 4.83816e-06
362 4.84178e-06
363 4.84543e-06
364 4.84909e-06
365 4.85274e-06
366 4.8564e-06
367 4.86009e-06
368 4.86379e-06
369 4.86748e-06
370 4.87118e-06
371 4.87491e-06
372 4.87865e-06
373 4.88239e-06
374 4.88612e-06
375 4.88986e-06
376 4.89364e-06
377 4.89742e-06
378 4.90121e-06
379 4.90499e-06
380 4.90882e-06
381 4.91265e-06
382 4.91648e-06
383 4.92031e-06
384 4.92414e-06
385 4.92803e-06
386 4.93191e-06
387 4.9358e-06
388 4.93969e-06
389 4.94363e-06
390 4.94757e-06
391 4.95152e-06
392 4.95546e-06
393 4.95941e-06
394 4.96342e-06
395 4.96743e-06
396 4.97144e-06
397 4.97545e-06
398 4.97946e-06
399 4.98347e-06
400 4.98748e-06
401 4.99156e-06
402 4.99565e-06
403 4.99974e-06
404 5.00382e-06
405 5.00791e-06
406 5.012e-06
407 5.01608e-06
408 5.02017e-06
409 5.02426e-06
410 5.02835e-06
411 5.03243e-06
412 5.03652e-06
413 5.04061e-06
414 5.04469e-06
415 5.04878e-06
416 5.05287e-06
417 5.05695e-06
418 5.06104e-06
419 5.06513e-06
420 5.06934e-06
421 5.07356e-06
422 5.07777e-06
423 5.08199e-06
424 5.0862e-06
425 5.09042e-06
426 5.09463e-06
427 5.09885e-06
428 5.10306e-06
429 5.10747e-06
430 5.11187e-06
431 5.11628e-06
432 5.12069e-06
433 5.12509e-06
434 5.1295e-06
435 5.13391e-06
436 5.13831e-06
437 5.14272e-06
438 5.14712e-06
439 5.15153e-06
440 5.15638e-06
441 5.16122e-06
442 5.16607e-06
443 5.17092e-06
444 5.17577e-06
445 5.18061e-06
446 5.18546e-06
447 5.19031e-06
448 5.19515e-06
449 5.2e-06
Re:8962, We:10956
