0 0
1 8.87784e-11
2 2.98341e-10
3 5.57864e-10
4 8.83703e-10
5 1.27035e-09
6 1.71207e-09
7 2.20378e-09
8 2.74168e-09
9 3.32052e-09
10 3.93749e-09
11 4.58734e-09
12 5.268e-09
13 5.97625e-09
14 6.7111e-09
15 7.46736e-09
16 8.24642e-09
17 9.04566e-09
18 9.86191e-09
19 1.06915e-08
20 1.15396e-08
21 1.23973e-08
22 1.327e-08
23 1.4153e-08
24 1.50466e-08
25 1.59513e-08
26 1.68615e-08
27 1.77775e-08
28 1.87052e-08
29 1.96389e-08
30 2.05788e-08
31 2.15249e-08
32 2.24775e-08
33 2.343e-08
34 2.43891e-08
35 2.53549e-08
36 2.63207e-08
37 2.72934e-08
38 2.82661e-08
39 2.9246e-08
40 3.02258e-08
41 3.12129e-08
42 3.22e-08
43 3.31871e-08
44 3.41818e-08
45 3.51766e-08
46 3.61713e-08
47 3.7166e-08
48 3.81687e-08
49 3.91713e-08
50 4.0174e-08
51 4.11767e-08
52 4.21793e-08
53 4.3182e-08
54 4.41847e-08
55 4.51959e-08
56 4.62072e-08
57 4.72184e-08
58 4.82297e-08
59 4.92409e-08
60 5.02521e-08
61 5.12634e-08
62 5.22746e-08
63 5.32859e-08
64 5.42971e-08
65 5.53084e-08
66 5.63196e-08
67 5.73308e-08
68 5.83421e-08
69 5.93533e-08
70 6.03646e-08
71 6.13758e-08
72 6.2387e-08
73 6.33983e-08
74 6.44095e-08
75 6.54208e-08
76 6.6432e-08
77 6.74433e-08
78 6.84545e-08
79 6.94657e-08
80 7.0477e-08
81 7.14882e-08
82 7.24995e-08
83 7.35107e-08
84 7.45219e-08
85 7.55332e-08
86 7.65444e-08
87 7.75557e-08
88 7.85669e-08
89 7.95782e-08
90 8.05894e-08
91 8.16006e-08
92 8.26119e-08
93 8.36231e-08
94 8.46344e-08
95 8.56456e-08
96 8.66569e-08
97 8.76681e-08
98 8.86793e-08
99 8.96906e-08
100 9.07018e-08
101 9.17131e-08
102 9.27243e-08
103 9.37355e-08
104 9.47468e-08
105 9.5758e-08
106 9.67693e-08
107 9.77652e-08
108 9.87611e-08
109 9.97417e-08
110 1.00722e-07
111 1.01703e-07
112 1.02684e-07
113 1.03664e-07
114 1.04629e-07
115 1.05593e-07
116 1.06542e-07
117 1.0749e-07
118 1.08422e-07
119 1.09339e-07
120 1.10256e-07
121 1.11141e-07
122 1.11983e-07
123 1.12785e-07
124 1.13538e-07
125 1.14248e-07
126 1.14927e-07
127 1.15588e-07
128 1.16167e-07
129 1.16732e-07
130 1.17209e-07
131 1.17686e-07
132 1.1805e-07
133 1.18417e-07
134 1.18788e-07
135 1.19042e-07
136 1.19299e-07
137 1.19561e-07
138 1.19828e-07
139 1.20099e-07
140 1.20352e-07
141 1.20607e-07
142 1.20866e-07
143 1.21129e-07
144 1.21398e-07
145 1.21668e-07
146 1.21941e-07
147 1.22215e-07
148 1.22494e-07
149 1.2278e-07
150 1.23077e-07
151 1.2336e-07
152 1.23648e-07
153 1.23945e-07
154 1.24251e-07
155 1.24572e-07
156 1.24911e-07
157 1.25252e-07
158 1.25604e-07
159 1.25969e-07
160 1.26358e-07
161 1.26768e-07
162 1.27184e-07
163 1.27615e-07
164 1.28068e-07
165 1.28553e-07
166 1.29059e-07
167 1.29582e-07
168 1.3014e-07
169 1.30728e-07
170 1.31351e-07
171 1.32e-07
172 1.32693e-07
173 1.33403e-07
174 1.34149e-07
175 1.34915e-07
176 1.35703e-07
177 1.36515e-07
178 1.37327e-07
179 1.38167e-07
180 1.39006e-07
181 1.39876e-07
182 1.40746e-07
183 1.41616e-07
184 1.42524e-07
185 1.43432e-07
186 1.4434e-07
187 1.45248e-07
188 1.46156e-07
189 1.47064e-07
190 1.47972e-07
191 1.4888e-07
192 1.49788e-07
193 1.50696e-07
194 1.51604e-07
195 1.52512e-07
196 1.5342e-07
197 1.54328e-07
198 1.55236e-07
199 1.56144e-07
200 1.57052e-07
201 1.5796e-07
202 1.58868e-07
203 1.59776e-07
204 1.60684e-07
205 1.61592e-07
206 1.625e-07
Re:45, We:22
