0 0
1 5.91856e-10
2 2.22742e-09
3 4.31047e-09
4 6.7967e-09
5 9.64468e-09
6 1.28213e-08
7 1.6297e-08
8 2.0041e-08
9 2.40383e-08
10 2.82586e-08
11 3.26731e-08
12 3.72813e-08
13 4.20578e-08
14 4.69927e-08
15 5.20481e-08
16 5.72304e-08
17 6.2547e-08
18 6.7948e-08
19 7.34365e-08
20 7.90161e-08
21 8.46902e-08
22 9.04295e-08
23 9.6236e-08
24 1.02077e-07
25 1.07988e-07
26 1.13935e-07
27 1.19919e-07
28 1.2594e-07
29 1.32e-07
30 1.38098e-07
31 1.44236e-07
32 1.50414e-07
33 1.56593e-07
34 1.62812e-07
35 1.69032e-07
36 1.75252e-07
37 1.81514e-07
38 1.87777e-07
39 1.9404e-07
40 2.00347e-07
41 2.06654e-07
42 2.12961e-07
43 2.19268e-07
44 2.25575e-07
45 2.31929e-07
46 2.38283e-07
47 2.44636e-07
48 2.5099e-07
49 2.57344e-07
50 2.63698e-07
51 2.70051e-07
52 2.76405e-07
53 2.82759e-07
54 2.89113e-07
55 2.95466e-07
56 3.0182e-07
57 3.08174e-07
58 3.14476e-07
59 3.20778e-07
60 3.2708e-07
61 3.33382e-07
62 3.39684e-07
63 3.45987e-07
64 3.52289e-07
65 3.58591e-07
66 3.64839e-07
67 3.71086e-07
68 3.77334e-07
69 3.83582e-07
70 3.8983e-07
71 3.96077e-07
72 4.02269e-07
73 4.0846e-07
74 4.14652e-07
75 4.20843e-07
76 4.27035e-07
77 4.33226e-07
78 4.3936e-07
79 4.45493e-07
80 4.51626e-07
81 4.57759e-07
82 4.63892e-07
83 4.70025e-07
84 4.76158e-07
85 4.8223e-07
86 4.88302e-07
87 4.94373e-07
88 5.00445e-07
89 5.06517e-07
90 5.12589e-07
91 5.18596e-07
92 5.24604e-07
93 5.30612e-07
94 5.3662e-07
95 5.42628e-07
96 5.48636e-07
97 5.54643e-07
98 5.60651e-07
99 5.66591e-07
100 5.7253e-07
101 5.7847e-07
102 5.8441e-07
103 5.90349e-07
104 5.96289e-07
105 6.02228e-07
106 6.08168e-07
107 6.14034e-07
108 6.199e-07
109 6.25767e-07
110 6.31633e-07
111 6.37499e-07
112 6.43365e-07
113 6.49232e-07
114 6.55098e-07
115 6.60885e-07
116 6.66672e-07
117 6.72459e-07
118 6.78246e-07
119 6.84033e-07
120 6.8982e-07
121 6.95523e-07
122 7.01226e-07
123 7.06845e-07
124 7.12464e-07
125 7.18e-07
126 7.23372e-07
127 7.28745e-07
128 7.3381e-07
129 7.3895e-07
130 7.44015e-07
131 7.49005e-07
132 7.53995e-07
133 7.59061e-07
134 7.64128e-07
135 7.69116e-07
136 7.74025e-07
137 7.78935e-07
138 7.83845e-07
139 7.88599e-07
140 7.93204e-07
141 7.97809e-07
142 8.02414e-07
143 8.06873e-07
144 8.11332e-07
145 8.15791e-07
146 8.20106e-07
147 8.24422e-07
148 8.2881e-07
149 8.33198e-07
150 8.37587e-07
151 8.41975e-07
152 8.46363e-07
153 8.50752e-07
154 8.5514e-07
155 8.59446e-07
156 8.63751e-07
157 8.68057e-07
158 8.72362e-07
159 8.76668e-07
160 8.80885e-07
161 8.85103e-07
162 8.89321e-07
163 8.93538e-07
164 8.97756e-07
165 9.0188e-07
166 9.06004e-07
167 9.10034e-07
168 9.14064e-07
169 9.18095e-07
170 9.21937e-07
171 9.2578e-07
172 9.29623e-07
173 9.33466e-07
174 9.37308e-07
175 9.40959e-07
176 9.4461e-07
177 9.48167e-07
178 9.51724e-07
179 9.55281e-07
180 9.58838e-07
181 9.62395e-07
182 9.6585e-07
183 9.69305e-07
184 9.72761e-07
185 9.76112e-07
186 9.79462e-07
187 9.82708e-07
188 9.85954e-07
189 9.892e-07
190 9.92446e-07
191 9.9558e-07
192 9.98714e-07
193 1.00185e-06
194 1.00498e-06
195 1.00812e-06
196 1.01101e-06
197 1.0139e-06
198 1.0168e-06
199 1.01969e-06
200 1.02258e-06
201 1.02547e-06
202 1.02837e-06
203 1.03112e-06
204 1.03386e-06
205 1.03661e-06
206 1.03936e-06
207 1.04211e-06
208 1.04486e-06
209 1.04761e-06
210 1.05035e-06
211 1.0531e-06
212 1.05562e-06
213 1.05814e-06
214 1.06066e-06
215 1.06318e-06
216 1.06542e-06
217 1.06766e-06
218 1.0699e-06
219 1.07214e-06
220 1.07438e-06
221 1.07662e-06
222 1.07885e-06
223 1.08109e-06
224 1.08333e-06
Re:672, We:493
