0 0
1 5.3267e-09
2 1.75075e-08
3 3.32559e-08
4 5.25352e-08
5 7.52992e-08
6 1.01377e-07
7 1.30439e-07
8 1.62186e-07
9 1.96429e-07
10 2.32893e-07
11 2.71423e-07
12 3.11758e-07
13 3.53893e-07
14 3.97393e-07
15 4.42358e-07
16 4.88664e-07
17 5.35916e-07
18 5.84157e-07
19 6.33436e-07
20 6.83527e-07
21 7.34462e-07
22 7.8598e-07
23 8.38096e-07
24 8.90829e-07
25 9.44198e-07
26 9.97892e-07
27 1.05192e-06
28 1.10662e-06
29 1.16168e-06
30 1.21708e-06
31 1.27249e-06
32 1.32827e-06
33 1.38441e-06
34 1.44056e-06
35 1.49708e-06
36 1.55361e-06
37 1.61053e-06
38 1.66745e-06
39 1.72437e-06
40 1.78129e-06
41 1.83862e-06
42 1.89594e-06
43 1.95327e-06
44 2.0106e-06
45 2.06793e-06
46 2.12526e-06
47 2.18259e-06
48 2.23949e-06
49 2.29638e-06
50 2.35328e-06
51 2.40975e-06
52 2.46621e-06
53 2.52224e-06
54 2.57827e-06
55 2.6343e-06
56 2.69033e-06
57 2.74591e-06
58 2.8015e-06
59 2.85709e-06
60 2.91268e-06
61 2.96827e-06
62 3.0234e-06
63 3.07854e-06
64 3.13367e-06
65 3.18881e-06
66 3.24349e-06
67 3.29816e-06
68 3.35284e-06
69 3.40752e-06
70 3.46219e-06
71 3.51687e-06
72 3.57155e-06
73 3.62574e-06
74 3.67994e-06
75 3.73414e-06
76 3.78833e-06
77 3.84204e-06
78 3.89575e-06
79 3.94946e-06
80 4.00317e-06
81 4.05688e-06
82 4.11008e-06
83 4.16329e-06
84 4.2165e-06
85 4.2697e-06
86 4.32291e-06
87 4.37612e-06
88 4.42932e-06
89 4.482e-06
90 4.53468e-06
91 4.58736e-06
92 4.64004e-06
93 4.69272e-06
94 4.7454e-06
95 4.79754e-06
96 4.84967e-06
97 4.9018e-06
98 4.95393e-06
99 5.00606e-06
100 5.05819e-06
101 5.10975e-06
102 5.16131e-06
103 5.21287e-06
104 5.26442e-06
105 5.31598e-06
106 5.36754e-06
107 5.4191e-06
108 5.47066e-06
109 5.52222e-06
110 5.57315e-06
111 5.62409e-06
112 5.67503e-06
113 5.72597e-06
114 5.7769e-06
115 5.82784e-06
116 5.87878e-06
117 5.92971e-06
118 5.97998e-06
119 6.03025e-06
120 6.08051e-06
121 6.13078e-06
122 6.18105e-06
123 6.23132e-06
124 6.28087e-06
125 6.33043e-06
126 6.37999e-06
127 6.42955e-06
128 6.47324e-06
129 6.5132e-06
130 6.54463e-06
131 6.57202e-06
132 6.59765e-06
133 6.62267e-06
134 6.64769e-06
135 6.67291e-06
136 6.69658e-06
137 6.72025e-06
138 6.74411e-06
139 6.76815e-06
140 6.7922e-06
141 6.81625e-06
142 6.84049e-06
143 6.86474e-06
144 6.88859e-06
145 6.91243e-06
146 6.93648e-06
147 6.95992e-06
148 6.98279e-06
149 7.00585e-06
150 7.02853e-06
151 7.05084e-06
152 7.07315e-06
153 7.09545e-06
154 7.11758e-06
155 7.1397e-06
156 7.16127e-06
157 7.18284e-06
158 7.20441e-06
159 7.22581e-06
160 7.2472e-06
161 7.26771e-06
162 7.28806e-06
163 7.30841e-06
164 7.32892e-06
165 7.34944e-06
166 7.36996e-06
167 7.39048e-06
168 7.41099e-06
169 7.43151e-06
170 7.45203e-06
171 7.47255e-06
172 7.49306e-06
173 7.51358e-06
174 7.5341e-06
175 7.55443e-06
176 7.57476e-06
177 7.59509e-06
178 7.61523e-06
179 7.63537e-06
180 7.65551e-06
181 7.67545e-06
182 7.6954e-06
183 7.71535e-06
184 7.7353e-06
185 7.75524e-06
186 7.7748e-06
187 7.79436e-06
188 7.81411e-06
189 7.83386e-06
190 7.85362e-06
191 7.87337e-06
192 7.89334e-06
193 7.91309e-06
194 7.93305e-06
195 7.95302e-06
196 7.97277e-06
197 7.99251e-06
198 8.01249e-06
199 8.03246e-06
200 8.05198e-06
201 8.07172e-06
202 8.09146e-06
203 8.11121e-06
204 8.13095e-06
205 8.15094e-06
206 8.17093e-06
207 8.19092e-06
208 8.21091e-06
209 8.23116e-06
210 8.25141e-06
211 8.27166e-06
212 8.29219e-06
213 8.31272e-06
214 8.33326e-06
215 8.35379e-06
216 8.37432e-06
217 8.39517e-06
218 8.41601e-06
219 8.43685e-06
220 8.4577e-06
221 8.47888e-06
222 8.50007e-06
223 8.52125e-06
224 8.54244e-06
225 8.56362e-06
226 8.58519e-06
227 8.60676e-06
228 8.62833e-06
229 8.64991e-06
230 8.67148e-06
231 8.69349e-06
232 8.7155e-06
233 8.73751e-06
234 8.75952e-06
235 8.78153e-06
236 8.80354e-06
237 8.82607e-06
238 8.84861e-06
239 8.87114e-06
240 8.89368e-06
241 8.91621e-06
242 8.93937e-06
243 8.96254e-06
244 8.9857e-06
245 9.00886e-06
246 9.03202e-06
247 9.05595e-06
248 9.07988e-06
249 9.10382e-06
250 9.12775e-06
251 9.15168e-06
252 9.17661e-06
253 9.20154e-06
254 9.22647e-06
255 9.2514e-06
256 9.27633e-06
257 9.30126e-06
258 9.32619e-06
259 9.35112e-06
260 9.37605e-06
261 9.40098e-06
262 9.42591e-06
263 9.45084e-06
264 9.47577e-06
265 9.5007e-06
266 9.52563e-06
267 9.55056e-06
268 9.57549e-06
269 9.60042e-06
270 9.62535e-06
271 9.65028e-06
272 9.67521e-06
273 9.70014e-06
274 9.72507e-06
275 9.75e-06
Re:672, We:164
