0 0
1 7.8125e-06
2 2.94019e-05
3 5.69513e-05
4 8.97694e-05
5 0.000127363
6 0.000169293
7 0.000215172
8 0.000264593
9 0.00031716
10 0.000372647
11 0.000430921
12 0.000491484
13 0.000553966
14 0.000618502
15 0.000684596
16 0.000752334
17 0.000821455
18 0.000892023
19 0.000963724
20 0.0010366
21 0.00111029
22 0.0011848
23 0.00126018
24 0.00133599
25 0.0014127
26 0.00148987
27 0.00156751
28 0.00164562
29 0.00172422
30 0.00180331
31 0.00188241
32 0.00196201
33 0.00204161
34 0.00212173
35 0.00220185
36 0.00228197
37 0.00236262
38 0.00244328
39 0.00252394
40 0.0026046
41 0.00268526
42 0.00276591
43 0.00284657
44 0.0029278
45 0.00300903
46 0.00309026
47 0.00317091
48 0.00325155
49 0.0033322
50 0.00341284
51 0.00349349
52 0.00357354
53 0.00365359
54 0.00373363
55 0.00381368
56 0.00389312
57 0.00397257
58 0.00405201
59 0.00413145
60 0.00421089
61 0.00428971
62 0.00436853
63 0.00444736
64 0.00452618
65 0.00460437
66 0.00468256
67 0.00476075
68 0.00483894
69 0.00491713
70 0.00499532
71 0.00507351
72 0.00515104
73 0.00522858
74 0.00530611
75 0.00538364
76 0.00546118
77 0.00553804
78 0.0056149
79 0.00569176
80 0.00576862
81 0.00584547
82 0.00592233
83 0.00599919
84 0.00607605
85 0.0061522
86 0.00622835
87 0.0063045
88 0.00638064
89 0.00645679
90 0.00653294
91 0.00660909
92 0.00668523
93 0.00676138
94 0.00683677
95 0.00691215
96 0.00698754
97 0.00706293
98 0.00713831
99 0.0072137
100 0.00728908
101 0.00736447
102 0.00743986
103 0.00751524
104 0.00759063
105 0.00766602
106 0.0077414
107 0.00781679
108 0.00789217
109 0.00796756
110 0.00804295
111 0.00811833
112 0.00819372
113 0.00826911
114 0.00834449
115 0.00841988
116 0.00849526
117 0.00857065
118 0.00864604
119 0.00872142
120 0.00879681
121 0.00887219
122 0.00894758
123 0.00902297
124 0.00909835
125 0.00917374
126 0.00924913
127 0.00932451
128 0.0093999
129 0.00947528
130 0.00955067
131 0.00962606
132 0.00970144
133 0.00977809
134 0.00985473
135 0.00993137
136 0.010008
137 0.0100847
138 0.0101613
139 0.0102379
140 0.0103146
141 0.0103858
142 0.0104394
143 0.0104837
144 0.0105261
145 0.0105667
146 0.0106052
147 0.0106437
148 0.0106818
149 0.0107199
150 0.010758
151 0.0107965
152 0.010835
153 0.0108739
154 0.0109133
155 0.0109531
156 0.0109934
157 0.0110343
158 0.0110756
159 0.0111175
160 0.0111594
161 0.0112018
162 0.0112448
163 0.0112885
164 0.0113328
165 0.0113777
166 0.0114234
167 0.011469
168 0.0115154
169 0.0115619
170 0.0116091
171 0.0116563
172 0.0117035
173 0.0117507
174 0.0117979
175 0.0118451
176 0.0118923
177 0.0119395
178 0.0119877
179 0.0120349
180 0.0120821
181 0.0121303
182 0.0121785
183 0.0122279
184 0.0122772
185 0.0123221
186 0.0123671
187 0.0124131
188 0.0124603
189 0.0125075
190 0.0125559
191 0.0126044
192 0.0126542
193 0.0127041
194 0.0127556
195 0.0128071
196 0.0128585
197 0.0129119
198 0.0129653
199 0.0130187
200 0.0130744
201 0.0131301
202 0.0131858
203 0.0132415
204 0.0132972
205 0.0133562
206 0.0134117
207 0.013464
208 0.0135162
209 0.0135623
210 0.0136085
211 0.0136546
212 0.0137007
213 0.0137468
214 0.0137929
215 0.013839
216 0.0138809
217 0.0139158
218 0.0139507
219 0.0139857
220 0.0140206
221 0.0140555
222 0.0140904
223 0.0141254
224 0.0141603
225 0.0141952
226 0.0142301
227 0.0142651
228 0.0143
Re:2464, We:30
