0 0 0
0 0 0
0 0 0
0 0 0
0 0 0
0 0 0
0 0 0
0 0 0
0 0 0
0 0 0
1 6.27273e-07 0.00170455
1 6.27273e-07 0.00170455
1 6.27273e-07 0.00170455
1 6.27273e-07 0.00170455
1 6.27273e-07 0.00170455
1 6.27273e-07 0.00170455
1 6.27273e-07 0.00170455
1 6.27273e-07 0.00170455
1 6.27273e-07 0.00170455
1 6.27273e-07 0.00170455
2 1.61424e-06 0.00438653
2 1.61424e-06 0.00438653
2 1.61424e-06 0.00438653
2 1.61424e-06 0.00438653
2 1.61424e-06 0.00438653
2 1.61424e-06 0.00438653
2 1.61424e-06 0.00438653
2 1.61424e-06 0.00438653
2 1.61424e-06 0.00438653
2 1.61424e-06 0.00438653
3 2.62276e-06 0.00712706
3 2.62276e-06 0.00712706
3 2.62276e-06 0.00712706
3 2.62276e-06 0.00712706
3 2.62276e-06 0.00712706
3 2.62276e-06 0.00712706
3 2.62276e-06 0.00712706
3 2.62276e-06 0.00712706
3 2.62276e-06 0.00712706
3 2.62276e-06 0.00712706
4 3.64954e-06 0.00991723
4 3.64954e-06 0.00991723
4 3.64954e-06 0.00991723
4 3.64954e-06 0.00991723
4 3.64954e-06 0.00991723
4 3.64954e-06 0.00991723
4 3.64954e-06 0.00991723
4 3.64954e-06 0.00991723
4 3.64954e-06 0.00991723
4 3.64954e-06 0.00991723
5 4.69098e-06 0.0127472
5 4.69098e-06 0.0127472
5 4.69098e-06 0.0127472
5 4.69098e-06 0.0127472
5 4.69098e-06 0.0127472
5 4.69098e-06 0.0127472
5 4.69098e-06 0.0127472
5 4.69098e-06 0.0127472
5 4.69098e-06 0.0127472
5 4.69098e-06 0.0127472
6 5.74374e-06 0.015608
6 5.74374e-06 0.015608
6 5.74374e-06 0.015608
6 5.74374e-06 0.015608
6 5.74374e-06 0.015608
6 5.74374e-06 0.015608
6 5.74374e-06 0.015608
6 5.74374e-06 0.015608
6 5.74374e-06 0.015608
6 5.74374e-06 0.015608
7 6.80516e-06 0.0184923
7 6.80516e-06 0.0184923
7 6.80516e-06 0.0184923
7 6.80516e-06 0.0184923
7 6.80516e-06 0.0184923
7 6.80516e-06 0.0184923
7 6.80516e-06 0.0184923
7 6.80516e-06 0.0184923
7 6.80516e-06 0.0184923
7 6.80516e-06 0.0184923
8 7.87368e-06 0.0213959
8 7.87368e-06 0.0213959
8 7.87368e-06 0.0213959
8 7.87368e-06 0.0213959
8 7.87368e-06 0.0213959
8 7.87368e-06 0.0213959
8 7.87368e-06 0.0213959
8 7.87368e-06 0.0213959
8 7.87368e-06 0.0213959
8 7.87368e-06 0.0213959
9 8.94899e-06 0.0243179
9 8.94899e-06 0.0243179
9 8.94899e-06 0.0243179
9 8.94899e-06 0.0243179
9 8.94899e-06 0.0243179
9 8.94899e-06 0.0243179
9 8.94899e-06 0.0243179
9 8.94899e-06 0.0243179
9 8.94899e-06 0.0243179
9 8.94899e-06 0.0243179
10 1.00316e-05 0.0272597
10 1.00316e-05 0.0272597
10 1.00316e-05 0.0272597
10 1.00316e-05 0.0272597
10 1.00316e-05 0.0272597
10 1.00316e-05 0.0272597
10 1.00316e-05 0.0272597
10 1.00316e-05 0.0272597
10 1.00316e-05 0.0272597
10 1.00316e-05 0.0272597
11 1.11184e-05 0.0302131
11 1.11184e-05 0.0302131
11 1.11184e-05 0.0302131
11 1.11184e-05 0.0302131
11 1.11184e-05 0.0302131
11 1.11184e-05 0.0302131
11 1.11184e-05 0.0302131
11 1.11184e-05 0.0302131
11 1.11184e-05 0.0302131
11 1.11184e-05 0.0302131
12 1.22085e-05 0.0331751
12 1.22085e-05 0.0331751
12 1.22085e-05 0.0331751
12 1.22085e-05 0.0331751
12 1.22085e-05 0.0331751
12 1.22085e-05 0.0331751
12 1.22085e-05 0.0331751
12 1.22085e-05 0.0331751
12 1.22085e-05 0.0331751
12 1.22085e-05 0.0331751
13 1.33022e-05 0.0361472
13 1.33022e-05 0.0361472
13 1.33022e-05 0.0361472
13 1.33022e-05 0.0361472
13 1.33022e-05 0.0361472
13 1.33022e-05 0.0361472
13 1.33022e-05 0.0361472
13 1.33022e-05 0.0361472
13 1.33022e-05 0.0361472
13 1.33022e-05 0.0361472
14 1.43987e-05 0.039127
14 1.43987e-05 0.039127
14 1.43987e-05 0.039127
14 1.43987e-05 0.039127
14 1.43987e-05 0.039127
14 1.43987e-05 0.039127
14 1.43987e-05 0.039127
14 1.43987e-05 0.039127
14 1.43987e-05 0.039127
14 1.43987e-05 0.039127
15 1.55007e-05 0.0421216
15 1.55007e-05 0.0421216
15 1.55007e-05 0.0421216
15 1.55007e-05 0.0421216
15 1.55007e-05 0.0421216
15 1.55007e-05 0.0421216
15 1.55007e-05 0.0421216
15 1.55007e-05 0.0421216
15 1.55007e-05 0.0421216
15 1.55007e-05 0.0421216
16 1.66039e-05 0.0451193
16 1.66039e-05 0.0451193
16 1.66039e-05 0.0451193
16 1.66039e-05 0.0451193
16 1.66039e-05 0.0451193
16 1.66039e-05 0.0451193
16 1.66039e-05 0.0451193
16 1.66039e-05 0.0451193
16 1.66039e-05 0.0451193
16 1.66039e-05 0.0451193
17 1.77107e-05 0.0481269
17 1.77107e-05 0.0481269
17 1.77107e-05 0.0481269
17 1.77107e-05 0.0481269
17 1.77107e-05 0.0481269
17 1.77107e-05 0.0481269
17 1.77107e-05 0.0481269
17 1.77107e-05 0.0481269
17 1.77107e-05 0.0481269
17 1.77107e-05 0.0481269
18 1.88233e-05 0.0511502
18 1.88233e-05 0.0511502
18 1.88233e-05 0.0511502
18 1.88233e-05 0.0511502
18 1.88233e-05 0.0511502
18 1.88233e-05 0.0511502
18 1.88233e-05 0.0511502
18 1.88233e-05 0.0511502
18 1.88233e-05 0.0511502
18 1.88233e-05 0.0511502
19 1.99445e-05 0.054197
19 1.99445e-05 0.054197
19 1.99445e-05 0.054197
19 1.99445e-05 0.054197
19 1.99445e-05 0.054197
19 1.99445e-05 0.054197
19 1.99445e-05 0.054197
19 1.99445e-05 0.054197
19 1.99445e-05 0.054197
19 1.99445e-05 0.054197
20 2.10695e-05 0.0572541
20 2.10695e-05 0.0572541
20 2.10695e-05 0.0572541
20 2.10695e-05 0.0572541
20 2.10695e-05 0.0572541
20 2.10695e-05 0.0572541
20 2.10695e-05 0.0572541
20 2.10695e-05 0.0572541
20 2.10695e-05 0.0572541
20 2.10695e-05 0.0572541
21 2.2198e-05 0.0603208
21 2.2198e-05 0.0603208
21 2.2198e-05 0.0603208
21 2.2198e-05 0.0603208
21 2.2198e-05 0.0603208
21 2.2198e-05 0.0603208
21 2.2198e-05 0.0603208
21 2.2198e-05 0.0603208
21 2.2198e-05 0.0603208
21 2.2198e-05 0.0603208
22 2.33325e-05 0.0634034
22 2.33325e-05 0.0634034
22 2.33325e-05 0.0634034
22 2.33325e-05 0.0634034
22 2.33325e-05 0.0634034
22 2.33325e-05 0.0634034
22 2.33325e-05 0.0634034
22 2.33325e-05 0.0634034
22 2.33325e-05 0.0634034
22 2.33325e-05 0.0634034
23 2.44758e-05 0.0665103
23 2.44758e-05 0.0665103
23 2.44758e-05 0.0665103
23 2.44758e-05 0.0665103
23 2.44758e-05 0.0665103
23 2.44758e-05 0.0665103
23 2.44758e-05 0.0665103
23 2.44758e-05 0.0665103
23 2.44758e-05 0.0665103
23 2.44758e-05 0.0665103
24 2.56272e-05 0.0696392
24 2.56272e-05 0.0696392
24 2.56272e-05 0.0696392
24 2.56272e-05 0.0696392
24 2.56272e-05 0.0696392
24 2.56272e-05 0.0696392
24 2.56272e-05 0.0696392
24 2.56272e-05 0.0696392
24 2.56272e-05 0.0696392
24 2.56272e-05 0.0696392
25 2.67837e-05 0.0727817
25 2.67837e-05 0.0727817
25 2.67837e-05 0.0727817
25 2.67837e-05 0.0727817
25 2.67837e-05 0.0727817
25 2.67837e-05 0.0727817
25 2.67837e-05 0.0727817
25 2.67837e-05 0.0727817
25 2.67837e-05 0.0727817
25 2.67837e-05 0.0727817
26 2.7948e-05 0.0759457
26 2.7948e-05 0.0759457
26 2.7948e-05 0.0759457
26 2.7948e-05 0.0759457
26 2.7948e-05 0.0759457
26 2.7948e-05 0.0759457
26 2.7948e-05 0.0759457
26 2.7948e-05 0.0759457
26 2.7948e-05 0.0759457
26 2.7948e-05 0.0759457
27 2.91188e-05 0.0791272
27 2.91188e-05 0.0791272
27 2.91188e-05 0.0791272
27 2.91188e-05 0.0791272
27 2.91188e-05 0.0791272
27 2.91188e-05 0.0791272
27 2.91188e-05 0.0791272
27 2.91188e-05 0.0791272
27 2.91188e-05 0.0791272
27 2.91188e-05 0.0791272
28 3.02974e-05 0.0823299
28 3.02974e-05 0.0823299
28 3.02974e-05 0.0823299
28 3.02974e-05 0.0823299
28 3.02974e-05 0.0823299
28 3.02974e-05 0.0823299
28 3.02974e-05 0.0823299
28 3.02974e-05 0.0823299
28 3.02974e-05 0.0823299
28 3.02974e-05 0.0823299
29 3.14834e-05 0.0855527
29 3.14834e-05 0.0855527
29 3.14834e-05 0.0855527
29 3.14834e-05 0.0855527
29 3.14834e-05 0.0855527
29 3.14834e-05 0.0855527
29 3.14834e-05 0.0855527
29 3.14834e-05 0.0855527
29 3.14834e-05 0.0855527
29 3.14834e-05 0.0855527
30 3.26739e-05 0.0887878
30 3.26739e-05 0.0887878
30 3.26739e-05 0.0887878
30 3.26739e-05 0.0887878
30 3.26739e-05 0.0887878
30 3.26739e-05 0.0887878
30 3.26739e-05 0.0887878
30 3.26739e-05 0.0887878
30 3.26739e-05 0.0887878
30 3.26739e-05 0.0887878
31 3.38689e-05 0.0920349
31 3.38689e-05 0.0920349
31 3.38689e-05 0.0920349
31 3.38689e-05 0.0920349
31 3.38689e-05 0.0920349
31 3.38689e-05 0.0920349
31 3.38689e-05 0.0920349
31 3.38689e-05 0.0920349
31 3.38689e-05 0.0920349
31 3.38689e-05 0.0920349
32 3.50675e-05 0.0952921
32 3.50675e-05 0.0952921
32 3.50675e-05 0.0952921
32 3.50675e-05 0.0952921
32 3.50675e-05 0.0952921
32 3.50675e-05 0.0952921
32 3.50675e-05 0.0952921
32 3.50675e-05 0.0952921
32 3.50675e-05 0.0952921
32 3.50675e-05 0.0952921
33 3.62695e-05 0.0985583
33 3.62695e-05 0.0985583
33 3.62695e-05 0.0985583
33 3.62695e-05 0.0985583
33 3.62695e-05 0.0985583
33 3.62695e-05 0.0985583
33 3.62695e-05 0.0985583
33 3.62695e-05 0.0985583
33 3.62695e-05 0.0985583
33 3.62695e-05 0.0985583
34 3.7475e-05 0.101834
34 3.7475e-05 0.101834
34 3.7475e-05 0.101834
34 3.7475e-05 0.101834
34 3.7475e-05 0.101834
34 3.7475e-05 0.101834
34 3.7475e-05 0.101834
34 3.7475e-05 0.101834
34 3.7475e-05 0.101834
34 3.7475e-05 0.101834
35 3.86825e-05 0.105116
35 3.86825e-05 0.105116
35 3.86825e-05 0.105116
35 3.86825e-05 0.105116
35 3.86825e-05 0.105116
35 3.86825e-05 0.105116
35 3.86825e-05 0.105116
35 3.86825e-05 0.105116
35 3.86825e-05 0.105116
35 3.86825e-05 0.105116
36 3.98918e-05 0.108402
36 3.98918e-05 0.108402
36 3.98918e-05 0.108402
36 3.98918e-05 0.108402
36 3.98918e-05 0.108402
36 3.98918e-05 0.108402
36 3.98918e-05 0.108402
36 3.98918e-05 0.108402
36 3.98918e-05 0.108402
36 3.98918e-05 0.108402
37 4.11038e-05 0.111695
37 4.11038e-05 0.111695
37 4.11038e-05 0.111695
37 4.11038e-05 0.111695
37 4.11038e-05 0.111695
37 4.11038e-05 0.111695
37 4.11038e-05 0.111695
37 4.11038e-05 0.111695
37 4.11038e-05 0.111695
37 4.11038e-05 0.111695
38 4.23125e-05 0.11498
38 4.23125e-05 0.11498
38 4.23125e-05 0.11498
38 4.23125e-05 0.11498
38 4.23125e-05 0.11498
38 4.23125e-05 0.11498
38 4.23125e-05 0.11498
38 4.23125e-05 0.11498
38 4.23125e-05 0.11498
38 4.23125e-05 0.11498
39 4.35228e-05 0.118268
39 4.35228e-05 0.118268
39 4.35228e-05 0.118268
39 4.35228e-05 0.118268
39 4.35228e-05 0.118268
39 4.35228e-05 0.118268
39 4.35228e-05 0.118268
39 4.35228e-05 0.118268
39 4.35228e-05 0.118268
39 4.35228e-05 0.118268
40 4.47353e-05 0.121563
40 4.47353e-05 0.121563
40 4.47353e-05 0.121563
40 4.47353e-05 0.121563
40 4.47353e-05 0.121563
40 4.47353e-05 0.121563
40 4.47353e-05 0.121563
40 4.47353e-05 0.121563
40 4.47353e-05 0.121563
40 4.47353e-05 0.121563
41 4.59438e-05 0.124847
41 4.59438e-05 0.124847
41 4.59438e-05 0.124847
41 4.59438e-05 0.124847
41 4.59438e-05 0.124847
41 4.59438e-05 0.124847
41 4.59438e-05 0.124847
41 4.59438e-05 0.124847
41 4.59438e-05 0.124847
41 4.59438e-05 0.124847
42 4.71534e-05 0.128134
42 4.71534e-05 0.128134
42 4.71534e-05 0.128134
42 4.71534e-05 0.128134
42 4.71534e-05 0.128134
42 4.71534e-05 0.128134
42 4.71534e-05 0.128134
42 4.71534e-05 0.128134
42 4.71534e-05 0.128134
42 4.71534e-05 0.128134
43 4.83653e-05 0.131427
43 4.83653e-05 0.131427
43 4.83653e-05 0.131427
43 4.83653e-05 0.131427
43 4.83653e-05 0.131427
43 4.83653e-05 0.131427
43 4.83653e-05 0.131427
43 4.83653e-05 0.131427
43 4.83653e-05 0.131427
43 4.83653e-05 0.131427
44 4.95754e-05 0.134716
44 4.95754e-05 0.134716
44 4.95754e-05 0.134716
44 4.95754e-05 0.134716
44 4.95754e-05 0.134716
44 4.95754e-05 0.134716
44 4.95754e-05 0.134716
44 4.95754e-05 0.134716
44 4.95754e-05 0.134716
44 4.95754e-05 0.134716
45 5.07869e-05 0.138008
45 5.07869e-05 0.138008
45 5.07869e-05 0.138008
45 5.07869e-05 0.138008
45 5.07869e-05 0.138008
45 5.07869e-05 0.138008
45 5.07869e-05 0.138008
45 5.07869e-05 0.138008
45 5.07869e-05 0.138008
45 5.07869e-05 0.138008
46 5.20015e-05 0.141308
46 5.20015e-05 0.141308
46 5.20015e-05 0.141308
46 5.20015e-05 0.141308
46 5.20015e-05 0.141308
46 5.20015e-05 0.141308
46 5.20015e-05 0.141308
46 5.20015e-05 0.141308
46 5.20015e-05 0.141308
46 5.20015e-05 0.141308
47 5.3217e-05 0.144611
47 5.3217e-05 0.144611
47 5.3217e-05 0.144611
47 5.3217e-05 0.144611
47 5.3217e-05 0.144611
47 5.3217e-05 0.144611
47 5.3217e-05 0.144611
47 5.3217e-05 0.144611
47 5.3217e-05 0.144611
47 5.3217e-05 0.144611
48 5.44342e-05 0.147919
48 5.44342e-05 0.147919
48 5.44342e-05 0.147919
48 5.44342e-05 0.147919
48 5.44342e-05 0.147919
48 5.44342e-05 0.147919
48 5.44342e-05 0.147919
48 5.44342e-05 0.147919
48 5.44342e-05 0.147919
48 5.44342e-05 0.147919
49 5.56546e-05 0.151235
49 5.56546e-05 0.151235
49 5.56546e-05 0.151235
49 5.56546e-05 0.151235
49 5.56546e-05 0.151235
49 5.56546e-05 0.151235
49 5.56546e-05 0.151235
49 5.56546e-05 0.151235
49 5.56546e-05 0.151235
49 5.56546e-05 0.151235
50 5.68767e-05 0.154556
50 5.68767e-05 0.154556
50 5.68767e-05 0.154556
50 5.68767e-05 0.154556
50 5.68767e-05 0.154556
50 5.68767e-05 0.154556
50 5.68767e-05 0.154556
50 5.68767e-05 0.154556
50 5.68767e-05 0.154556
50 5.68767e-05 0.154556
51 5.81005e-05 0.157882
51 5.81005e-05 0.157882
51 5.81005e-05 0.157882
51 5.81005e-05 0.157882
51 5.81005e-05 0.157882
51 5.81005e-05 0.157882
51 5.81005e-05 0.157882
51 5.81005e-05 0.157882
51 5.81005e-05 0.157882
51 5.81005e-05 0.157882
52 5.93277e-05 0.161216
52 5.93277e-05 0.161216
52 5.93277e-05 0.161216
52 5.93277e-05 0.161216
52 5.93277e-05 0.161216
52 5.93277e-05 0.161216
52 5.93277e-05 0.161216
52 5.93277e-05 0.161216
52 5.93277e-05 0.161216
52 5.93277e-05 0.161216
53 6.05571e-05 0.164557
53 6.05571e-05 0.164557
53 6.05571e-05 0.164557
53 6.05571e-05 0.164557
53 6.05571e-05 0.164557
53 6.05571e-05 0.164557
53 6.05571e-05 0.164557
53 6.05571e-05 0.164557
53 6.05571e-05 0.164557
53 6.05571e-05 0.164557
54 6.17882e-05 0.167903
54 6.17882e-05 0.167903
54 6.17882e-05 0.167903
54 6.17882e-05 0.167903
54 6.17882e-05 0.167903
54 6.17882e-05 0.167903
54 6.17882e-05 0.167903
54 6.17882e-05 0.167903
54 6.17882e-05 0.167903
54 6.17882e-05 0.167903
55 6.30224e-05 0.171257
55 6.30224e-05 0.171257
55 6.30224e-05 0.171257
55 6.30224e-05 0.171257
55 6.30224e-05 0.171257
55 6.30224e-05 0.171257
55 6.30224e-05 0.171257
55 6.30224e-05 0.171257
55 6.30224e-05 0.171257
55 6.30224e-05 0.171257
56 6.42576e-05 0.174613
56 6.42576e-05 0.174613
56 6.42576e-05 0.174613
56 6.42576e-05 0.174613
56 6.42576e-05 0.174613
56 6.42576e-05 0.174613
56 6.42576e-05 0.174613
56 6.42576e-05 0.174613
56 6.42576e-05 0.174613
56 6.42576e-05 0.174613
57 6.54955e-05 0.177977
57 6.54955e-05 0.177977
57 6.54955e-05 0.177977
57 6.54955e-05 0.177977
57 6.54955e-05 0.177977
57 6.54955e-05 0.177977
57 6.54955e-05 0.177977
57 6.54955e-05 0.177977
57 6.54955e-05 0.177977
57 6.54955e-05 0.177977
58 6.67368e-05 0.18135
58 6.67368e-05 0.18135
58 6.67368e-05 0.18135
58 6.67368e-05 0.18135
58 6.67368e-05 0.18135
58 6.67368e-05 0.18135
58 6.67368e-05 0.18135
58 6.67368e-05 0.18135
58 6.67368e-05 0.18135
58 6.67368e-05 0.18135
59 6.79795e-05 0.184727
59 6.79795e-05 0.184727
59 6.79795e-05 0.184727
59 6.79795e-05 0.184727
59 6.79795e-05 0.184727
59 6.79795e-05 0.184727
59 6.79795e-05 0.184727
59 6.79795e-05 0.184727
59 6.79795e-05 0.184727
59 6.79795e-05 0.184727
60 6.92241e-05 0.188109
60 6.92241e-05 0.188109
60 6.92241e-05 0.188109
60 6.92241e-05 0.188109
60 6.92241e-05 0.188109
60 6.92241e-05 0.188109
60 6.92241e-05 0.188109
60 6.92241e-05 0.188109
60 6.92241e-05 0.188109
60 6.92241e-05 0.188109
61 7.04709e-05 0.191497
61 7.04709e-05 0.191497
61 7.04709e-05 0.191497
61 7.04709e-05 0.191497
61 7.04709e-05 0.191497
61 7.04709e-05 0.191497
61 7.04709e-05 0.191497
61 7.04709e-05 0.191497
61 7.04709e-05 0.191497
61 7.04709e-05 0.191497
62 7.17192e-05 0.194889
62 7.17192e-05 0.194889
62 7.17192e-05 0.194889
62 7.17192e-05 0.194889
62 7.17192e-05 0.194889
62 7.17192e-05 0.194889
62 7.17192e-05 0.194889
62 7.17192e-05 0.194889
62 7.17192e-05 0.194889
62 7.17192e-05 0.194889
63 7.29641e-05 0.198272
63 7.29641e-05 0.198272
63 7.29641e-05 0.198272
63 7.29641e-05 0.198272
63 7.29641e-05 0.198272
63 7.29641e-05 0.198272
63 7.29641e-05 0.198272
63 7.29641e-05 0.198272
63 7.29641e-05 0.198272
63 7.29641e-05 0.198272
64 7.42095e-05 0.201656
64 7.42095e-05 0.201656
64 7.42095e-05 0.201656
64 7.42095e-05 0.201656
64 7.42095e-05 0.201656
64 7.42095e-05 0.201656
64 7.42095e-05 0.201656
64 7.42095e-05 0.201656
64 7.42095e-05 0.201656
64 7.42095e-05 0.201656
65 7.5453e-05 0.205035
65 7.5453e-05 0.205035
65 7.5453e-05 0.205035
65 7.5453e-05 0.205035
65 7.5453e-05 0.205035
65 7.5453e-05 0.205035
65 7.5453e-05 0.205035
65 7.5453e-05 0.205035
65 7.5453e-05 0.205035
65 7.5453e-05 0.205035
66 7.66876e-05 0.20839
66 7.66876e-05 0.20839
66 7.66876e-05 0.20839
66 7.66876e-05 0.20839
66 7.66876e-05 0.20839
66 7.66876e-05 0.20839
66 7.66876e-05 0.20839
66 7.66876e-05 0.20839
66 7.66876e-05 0.20839
66 7.66876e-05 0.20839
67 7.79233e-05 0.211748
67 7.79233e-05 0.211748
67 7.79233e-05 0.211748
67 7.79233e-05 0.211748
67 7.79233e-05 0.211748
67 7.79233e-05 0.211748
67 7.79233e-05 0.211748
67 7.79233e-05 0.211748
67 7.79233e-05 0.211748
67 7.79233e-05 0.211748
68 7.91609e-05 0.215111
68 7.91609e-05 0.215111
68 7.91609e-05 0.215111
68 7.91609e-05 0.215111
68 7.91609e-05 0.215111
68 7.91609e-05 0.215111
68 7.91609e-05 0.215111
68 7.91609e-05 0.215111
68 7.91609e-05 0.215111
68 7.91609e-05 0.215111
69 8.03947e-05 0.218464
69 8.03947e-05 0.218464
69 8.03947e-05 0.218464
69 8.03947e-05 0.218464
69 8.03947e-05 0.218464
69 8.03947e-05 0.218464
69 8.03947e-05 0.218464
69 8.03947e-05 0.218464
69 8.03947e-05 0.218464
69 8.03947e-05 0.218464
70 8.16214e-05 0.221797
70 8.16214e-05 0.221797
70 8.16214e-05 0.221797
70 8.16214e-05 0.221797
70 8.16214e-05 0.221797
70 8.16214e-05 0.221797
70 8.16214e-05 0.221797
70 8.16214e-05 0.221797
70 8.16214e-05 0.221797
70 8.16214e-05 0.221797
71 8.2849e-05 0.225133
71 8.2849e-05 0.225133
71 8.2849e-05 0.225133
71 8.2849e-05 0.225133
71 8.2849e-05 0.225133
71 8.2849e-05 0.225133
71 8.2849e-05 0.225133
71 8.2849e-05 0.225133
71 8.2849e-05 0.225133
71 8.2849e-05 0.225133
72 8.40653e-05 0.228438
72 8.40653e-05 0.228438
72 8.40653e-05 0.228438
72 8.40653e-05 0.228438
72 8.40653e-05 0.228438
72 8.40653e-05 0.228438
72 8.40653e-05 0.228438
72 8.40653e-05 0.228438
72 8.40653e-05 0.228438
72 8.40653e-05 0.228438
73 8.52834e-05 0.231748
73 8.52834e-05 0.231748
73 8.52834e-05 0.231748
73 8.52834e-05 0.231748
73 8.52834e-05 0.231748
73 8.52834e-05 0.231748
73 8.52834e-05 0.231748
73 8.52834e-05 0.231748
73 8.52834e-05 0.231748
73 8.52834e-05 0.231748
74 8.65019e-05 0.235059
74 8.65019e-05 0.235059
74 8.65019e-05 0.235059
74 8.65019e-05 0.235059
74 8.65019e-05 0.235059
74 8.65019e-05 0.235059
74 8.65019e-05 0.235059
74 8.65019e-05 0.235059
74 8.65019e-05 0.235059
74 8.65019e-05 0.235059
75 8.7722e-05 0.238375
75 8.7722e-05 0.238375
75 8.7722e-05 0.238375
75 8.7722e-05 0.238375
75 8.7722e-05 0.238375
75 8.7722e-05 0.238375
75 8.7722e-05 0.238375
75 8.7722e-05 0.238375
75 8.7722e-05 0.238375
75 8.7722e-05 0.238375
76 8.89439e-05 0.241695
76 8.89439e-05 0.241695
76 8.89439e-05 0.241695
76 8.89439e-05 0.241695
76 8.89439e-05 0.241695
76 8.89439e-05 0.241695
76 8.89439e-05 0.241695
76 8.89439e-05 0.241695
76 8.89439e-05 0.241695
76 8.89439e-05 0.241695
77 9.01673e-05 0.24502
77 9.01673e-05 0.24502
77 9.01673e-05 0.24502
77 9.01673e-05 0.24502
77 9.01673e-05 0.24502
77 9.01673e-05 0.24502
77 9.01673e-05 0.24502
77 9.01673e-05 0.24502
77 9.01673e-05 0.24502
77 9.01673e-05 0.24502
78 9.13911e-05 0.248345
78 9.13911e-05 0.248345
78 9.13911e-05 0.248345
78 9.13911e-05 0.248345
78 9.13911e-05 0.248345
78 9.13911e-05 0.248345
78 9.13911e-05 0.248345
78 9.13911e-05 0.248345
78 9.13911e-05 0.248345
78 9.13911e-05 0.248345
79 9.26145e-05 0.25167
79 9.26145e-05 0.25167
79 9.26145e-05 0.25167
79 9.26145e-05 0.25167
79 9.26145e-05 0.25167
79 9.26145e-05 0.25167
79 9.26145e-05 0.25167
79 9.26145e-05 0.25167
79 9.26145e-05 0.25167
79 9.26145e-05 0.25167
80 9.38387e-05 0.254996
80 9.38387e-05 0.254996
80 9.38387e-05 0.254996
80 9.38387e-05 0.254996
80 9.38387e-05 0.254996
80 9.38387e-05 0.254996
80 9.38387e-05 0.254996
80 9.38387e-05 0.254996
80 9.38387e-05 0.254996
80 9.38387e-05 0.254996
81 9.50639e-05 0.258326
81 9.50639e-05 0.258326
81 9.50639e-05 0.258326
81 9.50639e-05 0.258326
81 9.50639e-05 0.258326
81 9.50639e-05 0.258326
81 9.50639e-05 0.258326
81 9.50639e-05 0.258326
81 9.50639e-05 0.258326
81 9.50639e-05 0.258326
82 9.62885e-05 0.261654
82 9.62885e-05 0.261654
82 9.62885e-05 0.261654
82 9.62885e-05 0.261654
82 9.62885e-05 0.261654
82 9.62885e-05 0.261654
82 9.62885e-05 0.261654
82 9.62885e-05 0.261654
82 9.62885e-05 0.261654
82 9.62885e-05 0.261654
83 9.7515e-05 0.264987
83 9.7515e-05 0.264987
83 9.7515e-05 0.264987
83 9.7515e-05 0.264987
83 9.7515e-05 0.264987
83 9.7515e-05 0.264987
83 9.7515e-05 0.264987
83 9.7515e-05 0.264987
83 9.7515e-05 0.264987
83 9.7515e-05 0.264987
84 9.87429e-05 0.268323
84 9.87429e-05 0.268323
84 9.87429e-05 0.268323
84 9.87429e-05 0.268323
84 9.87429e-05 0.268323
84 9.87429e-05 0.268323
84 9.87429e-05 0.268323
84 9.87429e-05 0.268323
84 9.87429e-05 0.268323
84 9.87429e-05 0.268323
85 9.99717e-05 0.271662
85 9.99717e-05 0.271662
85 9.99717e-05 0.271662
85 9.99717e-05 0.271662
85 9.99717e-05 0.271662
85 9.99717e-05 0.271662
85 9.99717e-05 0.271662
85 9.99717e-05 0.271662
85 9.99717e-05 0.271662
85 9.99717e-05 0.271662
86 0.000101202 0.275005
86 0.000101202 0.275005
86 0.000101202 0.275005
86 0.000101202 0.275005
86 0.000101202 0.275005
86 0.000101202 0.275005
86 0.000101202 0.275005
86 0.000101202 0.275005
86 0.000101202 0.275005
86 0.000101202 0.275005
87 0.000102433 0.278349
87 0.000102433 0.278349
87 0.000102433 0.278349
87 0.000102433 0.278349
87 0.000102433 0.278349
87 0.000102433 0.278349
87 0.000102433 0.278349
87 0.000102433 0.278349
87 0.000102433 0.278349
87 0.000102433 0.278349
88 0.000103664 0.281695
88 0.000103664 0.281695
88 0.000103664 0.281695
88 0.000103664 0.281695
88 0.000103664 0.281695
88 0.000103664 0.281695
88 0.000103664 0.281695
88 0.000103664 0.281695
88 0.000103664 0.281695
88 0.000103664 0.281695
89 0.000104895 0.285041
89 0.000104895 0.285041
89 0.000104895 0.285041
89 0.000104895 0.285041
89 0.000104895 0.285041
89 0.000104895 0.285041
89 0.000104895 0.285041
89 0.000104895 0.285041
89 0.000104895 0.285041
89 0.000104895 0.285041
90 0.000106127 0.288389
90 0.000106127 0.288389
90 0.000106127 0.288389
90 0.000106127 0.288389
90 0.000106127 0.288389
90 0.000106127 0.288389
90 0.000106127 0.288389
90 0.000106127 0.288389
90 0.000106127 0.288389
90 0.000106127 0.288389
91 0.00010736 0.29174
91 0.00010736 0.29174
91 0.00010736 0.29174
91 0.00010736 0.29174
91 0.00010736 0.29174
91 0.00010736 0.29174
91 0.00010736 0.29174
91 0.00010736 0.29174
91 0.00010736 0.29174
91 0.00010736 0.29174
92 0.000108594 0.295092
92 0.000108594 0.295092
92 0.000108594 0.295092
92 0.000108594 0.295092
92 0.000108594 0.295092
92 0.000108594 0.295092
92 0.000108594 0.295092
92 0.000108594 0.295092
92 0.000108594 0.295092
92 0.000108594 0.295092
93 0.000109827 0.298444
93 0.000109827 0.298444
93 0.000109827 0.298444
93 0.000109827 0.298444
93 0.000109827 0.298444
93 0.000109827 0.298444
93 0.000109827 0.298444
93 0.000109827 0.298444
93 0.000109827 0.298444
93 0.000109827 0.298444
94 0.000111062 0.301799
94 0.000111062 0.301799
94 0.000111062 0.301799
94 0.000111062 0.301799
94 0.000111062 0.301799
94 0.000111062 0.301799
94 0.000111062 0.301799
94 0.000111062 0.301799
94 0.000111062 0.301799
94 0.000111062 0.301799
95 0.000112297 0.305155
95 0.000112297 0.305155
95 0.000112297 0.305155
95 0.000112297 0.305155
95 0.000112297 0.305155
95 0.000112297 0.305155
95 0.000112297 0.305155
95 0.000112297 0.305155
95 0.000112297 0.305155
95 0.000112297 0.305155
96 0.000113533 0.308513
96 0.000113533 0.308513
96 0.000113533 0.308513
96 0.000113533 0.308513
96 0.000113533 0.308513
96 0.000113533 0.308513
96 0.000113533 0.308513
96 0.000113533 0.308513
96 0.000113533 0.308513
96 0.000113533 0.308513
97 0.00011477 0.311874
97 0.00011477 0.311874
97 0.00011477 0.311874
97 0.00011477 0.311874
97 0.00011477 0.311874
97 0.00011477 0.311874
97 0.00011477 0.311874
97 0.00011477 0.311874
97 0.00011477 0.311874
97 0.00011477 0.311874
98 0.000116007 0.315237
98 0.000116007 0.315237
98 0.000116007 0.315237
98 0.000116007 0.315237
98 0.000116007 0.315237
98 0.000116007 0.315237
98 0.000116007 0.315237
98 0.000116007 0.315237
98 0.000116007 0.315237
98 0.000116007 0.315237
99 0.000117245 0.318601
99 0.000117245 0.318601
99 0.000117245 0.318601
99 0.000117245 0.318601
99 0.000117245 0.318601
99 0.000117245 0.318601
99 0.000117245 0.318601
99 0.000117245 0.318601
99 0.000117245 0.318601
99 0.000117245 0.318601
100 0.000118485 0.321969
100 0.000118485 0.321969
100 0.000118485 0.321969
100 0.000118485 0.321969
Re:36653, We:5045
Re:36653, We:5045
100 0.000118485 0.321969
100 0.000118485 0.321969
Re:36653, We:5045
Re:36653, We:5045
Re:36653, We:5045
Re:36653, We:5045
100 0.000118485 0.321969
Re:36653, We:5045
100 0.000118485 0.321969
100 0.000118485 0.321969
Re:36653, We:5045
100 0.000118485 0.321969
Re:36653, We:5045
Re:36653, We:5045
