0 0 0
0 0 0
0 0 0
0 0 0
0 0 0
0 0 0
0 0 0
0 0 0
0 0 0
0 0 0
1 8.09659e-06 0.00355114
1 8.09659e-06 0.00355114
1 8.09659e-06 0.00355114
1 8.09659e-06 0.00355114
1 8.09659e-06 0.00355114
1 8.09659e-06 0.00355114
1 8.09659e-06 0.00355114
1 8.09659e-06 0.00355114
1 8.09659e-06 0.00355114
1 8.09659e-06 0.00355114
2 2.70385e-05 0.011859
2 2.70385e-05 0.011859
2 2.70385e-05 0.011859
2 2.70385e-05 0.011859
2 2.70385e-05 0.011859
2 2.70385e-05 0.011859
2 2.70385e-05 0.011859
2 2.70385e-05 0.011859
2 2.70385e-05 0.011859
2 2.70385e-05 0.011859
3 4.96995e-05 0.021798
3 4.96995e-05 0.021798
3 4.96995e-05 0.021798
3 4.96995e-05 0.021798
3 4.96995e-05 0.021798
3 4.96995e-05 0.021798
3 4.96995e-05 0.021798
3 4.96995e-05 0.021798
3 4.96995e-05 0.021798
3 4.96995e-05 0.021798
4 7.57112e-05 0.0332066
4 7.57112e-05 0.0332066
4 7.57112e-05 0.0332066
4 7.57112e-05 0.0332066
4 7.57112e-05 0.0332066
4 7.57112e-05 0.0332066
4 7.57112e-05 0.0332066
4 7.57112e-05 0.0332066
4 7.57112e-05 0.0332066
4 7.57112e-05 0.0332066
5 0.000104603 0.0458786
5 0.000104603 0.0458786
5 0.000104603 0.0458786
5 0.000104603 0.0458786
5 0.000104603 0.0458786
5 0.000104603 0.0458786
5 0.000104603 0.0458786
5 0.000104603 0.0458786
5 0.000104603 0.0458786
5 0.000104603 0.0458786
6 0.000136033 0.0596637
6 0.000136033 0.0596637
6 0.000136033 0.0596637
6 0.000136033 0.0596637
6 0.000136033 0.0596637
6 0.000136033 0.0596637
6 0.000136033 0.0596637
6 0.000136033 0.0596637
6 0.000136033 0.0596637
6 0.000136033 0.0596637
7 0.000169697 0.0744284
7 0.000169697 0.0744284
7 0.000169697 0.0744284
7 0.000169697 0.0744284
7 0.000169697 0.0744284
7 0.000169697 0.0744284
7 0.000169697 0.0744284
7 0.000169697 0.0744284
7 0.000169697 0.0744284
7 0.000169697 0.0744284
8 0.000205348 0.0900651
8 0.000205348 0.0900651
8 0.000205348 0.0900651
8 0.000205348 0.0900651
8 0.000205348 0.0900651
8 0.000205348 0.0900651
8 0.000205348 0.0900651
8 0.000205348 0.0900651
8 0.000205348 0.0900651
8 0.000205348 0.0900651
9 0.000242757 0.106473
9 0.000242757 0.106473
9 0.000242757 0.106473
9 0.000242757 0.106473
9 0.000242757 0.106473
9 0.000242757 0.106473
9 0.000242757 0.106473
9 0.000242757 0.106473
9 0.000242757 0.106473
9 0.000242757 0.106473
10 0.000281754 0.123576
10 0.000281754 0.123576
10 0.000281754 0.123576
10 0.000281754 0.123576
10 0.000281754 0.123576
10 0.000281754 0.123576
10 0.000281754 0.123576
10 0.000281754 0.123576
10 0.000281754 0.123576
10 0.000281754 0.123576
11 0.000322073 0.14126
11 0.000322073 0.14126
11 0.000322073 0.14126
11 0.000322073 0.14126
11 0.000322073 0.14126
11 0.000322073 0.14126
11 0.000322073 0.14126
11 0.000322073 0.14126
11 0.000322073 0.14126
11 0.000322073 0.14126
12 0.000363651 0.159496
12 0.000363651 0.159496
12 0.000363651 0.159496
12 0.000363651 0.159496
12 0.000363651 0.159496
12 0.000363651 0.159496
12 0.000363651 0.159496
12 0.000363651 0.159496
12 0.000363651 0.159496
12 0.000363651 0.159496
13 0.000406447 0.178266
13 0.000406447 0.178266
13 0.000406447 0.178266
13 0.000406447 0.178266
13 0.000406447 0.178266
13 0.000406447 0.178266
13 0.000406447 0.178266
13 0.000406447 0.178266
13 0.000406447 0.178266
13 0.000406447 0.178266
14 0.000450545 0.197607
14 0.000450545 0.197607
14 0.000450545 0.197607
14 0.000450545 0.197607
14 0.000450545 0.197607
14 0.000450545 0.197607
14 0.000450545 0.197607
14 0.000450545 0.197607
14 0.000450545 0.197607
14 0.000450545 0.197607
15 0.000496074 0.217577
15 0.000496074 0.217577
15 0.000496074 0.217577
15 0.000496074 0.217577
15 0.000496074 0.217577
15 0.000496074 0.217577
15 0.000496074 0.217577
15 0.000496074 0.217577
15 0.000496074 0.217577
15 0.000496074 0.217577
16 0.000542847 0.238091
16 0.000542847 0.238091
16 0.000542847 0.238091
16 0.000542847 0.238091
16 0.000542847 0.238091
16 0.000542847 0.238091
16 0.000542847 0.238091
16 0.000542847 0.238091
16 0.000542847 0.238091
16 0.000542847 0.238091
17 0.000590743 0.259098
17 0.000590743 0.259098
17 0.000590743 0.259098
17 0.000590743 0.259098
17 0.000590743 0.259098
17 0.000590743 0.259098
17 0.000590743 0.259098
17 0.000590743 0.259098
17 0.000590743 0.259098
17 0.000590743 0.259098
18 0.000639701 0.280571
18 0.000639701 0.280571
18 0.000639701 0.280571
18 0.000639701 0.280571
18 0.000639701 0.280571
18 0.000639701 0.280571
18 0.000639701 0.280571
18 0.000639701 0.280571
18 0.000639701 0.280571
18 0.000639701 0.280571
19 0.000689668 0.302486
19 0.000689668 0.302486
19 0.000689668 0.302486
19 0.000689668 0.302486
19 0.000689668 0.302486
19 0.000689668 0.302486
19 0.000689668 0.302486
19 0.000689668 0.302486
19 0.000689668 0.302486
19 0.000689668 0.302486
20 0.000740881 0.324948
20 0.000740881 0.324948
20 0.000740881 0.324948
20 0.000740881 0.324948
20 0.000740881 0.324948
20 0.000740881 0.324948
20 0.000740881 0.324948
20 0.000740881 0.324948
20 0.000740881 0.324948
20 0.000740881 0.324948
21 0.000793468 0.348012
21 0.000793468 0.348012
21 0.000793468 0.348012
21 0.000793468 0.348012
21 0.000793468 0.348012
21 0.000793468 0.348012
21 0.000793468 0.348012
21 0.000793468 0.348012
21 0.000793468 0.348012
21 0.000793468 0.348012
22 0.000847562 0.371738
22 0.000847562 0.371738
22 0.000847562 0.371738
22 0.000847562 0.371738
22 0.000847562 0.371738
22 0.000847562 0.371738
22 0.000847562 0.371738
22 0.000847562 0.371738
22 0.000847562 0.371738
22 0.000847562 0.371738
23 0.000903079 0.396087
23 0.000903079 0.396087
23 0.000903079 0.396087
23 0.000903079 0.396087
23 0.000903079 0.396087
23 0.000903079 0.396087
23 0.000903079 0.396087
23 0.000903079 0.396087
23 0.000903079 0.396087
23 0.000903079 0.396087
24 0.000960088 0.421091
24 0.000960088 0.421091
24 0.000960088 0.421091
24 0.000960088 0.421091
24 0.000960088 0.421091
24 0.000960088 0.421091
24 0.000960088 0.421091
24 0.000960088 0.421091
24 0.000960088 0.421091
24 0.000960088 0.421091
25 0.00101867 0.446787
25 0.00101867 0.446787
25 0.00101867 0.446787
25 0.00101867 0.446787
25 0.00101867 0.446787
25 0.00101867 0.446787
25 0.00101867 0.446787
25 0.00101867 0.446787
25 0.00101867 0.446787
25 0.00101867 0.446787
26 0.00107882 0.473165
26 0.00107882 0.473165
26 0.00107882 0.473165
26 0.00107882 0.473165
26 0.00107882 0.473165
26 0.00107882 0.473165
26 0.00107882 0.473165
26 0.00107882 0.473165
26 0.00107882 0.473165
26 0.00107882 0.473165
27 0.00114057 0.500252
27 0.00114057 0.500252
27 0.00114057 0.500252
27 0.00114057 0.500252
27 0.00114057 0.500252
27 0.00114057 0.500252
27 0.00114057 0.500252
27 0.00114057 0.500252
27 0.00114057 0.500252
27 0.00114057 0.500252
28 0.00120398 0.528062
28 0.00120398 0.528062
28 0.00120398 0.528062
28 0.00120398 0.528062
28 0.00120398 0.528062
28 0.00120398 0.528062
28 0.00120398 0.528062
28 0.00120398 0.528062
28 0.00120398 0.528062
28 0.00120398 0.528062
29 0.00126895 0.556556
29 0.00126895 0.556556
29 0.00126895 0.556556
29 0.00126895 0.556556
29 0.00126895 0.556556
29 0.00126895 0.556556
29 0.00126895 0.556556
29 0.00126895 0.556556
29 0.00126895 0.556556
29 0.00126895 0.556556
30 0.00133544 0.58572
30 0.00133544 0.58572
30 0.00133544 0.58572
30 0.00133544 0.58572
30 0.00133544 0.58572
30 0.00133544 0.58572
30 0.00133544 0.58572
30 0.00133544 0.58572
30 0.00133544 0.58572
30 0.00133544 0.58572
31 0.00140359 0.61561
31 0.00140359 0.61561
31 0.00140359 0.61561
31 0.00140359 0.61561
31 0.00140359 0.61561
31 0.00140359 0.61561
31 0.00140359 0.61561
31 0.00140359 0.61561
31 0.00140359 0.61561
31 0.00140359 0.61561
32 0.00147349 0.646267
32 0.00147349 0.646267
32 0.00147349 0.646267
32 0.00147349 0.646267
32 0.00147349 0.646267
32 0.00147349 0.646267
32 0.00147349 0.646267
32 0.00147349 0.646267
32 0.00147349 0.646267
32 0.00147349 0.646267
33 0.00154534 0.677779
33 0.00154534 0.677779
33 0.00154534 0.677779
33 0.00154534 0.677779
33 0.00154534 0.677779
33 0.00154534 0.677779
33 0.00154534 0.677779
33 0.00154534 0.677779
33 0.00154534 0.677779
33 0.00154534 0.677779
34 0.0016193 0.710218
34 0.0016193 0.710218
34 0.0016193 0.710218
34 0.0016193 0.710218
34 0.0016193 0.710218
34 0.0016193 0.710218
34 0.0016193 0.710218
34 0.0016193 0.710218
34 0.0016193 0.710218
34 0.0016193 0.710218
35 0.00169534 0.74357
35 0.00169534 0.74357
35 0.00169534 0.74357
35 0.00169534 0.74357
35 0.00169534 0.74357
35 0.00169534 0.74357
35 0.00169534 0.74357
35 0.00169534 0.74357
35 0.00169534 0.74357
35 0.00169534 0.74357
36 0.00177337 0.777795
36 0.00177337 0.777795
36 0.00177337 0.777795
36 0.00177337 0.777795
36 0.00177337 0.777795
36 0.00177337 0.777795
36 0.00177337 0.777795
36 0.00177337 0.777795
36 0.00177337 0.777795
36 0.00177337 0.777795
37 0.00185355 0.812962
37 0.00185355 0.812962
37 0.00185355 0.812962
37 0.00185355 0.812962
37 0.00185355 0.812962
37 0.00185355 0.812962
37 0.00185355 0.812962
37 0.00185355 0.812962
37 0.00185355 0.812962
37 0.00185355 0.812962
38 0.00193597 0.849108
38 0.00193597 0.849108
38 0.00193597 0.849108
38 0.00193597 0.849108
38 0.00193597 0.849108
38 0.00193597 0.849108
38 0.00193597 0.849108
38 0.00193597 0.849108
38 0.00193597 0.849108
38 0.00193597 0.849108
39 0.00202073 0.886283
39 0.00202073 0.886283
39 0.00202073 0.886283
39 0.00202073 0.886283
39 0.00202073 0.886283
39 0.00202073 0.886283
39 0.00202073 0.886283
39 0.00202073 0.886283
39 0.00202073 0.886283
39 0.00202073 0.886283
40 0.00210788 0.924509
40 0.00210788 0.924509
40 0.00210788 0.924509
40 0.00210788 0.924509
40 0.00210788 0.924509
40 0.00210788 0.924509
40 0.00210788 0.924509
40 0.00210788 0.924509
40 0.00210788 0.924509
40 0.00210788 0.924509
41 0.00219629 0.963285
41 0.00219629 0.963285
41 0.00219629 0.963285
41 0.00219629 0.963285
41 0.00219629 0.963285
41 0.00219629 0.963285
41 0.00219629 0.963285
41 0.00219629 0.963285
41 0.00219629 0.963285
41 0.00219629 0.963285
