0 0
1 5.3267e-09
2 1.74319e-08
3 3.25211e-08
4 5.04832e-08
5 7.11645e-08
6 9.44309e-08
7 1.20248e-07
8 1.48654e-07
9 1.79727e-07
10 2.13307e-07
11 2.49159e-07
12 2.87011e-07
13 3.26771e-07
14 3.68101e-07
15 4.11137e-07
16 4.55397e-07
17 5.00959e-07
18 5.47671e-07
19 5.95352e-07
20 6.44047e-07
21 6.93536e-07
22 7.43849e-07
23 7.94732e-07
24 8.46199e-07
25 8.98268e-07
26 9.50957e-07
27 1.00396e-06
28 1.05729e-06
29 1.11095e-06
30 1.16495e-06
31 1.21928e-06
32 1.27397e-06
33 1.329e-06
34 1.38404e-06
35 1.43945e-06
36 1.49485e-06
37 1.55063e-06
38 1.60641e-06
39 1.66257e-06
40 1.71873e-06
41 1.77489e-06
42 1.83106e-06
43 1.88762e-06
44 1.94419e-06
45 2.00075e-06
46 2.05731e-06
47 2.11388e-06
48 2.17044e-06
49 2.227e-06
50 2.28357e-06
51 2.34013e-06
52 2.3967e-06
53 2.45283e-06
54 2.50896e-06
55 2.56466e-06
56 2.62036e-06
57 2.67563e-06
58 2.7309e-06
59 2.78573e-06
60 2.84057e-06
61 2.89498e-06
62 2.94938e-06
63 3.00379e-06
64 3.05819e-06
65 3.11216e-06
66 3.16612e-06
67 3.22009e-06
68 3.27406e-06
69 3.32802e-06
70 3.38199e-06
71 3.43595e-06
72 3.48946e-06
73 3.54297e-06
74 3.59648e-06
75 3.64999e-06
76 3.7035e-06
77 3.75654e-06
78 3.80911e-06
79 3.86169e-06
80 3.9138e-06
81 3.96544e-06
82 4.01709e-06
83 4.06828e-06
84 4.11947e-06
85 4.16974e-06
86 4.22001e-06
87 4.26983e-06
88 4.31965e-06
89 4.36902e-06
90 4.41838e-06
91 4.4673e-06
92 4.51576e-06
93 4.56423e-06
94 4.61224e-06
95 4.66026e-06
96 4.70783e-06
97 4.7554e-06
98 4.80251e-06
99 4.84963e-06
100 4.8963e-06
101 4.94297e-06
102 4.9892e-06
103 5.03542e-06
104 5.08164e-06
105 5.12741e-06
106 5.17317e-06
107 5.21849e-06
108 5.2638e-06
109 5.30867e-06
110 5.35353e-06
111 5.39839e-06
112 5.44325e-06
113 5.48765e-06
114 5.53205e-06
115 5.57645e-06
116 5.62038e-06
117 5.66432e-06
118 5.70778e-06
119 5.75124e-06
120 5.79424e-06
121 5.83724e-06
122 5.87977e-06
123 5.9223e-06
124 5.96483e-06
125 6.00736e-06
126 6.04941e-06
127 6.09146e-06
128 6.13257e-06
129 6.17368e-06
130 6.21432e-06
131 6.24736e-06
132 6.27631e-06
133 6.30526e-06
134 6.33445e-06
135 6.36415e-06
136 6.39411e-06
137 6.42435e-06
138 6.45486e-06
139 6.48537e-06
140 6.51617e-06
141 6.54726e-06
142 6.57806e-06
143 6.60827e-06
144 6.63847e-06
145 6.66868e-06
146 6.69721e-06
147 6.72522e-06
148 6.75297e-06
149 6.78072e-06
150 6.80771e-06
151 6.83422e-06
152 6.86073e-06
153 6.887e-06
154 6.91279e-06
155 6.93882e-06
156 6.96437e-06
157 6.9897e-06
158 7.01502e-06
159 7.04011e-06
160 7.06475e-06
161 7.08938e-06
162 7.11379e-06
163 7.13798e-06
164 7.16216e-06
165 7.18569e-06
166 7.20922e-06
167 7.23274e-06
168 7.25563e-06
169 7.27851e-06
170 7.30139e-06
171 7.32365e-06
172 7.34591e-06
173 7.36797e-06
174 7.38962e-06
175 7.41128e-06
176 7.43254e-06
177 7.45361e-06
178 7.47468e-06
179 7.49536e-06
180 7.51586e-06
181 7.53635e-06
182 7.5563e-06
183 7.57606e-06
184 7.596e-06
185 7.61541e-06
186 7.63482e-06
187 7.65404e-06
188 7.67293e-06
189 7.69181e-06
190 7.71069e-06
191 7.72906e-06
192 7.74744e-06
193 7.76581e-06
194 7.78385e-06
195 7.80188e-06
196 7.81976e-06
197 7.83747e-06
198 7.85517e-06
199 7.8724e-06
200 7.88963e-06
201 7.90685e-06
202 7.92376e-06
203 7.94067e-06
204 7.95742e-06
205 7.97387e-06
206 7.99002e-06
207 8.00587e-06
208 8.02131e-06
209 8.03621e-06
210 8.05061e-06
211 8.06465e-06
212 8.07847e-06
213 8.09184e-06
214 8.10511e-06
215 8.11816e-06
216 8.13122e-06
217 8.14406e-06
218 8.15691e-06
219 8.16955e-06
220 8.1822e-06
221 8.19494e-06
222 8.20769e-06
223 8.22044e-06
224 8.23329e-06
225 8.24614e-06
226 8.25911e-06
227 8.27207e-06
228 8.28515e-06
229 8.29823e-06
230 8.31131e-06
231 8.32451e-06
232 8.33771e-06
233 8.35078e-06
234 8.36374e-06
235 8.37682e-06
236 8.38942e-06
237 8.4019e-06
238 8.41438e-06
239 8.42663e-06
240 8.43867e-06
241 8.4507e-06
242 8.46251e-06
243 8.474e-06
244 8.4855e-06
245 8.49679e-06
246 8.50769e-06
247 8.51858e-06
248 8.52911e-06
249 8.53946e-06
250 8.5498e-06
251 8.5598e-06
252 8.56972e-06
253 8.57956e-06
254 8.58907e-06
255 8.59859e-06
256 8.60787e-06
257 8.61701e-06
258 8.62615e-06
259 8.63507e-06
260 8.64392e-06
261 8.65269e-06
262 8.66127e-06
263 8.66984e-06
264 8.67835e-06
265 8.68678e-06
266 8.69522e-06
267 8.70359e-06
268 8.71196e-06
269 8.72034e-06
270 8.72864e-06
271 8.73701e-06
272 8.74538e-06
273 8.75375e-06
274 8.76213e-06
275 8.77036e-06
276 8.77839e-06
277 8.78622e-06
278 8.79387e-06
279 8.8014e-06
280 8.80876e-06
281 8.81605e-06
282 8.82318e-06
283 8.8302e-06
284 8.83717e-06
285 8.84403e-06
286 8.85085e-06
287 8.85761e-06
288 8.86432e-06
289 8.87098e-06
290 8.87758e-06
291 8.88419e-06
292 8.89075e-06
293 8.89731e-06
294 8.90387e-06
295 8.91038e-06
296 8.91689e-06
297 8.9234e-06
298 8.92986e-06
299 8.93631e-06
300 8.94267e-06
301 8.94898e-06
302 8.95524e-06
303 8.9614e-06
304 8.96751e-06
305 8.97353e-06
306 8.97955e-06
307 8.98557e-06
308 8.99159e-06
309 8.99761e-06
310 9.00362e-06
311 9.00969e-06
312 9.01576e-06
313 9.02183e-06
314 9.0279e-06
315 9.03396e-06
316 9.04008e-06
317 9.0462e-06
318 9.05232e-06
319 9.05844e-06
320 9.06462e-06
321 9.07079e-06
322 9.07703e-06
323 9.08326e-06
324 9.08949e-06
325 9.09566e-06
326 9.10172e-06
327 9.10767e-06
328 9.11356e-06
329 9.1194e-06
330 9.12503e-06
331 9.13056e-06
332 9.13599e-06
333 9.14133e-06
334 9.14653e-06
335 9.15165e-06
336 9.15672e-06
337 9.16175e-06
338 9.16673e-06
339 9.17168e-06
340 9.17658e-06
341 9.18148e-06
342 9.18638e-06
343 9.19132e-06
344 9.19627e-06
345 9.20121e-06
346 9.20616e-06
347 9.2111e-06
348 9.21609e-06
349 9.22108e-06
350 9.22612e-06
351 9.23115e-06
352 9.23624e-06
353 9.24133e-06
354 9.24647e-06
355 9.25166e-06
356 9.25685e-06
357 9.26209e-06
358 9.26734e-06
359 9.27259e-06
360 9.27789e-06
361 9.2832e-06
362 9.28844e-06
363 9.29363e-06
364 9.29881e-06
365 9.304e-06
366 9.30918e-06
367 9.31437e-06
368 9.31956e-06
369 9.32481e-06
370 9.33006e-06
371 9.3353e-06
372 9.34062e-06
373 9.34594e-06
374 9.35133e-06
375 9.35679e-06
376 9.36232e-06
377 9.36786e-06
378 9.37348e-06
379 9.37919e-06
380 9.38498e-06
381 9.39087e-06
382 9.39685e-06
383 9.40294e-06
384 9.40914e-06
385 9.41545e-06
386 9.42176e-06
387 9.42808e-06
388 9.43452e-06
389 9.44095e-06
390 9.44739e-06
391 9.4537e-06
392 9.46e-06
393 9.46617e-06
394 9.47234e-06
395 9.47838e-06
396 9.48441e-06
397 9.49045e-06
398 9.49649e-06
399 9.50252e-06
400 9.50856e-06
401 9.51459e-06
402 9.52048e-06
403 9.52622e-06
404 9.53196e-06
405 9.53755e-06
406 9.54314e-06
407 9.54858e-06
408 9.55388e-06
409 9.55918e-06
410 9.56434e-06
411 9.5695e-06
412 9.57465e-06
413 9.57966e-06
414 9.58453e-06
415 9.58926e-06
416 9.59399e-06
417 9.59871e-06
418 9.60344e-06
419 9.60817e-06
420 9.61274e-06
421 9.61732e-06
422 9.62174e-06
423 9.62616e-06
424 9.63059e-06
425 9.63501e-06
426 9.63943e-06
427 9.64386e-06
428 9.64828e-06
429 9.6527e-06
430 9.65712e-06
431 9.66155e-06
432 9.66597e-06
433 9.67039e-06
434 9.67481e-06
435 9.67924e-06
436 9.68366e-06
437 9.68808e-06
438 9.6925e-06
439 9.69693e-06
440 9.70135e-06
441 9.70577e-06
442 9.7102e-06
443 9.71462e-06
444 9.71904e-06
445 9.72346e-06
446 9.72789e-06
447 9.73231e-06
448 9.73673e-06
449 9.74115e-06
450 9.74558e-06
451 9.75e-06
Re:2689, We:1315
