0 0
1 1.77557e-09
2 5.87169e-09
3 1.14172e-08
4 1.82641e-08
5 2.62833e-08
6 3.53642e-08
7 4.54099e-08
8 5.63471e-08
9 6.80885e-08
10 8.05666e-08
11 9.37177e-08
12 1.07441e-07
13 1.21725e-07
14 1.36481e-07
15 1.51669e-07
16 1.67317e-07
17 1.8329e-07
18 1.99602e-07
19 2.16271e-07
20 2.33125e-07
21 2.50266e-07
22 2.67606e-07
23 2.85149e-07
24 3.02903e-07
25 3.20873e-07
26 3.38954e-07
27 3.57148e-07
28 3.75574e-07
29 3.94118e-07
30 4.12663e-07
31 4.3133e-07
32 4.50121e-07
33 4.69039e-07
34 4.87957e-07
35 5.07006e-07
36 5.26054e-07
37 5.45237e-07
38 5.6442e-07
39 5.8374e-07
40 6.03061e-07
41 6.22382e-07
42 6.41703e-07
43 6.61167e-07
44 6.80632e-07
45 7.00097e-07
46 7.19562e-07
47 7.39027e-07
48 7.58644e-07
49 7.78261e-07
50 7.97878e-07
51 8.17495e-07
52 8.36955e-07
53 8.56415e-07
54 8.75875e-07
55 8.95335e-07
56 9.14636e-07
57 9.33936e-07
58 9.53237e-07
59 9.72537e-07
60 9.91838e-07
61 1.01114e-06
62 1.03044e-06
63 1.04974e-06
64 1.06904e-06
65 1.08834e-06
66 1.10764e-06
67 1.12694e-06
68 1.14624e-06
69 1.16554e-06
70 1.18484e-06
71 1.20414e-06
72 1.22344e-06
73 1.24274e-06
74 1.26205e-06
75 1.28135e-06
76 1.30065e-06
77 1.31976e-06
78 1.33887e-06
79 1.35798e-06
80 1.37709e-06
81 1.3962e-06
82 1.41531e-06
83 1.43443e-06
84 1.45354e-06
85 1.47265e-06
86 1.49176e-06
87 1.51067e-06
88 1.52957e-06
89 1.54848e-06
90 1.56738e-06
91 1.58629e-06
92 1.60519e-06
93 1.6241e-06
94 1.64301e-06
95 1.66191e-06
96 1.68082e-06
97 1.69972e-06
98 1.71863e-06
99 1.73753e-06
100 1.75621e-06
101 1.77488e-06
102 1.79355e-06
103 1.81222e-06
104 1.8309e-06
105 1.84957e-06
106 1.86824e-06
107 1.88691e-06
108 1.90559e-06
109 1.92426e-06
110 1.94293e-06
111 1.96134e-06
112 1.97975e-06
113 1.99816e-06
114 2.01657e-06
115 2.03498e-06
116 2.05311e-06
117 2.07125e-06
118 2.08938e-06
119 2.10752e-06
120 2.12565e-06
121 2.14379e-06
122 2.16163e-06
123 2.17837e-06
124 2.19437e-06
125 2.20924e-06
126 2.22311e-06
127 2.23628e-06
128 2.24879e-06
129 2.2603e-06
130 2.27083e-06
131 2.28072e-06
132 2.28978e-06
133 2.29828e-06
134 2.30517e-06
135 2.31156e-06
136 2.31777e-06
137 2.32399e-06
138 2.3302e-06
139 2.3361e-06
140 2.34177e-06
141 2.34745e-06
142 2.35316e-06
143 2.35891e-06
144 2.3647e-06
145 2.37027e-06
146 2.37587e-06
147 2.38151e-06
148 2.38722e-06
149 2.39305e-06
150 2.39896e-06
151 2.40496e-06
152 2.41103e-06
153 2.41725e-06
154 2.42356e-06
155 2.42992e-06
156 2.43642e-06
157 2.44298e-06
158 2.4496e-06
159 2.45633e-06
160 2.46311e-06
161 2.46995e-06
162 2.47692e-06
163 2.48388e-06
164 2.49091e-06
165 2.498e-06
166 2.50517e-06
167 2.51233e-06
168 2.51956e-06
169 2.52679e-06
170 2.5341e-06
171 2.54148e-06
172 2.54894e-06
173 2.55639e-06
174 2.56393e-06
175 2.57156e-06
176 2.57918e-06
177 2.58689e-06
178 2.59469e-06
179 2.60249e-06
180 2.61039e-06
181 2.61838e-06
182 2.62648e-06
183 2.63458e-06
184 2.64278e-06
185 2.6511e-06
186 2.65942e-06
187 2.66786e-06
188 2.67642e-06
189 2.68511e-06
190 2.6938e-06
191 2.70263e-06
192 2.7116e-06
193 2.72057e-06
194 2.7297e-06
195 2.73899e-06
196 2.74829e-06
197 2.75758e-06
198 2.76705e-06
199 2.7767e-06
200 2.78636e-06
201 2.79623e-06
202 2.80609e-06
203 2.81618e-06
204 2.82627e-06
205 2.83661e-06
206 2.84694e-06
207 2.85755e-06
208 2.86815e-06
209 2.87906e-06
210 2.88997e-06
211 2.90122e-06
212 2.91248e-06
213 2.92411e-06
214 2.93618e-06
215 2.94825e-06
216 2.96032e-06
217 2.97292e-06
218 2.98611e-06
219 2.99931e-06
220 3.01323e-06
221 3.02716e-06
222 3.04202e-06
223 3.05687e-06
224 3.07297e-06
225 3.08906e-06
226 3.10516e-06
227 3.12125e-06
228 3.13734e-06
229 3.15612e-06
230 3.1749e-06
231 3.19367e-06
232 3.21245e-06
233 3.23122e-06
234 3.25e-06
Re:224, We:55
