0 0
1 1.77557e-09
2 5.81565e-09
3 1.08689e-08
4 1.69121e-08
5 2.3895e-08
6 3.17827e-08
7 4.05517e-08
8 5.02773e-08
9 6.09076e-08
10 7.23381e-08
11 8.4513e-08
12 9.73288e-08
13 1.10744e-07
14 1.24697e-07
15 1.39166e-07
16 1.54122e-07
17 1.69448e-07
18 1.85165e-07
19 2.01211e-07
20 2.17515e-07
21 2.34086e-07
22 2.50934e-07
23 2.67975e-07
24 2.85312e-07
25 3.02751e-07
26 3.20399e-07
27 3.38155e-07
28 3.56129e-07
29 3.74216e-07
30 3.92417e-07
31 4.10618e-07
32 4.28937e-07
33 4.47375e-07
34 4.65813e-07
35 4.84374e-07
36 5.02936e-07
37 5.21623e-07
38 5.40311e-07
39 5.59128e-07
40 5.77945e-07
41 5.96763e-07
42 6.1558e-07
43 6.34533e-07
44 6.53485e-07
45 6.72438e-07
46 6.91391e-07
47 7.10343e-07
48 7.29155e-07
49 7.47968e-07
50 7.66501e-07
51 7.85174e-07
52 8.03568e-07
53 8.21963e-07
54 8.40357e-07
55 8.58751e-07
56 8.77005e-07
57 8.95259e-07
58 9.13513e-07
59 9.31766e-07
60 9.49878e-07
61 9.67989e-07
62 9.861e-07
63 1.00421e-06
64 1.02218e-06
65 1.04014e-06
66 1.05797e-06
67 1.07579e-06
68 1.09346e-06
69 1.11114e-06
70 1.12867e-06
71 1.1462e-06
72 1.16359e-06
73 1.18098e-06
74 1.19836e-06
75 1.2156e-06
76 1.23284e-06
77 1.24994e-06
78 1.26689e-06
79 1.28384e-06
80 1.30064e-06
81 1.31745e-06
82 1.33411e-06
83 1.35077e-06
84 1.36728e-06
85 1.3838e-06
86 1.40017e-06
87 1.41654e-06
88 1.43276e-06
89 1.44885e-06
90 1.46493e-06
91 1.48087e-06
92 1.4968e-06
93 1.5126e-06
94 1.52839e-06
95 1.54404e-06
96 1.55984e-06
97 1.57549e-06
98 1.59114e-06
99 1.60664e-06
100 1.62215e-06
101 1.63765e-06
102 1.65315e-06
103 1.66851e-06
104 1.68386e-06
105 1.69907e-06
106 1.71427e-06
107 1.72948e-06
108 1.74453e-06
109 1.75959e-06
110 1.77449e-06
111 1.78939e-06
112 1.80415e-06
113 1.8189e-06
114 1.83365e-06
115 1.84841e-06
116 1.86301e-06
117 1.87761e-06
118 1.89221e-06
119 1.90681e-06
120 1.92125e-06
121 1.93569e-06
122 1.95014e-06
123 1.96442e-06
124 1.97871e-06
125 1.99283e-06
126 2.00696e-06
127 2.02092e-06
128 2.03489e-06
129 2.0487e-06
130 2.06059e-06
131 2.07085e-06
132 2.08028e-06
133 2.08979e-06
134 2.09946e-06
135 2.10921e-06
136 2.11913e-06
137 2.12914e-06
138 2.13923e-06
139 2.14942e-06
140 2.15971e-06
141 2.17e-06
142 2.18028e-06
143 2.19037e-06
144 2.20018e-06
145 2.20982e-06
146 2.21927e-06
147 2.22856e-06
148 2.23752e-06
149 2.24648e-06
150 2.25544e-06
151 2.26424e-06
152 2.27304e-06
153 2.28184e-06
154 2.29041e-06
155 2.29883e-06
156 2.30732e-06
157 2.31581e-06
158 2.32408e-06
159 2.33242e-06
160 2.34069e-06
161 2.34881e-06
162 2.35693e-06
163 2.36504e-06
164 2.37302e-06
165 2.38099e-06
166 2.38896e-06
167 2.39679e-06
168 2.40462e-06
169 2.41244e-06
170 2.42013e-06
171 2.42781e-06
172 2.43543e-06
173 2.4429e-06
174 2.45037e-06
175 2.45784e-06
176 2.46518e-06
177 2.47238e-06
178 2.47958e-06
179 2.48671e-06
180 2.49378e-06
181 2.50072e-06
182 2.50766e-06
183 2.51453e-06
184 2.52134e-06
185 2.52809e-06
186 2.53483e-06
187 2.54152e-06
188 2.54814e-06
189 2.55476e-06
190 2.56126e-06
191 2.56776e-06
192 2.57419e-06
193 2.58057e-06
194 2.58694e-06
195 2.59326e-06
196 2.59951e-06
197 2.60577e-06
198 2.61196e-06
199 2.6181e-06
200 2.62423e-06
201 2.63037e-06
202 2.63638e-06
203 2.6424e-06
204 2.64841e-06
205 2.65431e-06
206 2.66021e-06
207 2.66605e-06
208 2.67183e-06
209 2.67761e-06
210 2.68334e-06
211 2.689e-06
212 2.69461e-06
213 2.70017e-06
214 2.70561e-06
215 2.71095e-06
216 2.71608e-06
217 2.72098e-06
218 2.72575e-06
219 2.7303e-06
220 2.73479e-06
221 2.73919e-06
222 2.74341e-06
223 2.7476e-06
224 2.75178e-06
225 2.7559e-06
226 2.75998e-06
227 2.76407e-06
228 2.76815e-06
229 2.77223e-06
230 2.77632e-06
231 2.78037e-06
232 2.78438e-06
233 2.78839e-06
234 2.79241e-06
235 2.79642e-06
236 2.80047e-06
237 2.80456e-06
238 2.80865e-06
239 2.81273e-06
240 2.81686e-06
241 2.82098e-06
242 2.82511e-06
243 2.82923e-06
244 2.83336e-06
245 2.8374e-06
246 2.84141e-06
247 2.84545e-06
248 2.84946e-06
249 2.85339e-06
250 2.85728e-06
251 2.86116e-06
252 2.86494e-06
253 2.86871e-06
254 2.87249e-06
255 2.87626e-06
256 2.87993e-06
257 2.88356e-06
258 2.88718e-06
259 2.89067e-06
260 2.89416e-06
261 2.89765e-06
262 2.90101e-06
263 2.90433e-06
264 2.90762e-06
265 2.91079e-06
266 2.91396e-06
267 2.9171e-06
268 2.92016e-06
269 2.92321e-06
270 2.92618e-06
271 2.92913e-06
272 2.93207e-06
273 2.93496e-06
274 2.93782e-06
275 2.94069e-06
276 2.94347e-06
277 2.94626e-06
278 2.94902e-06
279 2.95176e-06
280 2.95449e-06
281 2.95721e-06
282 2.95989e-06
283 2.96258e-06
284 2.96524e-06
285 2.9679e-06
286 2.97056e-06
287 2.9732e-06
288 2.97583e-06
289 2.97847e-06
290 2.98111e-06
291 2.98374e-06
292 2.98638e-06
293 2.98902e-06
294 2.99168e-06
295 2.99434e-06
296 2.997e-06
297 2.99967e-06
298 3.0023e-06
299 3.00483e-06
300 3.00731e-06
301 3.00969e-06
302 3.01202e-06
303 3.01426e-06
304 3.01645e-06
305 3.01857e-06
306 3.02066e-06
307 3.02268e-06
308 3.0247e-06
309 3.02671e-06
310 3.02867e-06
311 3.03061e-06
312 3.03252e-06
313 3.03442e-06
314 3.03631e-06
315 3.03817e-06
316 3.04001e-06
317 3.04186e-06
318 3.04367e-06
319 3.04545e-06
320 3.04719e-06
321 3.04893e-06
322 3.05065e-06
323 3.05231e-06
324 3.05394e-06
325 3.05555e-06
326 3.05712e-06
327 3.05865e-06
328 3.06014e-06
329 3.0616e-06
330 3.06303e-06
331 3.06442e-06
332 3.06578e-06
333 3.0671e-06
334 3.06839e-06
335 3.06966e-06
336 3.07092e-06
337 3.07216e-06
338 3.07339e-06
339 3.07459e-06
340 3.07579e-06
341 3.07697e-06
342 3.07814e-06
343 3.0793e-06
344 3.08044e-06
345 3.08156e-06
346 3.08268e-06
347 3.08378e-06
348 3.08487e-06
349 3.08597e-06
350 3.08706e-06
351 3.08815e-06
352 3.08922e-06
353 3.09028e-06
354 3.09135e-06
355 3.09241e-06
356 3.09348e-06
357 3.09454e-06
358 3.09559e-06
359 3.09664e-06
360 3.09769e-06
361 3.09874e-06
362 3.0998e-06
363 3.10085e-06
364 3.10191e-06
365 3.10297e-06
366 3.10403e-06
367 3.10508e-06
368 3.10615e-06
369 3.10722e-06
370 3.10828e-06
371 3.10932e-06
372 3.11035e-06
373 3.11138e-06
374 3.1124e-06
375 3.11342e-06
376 3.11443e-06
377 3.11545e-06
378 3.11648e-06
379 3.11752e-06
380 3.11855e-06
381 3.11959e-06
382 3.12065e-06
383 3.12171e-06
384 3.12278e-06
385 3.12387e-06
386 3.12497e-06
387 3.12608e-06
388 3.12718e-06
389 3.1283e-06
390 3.12942e-06
391 3.13056e-06
392 3.13171e-06
393 3.13287e-06
394 3.13404e-06
395 3.13521e-06
396 3.1364e-06
397 3.13759e-06
398 3.1388e-06
399 3.14002e-06
400 3.14126e-06
401 3.14249e-06
402 3.14374e-06
403 3.14501e-06
404 3.14627e-06
405 3.14755e-06
406 3.14884e-06
407 3.15013e-06
408 3.15143e-06
409 3.15273e-06
410 3.15404e-06
411 3.15536e-06
412 3.15667e-06
413 3.158e-06
414 3.15934e-06
415 3.16067e-06
416 3.16202e-06
417 3.16338e-06
418 3.16473e-06
419 3.16611e-06
420 3.16748e-06
421 3.16886e-06
422 3.17023e-06
423 3.17158e-06
424 3.17294e-06
425 3.17429e-06
426 3.17564e-06
427 3.17697e-06
428 3.1783e-06
429 3.17962e-06
430 3.18095e-06
431 3.18228e-06
432 3.18361e-06
433 3.18493e-06
434 3.18629e-06
435 3.18765e-06
436 3.189e-06
437 3.19036e-06
438 3.19171e-06
439 3.19307e-06
440 3.19442e-06
441 3.19578e-06
442 3.19713e-06
443 3.19849e-06
444 3.19985e-06
445 3.2012e-06
446 3.20256e-06
447 3.20391e-06
448 3.20527e-06
449 3.20662e-06
450 3.20798e-06
451 3.20929e-06
452 3.2106e-06
453 3.21192e-06
454 3.21323e-06
455 3.21454e-06
456 3.21586e-06
457 3.21717e-06
458 3.21848e-06
459 3.2198e-06
460 3.22111e-06
461 3.22242e-06
462 3.22374e-06
463 3.22505e-06
464 3.22636e-06
465 3.22768e-06
466 3.22899e-06
467 3.2303e-06
468 3.23162e-06
469 3.23293e-06
470 3.23424e-06
471 3.23556e-06
472 3.23687e-06
473 3.23818e-06
474 3.23949e-06
475 3.24081e-06
476 3.24212e-06
477 3.24343e-06
478 3.24475e-06
479 3.24606e-06
480 3.24737e-06
481 3.24869e-06
482 3.25e-06
Re:2016, We:1479
