0 0
1 1.42045e-09
2 4.6485e-09
3 8.64135e-09
4 1.33701e-08
5 1.88042e-08
6 2.48919e-08
7 3.15979e-08
8 3.89153e-08
9 4.6869e-08
10 5.54654e-08
11 6.46847e-08
12 7.44736e-08
13 8.47819e-08
14 9.55768e-08
15 1.06807e-07
16 1.18404e-07
17 1.30334e-07
18 1.42621e-07
19 1.55159e-07
20 1.67959e-07
21 1.80965e-07
22 1.94183e-07
23 2.07624e-07
24 2.21217e-07
25 2.34967e-07
26 2.48879e-07
27 2.62874e-07
28 2.76953e-07
29 2.91205e-07
30 3.05545e-07
31 3.19885e-07
32 3.34316e-07
33 3.4884e-07
34 3.63364e-07
35 3.77982e-07
36 3.92601e-07
37 4.07317e-07
38 4.22033e-07
39 4.36849e-07
40 4.51665e-07
41 4.66481e-07
42 4.81297e-07
43 4.96113e-07
44 5.10929e-07
45 5.25851e-07
46 5.40773e-07
47 5.55695e-07
48 5.70617e-07
49 5.85539e-07
50 6.00461e-07
51 6.15383e-07
52 6.30305e-07
53 6.45115e-07
54 6.59924e-07
55 6.74734e-07
56 6.89544e-07
57 7.0424e-07
58 7.18935e-07
59 7.33517e-07
60 7.48214e-07
61 7.62795e-07
62 7.77376e-07
63 7.91841e-07
64 8.06307e-07
65 8.20772e-07
66 8.3512e-07
67 8.49469e-07
68 8.63701e-07
69 8.77933e-07
70 8.92048e-07
71 9.06281e-07
72 9.20396e-07
73 9.3451e-07
74 9.48506e-07
75 9.62501e-07
76 9.76497e-07
77 9.90373e-07
78 1.00425e-06
79 1.01801e-06
80 1.03176e-06
81 1.0454e-06
82 1.05904e-06
83 1.07267e-06
84 1.08631e-06
85 1.09995e-06
86 1.11346e-06
87 1.12697e-06
88 1.14037e-06
89 1.15376e-06
90 1.16715e-06
91 1.18054e-06
92 1.19393e-06
93 1.20719e-06
94 1.22046e-06
95 1.23372e-06
96 1.24699e-06
97 1.26025e-06
98 1.27339e-06
99 1.28652e-06
100 1.29966e-06
101 1.31279e-06
102 1.3258e-06
103 1.3388e-06
104 1.3518e-06
105 1.3648e-06
106 1.3778e-06
107 1.39067e-06
108 1.40353e-06
109 1.4164e-06
110 1.42926e-06
111 1.44213e-06
112 1.45485e-06
113 1.46758e-06
114 1.4803e-06
115 1.49303e-06
116 1.50575e-06
117 1.51847e-06
118 1.5312e-06
119 1.54392e-06
120 1.55649e-06
121 1.56922e-06
122 1.58194e-06
123 1.59451e-06
124 1.60708e-06
125 1.61965e-06
126 1.63222e-06
127 1.64463e-06
128 1.65703e-06
129 1.66928e-06
130 1.68121e-06
131 1.6927e-06
132 1.70313e-06
133 1.71355e-06
134 1.72269e-06
135 1.73165e-06
136 1.74024e-06
137 1.74778e-06
138 1.75449e-06
139 1.7609e-06
140 1.76694e-06
141 1.77268e-06
142 1.77773e-06
143 1.78222e-06
144 1.78633e-06
145 1.79017e-06
146 1.7938e-06
147 1.79724e-06
148 1.80056e-06
149 1.80364e-06
150 1.80637e-06
151 1.80899e-06
152 1.81157e-06
153 1.81413e-06
154 1.8167e-06
155 1.81927e-06
156 1.82184e-06
157 1.82444e-06
158 1.82706e-06
159 1.82972e-06
160 1.8324e-06
161 1.83514e-06
162 1.83792e-06
163 1.84076e-06
164 1.84366e-06
165 1.84663e-06
166 1.84968e-06
167 1.85281e-06
168 1.85606e-06
169 1.85943e-06
170 1.86289e-06
171 1.86645e-06
172 1.87012e-06
173 1.8739e-06
174 1.87783e-06
175 1.88191e-06
176 1.88615e-06
177 1.89056e-06
178 1.89511e-06
179 1.89981e-06
180 1.90464e-06
181 1.90964e-06
182 1.91483e-06
183 1.92018e-06
184 1.92571e-06
185 1.93142e-06
186 1.93729e-06
187 1.94331e-06
188 1.94951e-06
189 1.95589e-06
190 1.96239e-06
191 1.96903e-06
192 1.97582e-06
193 1.98275e-06
194 1.98977e-06
195 1.99686e-06
196 2.00404e-06
197 2.01131e-06
198 2.01867e-06
199 2.02603e-06
200 2.03348e-06
201 2.04094e-06
202 2.04839e-06
203 2.05595e-06
204 2.0635e-06
205 2.07085e-06
206 2.0782e-06
207 2.08555e-06
208 2.0928e-06
209 2.10004e-06
210 2.10719e-06
211 2.11423e-06
212 2.12127e-06
213 2.1282e-06
214 2.13514e-06
215 2.14208e-06
216 2.14892e-06
217 2.15575e-06
218 2.16258e-06
219 2.16931e-06
220 2.17604e-06
221 2.18277e-06
222 2.1895e-06
223 2.19623e-06
224 2.20296e-06
225 2.20958e-06
226 2.2162e-06
227 2.22281e-06
228 2.22932e-06
229 2.23571e-06
230 2.24199e-06
231 2.24816e-06
232 2.25412e-06
233 2.25999e-06
234 2.26575e-06
235 2.27141e-06
236 2.27698e-06
237 2.28246e-06
238 2.28793e-06
239 2.29331e-06
240 2.2986e-06
241 2.30389e-06
242 2.30918e-06
243 2.31447e-06
244 2.31975e-06
245 2.32504e-06
246 2.33033e-06
247 2.33562e-06
248 2.3409e-06
249 2.3463e-06
250 2.3517e-06
251 2.3571e-06
252 2.36249e-06
253 2.36789e-06
254 2.37342e-06
255 2.37895e-06
256 2.38461e-06
257 2.39028e-06
258 2.39595e-06
259 2.40178e-06
260 2.40761e-06
261 2.41344e-06
262 2.41927e-06
263 2.4251e-06
264 2.43113e-06
265 2.43716e-06
266 2.44319e-06
267 2.44922e-06
268 2.45525e-06
269 2.46155e-06
270 2.46784e-06
271 2.47413e-06
272 2.48043e-06
273 2.48707e-06
274 2.49371e-06
275 2.50036e-06
276 2.507e-06
277 2.51364e-06
278 2.52029e-06
279 2.52693e-06
280 2.53357e-06
281 2.54021e-06
282 2.54619e-06
283 2.55217e-06
284 2.55815e-06
285 2.56413e-06
286 2.57011e-06
287 2.57609e-06
288 2.58206e-06
289 2.58804e-06
290 2.59402e-06
291 2.6e-06
Re:4481, We:5478
