0 0
1 1.18371e-09
2 4.45483e-09
3 8.62899e-09
4 1.36014e-08
5 1.92974e-08
6 2.56505e-08
7 3.26019e-08
8 4.00898e-08
9 4.80545e-08
10 5.64952e-08
11 6.53244e-08
12 7.45408e-08
13 8.40939e-08
14 9.39173e-08
15 1.04028e-07
16 1.14393e-07
17 1.24972e-07
18 1.35775e-07
19 1.46752e-07
20 1.57912e-07
21 1.69197e-07
22 1.80611e-07
23 1.92158e-07
24 2.03842e-07
25 2.15595e-07
26 2.27492e-07
27 2.39462e-07
28 2.51507e-07
29 2.63629e-07
30 2.7575e-07
31 2.87949e-07
32 3.00228e-07
33 3.12508e-07
34 3.24869e-07
35 3.3723e-07
36 3.49675e-07
37 3.6212e-07
38 3.74565e-07
39 3.8701e-07
40 3.99543e-07
41 4.12076e-07
42 4.24609e-07
43 4.37142e-07
44 4.49674e-07
45 4.62207e-07
46 4.74833e-07
47 4.87458e-07
48 5.00084e-07
49 5.1271e-07
50 5.25335e-07
51 5.37961e-07
52 5.50586e-07
53 5.63114e-07
54 5.75642e-07
55 5.88072e-07
56 6.00502e-07
57 6.12932e-07
58 6.25362e-07
59 6.37692e-07
60 6.50022e-07
61 6.62253e-07
62 6.74484e-07
63 6.86715e-07
64 6.98946e-07
65 7.11076e-07
66 7.23206e-07
67 7.35235e-07
68 7.47264e-07
69 7.59293e-07
70 7.71322e-07
71 7.83248e-07
72 7.95174e-07
73 8.071e-07
74 8.19026e-07
75 8.30847e-07
76 8.42669e-07
77 8.54385e-07
78 8.66102e-07
79 8.77819e-07
80 8.89536e-07
81 9.01146e-07
82 9.12756e-07
83 9.2426e-07
84 9.35764e-07
85 9.47268e-07
86 9.58771e-07
87 9.70167e-07
88 9.81562e-07
89 9.92849e-07
90 1.00414e-06
91 1.01531e-06
92 1.02649e-06
93 1.03767e-06
94 1.04874e-06
95 1.05981e-06
96 1.07077e-06
97 1.08173e-06
98 1.09257e-06
99 1.10342e-06
100 1.11416e-06
101 1.12501e-06
102 1.13575e-06
103 1.14649e-06
104 1.15712e-06
105 1.16775e-06
106 1.17826e-06
107 1.18878e-06
108 1.19929e-06
109 1.20981e-06
110 1.22021e-06
111 1.23061e-06
112 1.24101e-06
113 1.25141e-06
114 1.26181e-06
115 1.27209e-06
116 1.28237e-06
117 1.29266e-06
118 1.30294e-06
119 1.3131e-06
120 1.32326e-06
121 1.3333e-06
122 1.34334e-06
123 1.35326e-06
124 1.36318e-06
125 1.37298e-06
126 1.38278e-06
127 1.39234e-06
128 1.4019e-06
129 1.41134e-06
130 1.42066e-06
131 1.43011e-06
132 1.43967e-06
133 1.44937e-06
134 1.45919e-06
135 1.46902e-06
136 1.47884e-06
137 1.48881e-06
138 1.49878e-06
139 1.50875e-06
140 1.51843e-06
141 1.52782e-06
142 1.53721e-06
143 1.54661e-06
144 1.5556e-06
145 1.56458e-06
146 1.57344e-06
147 1.58229e-06
148 1.59088e-06
149 1.59948e-06
150 1.60794e-06
151 1.61641e-06
152 1.62487e-06
153 1.63321e-06
154 1.64155e-06
155 1.64988e-06
156 1.65822e-06
157 1.66655e-06
158 1.67489e-06
159 1.68322e-06
160 1.69142e-06
161 1.69961e-06
162 1.7078e-06
163 1.716e-06
164 1.72419e-06
165 1.73239e-06
166 1.74058e-06
167 1.74877e-06
168 1.75697e-06
169 1.765e-06
170 1.77303e-06
171 1.78107e-06
172 1.7891e-06
173 1.79713e-06
174 1.80517e-06
175 1.81303e-06
176 1.82088e-06
177 1.82874e-06
178 1.8366e-06
179 1.84446e-06
180 1.85232e-06
181 1.86018e-06
182 1.86804e-06
183 1.8759e-06
184 1.88375e-06
185 1.89161e-06
186 1.89925e-06
187 1.90689e-06
188 1.91453e-06
189 1.92195e-06
190 1.92937e-06
191 1.93678e-06
192 1.9442e-06
193 1.95161e-06
194 1.95903e-06
195 1.96644e-06
196 1.97386e-06
197 1.98127e-06
198 1.98869e-06
199 1.99611e-06
200 2.00352e-06
201 2.01094e-06
202 2.01802e-06
203 2.02509e-06
204 2.03217e-06
205 2.03925e-06
206 2.04596e-06
207 2.05266e-06
208 2.05937e-06
209 2.06608e-06
210 2.07236e-06
211 2.07865e-06
212 2.08494e-06
213 2.09122e-06
214 2.09751e-06
215 2.1038e-06
216 2.11008e-06
217 2.11637e-06
218 2.12196e-06
219 2.12755e-06
220 2.13314e-06
221 2.13872e-06
222 2.14431e-06
223 2.1499e-06
224 2.15549e-06
225 2.16108e-06
226 2.16667e-06
Re:1344, We:986
