0 0
1 9.27397e-08
2 3.46418e-07
3 6.6966e-07
4 1.05619e-06
5 1.50036e-06
6 1.99691e-06
7 2.54069e-06
8 3.12789e-06
9 3.75452e-06
10 4.41648e-06
11 5.11137e-06
12 5.83547e-06
13 6.58653e-06
14 7.36149e-06
15 8.15869e-06
16 8.97601e-06
17 9.81212e-06
18 1.06654e-05
19 1.15328e-05
20 1.24146e-05
21 1.33087e-05
22 1.42141e-05
23 1.51294e-05
24 1.60551e-05
25 1.69883e-05
26 1.79292e-05
27 1.88778e-05
28 1.98328e-05
29 2.07942e-05
30 2.17605e-05
31 2.27318e-05
32 2.37063e-05
33 2.4686e-05
34 2.5669e-05
35 2.66554e-05
36 2.76454e-05
37 2.8637e-05
38 2.96322e-05
39 3.06291e-05
40 3.16278e-05
41 3.26284e-05
42 3.36306e-05
43 3.46348e-05
44 3.56407e-05
45 3.66466e-05
46 3.76543e-05
47 3.86639e-05
48 3.96735e-05
49 4.0685e-05
50 4.16964e-05
51 4.27078e-05
52 4.37212e-05
53 4.47345e-05
54 4.57478e-05
55 4.6763e-05
56 4.77782e-05
57 4.87934e-05
58 4.98086e-05
59 5.08238e-05
60 5.1839e-05
61 5.28561e-05
62 5.38732e-05
63 5.48903e-05
64 5.59074e-05
65 5.69245e-05
66 5.79417e-05
67 5.89588e-05
68 5.99759e-05
69 6.0993e-05
70 6.20101e-05
71 6.30272e-05
72 6.40463e-05
73 6.50654e-05
74 6.60844e-05
75 6.71035e-05
76 6.81226e-05
77 6.91417e-05
78 7.01608e-05
79 7.11798e-05
80 7.21989e-05
81 7.3218e-05
82 7.42371e-05
83 7.52561e-05
84 7.62752e-05
85 7.72943e-05
86 7.83134e-05
87 7.93324e-05
88 8.03515e-05
89 8.13706e-05
90 8.23897e-05
91 8.34088e-05
92 8.44278e-05
93 8.54469e-05
94 8.6466e-05
95 8.74851e-05
96 8.85041e-05
97 8.95232e-05
98 9.05423e-05
99 9.15614e-05
100 9.25804e-05
101 9.35995e-05
102 9.46186e-05
103 9.56377e-05
104 9.66568e-05
105 9.76758e-05
106 9.86949e-05
107 9.9714e-05
108 0.000100733
109 0.000101752
110 0.000102771
111 0.00010379
112 0.000104809
113 0.000105828
114 0.000106848
115 0.000107867
116 0.000108886
117 0.000109905
118 0.000110924
119 0.000111943
120 0.000112962
121 0.000113981
122 0.000115
123 0.000116019
124 0.000117038
125 0.000118057
126 0.000119076
127 0.000120096
128 0.000121115
129 0.000122134
130 0.000123153
131 0.000124172
132 0.000125191
133 0.00012621
134 0.000127229
135 0.000128248
136 0.000129267
137 0.000130286
138 0.000131305
139 0.000132324
140 0.000133344
141 0.000134363
142 0.000135382
143 0.000136401
144 0.00013742
145 0.000138439
146 0.000139458
147 0.000140477
148 0.000141496
149 0.000142515
150 0.000143534
151 0.000144553
152 0.000145572
153 0.000146592
154 0.000147611
155 0.00014863
156 0.000149649
157 0.000150668
158 0.000151687
159 0.000152706
160 0.000153725
161 0.000154744
162 0.000155763
163 0.000156782
164 0.000157801
165 0.00015882
166 0.00015984
167 0.000160859
168 0.000161878
169 0.000162897
170 0.000163916
171 0.000164935
172 0.000165954
173 0.000166973
174 0.000167992
175 0.000169011
176 0.00017003
177 0.000171049
178 0.000172068
179 0.000173088
180 0.000174107
181 0.000175126
182 0.000176145
183 0.000177164
184 0.000178183
185 0.000179202
186 0.000180221
187 0.00018124
188 0.000182259
189 0.000183278
190 0.000184297
191 0.000185316
192 0.000186336
193 0.000187355
194 0.000188374
195 0.000189393
196 0.000190412
197 0.000191431
198 0.00019245
199 0.000193469
200 0.000194488
201 0.000195507
202 0.000196526
203 0.000197545
204 0.000198564
205 0.000199584
206 0.000200603
207 0.000201622
208 0.000202641
209 0.00020366
210 0.000204679
211 0.000205698
212 0.000206717
213 0.000207736
214 0.000208755
215 0.000209774
216 0.000210793
217 0.000211812
218 0.000212832
219 0.000213851
220 0.00021487
221 0.000215889
222 0.000216908
223 0.000217927
224 0.000218946
225 0.000219965
226 0.000220984
227 0.000222003
228 0.000223022
229 0.000224041
230 0.00022506
231 0.00022608
232 0.000227099
233 0.000228118
234 0.000229137
235 0.000230156
236 0.000231175
237 0.000232194
238 0.000233213
239 0.000234232
240 0.000235251
241 0.00023627
242 0.000237289
243 0.000238308
244 0.000239328
245 0.000240347
246 0.000241366
247 0.000242385
248 0.000243404
249 0.000244423
250 0.000245442
251 0.000246461
252 0.00024748
253 0.000248499
254 0.000249518
255 0.000250537
256 0.000251556
257 0.000252576
258 0.000253595
259 0.000254614
260 0.000255633
261 0.000256652
262 0.000257671
263 0.00025869
264 0.000259709
265 0.000260728
266 0.000261747
267 0.000262766
268 0.000263785
269 0.000264804
270 0.000265824
271 0.000266843
272 0.000267862
273 0.000268881
274 0.0002699
275 0.000270919
276 0.000271938
277 0.000272957
278 0.000273976
279 0.000274995
280 0.000276014
281 0.000277033
282 0.000278052
283 0.000279072
284 0.000280091
285 0.00028111
286 0.000282129
287 0.000283148
288 0.000284167
289 0.000285186
290 0.000286205
291 0.000287224
292 0.000288243
293 0.000289262
294 0.000290281
295 0.0002913
296 0.00029232
297 0.000293339
298 0.000294358
299 0.000295377
300 0.000296396
301 0.000297415
302 0.000298434
303 0.000299453
304 0.000300472
305 0.000301491
306 0.00030251
307 0.000303529
308 0.000304548
309 0.000305568
310 0.000306587
311 0.000307606
312 0.000308625
313 0.000309644
314 0.000310663
315 0.000311682
316 0.000312701
317 0.00031372
318 0.000314739
319 0.000315758
320 0.000316777
321 0.000317796
322 0.000318816
323 0.000319835
324 0.000320854
325 0.000321873
326 0.000322892
327 0.000323911
328 0.00032493
329 0.000325949
330 0.000326968
331 0.000327987
332 0.000329006
333 0.000330025
334 0.000331044
335 0.000332064
336 0.000333083
337 0.000334102
338 0.000335121
339 0.00033614
340 0.000337159
341 0.000338178
342 0.000339197
343 0.000340216
344 0.000341235
345 0.000342254
346 0.000343273
347 0.000344292
348 0.000345312
349 0.000346331
350 0.00034735
351 0.000348369
352 0.000349388
353 0.000350407
354 0.000351426
355 0.000352445
356 0.000353464
357 0.000354483
358 0.000355502
359 0.000356521
360 0.00035754
361 0.00035856
362 0.000359579
363 0.000360598
364 0.000361617
365 0.000362636
366 0.000363655
367 0.000364674
368 0.000365693
369 0.000366712
370 0.000367731
371 0.00036875
372 0.000369769
373 0.000370788
374 0.000371808
375 0.000372827
376 0.000373846
377 0.000374865
378 0.000375884
379 0.000376903
380 0.000377922
381 0.000378941
382 0.00037996
383 0.000380979
384 0.000381998
385 0.000383017
386 0.000384036
387 0.000385056
388 0.000386075
389 0.000387094
390 0.000388113
391 0.000389132
392 0.000390151
393 0.00039117
394 0.000392189
395 0.000393208
396 0.000394227
397 0.000395246
398 0.000396265
399 0.000397284
400 0.000398304
401 0.000399323
402 0.000400342
403 0.000401361
404 0.00040238
405 0.000403399
406 0.000404418
407 0.000405437
408 0.000406456
409 0.000407475
410 0.000408494
411 0.000409513
412 0.000410532
413 0.000411552
414 0.000412571
415 0.00041359
416 0.000414609
417 0.000415628
418 0.000416647
419 0.000417666
420 0.000418685
421 0.000419704
422 0.000420723
423 0.000421742
424 0.000422703
425 0.000423638
426 0.000424572
427 0.000425507
428 0.000426447
429 0.000427386
430 0.000428316
431 0.000429245
432 0.000430179
433 0.000431125
434 0.000432076
435 0.000433033
436 0.000433995
437 0.000434964
438 0.000435932
439 0.000436907
440 0.000437888
441 0.000438869
442 0.000439856
443 0.000440843
444 0.000441837
445 0.000442831
446 0.000443825
447 0.000444825
448 0.000445826
449 0.000446827
450 0.000447827
451 0.000448828
452 0.000449835
453 0.000450843
454 0.000451851
455 0.000452858
456 0.000453866
457 0.000454874
458 0.000455881
459 0.000456889
460 0.000457897
461 0.000458904
462 0.00045992
463 0.000460935
464 0.000461951
465 0.000462966
466 0.000463982
467 0.000464997
468 0.000466012
469 0.000467028
470 0.000468043
471 0.000469059
472 0.000470074
473 0.00047109
474 0.000472105
475 0.00047312
476 0.000474136
477 0.000475151
478 0.000476167
479 0.000477182
480 0.000478197
481 0.000479213
482 0.000480228
483 0.000481244
484 0.000482259
485 0.000483275
486 0.00048429
487 0.000485305
488 0.000486321
489 0.000487336
490 0.000488352
491 0.000489367
492 0.000490382
493 0.000491398
494 0.000492413
495 0.000493429
496 0.000494444
497 0.00049546
498 0.000496475
499 0.00049749
500 0.000498506
501 0.000499521
502 0.000500537
503 0.000501552
504 0.000502568
505 0.000503583
506 0.000504598
507 0.000505614
508 0.000506629
509 0.000507645
510 0.00050866
511 0.000509675
512 0.000510691
513 0.000511706
514 0.000512722
515 0.000513737
516 0.000514753
517 0.000515768
518 0.000516783
519 0.000517799
520 0.000518814
521 0.00051983
522 0.000520845
523 0.000521861
524 0.000522876
525 0.000523891
526 0.000524907
527 0.000525922
528 0.000526938
529 0.000527953
530 0.000528968
531 0.000529984
532 0.000530999
533 0.000532015
534 0.00053303
535 0.000534046
536 0.000535061
537 0.000536076
538 0.000537092
539 0.000538107
540 0.000539123
541 0.000540138
542 0.000541154
543 0.000542169
544 0.000543184
545 0.0005442
546 0.000545215
547 0.000546231
548 0.000547246
549 0.000548261
550 0.000549277
551 0.000550292
552 0.000551308
553 0.000552323
554 0.000553339
555 0.000554354
556 0.000555369
557 0.000556385
558 0.0005574
559 0.000558416
560 0.000559431
561 0.000560446
562 0.000561462
563 0.000562477
564 0.000563493
565 0.000564508
566 0.000565524
567 0.000566539
568 0.000567554
569 0.00056857
570 0.000569585
571 0.000570601
572 0.000571616
573 0.000572632
574 0.000573647
575 0.000574662
576 0.000575678
577 0.000576693
578 0.000577709
579 0.000578724
580 0.000579739
581 0.000580755
582 0.00058177
583 0.000582786
584 0.000583801
585 0.000584817
586 0.000585832
587 0.000586847
588 0.000587863
589 0.000588878
590 0.000589894
591 0.000590909
Re:123, We:2
