0 0 0
0 0 0
0 0 0
0 0 0
0 0 0
0 0 0
0 0 0
0 0 0
0 0 0
0 0 0
1 1.6102e-07 0.000887784
1 1.6102e-07 0.000887784
1 1.6102e-07 0.000887784
1 1.6102e-07 0.000887784
1 1.6102e-07 0.000887784
1 1.6102e-07 0.000887784
1 1.6102e-07 0.000887784
1 1.6102e-07 0.000887784
1 1.6102e-07 0.000887784
1 1.6102e-07 0.000887784
2 4.81465e-07 0.00265457
2 4.81465e-07 0.00265457
2 4.81465e-07 0.00265457
2 4.81465e-07 0.00265457
2 4.81465e-07 0.00265457
2 4.81465e-07 0.00265457
2 4.81465e-07 0.00265457
2 4.81465e-07 0.00265457
2 4.81465e-07 0.00265457
2 4.81465e-07 0.00265457
