0 0
1 7.56392e-06
2 2.84664e-05
3 5.51392e-05
4 8.69131e-05
5 0.00012331
6 0.000163907
7 0.000208326
8 0.000256174
9 0.000307068
10 0.00036079
11 0.00041721
12 0.000475846
13 0.00053634
14 0.000598822
15 0.000662813
16 0.000728396
17 0.000795318
18 0.000863641
19 0.00093306
20 0.00100362
21 0.00107496
22 0.00114711
23 0.00122008
24 0.00129348
25 0.00136775
26 0.00144247
27 0.00151763
28 0.00159326
29 0.00166936
30 0.00174593
31 0.00182251
32 0.00189958
33 0.00197665
34 0.00205422
35 0.00213179
36 0.00220936
37 0.00228745
38 0.00236554
39 0.00244363
40 0.00252172
41 0.00259982
42 0.00267845
43 0.00275709
44 0.00283573
45 0.00291437
46 0.002993
47 0.00307108
48 0.00314915
49 0.00322722
50 0.00330529
51 0.00338336
52 0.00346086
53 0.00353835
54 0.00361584
55 0.00369334
56 0.00377024
57 0.00384715
58 0.00392406
59 0.00400096
60 0.00407787
61 0.00415418
62 0.00423048
63 0.00430679
64 0.00438309
65 0.0044594
66 0.00453509
67 0.00461078
68 0.00468647
69 0.00476216
70 0.00483785
71 0.00491354
72 0.0049886
73 0.00506365
74 0.0051387
75 0.00521376
76 0.00528881
77 0.00536387
78 0.00543892
79 0.00551331
80 0.0055877
81 0.00566209
82 0.00573648
83 0.00581087
84 0.00588526
85 0.00595965
86 0.00603335
87 0.00610704
88 0.00618074
89 0.00625443
90 0.00632813
91 0.00640182
92 0.00647552
93 0.00654921
94 0.00662291
95 0.0066966
96 0.00676954
97 0.00684249
98 0.00691543
99 0.00698837
100 0.00706131
101 0.00713426
102 0.0072072
103 0.00728014
104 0.00735309
105 0.00742603
106 0.00749897
107 0.00757191
108 0.00764486
109 0.0077178
110 0.00779074
111 0.00786369
112 0.00793663
113 0.00800957
114 0.00808251
115 0.00815546
116 0.0082284
117 0.00830134
118 0.00837429
119 0.00844723
120 0.00852017
121 0.00859311
122 0.00866606
123 0.008739
124 0.00881194
125 0.00888596
126 0.00895997
127 0.00903399
128 0.00910801
129 0.00918202
130 0.00925604
131 0.00933005
132 0.00940407
133 0.00947808
134 0.0095521
135 0.00962611
136 0.00970013
137 0.00977415
138 0.00984816
139 0.00992218
140 0.00999619
141 0.0100583
142 0.0101074
143 0.010149
144 0.0101892
145 0.0102276
146 0.0102645
147 0.0103015
148 0.010338
149 0.0103745
150 0.0104114
151 0.0104484
152 0.0104857
153 0.0105234
154 0.0105616
155 0.0106002
156 0.0106393
157 0.0106789
158 0.010719
159 0.0107596
160 0.0108002
161 0.0108413
162 0.010883
163 0.0109254
164 0.0109683
165 0.0110119
166 0.0110555
167 0.0110997
168 0.011144
169 0.011189
170 0.0112341
171 0.0112791
172 0.0113241
173 0.0113691
174 0.011415
175 0.0114608
176 0.0115067
177 0.0115516
178 0.0115966
179 0.0116425
180 0.011684
181 0.0117256
182 0.011768
183 0.0118112
184 0.0118555
185 0.0118997
186 0.0119449
187 0.0119902
188 0.0120354
189 0.0120806
190 0.0121259
191 0.0121711
192 0.0122164
193 0.0122616
194 0.0123068
195 0.0123521
196 0.0123973
197 0.012444
198 0.0124907
199 0.0125374
200 0.0125841
201 0.0126326
202 0.0126811
203 0.0127296
204 0.0127761
205 0.0128247
206 0.0128733
207 0.0129218
208 0.0129704
209 0.0130165
210 0.0130625
211 0.0131085
212 0.0131545
213 0.0132006
214 0.0132466
215 0.0132926
216 0.0133387
217 0.0133847
218 0.0134307
219 0.0134768
220 0.0135228
221 0.0135688
222 0.0136148
223 0.0136609
224 0.0137069
225 0.0137529
226 0.013799
227 0.013845
Re:2386, We:29
