0 0 0
0 0 0
0 0 0
0 0 0
0 0 0
0 0 0
0 0 0
0 0 0
0 0 0
0 0 0
1 3.38639e-07 0.000887784
1 3.38639e-07 0.000887784
1 3.38639e-07 0.000887784
1 3.38639e-07 0.000887784
1 3.38639e-07 0.000887784
1 3.38639e-07 0.000887784
1 3.38639e-07 0.000887784
1 3.38639e-07 0.000887784
1 3.38639e-07 0.000887784
1 3.38639e-07 0.000887784
2 1.01257e-06 0.00265457
2 1.01257e-06 0.00265457
2 1.01257e-06 0.00265457
2 1.01257e-06 0.00265457
2 1.01257e-06 0.00265457
2 1.01257e-06 0.00265457
2 1.01257e-06 0.00265457
2 1.01257e-06 0.00265457
2 1.01257e-06 0.00265457
2 1.01257e-06 0.00265457
3 1.71464e-06 0.00449514
3 1.71464e-06 0.00449514
3 1.71464e-06 0.00449514
3 1.71464e-06 0.00449514
3 1.71464e-06 0.00449514
3 1.71464e-06 0.00449514
3 1.71464e-06 0.00449514
3 1.71464e-06 0.00449514
3 1.71464e-06 0.00449514
3 1.71464e-06 0.00449514
4 2.44175e-06 0.00640134
4 2.44175e-06 0.00640134
4 2.44175e-06 0.00640134
4 2.44175e-06 0.00640134
4 2.44175e-06 0.00640134
4 2.44175e-06 0.00640134
4 2.44175e-06 0.00640134
4 2.44175e-06 0.00640134
4 2.44175e-06 0.00640134
4 2.44175e-06 0.00640134
5 3.19049e-06 0.00836425
5 3.19049e-06 0.00836425
5 3.19049e-06 0.00836425
5 3.19049e-06 0.00836425
5 3.19049e-06 0.00836425
5 3.19049e-06 0.00836425
5 3.19049e-06 0.00836425
5 3.19049e-06 0.00836425
5 3.19049e-06 0.00836425
5 3.19049e-06 0.00836425
6 3.95873e-06 0.0103783
6 3.95873e-06 0.0103783
6 3.95873e-06 0.0103783
6 3.95873e-06 0.0103783
6 3.95873e-06 0.0103783
6 3.95873e-06 0.0103783
6 3.95873e-06 0.0103783
6 3.95873e-06 0.0103783
6 3.95873e-06 0.0103783
6 3.95873e-06 0.0103783
7 4.74537e-06 0.0124406
7 4.74537e-06 0.0124406
7 4.74537e-06 0.0124406
7 4.74537e-06 0.0124406
7 4.74537e-06 0.0124406
7 4.74537e-06 0.0124406
7 4.74537e-06 0.0124406
7 4.74537e-06 0.0124406
7 4.74537e-06 0.0124406
7 4.74537e-06 0.0124406
8 5.54829e-06 0.0145455
8 5.54829e-06 0.0145455
8 5.54829e-06 0.0145455
8 5.54829e-06 0.0145455
8 5.54829e-06 0.0145455
8 5.54829e-06 0.0145455
8 5.54829e-06 0.0145455
8 5.54829e-06 0.0145455
8 5.54829e-06 0.0145455
8 5.54829e-06 0.0145455
9 6.36583e-06 0.0166888
9 6.36583e-06 0.0166888
9 6.36583e-06 0.0166888
9 6.36583e-06 0.0166888
9 6.36583e-06 0.0166888
9 6.36583e-06 0.0166888
9 6.36583e-06 0.0166888
9 6.36583e-06 0.0166888
9 6.36583e-06 0.0166888
9 6.36583e-06 0.0166888
10 7.19613e-06 0.0188655
10 7.19613e-06 0.0188655
10 7.19613e-06 0.0188655
10 7.19613e-06 0.0188655
10 7.19613e-06 0.0188655
10 7.19613e-06 0.0188655
10 7.19613e-06 0.0188655
10 7.19613e-06 0.0188655
10 7.19613e-06 0.0188655
10 7.19613e-06 0.0188655
11 8.03959e-06 0.0210768
11 8.03959e-06 0.0210768
11 8.03959e-06 0.0210768
11 8.03959e-06 0.0210768
11 8.03959e-06 0.0210768
11 8.03959e-06 0.0210768
11 8.03959e-06 0.0210768
11 8.03959e-06 0.0210768
11 8.03959e-06 0.0210768
11 8.03959e-06 0.0210768
12 8.89493e-06 0.0233191
12 8.89493e-06 0.0233191
12 8.89493e-06 0.0233191
12 8.89493e-06 0.0233191
12 8.89493e-06 0.0233191
12 8.89493e-06 0.0233191
12 8.89493e-06 0.0233191
12 8.89493e-06 0.0233191
12 8.89493e-06 0.0233191
12 8.89493e-06 0.0233191
13 9.76073e-06 0.0255889
13 9.76073e-06 0.0255889
13 9.76073e-06 0.0255889
13 9.76073e-06 0.0255889
13 9.76073e-06 0.0255889
13 9.76073e-06 0.0255889
13 9.76073e-06 0.0255889
13 9.76073e-06 0.0255889
13 9.76073e-06 0.0255889
13 9.76073e-06 0.0255889
14 1.06364e-05 0.0278845
14 1.06364e-05 0.0278845
14 1.06364e-05 0.0278845
14 1.06364e-05 0.0278845
14 1.06364e-05 0.0278845
14 1.06364e-05 0.0278845
14 1.06364e-05 0.0278845
14 1.06364e-05 0.0278845
14 1.06364e-05 0.0278845
14 1.06364e-05 0.0278845
15 1.15221e-05 0.0302065
15 1.15221e-05 0.0302065
15 1.15221e-05 0.0302065
15 1.15221e-05 0.0302065
15 1.15221e-05 0.0302065
15 1.15221e-05 0.0302065
15 1.15221e-05 0.0302065
15 1.15221e-05 0.0302065
15 1.15221e-05 0.0302065
15 1.15221e-05 0.0302065
16 1.2419e-05 0.0325579
16 1.2419e-05 0.0325579
16 1.2419e-05 0.0325579
16 1.2419e-05 0.0325579
16 1.2419e-05 0.0325579
16 1.2419e-05 0.0325579
16 1.2419e-05 0.0325579
16 1.2419e-05 0.0325579
16 1.2419e-05 0.0325579
16 1.2419e-05 0.0325579
17 1.33266e-05 0.0349372
17 1.33266e-05 0.0349372
17 1.33266e-05 0.0349372
17 1.33266e-05 0.0349372
17 1.33266e-05 0.0349372
17 1.33266e-05 0.0349372
17 1.33266e-05 0.0349372
17 1.33266e-05 0.0349372
17 1.33266e-05 0.0349372
17 1.33266e-05 0.0349372
18 1.4243e-05 0.0373396
18 1.4243e-05 0.0373396
18 1.4243e-05 0.0373396
18 1.4243e-05 0.0373396
18 1.4243e-05 0.0373396
18 1.4243e-05 0.0373396
18 1.4243e-05 0.0373396
18 1.4243e-05 0.0373396
18 1.4243e-05 0.0373396
18 1.4243e-05 0.0373396
