0 0
0 0
0 0
0 0
0 0
0 0
0 0
0 0
0 0
0 0
1 3.2848e-07
1 3.2848e-07
1 3.2848e-07
1 3.2848e-07
1 3.2848e-07
1 3.2848e-07
1 3.2848e-07
1 3.2848e-07
1 3.2848e-07
1 3.2848e-07
2 9.82189e-07
2 9.82189e-07
2 9.82189e-07
2 9.82189e-07
2 9.82189e-07
2 9.82189e-07
2 9.82189e-07
2 9.82189e-07
2 9.82189e-07
2 9.82189e-07
3 1.6632e-06
3 1.6632e-06
3 1.6632e-06
3 1.6632e-06
3 1.6632e-06
3 1.6632e-06
3 1.6632e-06
3 1.6632e-06
3 1.6632e-06
3 1.6632e-06
4 2.3685e-06
4 2.3685e-06
4 2.3685e-06
4 2.3685e-06
4 2.3685e-06
4 2.3685e-06
4 2.3685e-06
4 2.3685e-06
4 2.3685e-06
4 2.3685e-06
5 3.09477e-06
5 3.09477e-06
5 3.09477e-06
5 3.09477e-06
5 3.09477e-06
5 3.09477e-06
5 3.09477e-06
5 3.09477e-06
5 3.09477e-06
5 3.09477e-06
6 3.83997e-06
6 3.83997e-06
6 3.83997e-06
6 3.83997e-06
6 3.83997e-06
6 3.83997e-06
6 3.83997e-06
6 3.83997e-06
6 3.83997e-06
6 3.83997e-06
7 4.60301e-06
7 4.60301e-06
7 4.60301e-06
7 4.60301e-06
7 4.60301e-06
7 4.60301e-06
7 4.60301e-06
7 4.60301e-06
7 4.60301e-06
7 4.60301e-06
8 5.38184e-06
8 5.38184e-06
8 5.38184e-06
8 5.38184e-06
8 5.38184e-06
8 5.38184e-06
8 5.38184e-06
8 5.38184e-06
8 5.38184e-06
8 5.38184e-06
9 6.17486e-06
9 6.17486e-06
9 6.17486e-06
9 6.17486e-06
9 6.17486e-06
9 6.17486e-06
9 6.17486e-06
9 6.17486e-06
9 6.17486e-06
9 6.17486e-06
10 6.98024e-06
10 6.98024e-06
10 6.98024e-06
10 6.98024e-06
10 6.98024e-06
10 6.98024e-06
10 6.98024e-06
10 6.98024e-06
10 6.98024e-06
10 6.98024e-06
11 7.7984e-06
11 7.7984e-06
11 7.7984e-06
11 7.7984e-06
11 7.7984e-06
11 7.7984e-06
11 7.7984e-06
11 7.7984e-06
11 7.7984e-06
11 7.7984e-06
12 8.62808e-06
12 8.62808e-06
12 8.62808e-06
12 8.62808e-06
12 8.62808e-06
12 8.62808e-06
12 8.62808e-06
12 8.62808e-06
12 8.62808e-06
12 8.62808e-06
13 9.46791e-06
13 9.46791e-06
13 9.46791e-06
13 9.46791e-06
13 9.46791e-06
13 9.46791e-06
13 9.46791e-06
13 9.46791e-06
13 9.46791e-06
13 9.46791e-06
14 1.03173e-05
14 1.03173e-05
14 1.03173e-05
14 1.03173e-05
14 1.03173e-05
14 1.03173e-05
14 1.03173e-05
14 1.03173e-05
14 1.03173e-05
14 1.03173e-05
15 1.11764e-05
15 1.11764e-05
15 1.11764e-05
15 1.11764e-05
15 1.11764e-05
15 1.11764e-05
15 1.11764e-05
15 1.11764e-05
15 1.11764e-05
15 1.11764e-05
16 1.20464e-05
16 1.20464e-05
16 1.20464e-05
16 1.20464e-05
16 1.20464e-05
16 1.20464e-05
16 1.20464e-05
16 1.20464e-05
16 1.20464e-05
16 1.20464e-05
17 1.29268e-05
17 1.29268e-05
17 1.29268e-05
17 1.29268e-05
17 1.29268e-05
17 1.29268e-05
17 1.29268e-05
17 1.29268e-05
17 1.29268e-05
17 1.29268e-05
18 1.38157e-05
18 1.38157e-05
18 1.38157e-05
18 1.38157e-05
18 1.38157e-05
18 1.38157e-05
18 1.38157e-05
18 1.38157e-05
18 1.38157e-05
18 1.38157e-05
19 1.47143e-05
19 1.47143e-05
19 1.47143e-05
19 1.47143e-05
19 1.47143e-05
19 1.47143e-05
19 1.47143e-05
19 1.47143e-05
19 1.47143e-05
19 1.47143e-05
20 1.5623e-05
20 1.5623e-05
20 1.5623e-05
20 1.5623e-05
20 1.5623e-05
20 1.5623e-05
20 1.5623e-05
20 1.5623e-05
20 1.5623e-05
20 1.5623e-05
21 1.65408e-05
21 1.65408e-05
21 1.65408e-05
21 1.65408e-05
21 1.65408e-05
21 1.65408e-05
21 1.65408e-05
21 1.65408e-05
21 1.65408e-05
21 1.65408e-05
22 1.74659e-05
22 1.74659e-05
22 1.74659e-05
22 1.74659e-05
22 1.74659e-05
22 1.74659e-05
22 1.74659e-05
22 1.74659e-05
22 1.74659e-05
22 1.74659e-05
23 1.84017e-05
23 1.84017e-05
23 1.84017e-05
23 1.84017e-05
23 1.84017e-05
23 1.84017e-05
23 1.84017e-05
23 1.84017e-05
23 1.84017e-05
23 1.84017e-05
24 1.93472e-05
24 1.93472e-05
24 1.93472e-05
24 1.93472e-05
24 1.93472e-05
24 1.93472e-05
24 1.93472e-05
24 1.93472e-05
24 1.93472e-05
24 1.93472e-05
25 2.03005e-05
25 2.03005e-05
25 2.03005e-05
25 2.03005e-05
25 2.03005e-05
25 2.03005e-05
25 2.03005e-05
25 2.03005e-05
25 2.03005e-05
25 2.03005e-05
26 2.12628e-05
26 2.12628e-05
26 2.12628e-05
26 2.12628e-05
26 2.12628e-05
26 2.12628e-05
26 2.12628e-05
26 2.12628e-05
26 2.12628e-05
26 2.12628e-05
27 2.22355e-05
27 2.22355e-05
27 2.22355e-05
27 2.22355e-05
27 2.22355e-05
27 2.22355e-05
27 2.22355e-05
27 2.22355e-05
27 2.22355e-05
27 2.22355e-05
28 2.32165e-05
28 2.32165e-05
28 2.32165e-05
28 2.32165e-05
28 2.32165e-05
28 2.32165e-05
28 2.32165e-05
28 2.32165e-05
28 2.32165e-05
28 2.32165e-05
29 2.42046e-05
29 2.42046e-05
29 2.42046e-05
29 2.42046e-05
29 2.42046e-05
29 2.42046e-05
29 2.42046e-05
29 2.42046e-05
29 2.42046e-05
29 2.42046e-05
30 2.52037e-05
30 2.52037e-05
30 2.52037e-05
30 2.52037e-05
30 2.52037e-05
30 2.52037e-05
30 2.52037e-05
30 2.52037e-05
30 2.52037e-05
30 2.52037e-05
31 2.62091e-05
31 2.62091e-05
31 2.62091e-05
31 2.62091e-05
31 2.62091e-05
31 2.62091e-05
31 2.62091e-05
31 2.62091e-05
31 2.62091e-05
31 2.62091e-05
32 2.7222e-05
32 2.7222e-05
32 2.7222e-05
32 2.7222e-05
32 2.7222e-05
32 2.7222e-05
32 2.7222e-05
32 2.7222e-05
32 2.7222e-05
32 2.7222e-05
33 2.82427e-05
33 2.82427e-05
33 2.82427e-05
33 2.82427e-05
33 2.82427e-05
33 2.82427e-05
33 2.82427e-05
33 2.82427e-05
33 2.82427e-05
33 2.82427e-05
34 2.92698e-05
34 2.92698e-05
34 2.92698e-05
34 2.92698e-05
34 2.92698e-05
34 2.92698e-05
34 2.92698e-05
34 2.92698e-05
34 2.92698e-05
34 2.92698e-05
35 3.03022e-05
35 3.03022e-05
35 3.03022e-05
35 3.03022e-05
35 3.03022e-05
35 3.03022e-05
35 3.03022e-05
35 3.03022e-05
35 3.03022e-05
35 3.03022e-05
36 3.13413e-05
36 3.13413e-05
36 3.13413e-05
36 3.13413e-05
36 3.13413e-05
36 3.13413e-05
36 3.13413e-05
36 3.13413e-05
36 3.13413e-05
36 3.13413e-05
37 3.23845e-05
37 3.23845e-05
37 3.23845e-05
37 3.23845e-05
37 3.23845e-05
37 3.23845e-05
37 3.23845e-05
37 3.23845e-05
37 3.23845e-05
37 3.23845e-05
38 3.34318e-05
38 3.34318e-05
38 3.34318e-05
38 3.34318e-05
38 3.34318e-05
38 3.34318e-05
38 3.34318e-05
38 3.34318e-05
38 3.34318e-05
38 3.34318e-05
39 3.44832e-05
39 3.44832e-05
39 3.44832e-05
39 3.44832e-05
39 3.44832e-05
39 3.44832e-05
39 3.44832e-05
39 3.44832e-05
39 3.44832e-05
39 3.44832e-05
40 3.55388e-05
40 3.55388e-05
40 3.55388e-05
40 3.55388e-05
40 3.55388e-05
40 3.55388e-05
40 3.55388e-05
40 3.55388e-05
40 3.55388e-05
40 3.55388e-05
41 3.65972e-05
41 3.65972e-05
41 3.65972e-05
41 3.65972e-05
41 3.65972e-05
41 3.65972e-05
41 3.65972e-05
41 3.65972e-05
41 3.65972e-05
41 3.65972e-05
42 3.76584e-05
42 3.76584e-05
42 3.76584e-05
42 3.76584e-05
42 3.76584e-05
42 3.76584e-05
42 3.76584e-05
42 3.76584e-05
42 3.76584e-05
42 3.76584e-05
43 3.87224e-05
43 3.87224e-05
43 3.87224e-05
43 3.87224e-05
43 3.87224e-05
43 3.87224e-05
43 3.87224e-05
43 3.87224e-05
43 3.87224e-05
43 3.87224e-05
44 3.97879e-05
44 3.97879e-05
44 3.97879e-05
44 3.97879e-05
44 3.97879e-05
44 3.97879e-05
44 3.97879e-05
44 3.97879e-05
44 3.97879e-05
44 3.97879e-05
45 4.08562e-05
45 4.08562e-05
45 4.08562e-05
45 4.08562e-05
45 4.08562e-05
45 4.08562e-05
45 4.08562e-05
45 4.08562e-05
45 4.08562e-05
45 4.08562e-05
46 4.1926e-05
46 4.1926e-05
46 4.1926e-05
46 4.1926e-05
46 4.1926e-05
46 4.1926e-05
46 4.1926e-05
46 4.1926e-05
46 4.1926e-05
46 4.1926e-05
47 4.29973e-05
47 4.29973e-05
47 4.29973e-05
47 4.29973e-05
47 4.29973e-05
47 4.29973e-05
47 4.29973e-05
47 4.29973e-05
47 4.29973e-05
47 4.29973e-05
48 4.40714e-05
48 4.40714e-05
48 4.40714e-05
48 4.40714e-05
48 4.40714e-05
48 4.40714e-05
48 4.40714e-05
48 4.40714e-05
48 4.40714e-05
48 4.40714e-05
49 4.5147e-05
49 4.5147e-05
49 4.5147e-05
49 4.5147e-05
49 4.5147e-05
49 4.5147e-05
49 4.5147e-05
49 4.5147e-05
49 4.5147e-05
49 4.5147e-05
50 4.62241e-05
50 4.62241e-05
50 4.62241e-05
50 4.62241e-05
50 4.62241e-05
50 4.62241e-05
50 4.62241e-05
50 4.62241e-05
50 4.62241e-05
50 4.62241e-05
51 4.73027e-05
51 4.73027e-05
51 4.73027e-05
51 4.73027e-05
51 4.73027e-05
51 4.73027e-05
51 4.73027e-05
51 4.73027e-05
51 4.73027e-05
51 4.73027e-05
52 4.83827e-05
52 4.83827e-05
52 4.83827e-05
52 4.83827e-05
52 4.83827e-05
52 4.83827e-05
52 4.83827e-05
52 4.83827e-05
52 4.83827e-05
52 4.83827e-05
53 4.94643e-05
53 4.94643e-05
53 4.94643e-05
53 4.94643e-05
53 4.94643e-05
53 4.94643e-05
53 4.94643e-05
53 4.94643e-05
53 4.94643e-05
53 4.94643e-05
54 5.05473e-05
54 5.05473e-05
54 5.05473e-05
54 5.05473e-05
54 5.05473e-05
54 5.05473e-05
54 5.05473e-05
54 5.05473e-05
54 5.05473e-05
54 5.05473e-05
55 5.16319e-05
55 5.16319e-05
55 5.16319e-05
55 5.16319e-05
55 5.16319e-05
55 5.16319e-05
55 5.16319e-05
55 5.16319e-05
55 5.16319e-05
55 5.16319e-05
56 5.27179e-05
56 5.27179e-05
56 5.27179e-05
56 5.27179e-05
56 5.27179e-05
56 5.27179e-05
56 5.27179e-05
56 5.27179e-05
56 5.27179e-05
56 5.27179e-05
57 5.38055e-05
57 5.38055e-05
57 5.38055e-05
57 5.38055e-05
57 5.38055e-05
57 5.38055e-05
57 5.38055e-05
57 5.38055e-05
57 5.38055e-05
57 5.38055e-05
58 5.4893e-05
58 5.4893e-05
58 5.4893e-05
58 5.4893e-05
58 5.4893e-05
58 5.4893e-05
58 5.4893e-05
58 5.4893e-05
58 5.4893e-05
58 5.4893e-05
59 5.59836e-05
59 5.59836e-05
59 5.59836e-05
59 5.59836e-05
59 5.59836e-05
59 5.59836e-05
59 5.59836e-05
59 5.59836e-05
59 5.59836e-05
59 5.59836e-05
60 5.70758e-05
60 5.70758e-05
60 5.70758e-05
60 5.70758e-05
60 5.70758e-05
60 5.70758e-05
60 5.70758e-05
60 5.70758e-05
60 5.70758e-05
60 5.70758e-05
61 5.81695e-05
61 5.81695e-05
61 5.81695e-05
61 5.81695e-05
61 5.81695e-05
61 5.81695e-05
61 5.81695e-05
61 5.81695e-05
61 5.81695e-05
61 5.81695e-05
62 5.92663e-05
62 5.92663e-05
62 5.92663e-05
62 5.92663e-05
62 5.92663e-05
62 5.92663e-05
62 5.92663e-05
62 5.92663e-05
62 5.92663e-05
62 5.92663e-05
63 6.03662e-05
63 6.03662e-05
63 6.03662e-05
63 6.03662e-05
63 6.03662e-05
63 6.03662e-05
63 6.03662e-05
63 6.03662e-05
63 6.03662e-05
63 6.03662e-05
64 6.14692e-05
64 6.14692e-05
64 6.14692e-05
64 6.14692e-05
64 6.14692e-05
64 6.14692e-05
64 6.14692e-05
64 6.14692e-05
64 6.14692e-05
64 6.14692e-05
65 6.2577e-05
65 6.2577e-05
65 6.2577e-05
65 6.2577e-05
65 6.2577e-05
65 6.2577e-05
65 6.2577e-05
65 6.2577e-05
65 6.2577e-05
65 6.2577e-05
66 6.36896e-05
66 6.36896e-05
66 6.36896e-05
66 6.36896e-05
66 6.36896e-05
66 6.36896e-05
66 6.36896e-05
66 6.36896e-05
66 6.36896e-05
66 6.36896e-05
67 6.47974e-05
67 6.47974e-05
67 6.47974e-05
67 6.47974e-05
67 6.47974e-05
67 6.47974e-05
67 6.47974e-05
67 6.47974e-05
67 6.47974e-05
67 6.47974e-05
68 6.58491e-05
68 6.58491e-05
68 6.58491e-05
68 6.58491e-05
68 6.58491e-05
68 6.58491e-05
68 6.58491e-05
68 6.58491e-05
68 6.58491e-05
68 6.58491e-05
69 6.68809e-05
69 6.68809e-05
69 6.68809e-05
69 6.68809e-05
69 6.68809e-05
69 6.68809e-05
69 6.68809e-05
69 6.68809e-05
69 6.68809e-05
69 6.68809e-05
70 6.78427e-05
70 6.78427e-05
70 6.78427e-05
70 6.78427e-05
70 6.78427e-05
70 6.78427e-05
70 6.78427e-05
70 6.78427e-05
70 6.78427e-05
70 6.78427e-05
71 6.88034e-05
71 6.88034e-05
71 6.88034e-05
71 6.88034e-05
71 6.88034e-05
71 6.88034e-05
71 6.88034e-05
71 6.88034e-05
71 6.88034e-05
71 6.88034e-05
72 6.97616e-05
72 6.97616e-05
72 6.97616e-05
72 6.97616e-05
72 6.97616e-05
72 6.97616e-05
72 6.97616e-05
72 6.97616e-05
72 6.97616e-05
72 6.97616e-05
73 7.06761e-05
73 7.06761e-05
73 7.06761e-05
73 7.06761e-05
73 7.06761e-05
73 7.06761e-05
73 7.06761e-05
73 7.06761e-05
73 7.06761e-05
73 7.06761e-05
74 7.15852e-05
74 7.15852e-05
74 7.15852e-05
74 7.15852e-05
74 7.15852e-05
74 7.15852e-05
74 7.15852e-05
74 7.15852e-05
74 7.15852e-05
74 7.15852e-05
75 7.24921e-05
75 7.24921e-05
75 7.24921e-05
75 7.24921e-05
75 7.24921e-05
75 7.24921e-05
75 7.24921e-05
75 7.24921e-05
75 7.24921e-05
75 7.24921e-05
76 7.33916e-05
76 7.33916e-05
76 7.33916e-05
76 7.33916e-05
76 7.33916e-05
76 7.33916e-05
76 7.33916e-05
76 7.33916e-05
76 7.33916e-05
76 7.33916e-05
77 7.42805e-05
77 7.42805e-05
77 7.42805e-05
77 7.42805e-05
77 7.42805e-05
77 7.42805e-05
77 7.42805e-05
77 7.42805e-05
77 7.42805e-05
77 7.42805e-05
78 7.5157e-05
78 7.5157e-05
78 7.5157e-05
78 7.5157e-05
78 7.5157e-05
78 7.5157e-05
78 7.5157e-05
78 7.5157e-05
78 7.5157e-05
78 7.5157e-05
79 7.60128e-05
79 7.60128e-05
79 7.60128e-05
79 7.60128e-05
79 7.60128e-05
79 7.60128e-05
79 7.60128e-05
79 7.60128e-05
79 7.60128e-05
79 7.60128e-05
80 7.68599e-05
80 7.68599e-05
80 7.68599e-05
80 7.68599e-05
80 7.68599e-05
80 7.68599e-05
80 7.68599e-05
80 7.68599e-05
80 7.68599e-05
80 7.68599e-05
81 7.77023e-05
81 7.77023e-05
81 7.77023e-05
81 7.77023e-05
81 7.77023e-05
81 7.77023e-05
81 7.77023e-05
81 7.77023e-05
81 7.77023e-05
81 7.77023e-05
82 7.85373e-05
82 7.85373e-05
82 7.85373e-05
82 7.85373e-05
82 7.85373e-05
82 7.85373e-05
82 7.85373e-05
82 7.85373e-05
82 7.85373e-05
82 7.85373e-05
83 7.93559e-05
83 7.93559e-05
83 7.93559e-05
83 7.93559e-05
83 7.93559e-05
83 7.93559e-05
83 7.93559e-05
83 7.93559e-05
83 7.93559e-05
83 7.93559e-05
84 8.01692e-05
84 8.01692e-05
84 8.01692e-05
84 8.01692e-05
84 8.01692e-05
84 8.01692e-05
84 8.01692e-05
84 8.01692e-05
84 8.01692e-05
84 8.01692e-05
85 8.09704e-05
85 8.09704e-05
85 8.09704e-05
85 8.09704e-05
85 8.09704e-05
85 8.09704e-05
85 8.09704e-05
85 8.09704e-05
85 8.09704e-05
85 8.09704e-05
86 8.17607e-05
86 8.17607e-05
86 8.17607e-05
86 8.17607e-05
86 8.17607e-05
86 8.17607e-05
86 8.17607e-05
86 8.17607e-05
86 8.17607e-05
86 8.17607e-05
87 8.25403e-05
87 8.25403e-05
87 8.25403e-05
87 8.25403e-05
87 8.25403e-05
87 8.25403e-05
87 8.25403e-05
87 8.25403e-05
87 8.25403e-05
87 8.25403e-05
88 8.33158e-05
88 8.33158e-05
88 8.33158e-05
88 8.33158e-05
88 8.33158e-05
88 8.33158e-05
88 8.33158e-05
88 8.33158e-05
88 8.33158e-05
88 8.33158e-05
89 8.40749e-05
89 8.40749e-05
89 8.40749e-05
89 8.40749e-05
89 8.40749e-05
89 8.40749e-05
89 8.40749e-05
89 8.40749e-05
89 8.40749e-05
89 8.40749e-05
90 8.48115e-05
90 8.48115e-05
90 8.48115e-05
90 8.48115e-05
90 8.48115e-05
90 8.48115e-05
90 8.48115e-05
90 8.48115e-05
90 8.48115e-05
90 8.48115e-05
91 8.55388e-05
91 8.55388e-05
91 8.55388e-05
91 8.55388e-05
91 8.55388e-05
91 8.55388e-05
91 8.55388e-05
91 8.55388e-05
91 8.55388e-05
91 8.55388e-05
92 8.62626e-05
92 8.62626e-05
92 8.62626e-05
92 8.62626e-05
92 8.62626e-05
92 8.62626e-05
92 8.62626e-05
92 8.62626e-05
92 8.62626e-05
92 8.62626e-05
93 8.69781e-05
93 8.69781e-05
93 8.69781e-05
93 8.69781e-05
93 8.69781e-05
93 8.69781e-05
93 8.69781e-05
93 8.69781e-05
93 8.69781e-05
93 8.69781e-05
94 8.76874e-05
94 8.76874e-05
94 8.76874e-05
94 8.76874e-05
94 8.76874e-05
94 8.76874e-05
94 8.76874e-05
94 8.76874e-05
94 8.76874e-05
94 8.76874e-05
95 8.83914e-05
95 8.83914e-05
95 8.83914e-05
95 8.83914e-05
95 8.83914e-05
95 8.83914e-05
95 8.83914e-05
95 8.83914e-05
95 8.83914e-05
95 8.83914e-05
96 8.90934e-05
96 8.90934e-05
96 8.90934e-05
96 8.90934e-05
96 8.90934e-05
96 8.90934e-05
96 8.90934e-05
96 8.90934e-05
96 8.90934e-05
96 8.90934e-05
97 8.97934e-05
97 8.97934e-05
97 8.97934e-05
97 8.97934e-05
97 8.97934e-05
97 8.97934e-05
97 8.97934e-05
97 8.97934e-05
97 8.97934e-05
97 8.97934e-05
98 9.04934e-05
98 9.04934e-05
98 9.04934e-05
98 9.04934e-05
98 9.04934e-05
98 9.04934e-05
98 9.04934e-05
98 9.04934e-05
98 9.04934e-05
98 9.04934e-05
99 9.11941e-05
99 9.11941e-05
99 9.11941e-05
99 9.11941e-05
99 9.11941e-05
99 9.11941e-05
99 9.11941e-05
99 9.11941e-05
99 9.11941e-05
99 9.11941e-05
100 9.18948e-05
100 9.18948e-05
100 9.18948e-05
100 9.18948e-05
100 9.18948e-05
100 9.18948e-05
100 9.18948e-05
100 9.18948e-05
100 9.18948e-05
100 9.18948e-05
101 9.25961e-05
101 9.25961e-05
101 9.25961e-05
101 9.25961e-05
101 9.25961e-05
101 9.25961e-05
101 9.25961e-05
101 9.25961e-05
101 9.25961e-05
101 9.25961e-05
102 9.32981e-05
102 9.32981e-05
102 9.32981e-05
102 9.32981e-05
102 9.32981e-05
102 9.32981e-05
102 9.32981e-05
102 9.32981e-05
102 9.32981e-05
102 9.32981e-05
103 9.40014e-05
103 9.40014e-05
103 9.40014e-05
103 9.40014e-05
103 9.40014e-05
103 9.40014e-05
103 9.40014e-05
103 9.40014e-05
103 9.40014e-05
103 9.40014e-05
104 9.47074e-05
104 9.47074e-05
104 9.47074e-05
104 9.47074e-05
104 9.47074e-05
104 9.47074e-05
104 9.47074e-05
104 9.47074e-05
104 9.47074e-05
104 9.47074e-05
105 9.54162e-05
105 9.54162e-05
105 9.54162e-05
105 9.54162e-05
105 9.54162e-05
105 9.54162e-05
105 9.54162e-05
105 9.54162e-05
105 9.54162e-05
105 9.54162e-05
106 9.61276e-05
106 9.61276e-05
106 9.61276e-05
106 9.61276e-05
106 9.61276e-05
106 9.61276e-05
106 9.61276e-05
106 9.61276e-05
106 9.61276e-05
106 9.61276e-05
107 9.68426e-05
107 9.68426e-05
107 9.68426e-05
107 9.68426e-05
107 9.68426e-05
107 9.68426e-05
107 9.68426e-05
107 9.68426e-05
107 9.68426e-05
107 9.68426e-05
108 9.75603e-05
108 9.75603e-05
108 9.75603e-05
108 9.75603e-05
108 9.75603e-05
108 9.75603e-05
108 9.75603e-05
108 9.75603e-05
108 9.75603e-05
108 9.75603e-05
109 9.82815e-05
109 9.82815e-05
109 9.82815e-05
109 9.82815e-05
109 9.82815e-05
109 9.82815e-05
109 9.82815e-05
109 9.82815e-05
109 9.82815e-05
109 9.82815e-05
110 9.90063e-05
110 9.90063e-05
110 9.90063e-05
110 9.90063e-05
110 9.90063e-05
110 9.90063e-05
110 9.90063e-05
110 9.90063e-05
110 9.90063e-05
110 9.90063e-05
111 9.97354e-05
111 9.97354e-05
111 9.97354e-05
111 9.97354e-05
111 9.97354e-05
111 9.97354e-05
111 9.97354e-05
111 9.97354e-05
111 9.97354e-05
111 9.97354e-05
112 0.000100469
112 0.000100469
112 0.000100469
112 0.000100469
112 0.000100469
112 0.000100469
112 0.000100469
112 0.000100469
112 0.000100469
112 0.000100469
113 0.000101207
113 0.000101207
113 0.000101207
113 0.000101207
113 0.000101207
113 0.000101207
113 0.000101207
113 0.000101207
113 0.000101207
113 0.000101207
114 0.000101949
114 0.000101949
114 0.000101949
114 0.000101949
114 0.000101949
114 0.000101949
114 0.000101949
114 0.000101949
114 0.000101949
114 0.000101949
115 0.000102696
115 0.000102696
115 0.000102696
115 0.000102696
115 0.000102696
115 0.000102696
115 0.000102696
115 0.000102696
115 0.000102696
115 0.000102696
116 0.000103448
116 0.000103448
116 0.000103448
116 0.000103448
116 0.000103448
116 0.000103448
116 0.000103448
116 0.000103448
116 0.000103448
116 0.000103448
117 0.000104202
117 0.000104202
117 0.000104202
117 0.000104202
117 0.000104202
117 0.000104202
117 0.000104202
117 0.000104202
117 0.000104202
117 0.000104202
118 0.000104959
118 0.000104959
118 0.000104959
118 0.000104959
118 0.000104959
118 0.000104959
118 0.000104959
118 0.000104959
118 0.000104959
118 0.000104959
119 0.00010572
119 0.00010572
119 0.00010572
119 0.00010572
119 0.00010572
119 0.00010572
119 0.00010572
119 0.00010572
119 0.00010572
119 0.00010572
120 0.000106485
120 0.000106485
120 0.000106485
120 0.000106485
120 0.000106485
120 0.000106485
120 0.000106485
120 0.000106485
120 0.000106485
120 0.000106485
121 0.000107255
121 0.000107255
121 0.000107255
121 0.000107255
121 0.000107255
121 0.000107255
121 0.000107255
121 0.000107255
121 0.000107255
121 0.000107255
122 0.000108028
122 0.000108028
122 0.000108028
122 0.000108028
122 0.000108028
122 0.000108028
122 0.000108028
122 0.000108028
122 0.000108028
122 0.000108028
123 0.000108803
123 0.000108803
123 0.000108803
123 0.000108803
123 0.000108803
123 0.000108803
123 0.000108803
123 0.000108803
123 0.000108803
123 0.000108803
124 0.000109578
124 0.000109578
124 0.000109578
124 0.000109578
124 0.000109578
124 0.000109578
124 0.000109578
124 0.000109578
124 0.000109578
124 0.000109578
125 0.000110353
125 0.000110353
125 0.000110353
125 0.000110353
125 0.000110353
125 0.000110353
125 0.000110353
125 0.000110353
125 0.000110353
125 0.000110353
126 0.000111131
126 0.000111131
126 0.000111131
126 0.000111131
126 0.000111131
126 0.000111131
126 0.000111131
126 0.000111131
126 0.000111131
126 0.000111131
127 0.000111911
127 0.000111911
127 0.000111911
127 0.000111911
127 0.000111911
127 0.000111911
127 0.000111911
127 0.000111911
127 0.000111911
127 0.000111911
128 0.000112693
128 0.000112693
128 0.000112693
128 0.000112693
128 0.000112693
128 0.000112693
128 0.000112693
128 0.000112693
128 0.000112693
128 0.000112693
129 0.00011348
129 0.00011348
129 0.00011348
129 0.00011348
129 0.00011348
129 0.00011348
129 0.00011348
129 0.00011348
129 0.00011348
129 0.00011348
130 0.000114268
130 0.000114268
130 0.000114268
130 0.000114268
130 0.000114268
130 0.000114268
130 0.000114268
130 0.000114268
130 0.000114268
130 0.000114268
131 0.000115057
131 0.000115057
131 0.000115057
131 0.000115057
131 0.000115057
131 0.000115057
131 0.000115057
131 0.000115057
131 0.000115057
131 0.000115057
132 0.000115847
132 0.000115847
132 0.000115847
132 0.000115847
132 0.000115847
132 0.000115847
132 0.000115847
132 0.000115847
132 0.000115847
132 0.000115847
133 0.000116635
133 0.000116635
133 0.000116635
133 0.000116635
133 0.000116635
133 0.000116635
133 0.000116635
133 0.000116635
133 0.000116635
133 0.000116635
134 0.000117423
134 0.000117423
134 0.000117423
134 0.000117423
134 0.000117423
134 0.000117423
134 0.000117423
134 0.000117423
134 0.000117423
134 0.000117423
135 0.000118213
135 0.000118213
135 0.000118213
135 0.000118213
135 0.000118213
135 0.000118213
135 0.000118213
135 0.000118213
135 0.000118213
135 0.000118213
136 0.000119004
136 0.000119004
136 0.000119004
136 0.000119004
136 0.000119004
136 0.000119004
136 0.000119004
136 0.000119004
136 0.000119004
136 0.000119004
137 0.000119798
137 0.000119798
137 0.000119798
137 0.000119798
137 0.000119798
137 0.000119798
137 0.000119798
137 0.000119798
137 0.000119798
137 0.000119798
138 0.000120596
138 0.000120596
138 0.000120596
138 0.000120596
138 0.000120596
138 0.000120596
138 0.000120596
138 0.000120596
138 0.000120596
138 0.000120596
139 0.000121397
139 0.000121397
139 0.000121397
139 0.000121397
139 0.000121397
139 0.000121397
139 0.000121397
139 0.000121397
139 0.000121397
139 0.000121397
140 0.0001222
140 0.0001222
140 0.0001222
140 0.0001222
140 0.0001222
140 0.0001222
140 0.0001222
140 0.0001222
140 0.0001222
140 0.0001222
141 0.000123003
141 0.000123003
141 0.000123003
141 0.000123003
141 0.000123003
141 0.000123003
141 0.000123003
141 0.000123003
141 0.000123003
141 0.000123003
142 0.000123809
142 0.000123809
142 0.000123809
142 0.000123809
142 0.000123809
142 0.000123809
142 0.000123809
142 0.000123809
142 0.000123809
142 0.000123809
143 0.000124616
143 0.000124616
143 0.000124616
143 0.000124616
143 0.000124616
143 0.000124616
143 0.000124616
143 0.000124616
143 0.000124616
143 0.000124616
144 0.000125427
144 0.000125427
144 0.000125427
144 0.000125427
144 0.000125427
144 0.000125427
144 0.000125427
144 0.000125427
144 0.000125427
144 0.000125427
145 0.000126242
145 0.000126242
145 0.000126242
145 0.000126242
145 0.000126242
145 0.000126242
145 0.000126242
145 0.000126242
145 0.000126242
145 0.000126242
146 0.000127064
146 0.000127064
146 0.000127064
146 0.000127064
146 0.000127064
146 0.000127064
146 0.000127064
146 0.000127064
146 0.000127064
146 0.000127064
147 0.000127894
147 0.000127894
147 0.000127894
147 0.000127894
147 0.000127894
147 0.000127894
147 0.000127894
147 0.000127894
147 0.000127894
147 0.000127894
148 0.000128732
148 0.000128732
148 0.000128732
148 0.000128732
148 0.000128732
148 0.000128732
148 0.000128732
148 0.000128732
148 0.000128732
148 0.000128732
149 0.000129577
149 0.000129577
149 0.000129577
149 0.000129577
149 0.000129577
149 0.000129577
149 0.000129577
149 0.000129577
149 0.000129577
149 0.000129577
150 0.000130428
150 0.000130428
150 0.000130428
150 0.000130428
150 0.000130428
150 0.000130428
150 0.000130428
150 0.000130428
150 0.000130428
150 0.000130428
151 0.000131286
151 0.000131286
151 0.000131286
151 0.000131286
151 0.000131286
151 0.000131286
151 0.000131286
151 0.000131286
151 0.000131286
151 0.000131286
152 0.000132152
152 0.000132152
152 0.000132152
152 0.000132152
152 0.000132152
152 0.000132152
152 0.000132152
152 0.000132152
152 0.000132152
152 0.000132152
153 0.000133021
153 0.000133021
153 0.000133021
153 0.000133021
153 0.000133021
153 0.000133021
153 0.000133021
153 0.000133021
153 0.000133021
153 0.000133021
154 0.000133892
154 0.000133892
154 0.000133892
154 0.000133892
154 0.000133892
154 0.000133892
154 0.000133892
154 0.000133892
154 0.000133892
154 0.000133892
155 0.000134763
155 0.000134763
155 0.000134763
155 0.000134763
155 0.000134763
155 0.000134763
155 0.000134763
155 0.000134763
155 0.000134763
155 0.000134763
156 0.000135636
156 0.000135636
156 0.000135636
156 0.000135636
156 0.000135636
156 0.000135636
156 0.000135636
156 0.000135636
156 0.000135636
156 0.000135636
157 0.000136512
157 0.000136512
157 0.000136512
157 0.000136512
157 0.000136512
157 0.000136512
157 0.000136512
157 0.000136512
157 0.000136512
157 0.000136512
158 0.00013739
158 0.00013739
158 0.00013739
158 0.00013739
158 0.00013739
158 0.00013739
158 0.00013739
158 0.00013739
158 0.00013739
158 0.00013739
159 0.000138271
159 0.000138271
159 0.000138271
159 0.000138271
159 0.000138271
159 0.000138271
159 0.000138271
159 0.000138271
159 0.000138271
159 0.000138271
160 0.000139156
160 0.000139156
160 0.000139156
160 0.000139156
160 0.000139156
160 0.000139156
160 0.000139156
160 0.000139156
160 0.000139156
160 0.000139156
161 0.000140042
161 0.000140042
161 0.000140042
161 0.000140042
161 0.000140042
161 0.000140042
161 0.000140042
161 0.000140042
161 0.000140042
161 0.000140042
162 0.000140934
162 0.000140934
162 0.000140934
162 0.000140934
162 0.000140934
162 0.000140934
162 0.000140934
162 0.000140934
162 0.000140934
162 0.000140934
163 0.000141828
163 0.000141828
163 0.000141828
163 0.000141828
163 0.000141828
163 0.000141828
163 0.000141828
163 0.000141828
163 0.000141828
163 0.000141828
164 0.000142729
164 0.000142729
164 0.000142729
164 0.000142729
164 0.000142729
164 0.000142729
164 0.000142729
164 0.000142729
164 0.000142729
164 0.000142729
165 0.000143638
165 0.000143638
165 0.000143638
165 0.000143638
165 0.000143638
165 0.000143638
165 0.000143638
165 0.000143638
165 0.000143638
165 0.000143638
166 0.000144555
166 0.000144555
166 0.000144555
166 0.000144555
166 0.000144555
166 0.000144555
166 0.000144555
166 0.000144555
166 0.000144555
166 0.000144555
167 0.000145479
167 0.000145479
167 0.000145479
167 0.000145479
167 0.000145479
167 0.000145479
167 0.000145479
167 0.000145479
167 0.000145479
167 0.000145479
168 0.000146413
168 0.000146413
168 0.000146413
168 0.000146413
168 0.000146413
168 0.000146413
168 0.000146413
168 0.000146413
168 0.000146413
168 0.000146413
169 0.000147355
169 0.000147355
169 0.000147355
169 0.000147355
169 0.000147355
169 0.000147355
169 0.000147355
169 0.000147355
169 0.000147355
169 0.000147355
170 0.000148306
170 0.000148306
170 0.000148306
170 0.000148306
170 0.000148306
170 0.000148306
170 0.000148306
170 0.000148306
170 0.000148306
170 0.000148306
171 0.000149267
171 0.000149267
171 0.000149267
171 0.000149267
171 0.000149267
171 0.000149267
171 0.000149267
171 0.000149267
171 0.000149267
171 0.000149267
172 0.000150236
172 0.000150236
172 0.000150236
172 0.000150236
172 0.000150236
172 0.000150236
172 0.000150236
172 0.000150236
172 0.000150236
172 0.000150236
173 0.000151213
173 0.000151213
173 0.000151213
173 0.000151213
173 0.000151213
173 0.000151213
173 0.000151213
173 0.000151213
173 0.000151213
173 0.000151213
174 0.000152198
174 0.000152198
174 0.000152198
174 0.000152198
174 0.000152198
174 0.000152198
174 0.000152198
174 0.000152198
174 0.000152198
174 0.000152198
175 0.000153191
175 0.000153191
175 0.000153191
175 0.000153191
175 0.000153191
175 0.000153191
175 0.000153191
175 0.000153191
175 0.000153191
175 0.000153191
176 0.000154188
176 0.000154188
176 0.000154188
176 0.000154188
176 0.000154188
176 0.000154188
176 0.000154188
176 0.000154188
176 0.000154188
176 0.000154188
177 0.000155187
177 0.000155187
177 0.000155187
177 0.000155187
177 0.000155187
177 0.000155187
177 0.000155187
177 0.000155187
177 0.000155187
177 0.000155187
178 0.000156188
178 0.000156188
178 0.000156188
178 0.000156188
178 0.000156188
178 0.000156188
178 0.000156188
178 0.000156188
178 0.000156188
178 0.000156188
179 0.000157187
179 0.000157187
179 0.000157187
179 0.000157187
179 0.000157187
179 0.000157187
179 0.000157187
179 0.000157187
179 0.000157187
179 0.000157187
180 0.000158158
180 0.000158158
180 0.000158158
180 0.000158158
180 0.000158158
180 0.000158158
180 0.000158158
180 0.000158158
180 0.000158158
180 0.000158158
181 0.00015913
181 0.00015913
181 0.00015913
181 0.00015913
181 0.00015913
181 0.00015913
181 0.00015913
181 0.00015913
181 0.00015913
181 0.00015913
182 0.000160092
182 0.000160092
182 0.000160092
182 0.000160092
182 0.000160092
182 0.000160092
182 0.000160092
182 0.000160092
182 0.000160092
182 0.000160092
183 0.000161034
183 0.000161034
183 0.000161034
183 0.000161034
183 0.000161034
183 0.000161034
183 0.000161034
183 0.000161034
183 0.000161034
183 0.000161034
184 0.000161977
184 0.000161977
184 0.000161977
184 0.000161977
184 0.000161977
184 0.000161977
184 0.000161977
184 0.000161977
184 0.000161977
184 0.000161977
185 0.00016292
185 0.00016292
185 0.00016292
185 0.00016292
185 0.00016292
185 0.00016292
185 0.00016292
185 0.00016292
185 0.00016292
185 0.00016292
186 0.000163854
186 0.000163854
186 0.000163854
186 0.000163854
186 0.000163854
186 0.000163854
186 0.000163854
186 0.000163854
186 0.000163854
186 0.000163854
187 0.000164788
187 0.000164788
187 0.000164788
187 0.000164788
187 0.000164788
187 0.000164788
187 0.000164788
187 0.000164788
187 0.000164788
187 0.000164788
188 0.000165722
188 0.000165722
188 0.000165722
188 0.000165722
188 0.000165722
188 0.000165722
188 0.000165722
188 0.000165722
188 0.000165722
188 0.000165722
189 0.000166655
189 0.000166655
189 0.000166655
189 0.000166655
189 0.000166655
189 0.000166655
189 0.000166655
189 0.000166655
189 0.000166655
189 0.000166655
190 0.000167588
190 0.000167588
190 0.000167588
190 0.000167588
190 0.000167588
190 0.000167588
190 0.000167588
190 0.000167588
190 0.000167588
190 0.000167588
191 0.000168518
191 0.000168518
191 0.000168518
191 0.000168518
191 0.000168518
191 0.000168518
191 0.000168518
191 0.000168518
191 0.000168518
191 0.000168518
192 0.000169448
192 0.000169448
192 0.000169448
192 0.000169448
192 0.000169448
192 0.000169448
192 0.000169448
192 0.000169448
192 0.000169448
192 0.000169448
193 0.000170375
193 0.000170375
193 0.000170375
193 0.000170375
193 0.000170375
193 0.000170375
193 0.000170375
193 0.000170375
193 0.000170375
193 0.000170375
194 0.000171288
194 0.000171288
194 0.000171288
194 0.000171288
194 0.000171288
194 0.000171288
194 0.000171288
194 0.000171288
194 0.000171288
194 0.000171288
195 0.000172195
195 0.000172195
195 0.000172195
195 0.000172195
195 0.000172195
195 0.000172195
195 0.000172195
195 0.000172195
195 0.000172195
195 0.000172195
196 0.000173102
196 0.000173102
196 0.000173102
196 0.000173102
196 0.000173102
196 0.000173102
196 0.000173102
196 0.000173102
196 0.000173102
196 0.000173102
197 0.000174003
197 0.000174003
197 0.000174003
197 0.000174003
197 0.000174003
197 0.000174003
197 0.000174003
197 0.000174003
197 0.000174003
197 0.000174003
198 0.000174887
198 0.000174887
198 0.000174887
198 0.000174887
198 0.000174887
198 0.000174887
198 0.000174887
198 0.000174887
198 0.000174887
198 0.000174887
199 0.000175769
199 0.000175769
199 0.000175769
199 0.000175769
199 0.000175769
199 0.000175769
199 0.000175769
199 0.000175769
199 0.000175769
199 0.000175769
200 0.00017665
200 0.00017665
200 0.00017665
200 0.00017665
200 0.00017665
200 0.00017665
200 0.00017665
200 0.00017665
200 0.00017665
200 0.00017665
201 0.000177522
201 0.000177522
201 0.000177522
201 0.000177522
201 0.000177522
201 0.000177522
201 0.000177522
201 0.000177522
201 0.000177522
201 0.000177522
202 0.000178382
202 0.000178382
202 0.000178382
202 0.000178382
202 0.000178382
202 0.000178382
202 0.000178382
202 0.000178382
202 0.000178382
202 0.000178382
203 0.000179241
203 0.000179241
203 0.000179241
203 0.000179241
203 0.000179241
203 0.000179241
203 0.000179241
203 0.000179241
203 0.000179241
203 0.000179241
204 0.000180102
204 0.000180102
204 0.000180102
204 0.000180102
204 0.000180102
204 0.000180102
204 0.000180102
204 0.000180102
204 0.000180102
204 0.000180102
205 0.000180954
205 0.000180954
205 0.000180954
205 0.000180954
205 0.000180954
205 0.000180954
205 0.000180954
205 0.000180954
205 0.000180954
205 0.000180954
206 0.000181791
206 0.000181791
206 0.000181791
206 0.000181791
206 0.000181791
206 0.000181791
206 0.000181791
206 0.000181791
206 0.000181791
206 0.000181791
207 0.000182618
207 0.000182618
207 0.000182618
207 0.000182618
207 0.000182618
207 0.000182618
207 0.000182618
207 0.000182618
207 0.000182618
207 0.000182618
208 0.000183445
208 0.000183445
208 0.000183445
208 0.000183445
208 0.000183445
208 0.000183445
208 0.000183445
208 0.000183445
208 0.000183445
208 0.000183445
209 0.000184265
209 0.000184265
209 0.000184265
209 0.000184265
209 0.000184265
209 0.000184265
209 0.000184265
209 0.000184265
209 0.000184265
209 0.000184265
210 0.00018507
210 0.00018507
210 0.00018507
210 0.00018507
210 0.00018507
210 0.00018507
210 0.00018507
210 0.00018507
210 0.00018507
210 0.00018507
211 0.000185865
211 0.000185865
211 0.000185865
211 0.000185865
211 0.000185865
211 0.000185865
211 0.000185865
211 0.000185865
211 0.000185865
211 0.000185865
212 0.00018666
212 0.00018666
212 0.00018666
212 0.00018666
212 0.00018666
212 0.00018666
212 0.00018666
212 0.00018666
212 0.00018666
212 0.00018666
213 0.000187454
213 0.000187454
213 0.000187454
213 0.000187454
213 0.000187454
213 0.000187454
213 0.000187454
213 0.000187454
213 0.000187454
213 0.000187454
214 0.000188233
214 0.000188233
214 0.000188233
214 0.000188233
214 0.000188233
214 0.000188233
214 0.000188233
214 0.000188233
214 0.000188233
214 0.000188233
215 0.00018901
215 0.00018901
215 0.00018901
215 0.00018901
215 0.00018901
215 0.00018901
215 0.00018901
215 0.00018901
215 0.00018901
215 0.00018901
216 0.000189787
216 0.000189787
216 0.000189787
216 0.000189787
216 0.000189787
216 0.000189787
216 0.000189787
216 0.000189787
216 0.000189787
216 0.000189787
217 0.000190565
217 0.000190565
217 0.000190565
217 0.000190565
217 0.000190565
217 0.000190565
217 0.000190565
217 0.000190565
217 0.000190565
217 0.000190565
218 0.000191344
218 0.000191344
218 0.000191344
218 0.000191344
218 0.000191344
218 0.000191344
218 0.000191344
218 0.000191344
218 0.000191344
218 0.000191344
219 0.000192123
219 0.000192123
219 0.000192123
219 0.000192123
219 0.000192123
219 0.000192123
219 0.000192123
219 0.000192123
219 0.000192123
219 0.000192123
220 0.000192903
220 0.000192903
220 0.000192903
220 0.000192903
220 0.000192903
220 0.000192903
220 0.000192903
220 0.000192903
220 0.000192903
220 0.000192903
221 0.000193685
221 0.000193685
221 0.000193685
221 0.000193685
221 0.000193685
221 0.000193685
221 0.000193685
221 0.000193685
221 0.000193685
221 0.000193685
222 0.000194468
222 0.000194468
222 0.000194468
222 0.000194468
222 0.000194468
222 0.000194468
222 0.000194468
222 0.000194468
222 0.000194468
222 0.000194468
223 0.000195252
223 0.000195252
223 0.000195252
223 0.000195252
223 0.000195252
223 0.000195252
223 0.000195252
223 0.000195252
223 0.000195252
223 0.000195252
224 0.000196035
224 0.000196035
224 0.000196035
224 0.000196035
224 0.000196035
224 0.000196035
224 0.000196035
224 0.000196035
224 0.000196035
224 0.000196035
225 0.000196818
225 0.000196818
225 0.000196818
225 0.000196818
225 0.000196818
225 0.000196818
225 0.000196818
225 0.000196818
225 0.000196818
225 0.000196818
226 0.000197601
226 0.000197601
226 0.000197601
226 0.000197601
226 0.000197601
226 0.000197601
226 0.000197601
226 0.000197601
226 0.000197601
226 0.000197601
227 0.000198371
227 0.000198371
227 0.000198371
227 0.000198371
227 0.000198371
227 0.000198371
227 0.000198371
227 0.000198371
227 0.000198371
227 0.000198371
228 0.000199141
228 0.000199141
228 0.000199141
228 0.000199141
228 0.000199141
228 0.000199141
228 0.000199141
228 0.000199141
228 0.000199141
228 0.000199141
