0 0
1 2.66335e-09
2 8.70843e-09
3 1.61835e-08
4 2.50177e-08
5 3.51642e-08
6 4.64987e-08
7 5.89754e-08
8 7.258e-08
9 8.73567e-08
10 1.03315e-07
11 1.20357e-07
12 1.38505e-07
13 1.57527e-07
14 1.77516e-07
15 1.98301e-07
16 2.19853e-07
17 2.4202e-07
18 2.64843e-07
19 2.88127e-07
20 3.12017e-07
21 3.36288e-07
22 3.60955e-07
23 3.86033e-07
24 4.11394e-07
25 4.37047e-07
26 4.63e-07
27 4.89106e-07
28 5.15527e-07
29 5.4211e-07
30 5.68856e-07
31 5.95769e-07
32 6.22683e-07
33 6.49767e-07
34 6.77027e-07
35 7.04287e-07
36 7.31726e-07
37 7.59164e-07
38 7.86603e-07
39 8.14228e-07
40 8.41852e-07
41 8.69476e-07
42 8.97101e-07
43 9.24725e-07
44 9.52544e-07
45 9.80362e-07
46 1.00818e-06
47 1.036e-06
48 1.06382e-06
49 1.09164e-06
50 1.11946e-06
51 1.14728e-06
52 1.17509e-06
53 1.20291e-06
54 1.23073e-06
55 1.25834e-06
56 1.28595e-06
57 1.31356e-06
58 1.34116e-06
59 1.36877e-06
60 1.39638e-06
61 1.42377e-06
62 1.45116e-06
63 1.47834e-06
64 1.50551e-06
65 1.53246e-06
66 1.55942e-06
67 1.58616e-06
68 1.6129e-06
69 1.63964e-06
70 1.66616e-06
71 1.69267e-06
72 1.71898e-06
73 1.74528e-06
74 1.77136e-06
75 1.79744e-06
76 1.8233e-06
77 1.84916e-06
78 1.87502e-06
79 1.90066e-06
80 1.9263e-06
81 1.95172e-06
82 1.97714e-06
83 2.00256e-06
84 2.02798e-06
85 2.0534e-06
86 2.07882e-06
87 2.10424e-06
88 2.12943e-06
89 2.15462e-06
90 2.17981e-06
91 2.205e-06
92 2.22995e-06
93 2.2549e-06
94 2.27986e-06
95 2.30481e-06
96 2.32952e-06
97 2.35424e-06
98 2.37871e-06
99 2.40318e-06
100 2.42766e-06
101 2.45213e-06
102 2.4766e-06
103 2.50083e-06
104 2.52506e-06
105 2.54904e-06
106 2.57302e-06
107 2.59699e-06
108 2.62072e-06
109 2.64445e-06
110 2.66793e-06
111 2.69141e-06
112 2.71489e-06
113 2.73812e-06
114 2.76135e-06
115 2.78432e-06
116 2.80729e-06
117 2.83002e-06
118 2.85274e-06
119 2.87521e-06
120 2.89743e-06
121 2.91965e-06
122 2.94162e-06
123 2.96334e-06
124 2.98506e-06
125 3.00606e-06
126 3.02638e-06
127 3.04626e-06
128 3.06492e-06
129 3.08377e-06
130 3.10133e-06
131 3.11872e-06
132 3.13561e-06
133 3.15128e-06
134 3.16627e-06
135 3.18051e-06
136 3.19344e-06
137 3.20609e-06
138 3.21784e-06
139 3.22813e-06
140 3.2376e-06
141 3.24669e-06
142 3.25531e-06
143 3.2631e-06
144 3.26981e-06
145 3.27596e-06
146 3.28167e-06
147 3.28706e-06
148 3.29215e-06
149 3.29696e-06
150 3.30111e-06
151 3.30486e-06
152 3.30829e-06
153 3.3115e-06
154 3.31458e-06
155 3.31767e-06
156 3.32077e-06
157 3.32389e-06
158 3.32704e-06
159 3.33021e-06
160 3.33341e-06
161 3.33663e-06
162 3.33989e-06
163 3.3432e-06
164 3.34656e-06
165 3.34997e-06
166 3.35342e-06
167 3.35695e-06
168 3.36055e-06
169 3.36424e-06
170 3.36801e-06
171 3.37189e-06
172 3.37589e-06
173 3.38003e-06
174 3.38433e-06
175 3.3888e-06
176 3.39343e-06
177 3.39824e-06
178 3.40324e-06
179 3.40844e-06
180 3.41388e-06
181 3.41958e-06
182 3.42557e-06
183 3.43187e-06
184 3.4384e-06
185 3.44515e-06
186 3.45212e-06
187 3.45935e-06
188 3.4668e-06
189 3.47441e-06
190 3.48219e-06
191 3.49015e-06
192 3.49825e-06
193 3.50644e-06
194 3.51474e-06
195 3.52313e-06
196 3.53158e-06
197 3.54009e-06
198 3.54864e-06
199 3.55726e-06
200 3.56587e-06
201 3.57448e-06
202 3.58309e-06
203 3.59159e-06
204 3.59998e-06
205 3.60826e-06
206 3.61654e-06
207 3.62482e-06
208 3.6331e-06
209 3.64106e-06
210 3.64868e-06
211 3.65629e-06
212 3.66386e-06
213 3.67148e-06
214 3.6791e-06
215 3.68676e-06
216 3.69443e-06
217 3.70215e-06
218 3.70986e-06
219 3.71763e-06
220 3.72545e-06
221 3.73332e-06
222 3.74125e-06
223 3.74924e-06
224 3.75733e-06
225 3.76549e-06
226 3.77371e-06
227 3.78205e-06
228 3.79046e-06
229 3.799e-06
230 3.80761e-06
231 3.81636e-06
232 3.82518e-06
233 3.83408e-06
234 3.84305e-06
235 3.85202e-06
236 3.86092e-06
237 3.86974e-06
238 3.87856e-06
239 3.88737e-06
240 3.89589e-06
241 3.90426e-06
242 3.91248e-06
243 3.92071e-06
244 3.92894e-06
245 3.93716e-06
246 3.94539e-06
247 3.95362e-06
248 3.9617e-06
249 3.96964e-06
250 3.97751e-06
251 3.98532e-06
252 3.99312e-06
253 4.00093e-06
254 4.00873e-06
255 4.01653e-06
256 4.02441e-06
257 4.03229e-06
258 4.04016e-06
259 4.04804e-06
260 4.05599e-06
261 4.06394e-06
262 4.07189e-06
263 4.07984e-06
264 4.0878e-06
265 4.09583e-06
266 4.10386e-06
267 4.11189e-06
268 4.12001e-06
269 4.12813e-06
270 4.13625e-06
271 4.14446e-06
272 4.15276e-06
273 4.16106e-06
274 4.16946e-06
275 4.17796e-06
276 4.18656e-06
277 4.19528e-06
278 4.20411e-06
279 4.21305e-06
280 4.22212e-06
281 4.23132e-06
282 4.24064e-06
283 4.25011e-06
284 4.25973e-06
285 4.26949e-06
286 4.27942e-06
287 4.28934e-06
288 4.29944e-06
289 4.30954e-06
290 4.31982e-06
291 4.3301e-06
292 4.34058e-06
293 4.35106e-06
294 4.36175e-06
295 4.37244e-06
296 4.38337e-06
297 4.3943e-06
298 4.40547e-06
299 4.41665e-06
300 4.42811e-06
301 4.43957e-06
302 4.45103e-06
303 4.46281e-06
304 4.47458e-06
305 4.48636e-06
306 4.49814e-06
307 4.50991e-06
308 4.52169e-06
309 4.53347e-06
310 4.54525e-06
311 4.55702e-06
312 4.5688e-06
313 4.58058e-06
314 4.59235e-06
315 4.60366e-06
316 4.61496e-06
317 4.62627e-06
318 4.63758e-06
319 4.64888e-06
320 4.66019e-06
321 4.67212e-06
322 4.68406e-06
323 4.69599e-06
324 4.70792e-06
325 4.71986e-06
326 4.73179e-06
327 4.74373e-06
328 4.75566e-06
329 4.76759e-06
330 4.77953e-06
331 4.79146e-06
332 4.8034e-06
333 4.81533e-06
334 4.82726e-06
335 4.8392e-06
336 4.85113e-06
337 4.86307e-06
338 4.875e-06
Re:5377, We:5259
