0 0
1 1.06534e-08
2 4.00935e-08
3 7.76609e-08
4 1.22413e-07
5 1.73676e-07
6 2.30855e-07
7 2.93417e-07
8 3.60808e-07
9 4.32491e-07
10 5.08457e-07
11 5.8792e-07
12 6.70867e-07
13 7.56845e-07
14 8.45256e-07
15 9.36255e-07
16 1.02954e-06
17 1.12475e-06
18 1.22197e-06
19 1.32077e-06
20 1.42121e-06
21 1.52278e-06
22 1.6255e-06
23 1.72942e-06
24 1.83458e-06
25 1.94036e-06
26 2.04678e-06
27 2.15452e-06
28 2.26292e-06
29 2.37133e-06
30 2.48043e-06
31 2.59024e-06
32 2.70004e-06
33 2.81057e-06
34 2.92183e-06
35 3.03309e-06
36 3.14436e-06
37 3.25638e-06
38 3.36841e-06
39 3.48043e-06
40 3.59246e-06
41 3.70527e-06
42 3.81809e-06
43 3.93091e-06
44 4.04373e-06
45 4.15655e-06
46 4.26937e-06
47 4.38219e-06
48 4.49501e-06
49 4.60783e-06
50 4.72065e-06
51 4.83347e-06
52 4.94629e-06
53 5.05911e-06
54 5.17193e-06
55 5.28475e-06
56 5.39757e-06
57 5.50949e-06
58 5.62141e-06
59 5.73334e-06
60 5.84526e-06
61 5.95719e-06
62 6.06911e-06
63 6.18011e-06
64 6.29111e-06
65 6.40211e-06
66 6.51311e-06
67 6.62411e-06
68 6.73511e-06
69 6.84515e-06
70 6.95519e-06
71 7.06523e-06
72 7.17527e-06
73 7.28532e-06
74 7.39536e-06
75 7.50441e-06
76 7.61346e-06
77 7.72251e-06
78 7.83156e-06
79 7.94061e-06
80 8.04966e-06
81 8.15769e-06
82 8.26571e-06
83 8.37373e-06
84 8.48175e-06
85 8.58873e-06
86 8.6957e-06
87 8.80267e-06
88 8.90965e-06
89 9.01555e-06
90 9.12145e-06
91 9.22736e-06
92 9.33326e-06
93 9.43807e-06
94 9.54288e-06
95 9.64769e-06
96 9.75251e-06
97 9.8562e-06
98 9.9599e-06
99 1.00636e-05
100 1.01662e-05
101 1.02687e-05
102 1.03713e-05
103 1.04739e-05
104 1.05753e-05
105 1.06767e-05
106 1.07781e-05
107 1.08795e-05
108 1.09798e-05
109 1.108e-05
110 1.11791e-05
111 1.12793e-05
112 1.13784e-05
113 1.14774e-05
114 1.15765e-05
115 1.16755e-05
116 1.17733e-05
117 1.18711e-05
118 1.19689e-05
119 1.20667e-05
120 1.21633e-05
121 1.22611e-05
122 1.23576e-05
123 1.24541e-05
124 1.25493e-05
125 1.26446e-05
126 1.27385e-05
127 1.28311e-05
128 1.29237e-05
129 1.30091e-05
130 1.30903e-05
131 1.31714e-05
132 1.32525e-05
133 1.33337e-05
134 1.34159e-05
135 1.34992e-05
136 1.35826e-05
137 1.36659e-05
138 1.37493e-05
139 1.38326e-05
140 1.39147e-05
141 1.39969e-05
142 1.40778e-05
143 1.41564e-05
144 1.42338e-05
145 1.43102e-05
146 1.43865e-05
147 1.44617e-05
148 1.4538e-05
149 1.46132e-05
150 1.46884e-05
151 1.47636e-05
152 1.48399e-05
153 1.49163e-05
154 1.49915e-05
155 1.50666e-05
156 1.51431e-05
157 1.52195e-05
158 1.52946e-05
159 1.53697e-05
160 1.54448e-05
161 1.55199e-05
162 1.5595e-05
163 1.56701e-05
164 1.57437e-05
165 1.58174e-05
166 1.5891e-05
167 1.59647e-05
168 1.60383e-05
169 1.6112e-05
170 1.61856e-05
171 1.62593e-05
172 1.6333e-05
173 1.64066e-05
174 1.64803e-05
175 1.65539e-05
176 1.66258e-05
177 1.66976e-05
178 1.67677e-05
179 1.68377e-05
180 1.69078e-05
181 1.6976e-05
182 1.70442e-05
183 1.71124e-05
184 1.71807e-05
185 1.72489e-05
186 1.73171e-05
187 1.73853e-05
188 1.74514e-05
189 1.75175e-05
190 1.75836e-05
191 1.76496e-05
192 1.77157e-05
193 1.77795e-05
194 1.78432e-05
195 1.79069e-05
196 1.79706e-05
197 1.80343e-05
198 1.80981e-05
199 1.81618e-05
200 1.82255e-05
201 1.82892e-05
202 1.8353e-05
203 1.84167e-05
204 1.84804e-05
205 1.85404e-05
206 1.86004e-05
207 1.86603e-05
208 1.87203e-05
209 1.87803e-05
210 1.88403e-05
211 1.89002e-05
212 1.89602e-05
213 1.90202e-05
214 1.90802e-05
215 1.91401e-05
216 1.92001e-05
217 1.92601e-05
218 1.93201e-05
219 1.938e-05
220 1.944e-05
221 1.947e-05
222 1.95e-05
Re:1344, We:329
