0 0
1 7.10227e-10
2 2.32626e-09
3 4.34441e-09
4 6.7527e-09
5 9.53387e-09
6 1.26661e-08
7 1.61454e-08
8 1.99892e-08
9 2.41998e-08
10 2.874e-08
11 3.35737e-08
12 3.86803e-08
13 4.40248e-08
14 4.96069e-08
15 5.53691e-08
16 6.13243e-08
17 6.74563e-08
18 7.37129e-08
19 8.00998e-08
20 8.66234e-08
21 9.32538e-08
22 9.99954e-08
23 1.06814e-07
24 1.13711e-07
25 1.20689e-07
26 1.27751e-07
27 1.34855e-07
28 1.42003e-07
29 1.49196e-07
30 1.56434e-07
31 1.63717e-07
32 1.71048e-07
33 1.78427e-07
34 1.85806e-07
35 1.93234e-07
36 2.00662e-07
37 2.0814e-07
38 2.15619e-07
39 2.23097e-07
40 2.30628e-07
41 2.38159e-07
42 2.4569e-07
43 2.5322e-07
44 2.60751e-07
45 2.68337e-07
46 2.75867e-07
47 2.83398e-07
48 2.90873e-07
49 2.98348e-07
50 3.05767e-07
51 3.13187e-07
52 3.20551e-07
53 3.27916e-07
54 3.3517e-07
55 3.42479e-07
56 3.49733e-07
57 3.56987e-07
58 3.64186e-07
59 3.71384e-07
60 3.78583e-07
61 3.85781e-07
62 3.9298e-07
63 4.00122e-07
64 4.07264e-07
65 4.14406e-07
66 4.21548e-07
67 4.28689e-07
68 4.35831e-07
69 4.42973e-07
70 4.50056e-07
71 4.57139e-07
72 4.64163e-07
73 4.71128e-07
74 4.78093e-07
75 4.85e-07
76 4.91907e-07
77 4.98755e-07
78 5.05603e-07
79 5.12452e-07
80 5.19241e-07
81 5.2603e-07
82 5.3276e-07
83 5.3949e-07
84 5.46104e-07
85 5.52717e-07
86 5.59272e-07
87 5.65827e-07
88 5.72382e-07
89 5.78821e-07
90 5.8526e-07
91 5.91642e-07
92 5.98023e-07
93 6.04405e-07
94 6.10787e-07
95 6.1711e-07
96 6.23433e-07
97 6.29756e-07
98 6.3602e-07
99 6.42284e-07
100 6.48489e-07
101 6.54694e-07
102 6.60839e-07
103 6.66985e-07
104 6.73072e-07
105 6.79158e-07
106 6.85245e-07
107 6.91332e-07
108 6.97358e-07
109 7.03385e-07
110 7.09411e-07
111 7.15377e-07
112 7.21342e-07
113 7.27308e-07
114 7.33273e-07
115 7.39177e-07
116 7.4508e-07
117 7.50921e-07
118 7.56825e-07
119 7.62666e-07
120 7.68507e-07
121 7.74347e-07
122 7.80188e-07
123 7.85963e-07
124 7.91739e-07
125 7.9745e-07
126 8.03161e-07
127 8.08807e-07
128 8.14388e-07
129 8.1997e-07
130 8.25488e-07
131 8.29841e-07
132 8.33792e-07
133 8.37743e-07
134 8.41728e-07
135 8.45783e-07
136 8.49875e-07
137 8.54005e-07
138 8.58173e-07
139 8.62381e-07
140 8.6663e-07
141 8.70878e-07
142 8.74927e-07
143 8.78827e-07
144 8.82554e-07
145 8.86032e-07
146 8.89426e-07
147 8.92819e-07
148 8.9624e-07
149 8.99605e-07
150 9.02942e-07
151 9.06278e-07
152 9.09644e-07
153 9.1298e-07
154 9.16316e-07
155 9.19653e-07
156 9.22989e-07
157 9.26325e-07
158 9.29662e-07
159 9.32968e-07
160 9.36245e-07
161 9.39523e-07
162 9.4277e-07
163 9.45988e-07
164 9.49207e-07
165 9.52425e-07
166 9.55556e-07
167 9.58688e-07
168 9.61819e-07
169 9.64893e-07
170 9.67968e-07
171 9.71042e-07
172 9.74033e-07
173 9.77023e-07
174 9.80014e-07
175 9.82896e-07
176 9.85779e-07
177 9.88662e-07
178 9.91467e-07
179 9.94272e-07
180 9.97076e-07
181 9.9983e-07
182 1.00258e-06
183 1.00534e-06
184 1.00802e-06
185 1.0107e-06
186 1.01337e-06
187 1.01598e-06
188 1.01859e-06
189 1.02119e-06
190 1.02373e-06
191 1.02626e-06
192 1.0288e-06
193 1.03128e-06
194 1.03377e-06
195 1.03626e-06
196 1.0387e-06
197 1.04114e-06
198 1.04359e-06
199 1.04603e-06
200 1.04842e-06
201 1.05082e-06
202 1.05322e-06
203 1.05559e-06
204 1.05796e-06
205 1.06033e-06
206 1.06268e-06
207 1.06503e-06
208 1.06738e-06
209 1.06973e-06
210 1.07204e-06
211 1.07434e-06
212 1.07664e-06
213 1.07892e-06
214 1.0812e-06
215 1.08346e-06
216 1.08566e-06
217 1.08785e-06
218 1.08997e-06
219 1.09203e-06
220 1.09403e-06
221 1.09594e-06
222 1.09783e-06
223 1.09967e-06
224 1.10146e-06
225 1.10324e-06
226 1.105e-06
227 1.10673e-06
228 1.10844e-06
229 1.11015e-06
230 1.11181e-06
231 1.11348e-06
232 1.11516e-06
233 1.11684e-06
234 1.11852e-06
235 1.1202e-06
236 1.12188e-06
237 1.12358e-06
238 1.12527e-06
239 1.12697e-06
240 1.12865e-06
241 1.13033e-06
242 1.13196e-06
243 1.13358e-06
244 1.13518e-06
245 1.13672e-06
246 1.13826e-06
247 1.13978e-06
248 1.14129e-06
249 1.14281e-06
250 1.14427e-06
251 1.14568e-06
252 1.14703e-06
253 1.14839e-06
254 1.14968e-06
255 1.15091e-06
256 1.15211e-06
257 1.15329e-06
258 1.15447e-06
259 1.15563e-06
260 1.15676e-06
261 1.15789e-06
262 1.15901e-06
263 1.16013e-06
264 1.16124e-06
265 1.16233e-06
266 1.16343e-06
267 1.16452e-06
268 1.16562e-06
269 1.16672e-06
270 1.16782e-06
271 1.16892e-06
272 1.17003e-06
273 1.17113e-06
274 1.17223e-06
275 1.17333e-06
276 1.17443e-06
277 1.17553e-06
278 1.17662e-06
279 1.17769e-06
280 1.17874e-06
281 1.17977e-06
282 1.18079e-06
283 1.18179e-06
284 1.18278e-06
285 1.18377e-06
286 1.18475e-06
287 1.18572e-06
288 1.18668e-06
289 1.18764e-06
290 1.1886e-06
291 1.18955e-06
292 1.1905e-06
293 1.19144e-06
294 1.19239e-06
295 1.19332e-06
296 1.19425e-06
297 1.19518e-06
298 1.1961e-06
299 1.19702e-06
300 1.19793e-06
301 1.19883e-06
302 1.19974e-06
303 1.20062e-06
304 1.2015e-06
305 1.20238e-06
306 1.20323e-06
307 1.20408e-06
308 1.20492e-06
309 1.20575e-06
310 1.20657e-06
311 1.2074e-06
312 1.20822e-06
313 1.20903e-06
314 1.20982e-06
315 1.21061e-06
316 1.21139e-06
317 1.21216e-06
318 1.21291e-06
319 1.21366e-06
320 1.21441e-06
321 1.21514e-06
322 1.21586e-06
323 1.21658e-06
324 1.21729e-06
325 1.218e-06
326 1.2187e-06
327 1.2194e-06
328 1.22009e-06
329 1.22078e-06
330 1.22147e-06
331 1.22215e-06
332 1.22283e-06
333 1.2235e-06
334 1.22417e-06
335 1.22484e-06
336 1.22551e-06
337 1.22618e-06
338 1.22685e-06
339 1.22752e-06
340 1.22817e-06
341 1.22882e-06
342 1.22946e-06
343 1.23009e-06
344 1.23072e-06
345 1.23134e-06
346 1.23197e-06
347 1.23259e-06
348 1.2332e-06
349 1.23382e-06
350 1.23444e-06
351 1.23506e-06
352 1.23568e-06
353 1.2363e-06
354 1.23693e-06
355 1.23755e-06
356 1.23818e-06
357 1.2388e-06
358 1.23942e-06
359 1.24006e-06
360 1.24069e-06
361 1.24132e-06
362 1.24196e-06
363 1.24259e-06
364 1.24324e-06
365 1.24388e-06
366 1.24453e-06
367 1.24517e-06
368 1.24583e-06
369 1.24648e-06
370 1.24713e-06
371 1.24778e-06
372 1.24843e-06
373 1.24907e-06
374 1.24971e-06
375 1.25034e-06
376 1.25097e-06
377 1.25159e-06
378 1.2522e-06
379 1.25281e-06
380 1.25342e-06
381 1.25402e-06
382 1.25461e-06
383 1.2552e-06
384 1.25579e-06
385 1.25638e-06
386 1.25696e-06
387 1.25754e-06
388 1.25813e-06
389 1.25871e-06
390 1.25929e-06
391 1.25986e-06
392 1.26044e-06
393 1.26101e-06
394 1.26158e-06
395 1.26216e-06
396 1.26272e-06
397 1.26329e-06
398 1.26385e-06
399 1.26442e-06
400 1.26498e-06
401 1.26555e-06
402 1.26611e-06
403 1.26667e-06
404 1.26724e-06
405 1.2678e-06
406 1.26837e-06
407 1.26893e-06
408 1.2695e-06
409 1.27006e-06
410 1.27063e-06
411 1.27119e-06
412 1.27176e-06
413 1.27232e-06
414 1.27289e-06
415 1.27345e-06
416 1.27402e-06
417 1.27458e-06
418 1.27515e-06
419 1.27571e-06
420 1.27628e-06
421 1.27684e-06
422 1.27741e-06
423 1.27797e-06
424 1.27854e-06
425 1.2791e-06
426 1.27967e-06
427 1.28023e-06
428 1.2808e-06
429 1.28136e-06
430 1.28193e-06
431 1.28249e-06
432 1.28306e-06
433 1.2836e-06
434 1.28415e-06
435 1.28469e-06
436 1.28524e-06
437 1.28579e-06
438 1.28633e-06
439 1.28688e-06
440 1.28743e-06
441 1.28797e-06
442 1.28852e-06
443 1.28907e-06
444 1.28961e-06
445 1.29016e-06
446 1.29071e-06
447 1.29125e-06
448 1.2918e-06
449 1.29235e-06
450 1.29289e-06
451 1.29344e-06
452 1.29399e-06
453 1.29453e-06
454 1.29508e-06
455 1.29563e-06
456 1.29617e-06
457 1.29672e-06
458 1.29727e-06
459 1.29781e-06
460 1.29836e-06
461 1.29891e-06
462 1.29945e-06
463 1.3e-06
Re:2240, We:2739
