0 0
1 4.43892e-11
2 1.47968e-10
3 2.83817e-10
4 4.52497e-10
5 6.51016e-10
6 8.76153e-10
7 1.12576e-09
8 1.39829e-09
9 1.69079e-09
10 2.00157e-09
11 2.32904e-09
12 2.67218e-09
13 3.02935e-09
14 3.39831e-09
15 3.77994e-09
16 4.1712e-09
17 4.57265e-09
18 4.98269e-09
19 5.39945e-09
20 5.8232e-09
21 6.25421e-09
22 6.69023e-09
23 7.13141e-09
24 7.57791e-09
25 8.02989e-09
26 8.48467e-09
27 8.94232e-09
28 9.40287e-09
29 9.8664e-09
30 1.0333e-08
31 1.08026e-08
32 1.12754e-08
33 1.17514e-08
34 1.22274e-08
35 1.27068e-08
36 1.31861e-08
37 1.36688e-08
38 1.41515e-08
39 1.46378e-08
40 1.5124e-08
41 1.56102e-08
42 1.61001e-08
43 1.65899e-08
44 1.70798e-08
45 1.75696e-08
46 1.80632e-08
47 1.85569e-08
48 1.90505e-08
49 1.95442e-08
50 2.00378e-08
51 2.05315e-08
52 2.10292e-08
53 2.15269e-08
54 2.20246e-08
55 2.25222e-08
56 2.30199e-08
57 2.35176e-08
58 2.40153e-08
59 2.45174e-08
60 2.50194e-08
61 2.55215e-08
62 2.60236e-08
63 2.65256e-08
64 2.70277e-08
65 2.75297e-08
66 2.80318e-08
67 2.85339e-08
68 2.90359e-08
69 2.9538e-08
70 3.004e-08
71 3.05421e-08
72 3.10441e-08
73 3.15462e-08
74 3.20483e-08
75 3.25503e-08
76 3.30524e-08
77 3.35544e-08
78 3.40565e-08
79 3.45586e-08
80 3.50606e-08
81 3.55627e-08
82 3.60647e-08
83 3.65668e-08
84 3.70633e-08
85 3.75598e-08
86 3.80562e-08
87 3.85527e-08
88 3.90492e-08
89 3.95457e-08
90 4.00422e-08
91 4.05386e-08
92 4.10351e-08
93 4.15316e-08
94 4.20281e-08
95 4.25246e-08
96 4.3021e-08
97 4.35175e-08
98 4.4014e-08
99 4.45105e-08
100 4.5007e-08
101 4.54967e-08
102 4.59865e-08
103 4.64763e-08
104 4.6966e-08
105 4.74558e-08
106 4.79456e-08
107 4.84353e-08
108 4.89251e-08
109 4.94149e-08
110 4.98972e-08
111 5.03796e-08
112 5.08619e-08
113 5.13443e-08
114 5.1819e-08
115 5.22937e-08
116 5.27684e-08
117 5.32431e-08
118 5.37098e-08
119 5.41766e-08
120 5.46205e-08
121 5.50431e-08
122 5.54463e-08
123 5.58315e-08
124 5.61895e-08
125 5.65281e-08
126 5.68534e-08
127 5.71622e-08
128 5.74456e-08
129 5.77072e-08
130 5.79336e-08
131 5.81363e-08
132 5.83391e-08
133 5.85063e-08
134 5.86569e-08
135 5.88076e-08
136 5.89592e-08
137 5.91119e-08
138 5.92556e-08
139 5.93975e-08
140 5.95403e-08
141 5.96841e-08
142 5.98289e-08
143 5.99746e-08
144 6.01136e-08
145 6.02536e-08
146 6.03955e-08
147 6.05403e-08
148 6.06882e-08
149 6.08405e-08
150 6.0994e-08
151 6.11498e-08
152 6.13093e-08
153 6.14728e-08
154 6.16404e-08
155 6.18124e-08
156 6.19907e-08
157 6.21724e-08
158 6.23576e-08
159 6.25466e-08
160 6.27414e-08
161 6.29404e-08
162 6.31438e-08
163 6.33544e-08
164 6.35674e-08
165 6.37857e-08
166 6.40125e-08
167 6.42424e-08
168 6.44786e-08
169 6.47216e-08
170 6.49721e-08
171 6.52305e-08
172 6.54975e-08
173 6.57738e-08
174 6.60552e-08
175 6.63474e-08
176 6.66455e-08
177 6.69562e-08
178 6.72738e-08
179 6.75989e-08
180 6.79318e-08
181 6.82823e-08
182 6.86425e-08
183 6.90133e-08
184 6.93957e-08
185 6.97909e-08
186 7.02001e-08
187 7.06094e-08
188 7.1035e-08
189 7.14791e-08
190 7.19233e-08
191 7.23896e-08
192 7.28559e-08
193 7.33497e-08
194 7.38435e-08
195 7.43725e-08
196 7.49015e-08
197 7.54306e-08
198 7.59596e-08
199 7.65474e-08
200 7.71353e-08
201 7.77231e-08
202 7.83109e-08
203 7.88987e-08
204 7.94865e-08
205 8.00744e-08
206 8.06622e-08
207 8.125e-08
Re:90, We:88
