---------------------------------------
Begin Slurm Prolog: Sep-04-2024 18:18:27
Job ID:    1228914
User ID:   wdunlop3
Account:   gts-ssuresh313
Job name:  DropletImpactExample3D
Partition: cpu-small
QOS:       embers
---------------------------------------
/scratch/1228914/ccVbefUz.o: In function `send_tree':
droplet_impact.c:(.text+0xa5af): undefined reference to `MPI_Isend'
droplet_impact.c:(.text+0xa5df): undefined reference to `MPI_Isend'
/scratch/1228914/ccVbefUz.o: In function `ppm_fallback':
droplet_impact.c:(.text+0xaf1e): undefined reference to `MPI_Abort'
/scratch/1228914/ccVbefUz.o: In function `compose_image':
droplet_impact.c:(.text+0xcbc8): undefined reference to `MPI_Op_create'
droplet_impact.c:(.text+0xcc16): undefined reference to `MPI_Type_create_struct'
droplet_impact.c:(.text+0xcc20): undefined reference to `MPI_Type_commit'
droplet_impact.c:(.text+0xccc5): undefined reference to `MPI_Reduce'
droplet_impact.c:(.text+0xcd17): undefined reference to `MPI_Reduce'
droplet_impact.c:(.text+0xcd2b): undefined reference to `MPI_Op_free'
droplet_impact.c:(.text+0xcd35): undefined reference to `MPI_Type_free'
droplet_impact.c:(.text+0xcd6b): undefined reference to `MPI_Reduce'
/scratch/1228914/ccVbefUz.o: In function `rcv_free_buf':
droplet_impact.c:(.text+0xd4e0): undefined reference to `MPI_Wtime'
droplet_impact.c:(.text+0xd4f6): undefined reference to `MPI_Wait'
droplet_impact.c:(.text+0xd51c): undefined reference to `MPI_Wtime'
/scratch/1228914/ccVbefUz.o: In function `mpi_init':
droplet_impact.c:(.text+0x152ca): undefined reference to `MPI_Initialized'
droplet_impact.c:(.text+0x152e1): undefined reference to `MPI_Comm_rank'
droplet_impact.c:(.text+0x152f0): undefined reference to `MPI_Comm_size'
droplet_impact.c:(.text+0x1531d): undefined reference to `MPI_Init'
droplet_impact.c:(.text+0x1532c): undefined reference to `MPI_Comm_set_errhandler'
/scratch/1228914/ccVbefUz.o: In function `stability_1':
droplet_impact.c:(.text+0x23d29): undefined reference to `MPI_Wtime'
droplet_impact.c:(.text+0x23d76): undefined reference to `MPI_Allreduce'
droplet_impact.c:(.text+0x23dab): undefined reference to `MPI_Wtime'
droplet_impact.c:(.text+0x23ddc): undefined reference to `MPI_Wtime'
droplet_impact.c:(.text+0x23e29): undefined reference to `MPI_Allreduce'
droplet_impact.c:(.text+0x23e5e): undefined reference to `MPI_Wtime'
droplet_impact.c:(.text+0x23e8f): undefined reference to `MPI_Wtime'
droplet_impact.c:(.text+0x24136): undefined reference to `MPI_Wtime'
droplet_impact.c:(.text+0x24183): undefined reference to `MPI_Allreduce'
droplet_impact.c:(.text+0x241b8): undefined reference to `MPI_Wtime'
droplet_impact.c:(.text+0x241e9): undefined reference to `MPI_Wtime'
droplet_impact.c:(.text+0x24236): undefined reference to `MPI_Allreduce'
droplet_impact.c:(.text+0x2426b): undefined reference to `MPI_Wtime'
droplet_impact.c:(.text+0x2429c): undefined reference to `MPI_Wtime'
droplet_impact.c:(.text+0x242e8): undefined reference to `MPI_Allreduce'
droplet_impact.c:(.text+0x2431c): undefined reference to `MPI_Wtime'
droplet_impact.c:(.text+0x24ae7): undefined reference to `MPI_Wtime'
droplet_impact.c:(.text+0x24b34): undefined reference to `MPI_Allreduce'
droplet_impact.c:(.text+0x24b7f): undefined reference to `MPI_Wtime'
droplet_impact.c:(.text+0x24bb0): undefined reference to `MPI_Wtime'
droplet_impact.c:(.text+0x24bfc): undefined reference to `MPI_Allreduce'
droplet_impact.c:(.text+0x24c31): undefined reference to `MPI_Wtime'
droplet_impact.c:(.text+0x24c62): undefined reference to `MPI_Wtime'
droplet_impact.c:(.text+0x24caf): undefined reference to `MPI_Allreduce'
droplet_impact.c:(.text+0x251f7): undefined reference to `MPI_Wtime'
droplet_impact.c:(.text+0x25243): undefined reference to `MPI_Allreduce'
droplet_impact.c:(.text+0x25278): undefined reference to `MPI_Wtime'
droplet_impact.c:(.text+0x252a9): undefined reference to `MPI_Wtime'
droplet_impact.c:(.text+0x252f6): undefined reference to `MPI_Allreduce'
droplet_impact.c:(.text+0x2532b): undefined reference to `MPI_Wtime'
droplet_impact.c:(.text+0x2535c): undefined reference to `MPI_Wtime'
/scratch/1228914/ccVbefUz.o: In function `interpolate_array':
droplet_impact.c:(.text+0x25b80): undefined reference to `MPI_Wtime'
droplet_impact.c:(.text+0x25bde): undefined reference to `MPI_Allreduce'
droplet_impact.c:(.text+0x25c1a): undefined reference to `MPI_Wtime'
droplet_impact.c:(.text+0x25f2a): undefined reference to `MPI_Allreduce'
/scratch/1228914/ccVbefUz.o: In function `interpolate':
droplet_impact.c:(.text+0x260c9): undefined reference to `MPI_Wtime'
droplet_impact.c:(.text+0x26115): undefined reference to `MPI_Allreduce'
droplet_impact.c:(.text+0x2613e): undefined reference to `MPI_Wtime'
/scratch/1228914/ccVbefUz.o: In function `residual':
droplet_impact.c:(.text+0x270ec): undefined reference to `MPI_Wtime'
droplet_impact.c:(.text+0x27138): undefined reference to `MPI_Allreduce'
droplet_impact.c:(.text+0x27165): undefined reference to `MPI_Wtime'
/scratch/1228914/ccVbefUz.o: In function `residual_viscosity':
droplet_impact.c:(.text+0x2865f): undefined reference to `MPI_Wtime'
droplet_impact.c:(.text+0x286ac): undefined reference to `MPI_Allreduce'
droplet_impact.c:(.text+0x28b01): undefined reference to `MPI_Wtime'
droplet_impact.c:(.text+0x28b4e): undefined reference to `MPI_Allreduce'
droplet_impact.c:(.text+0x28b83): undefined reference to `MPI_Wtime'
droplet_impact.c:(.text+0x299df): undefined reference to `MPI_Wtime'
droplet_impact.c:(.text+0x29a2c): undefined reference to `MPI_Allreduce'
droplet_impact.c:(.text+0x29a61): undefined reference to `MPI_Wtime'
droplet_impact.c:(.text+0x2a89f): undefined reference to `MPI_Wtime'
droplet_impact.c:(.text+0x2a8ec): undefined reference to `MPI_Allreduce'
droplet_impact.c:(.text+0x2a919): undefined reference to `MPI_Wtime'
droplet_impact.c:(.text+0x2b7b1): undefined reference to `MPI_Wtime'
droplet_impact.c:(.text+0x2b7fe): undefined reference to `MPI_Allreduce'
/scratch/1228914/ccVbefUz.o: In function `rcv_pid_sync':
droplet_impact.c:(.text+0x3c0e0): undefined reference to `MPI_Wtime'
droplet_impact.c:(.text+0x3ca11): undefined reference to `MPI_Isend'
droplet_impact.c:(.text+0x3ca33): undefined reference to `MPI_Wtime'
droplet_impact.c:(.text+0x3ca85): undefined reference to `MPI_Wtime'
droplet_impact.c:(.text+0x3cc2f): undefined reference to `MPI_Irecv'
droplet_impact.c:(.text+0x3cc88): undefined reference to `MPI_Wtime'
droplet_impact.c:(.text+0x3cd44): undefined reference to `MPI_Waitany'
droplet_impact.c:(.text+0x3d69f): undefined reference to `MPI_Get_count'
droplet_impact.c:(.text+0x3d6f9): undefined reference to `MPI_Abort'
droplet_impact.c:(.text+0x3d715): undefined reference to `MPI_Waitany'
/scratch/1228914/ccVbefUz.o: In function `mpi_recv_check.constprop.0':
droplet_impact.c:(.text+0x3e863): undefined reference to `MPI_Recv'
droplet_impact.c:(.text+0x3e890): undefined reference to `MPI_Error_string'
droplet_impact.c:(.text+0x3e8d7): undefined reference to `MPI_Abort'
/scratch/1228914/ccVbefUz.o: In function `check_snd_rcv_matrix':
droplet_impact.c:(.text+0x3f00b): undefined reference to `MPI_Wtime'
droplet_impact.c:(.text+0x3f038): undefined reference to `MPI_Allreduce'
droplet_impact.c:(.text+0x3f059): undefined reference to `MPI_Wtime'
droplet_impact.c:(.text+0x3f115): undefined reference to `MPI_Gather'
droplet_impact.c:(.text+0x3f14d): undefined reference to `MPI_Gather'
droplet_impact.c:(.text+0x3f17a): undefined reference to `MPI_Scatter'
droplet_impact.c:(.text+0x3f1c2): undefined reference to `MPI_Abort'
droplet_impact.c:(.text+0x3f2e3): undefined reference to `MPI_Gather'
droplet_impact.c:(.text+0x3f32e): undefined reference to `MPI_Gather'
droplet_impact.c:(.text+0x3f4f8): undefined reference to `MPI_Scatter'
/scratch/1228914/ccVbefUz.o: In function `mpi_boundary_update_buffers':
droplet_impact.c:(.text+0x3f5bf): undefined reference to `MPI_Wtime'
droplet_impact.c:(.text+0x3f92c): undefined reference to `MPI_Wtime'
/scratch/1228914/ccVbefUz.o: In function `mpi_boundary_refine':
droplet_impact.c:(.text+0x41d3d): undefined reference to `MPI_Wtime'
droplet_impact.c:(.text+0x41df9): undefined reference to `MPI_Isend'
droplet_impact.c:(.text+0x41e3e): undefined reference to `MPI_Isend'
droplet_impact.c:(.text+0x42235): undefined reference to `MPI_Wtime'
droplet_impact.c:(.text+0x42266): undefined reference to `MPI_Wtime'
droplet_impact.c:(.text+0x42291): undefined reference to `MPI_Allreduce'
droplet_impact.c:(.text+0x422b0): undefined reference to `MPI_Wtime'
droplet_impact.c:(.text+0x4232d): undefined reference to `MPI_Waitall'
/scratch/1228914/ccVbefUz.o: In function `mpi_partitioning':
droplet_impact.c:(.text+0x42496): undefined reference to `MPI_Wtime'
droplet_impact.c:(.text+0x42684): undefined reference to `MPI_Wtime'
/scratch/1228914/ccVbefUz.o: In function `balance.part.0':
droplet_impact.c:(.text+0x44f5a): undefined reference to `MPI_Wtime'
droplet_impact.c:(.text+0x44f8d): undefined reference to `MPI_Allreduce'
droplet_impact.c:(.text+0x44fb6): undefined reference to `MPI_Wtime'
droplet_impact.c:(.text+0x44fe7): undefined reference to `MPI_Wtime'
droplet_impact.c:(.text+0x4501a): undefined reference to `MPI_Allreduce'
droplet_impact.c:(.text+0x45043): undefined reference to `MPI_Wtime'
droplet_impact.c:(.text+0x45074): undefined reference to `MPI_Wtime'
droplet_impact.c:(.text+0x450aa): undefined reference to `MPI_Allreduce'
droplet_impact.c:(.text+0x450d6): undefined reference to `MPI_Wtime'
droplet_impact.c:(.text+0x4510d): undefined reference to `MPI_Wtime'
droplet_impact.c:(.text+0x45143): undefined reference to `MPI_Allreduce'
droplet_impact.c:(.text+0x45173): undefined reference to `MPI_Wtime'
droplet_impact.c:(.text+0x451b1): undefined reference to `MPI_Wtime'
droplet_impact.c:(.text+0x451e4): undefined reference to `MPI_Allreduce'
droplet_impact.c:(.text+0x4520d): undefined reference to `MPI_Wtime'
droplet_impact.c:(.text+0x45b17): undefined reference to `MPI_Wtime'
droplet_impact.c:(.text+0x45b4a): undefined reference to `MPI_Allreduce'
droplet_impact.c:(.text+0x45b71): undefined reference to `MPI_Wtime'
droplet_impact.c:(.text+0x462e4): undefined reference to `MPI_Wait'
droplet_impact.c:(.text+0x46302): undefined reference to `MPI_Wait'
droplet_impact.c:(.text+0x464ca): undefined reference to `MPI_Wait'
droplet_impact.c:(.text+0x464e7): undefined reference to `MPI_Wait'
/scratch/1228914/ccVbefUz.o: In function `refine_level':
droplet_impact.c:(.text+0x46d75): undefined reference to `MPI_Wtime'
droplet_impact.c:(.text+0x46da2): undefined reference to `MPI_Allreduce'
droplet_impact.c:(.text+0x46dc3): undefined reference to `MPI_Wtime'
/scratch/1228914/ccVbefUz.o: In function `adapt_wavelet':
droplet_impact.c:(.text+0x47ddf): undefined reference to `MPI_Wtime'
droplet_impact.c:(.text+0x47e12): undefined reference to `MPI_Allreduce'
droplet_impact.c:(.text+0x47e39): undefined reference to `MPI_Wtime'
droplet_impact.c:(.text+0x47e6a): undefined reference to `MPI_Wtime'
droplet_impact.c:(.text+0x47e9d): undefined reference to `MPI_Allreduce'
droplet_impact.c:(.text+0x47ec4): undefined reference to `MPI_Wtime'
/scratch/1228914/ccVbefUz.o: In function `timer_timing':
droplet_impact.c:(.text+0x4a70e): undefined reference to `MPI_Wtime'
droplet_impact.c:(.text+0x4a75b): undefined reference to `MPI_Allreduce'
droplet_impact.c:(.text+0x4a78f): undefined reference to `MPI_Wtime'
droplet_impact.c:(.text+0x4a83e): undefined reference to `MPI_Allgather'
droplet_impact.c:(.text+0x4a86b): undefined reference to `MPI_Wtime'
droplet_impact.c:(.text+0x4a898): undefined reference to `MPI_Allreduce'
droplet_impact.c:(.text+0x4a8bb): undefined reference to `MPI_Wtime'
droplet_impact.c:(.text+0x4a8ec): undefined reference to `MPI_Wtime'
droplet_impact.c:(.text+0x4a919): undefined reference to `MPI_Allreduce'
droplet_impact.c:(.text+0x4a93c): undefined reference to `MPI_Wtime'
droplet_impact.c:(.text+0x4a96d): undefined reference to `MPI_Wtime'
droplet_impact.c:(.text+0x4a99a): undefined reference to `MPI_Allreduce'
droplet_impact.c:(.text+0x4a9bd): undefined reference to `MPI_Wtime'
droplet_impact.c:(.text+0x4a9ee): undefined reference to `MPI_Wtime'
droplet_impact.c:(.text+0x4aa1b): undefined reference to `MPI_Allreduce'
droplet_impact.c:(.text+0x4aa3e): undefined reference to `MPI_Wtime'
droplet_impact.c:(.text+0x4aa6f): undefined reference to `MPI_Wtime'
droplet_impact.c:(.text+0x4aa9c): undefined reference to `MPI_Allreduce'
droplet_impact.c:(.text+0x4aabf): undefined reference to `MPI_Wtime'
/scratch/1228914/ccVbefUz.o: In function `normf':
droplet_impact.c:(.text+0x4b06f): undefined reference to `MPI_Wtime'
droplet_impact.c:(.text+0x4b0bc): undefined reference to `MPI_Allreduce'
droplet_impact.c:(.text+0x4b0fd): undefined reference to `MPI_Wtime'
droplet_impact.c:(.text+0x4b12e): undefined reference to `MPI_Wtime'
droplet_impact.c:(.text+0x4b17b): undefined reference to `MPI_Allreduce'
droplet_impact.c:(.text+0x4b1a8): undefined reference to `MPI_Wtime'
droplet_impact.c:(.text+0x4b1d9): undefined reference to `MPI_Wtime'
droplet_impact.c:(.text+0x4b226): undefined reference to `MPI_Allreduce'
droplet_impact.c:(.text+0x4b25a): undefined reference to `MPI_Wtime'
droplet_impact.c:(.text+0x4b28b): undefined reference to `MPI_Wtime'
droplet_impact.c:(.text+0x4b51e): undefined reference to `MPI_Wtime'
droplet_impact.c:(.text+0x4b56b): undefined reference to `MPI_Allreduce'
droplet_impact.c:(.text+0x4b5a0): undefined reference to `MPI_Wtime'
droplet_impact.c:(.text+0x4b5d1): undefined reference to `MPI_Wtime'
droplet_impact.c:(.text+0x4b61e): undefined reference to `MPI_Allreduce'
droplet_impact.c:(.text+0x4b64b): undefined reference to `MPI_Wtime'
droplet_impact.c:(.text+0x4b67c): undefined reference to `MPI_Wtime'
droplet_impact.c:(.text+0x4b6c9): undefined reference to `MPI_Allreduce'
droplet_impact.c:(.text+0x4b6fd): undefined reference to `MPI_Wtime'
droplet_impact.c:(.text+0x4b72e): undefined reference to `MPI_Wtime'
droplet_impact.c:(.text+0x4b77d): undefined reference to `MPI_Allreduce'
droplet_impact.c:(.text+0x4b7a9): undefined reference to `MPI_Wtime'
/scratch/1228914/ccVbefUz.o: In function `statsf':
droplet_impact.c:(.text+0x4bd00): undefined reference to `MPI_Wtime'
droplet_impact.c:(.text+0x4bd4d): undefined reference to `MPI_Allreduce'
droplet_impact.c:(.text+0x4bd86): undefined reference to `MPI_Wtime'
droplet_impact.c:(.text+0x4bdb7): undefined reference to `MPI_Wtime'
droplet_impact.c:(.text+0x4be04): undefined reference to `MPI_Allreduce'
droplet_impact.c:(.text+0x4be38): undefined reference to `MPI_Wtime'
droplet_impact.c:(.text+0x4be69): undefined reference to `MPI_Wtime'
droplet_impact.c:(.text+0x4beaf): undefined reference to `MPI_Allreduce'
droplet_impact.c:(.text+0x4bee4): undefined reference to `MPI_Wtime'
droplet_impact.c:(.text+0x4bf15): undefined reference to `MPI_Wtime'
droplet_impact.c:(.text+0x4bf62): undefined reference to `MPI_Allreduce'
droplet_impact.c:(.text+0x4bf96): undefined reference to `MPI_Wtime'
droplet_impact.c:(.text+0x4bfc7): undefined reference to `MPI_Wtime'
droplet_impact.c:(.text+0x4c014): undefined reference to `MPI_Allreduce'
droplet_impact.c:(.text+0x4c357): undefined reference to `MPI_Wtime'
droplet_impact.c:(.text+0x4c3a4): undefined reference to `MPI_Allreduce'
droplet_impact.c:(.text+0x4c3d1): undefined reference to `MPI_Wtime'
droplet_impact.c:(.text+0x4c402): undefined reference to `MPI_Wtime'
droplet_impact.c:(.text+0x4c451): undefined reference to `MPI_Allreduce'
droplet_impact.c:(.text+0x4c485): undefined reference to `MPI_Wtime'
droplet_impact.c:(.text+0x4c4b6): undefined reference to `MPI_Wtime'
droplet_impact.c:(.text+0x4c4fc): undefined reference to `MPI_Allreduce'
droplet_impact.c:(.text+0x4c531): undefined reference to `MPI_Wtime'
droplet_impact.c:(.text+0x4c562): undefined reference to `MPI_Wtime'
droplet_impact.c:(.text+0x4c5af): undefined reference to `MPI_Allreduce'
droplet_impact.c:(.text+0x4c5e3): undefined reference to `MPI_Wtime'
droplet_impact.c:(.text+0x4c614): undefined reference to `MPI_Wtime'
droplet_impact.c:(.text+0x4c661): undefined reference to `MPI_Allreduce'
droplet_impact.c:(.text+0x4c696): undefined reference to `MPI_Wtime'
/scratch/1228914/ccVbefUz.o: In function `change':
droplet_impact.c:(.text+0x4e9d3): undefined reference to `MPI_Wtime'
droplet_impact.c:(.text+0x4ea20): undefined reference to `MPI_Allreduce'
droplet_impact.c:(.text+0x4ea4d): undefined reference to `MPI_Wtime'
/scratch/1228914/ccVbefUz.o: In function `output_field':
droplet_impact.c:(.text+0x4f4e3): undefined reference to `MPI_Wtime'
droplet_impact.c:(.text+0x4f54c): undefined reference to `MPI_Allreduce'
droplet_impact.c:(.text+0x4f583): undefined reference to `MPI_Wtime'
droplet_impact.c:(.text+0x4f7aa): undefined reference to `MPI_Allreduce'
/scratch/1228914/ccVbefUz.o: In function `output_ppm':
droplet_impact.c:(.text+0x507d3): undefined reference to `MPI_Wtime'
droplet_impact.c:(.text+0x5083f): undefined reference to `MPI_Allreduce'
droplet_impact.c:(.text+0x50876): undefined reference to `MPI_Wtime'
droplet_impact.c:(.text+0x50a2b): undefined reference to `MPI_Allreduce'
/scratch/1228914/ccVbefUz.o: In function `output_gfs':
droplet_impact.c:(.text+0x511da): undefined reference to `MPI_Barrier'
droplet_impact.c:(.text+0x51605): undefined reference to `MPI_Bcast'
/scratch/1228914/ccVbefUz.o: In function `timestep':
droplet_impact.c:(.text+0x535a8): undefined reference to `MPI_Wtime'
droplet_impact.c:(.text+0x535f4): undefined reference to `MPI_Allreduce'
droplet_impact.c:(.text+0x53621): undefined reference to `MPI_Wtime'
/scratch/1228914/ccVbefUz.o: In function `mg_solve':
droplet_impact.c:(.text+0x59e23): undefined reference to `MPI_Wtime'
droplet_impact.c:(.text+0x59e77): undefined reference to `MPI_Allreduce'
droplet_impact.c:(.text+0x59eb0): undefined reference to `MPI_Wtime'
/scratch/1228914/ccVbefUz.o: In function `init_0':
droplet_impact.c:(.text+0x68e25): undefined reference to `MPI_Wtime'
droplet_impact.c:(.text+0x68e52): undefined reference to `MPI_Allreduce'
droplet_impact.c:(.text+0x68e73): undefined reference to `MPI_Wtime'
/scratch/1228914/ccVbefUz.o: In function `sweep_z':
droplet_impact.c:(.text+0x6c3a2): undefined reference to `MPI_Wtime'
droplet_impact.c:(.text+0x6c3ee): undefined reference to `MPI_Allreduce'
droplet_impact.c:(.text+0x6c41b): undefined reference to `MPI_Wtime'
/scratch/1228914/ccVbefUz.o: In function `sweep_y':
droplet_impact.c:(.text+0x6f77a): undefined reference to `MPI_Wtime'
droplet_impact.c:(.text+0x6f7c6): undefined reference to `MPI_Allreduce'
droplet_impact.c:(.text+0x6f7f3): undefined reference to `MPI_Wtime'
/scratch/1228914/ccVbefUz.o: In function `sweep_x':
droplet_impact.c:(.text+0x72b82): undefined reference to `MPI_Wtime'
droplet_impact.c:(.text+0x72bce): undefined reference to `MPI_Allreduce'
droplet_impact.c:(.text+0x72bfb): undefined reference to `MPI_Wtime'
/scratch/1228914/ccVbefUz.o: In function `interface_area':
droplet_impact.c:(.text+0x73f25): undefined reference to `MPI_Wtime'
droplet_impact.c:(.text+0x73f72): undefined reference to `MPI_Allreduce'
droplet_impact.c:(.text+0x73f9b): undefined reference to `MPI_Wtime'
/scratch/1228914/ccVbefUz.o: In function `curvature':
droplet_impact.c:(.text+0x7773b): undefined reference to `MPI_Wtime'
droplet_impact.c:(.text+0x77788): undefined reference to `MPI_Allreduce'
droplet_impact.c:(.text+0x777bc): undefined reference to `MPI_Wtime'
droplet_impact.c:(.text+0x777ed): undefined reference to `MPI_Wtime'
droplet_impact.c:(.text+0x7783a): undefined reference to `MPI_Allreduce'
droplet_impact.c:(.text+0x7786e): undefined reference to `MPI_Wtime'
droplet_impact.c:(.text+0x77e17): undefined reference to `MPI_Wtime'
droplet_impact.c:(.text+0x77e65): undefined reference to `MPI_Allreduce'
droplet_impact.c:(.text+0x77e92): undefined reference to `MPI_Wtime'
droplet_impact.c:(.text+0x77ec3): undefined reference to `MPI_Wtime'
droplet_impact.c:(.text+0x77f11): undefined reference to `MPI_Allreduce'
droplet_impact.c:(.text+0x77f3e): undefined reference to `MPI_Wtime'
/scratch/1228914/ccVbefUz.o: In function `finalize':
droplet_impact.c:(.text+0x9ff1): undefined reference to `MPI_Finalize'
/scratch/1228914/ccVbefUz.o: In function `mpi_all_reduce0':
droplet_impact.c:(.text+0x15171): undefined reference to `MPI_Allreduce'
collect2: error: ld returned 1 exit status
/var/lib/slurm/slurmd/job1228914/slurm_script: line 17: mpirun: command not found
---------------------------------------
Begin Slurm Epilog: Sep-04-2024 18:18:59
Job ID:        1228914
Array Job ID:  _4294967294
User ID:       wdunlop3
Account:       gts-ssuresh313
Job name:      DropletImpactExample3D
Resources:     cpu=1,mem=7G,node=1
Rsrc Used:     cput=00:00:32,vmem=455188K,walltime=00:00:32,mem=446336K,energy_used=0
Partition:     cpu-small
QOS:           embers
Nodes:         atl1-1-02-017-25-2
---------------------------------------
