0 0
1 7.10227e-09
2 2.32425e-08
3 4.32684e-08
4 6.69987e-08
5 9.43412e-08
6 1.24996e-07
7 1.58878e-07
8 1.95991e-07
9 2.36382e-07
10 2.80243e-07
11 3.27179e-07
12 3.76877e-07
13 4.29255e-07
14 4.8391e-07
15 5.40544e-07
16 5.99039e-07
17 6.59238e-07
18 7.20942e-07
19 7.84236e-07
20 8.48529e-07
21 9.14213e-07
22 9.80619e-07
23 1.04814e-06
24 1.11644e-06
25 1.18553e-06
26 1.25544e-06
27 1.32576e-06
28 1.39652e-06
29 1.4677e-06
30 1.53933e-06
31 1.61141e-06
32 1.68395e-06
33 1.75696e-06
34 1.82997e-06
35 1.90345e-06
36 1.97694e-06
37 2.05092e-06
38 2.1249e-06
39 2.19888e-06
40 2.27337e-06
41 2.34786e-06
42 2.42235e-06
43 2.49684e-06
44 2.57133e-06
45 2.64636e-06
46 2.72139e-06
47 2.79641e-06
48 2.87144e-06
49 2.94647e-06
50 3.02149e-06
51 3.09652e-06
52 3.17154e-06
53 3.24657e-06
54 3.3216e-06
55 3.39662e-06
56 3.47165e-06
57 3.54668e-06
58 3.62111e-06
59 3.69555e-06
60 3.76939e-06
61 3.84265e-06
62 3.91591e-06
63 3.98917e-06
64 4.06184e-06
65 4.1345e-06
66 4.20717e-06
67 4.27924e-06
68 4.35132e-06
69 4.42339e-06
70 4.49486e-06
71 4.56633e-06
72 4.6378e-06
73 4.70867e-06
74 4.77954e-06
75 4.8504e-06
76 4.92127e-06
77 4.99214e-06
78 5.06238e-06
79 5.13262e-06
80 5.20287e-06
81 5.27311e-06
82 5.34336e-06
83 5.4136e-06
84 5.4832e-06
85 5.5528e-06
86 5.6224e-06
87 5.692e-06
88 5.7616e-06
89 5.8312e-06
90 5.9008e-06
91 5.96973e-06
92 6.03798e-06
93 6.10557e-06
94 6.17317e-06
95 6.2401e-06
96 6.30703e-06
97 6.37264e-06
98 6.43826e-06
99 6.50323e-06
100 6.5682e-06
101 6.63251e-06
102 6.69619e-06
103 6.75986e-06
104 6.8229e-06
105 6.88593e-06
106 6.94769e-06
107 7.00944e-06
108 7.07057e-06
109 7.1317e-06
110 7.1922e-06
111 7.2527e-06
112 7.31319e-06
113 7.37305e-06
114 7.43292e-06
115 7.49214e-06
116 7.55136e-06
117 7.60995e-06
118 7.66854e-06
119 7.72713e-06
120 7.78507e-06
121 7.84301e-06
122 7.90031e-06
123 7.95761e-06
124 8.01427e-06
125 8.07093e-06
126 8.12758e-06
127 8.18424e-06
128 8.24024e-06
129 8.29623e-06
130 8.35157e-06
131 8.40691e-06
132 8.46159e-06
133 8.5044e-06
134 8.54125e-06
135 8.57692e-06
136 8.61259e-06
137 8.64826e-06
138 8.68423e-06
139 8.72019e-06
140 8.75646e-06
141 8.79304e-06
142 8.83027e-06
143 8.86784e-06
144 8.90575e-06
145 8.94401e-06
146 8.98228e-06
147 9.02091e-06
148 9.05954e-06
149 9.0978e-06
150 9.13605e-06
151 9.17431e-06
152 9.2104e-06
153 9.24549e-06
154 9.28058e-06
155 9.31567e-06
156 9.34978e-06
157 9.3839e-06
158 9.41801e-06
159 9.45149e-06
160 9.48497e-06
161 9.51844e-06
162 9.55129e-06
163 9.58382e-06
164 9.61636e-06
165 9.64858e-06
166 9.6805e-06
167 9.71242e-06
168 9.74373e-06
169 9.77445e-06
170 9.80546e-06
171 9.83589e-06
172 9.86631e-06
173 9.89674e-06
174 9.92686e-06
175 9.95641e-06
176 9.98568e-06
177 1.00149e-05
178 1.00436e-05
179 1.00721e-05
180 1.01005e-05
181 1.01289e-05
182 1.01565e-05
183 1.01841e-05
184 1.0212e-05
185 1.02396e-05
186 1.02667e-05
187 1.02937e-05
188 1.03211e-05
189 1.03481e-05
190 1.03749e-05
191 1.04017e-05
192 1.04285e-05
193 1.0455e-05
194 1.04812e-05
195 1.05078e-05
196 1.05343e-05
197 1.05608e-05
198 1.05873e-05
199 1.06138e-05
200 1.06403e-05
201 1.06671e-05
202 1.0694e-05
203 1.07208e-05
204 1.07476e-05
205 1.07744e-05
206 1.08015e-05
207 1.08287e-05
208 1.08558e-05
209 1.08833e-05
210 1.09108e-05
211 1.09383e-05
212 1.09658e-05
213 1.09933e-05
214 1.10211e-05
215 1.1049e-05
216 1.10769e-05
217 1.11048e-05
218 1.1133e-05
219 1.11613e-05
220 1.11896e-05
221 1.12184e-05
222 1.12471e-05
223 1.12758e-05
224 1.13046e-05
225 1.13338e-05
226 1.1363e-05
227 1.13923e-05
228 1.14215e-05
229 1.14507e-05
230 1.148e-05
231 1.15098e-05
232 1.15396e-05
233 1.15694e-05
234 1.15992e-05
235 1.1629e-05
236 1.16594e-05
237 1.16899e-05
238 1.17204e-05
239 1.17508e-05
240 1.17813e-05
241 1.18118e-05
242 1.1843e-05
243 1.18743e-05
244 1.19056e-05
245 1.19369e-05
246 1.19681e-05
247 1.19994e-05
248 1.20307e-05
249 1.20619e-05
250 1.20943e-05
251 1.21266e-05
252 1.2159e-05
253 1.21913e-05
254 1.22237e-05
255 1.2256e-05
256 1.22884e-05
257 1.23207e-05
258 1.23531e-05
259 1.23854e-05
260 1.24178e-05
261 1.24501e-05
262 1.24824e-05
263 1.25148e-05
264 1.25471e-05
265 1.25795e-05
266 1.26118e-05
267 1.26442e-05
268 1.26765e-05
269 1.27089e-05
270 1.27412e-05
271 1.27736e-05
272 1.28059e-05
273 1.28383e-05
274 1.28706e-05
275 1.2903e-05
276 1.29353e-05
277 1.29677e-05
278 1.3e-05
Re:3585, We:1753
