0 0
1 1.59801e-08
2 5.23408e-08
3 9.78201e-08
4 1.52208e-07
5 2.15055e-07
6 2.86045e-07
7 3.64966e-07
8 4.52496e-07
9 5.48169e-07
10 6.51043e-07
11 7.60617e-07
12 8.75959e-07
13 9.967e-07
14 1.12227e-06
15 1.25249e-06
16 1.38709e-06
17 1.52503e-06
18 1.66648e-06
19 1.8109e-06
20 1.95763e-06
21 2.10677e-06
22 2.25841e-06
23 2.41177e-06
24 2.56691e-06
25 2.72386e-06
26 2.8827e-06
27 3.04251e-06
28 3.20329e-06
29 3.36507e-06
30 3.52787e-06
31 3.6917e-06
32 3.85659e-06
33 4.02256e-06
34 4.18853e-06
35 4.35561e-06
36 4.52269e-06
37 4.6909e-06
38 4.85911e-06
39 5.02733e-06
40 5.19672e-06
41 5.3661e-06
42 5.53549e-06
43 5.70488e-06
44 5.8755e-06
45 6.04612e-06
46 6.21673e-06
47 6.38735e-06
48 6.55797e-06
49 6.72858e-06
50 6.8992e-06
51 7.06982e-06
52 7.23913e-06
53 7.40845e-06
54 7.57646e-06
55 7.74318e-06
56 7.9099e-06
57 8.07532e-06
58 8.24075e-06
59 8.40489e-06
60 8.56902e-06
61 8.73186e-06
62 8.89471e-06
63 9.05755e-06
64 9.22039e-06
65 9.38323e-06
66 9.54608e-06
67 9.70758e-06
68 9.86909e-06
69 1.00293e-05
70 1.01894e-05
71 1.03483e-05
72 1.05071e-05
73 1.06646e-05
74 1.08208e-05
75 1.0977e-05
76 1.11318e-05
77 1.12867e-05
78 1.14402e-05
79 1.15938e-05
80 1.1746e-05
81 1.18982e-05
82 1.20491e-05
83 1.21999e-05
84 1.23482e-05
85 1.24965e-05
86 1.26434e-05
87 1.27904e-05
88 1.2936e-05
89 1.30817e-05
90 1.32261e-05
91 1.33704e-05
92 1.35135e-05
93 1.36565e-05
94 1.37983e-05
95 1.39401e-05
96 1.40818e-05
97 1.42223e-05
98 1.43627e-05
99 1.45018e-05
100 1.4641e-05
101 1.47788e-05
102 1.49166e-05
103 1.50531e-05
104 1.51896e-05
105 1.53261e-05
106 1.54627e-05
107 1.55978e-05
108 1.5733e-05
109 1.58682e-05
110 1.60033e-05
111 1.61371e-05
112 1.62709e-05
113 1.64047e-05
114 1.65372e-05
115 1.66696e-05
116 1.68006e-05
117 1.69317e-05
118 1.70614e-05
119 1.7191e-05
120 1.73193e-05
121 1.74476e-05
122 1.75745e-05
123 1.77014e-05
124 1.78269e-05
125 1.79525e-05
126 1.80766e-05
127 1.82008e-05
128 1.83235e-05
129 1.84185e-05
130 1.85052e-05
131 1.85919e-05
132 1.86799e-05
133 1.87695e-05
134 1.88599e-05
135 1.8951e-05
136 1.90421e-05
137 1.91341e-05
138 1.92269e-05
139 1.93197e-05
140 1.94125e-05
141 1.95053e-05
142 1.95981e-05
143 1.96892e-05
144 1.97785e-05
145 1.98679e-05
146 1.99581e-05
147 2.00466e-05
148 2.01351e-05
149 2.02236e-05
150 2.03112e-05
151 2.03989e-05
152 2.04865e-05
153 2.05733e-05
154 2.06583e-05
155 2.07434e-05
156 2.08285e-05
157 2.09127e-05
158 2.09969e-05
159 2.10811e-05
160 2.11628e-05
161 2.12445e-05
162 2.13262e-05
163 2.1407e-05
164 2.14863e-05
165 2.15655e-05
166 2.16447e-05
167 2.17223e-05
168 2.17999e-05
169 2.18767e-05
170 2.19527e-05
171 2.20287e-05
172 2.21024e-05
173 2.21761e-05
174 2.22498e-05
175 2.2322e-05
176 2.23941e-05
177 2.24663e-05
178 2.2537e-05
179 2.26076e-05
180 2.26783e-05
181 2.27482e-05
182 2.28181e-05
183 2.2888e-05
184 2.29564e-05
185 2.30248e-05
186 2.30933e-05
187 2.31602e-05
188 2.32271e-05
189 2.3294e-05
190 2.33609e-05
191 2.34279e-05
192 2.34948e-05
193 2.35617e-05
194 2.36271e-05
195 2.36925e-05
196 2.37578e-05
197 2.38232e-05
198 2.38886e-05
199 2.3954e-05
200 2.40194e-05
201 2.40848e-05
202 2.41501e-05
203 2.42155e-05
204 2.42801e-05
205 2.43446e-05
206 2.44092e-05
207 2.44746e-05
208 2.454e-05
209 2.46054e-05
210 2.46708e-05
211 2.47362e-05
212 2.48017e-05
213 2.48671e-05
214 2.49325e-05
215 2.49989e-05
216 2.50653e-05
217 2.51318e-05
218 2.51982e-05
219 2.52646e-05
220 2.5331e-05
221 2.53986e-05
222 2.54662e-05
223 2.55337e-05
224 2.56013e-05
225 2.56689e-05
226 2.57364e-05
227 2.5804e-05
228 2.58729e-05
229 2.59419e-05
230 2.60108e-05
231 2.60797e-05
232 2.61486e-05
233 2.62175e-05
234 2.62881e-05
235 2.63586e-05
236 2.64291e-05
237 2.64996e-05
238 2.65701e-05
239 2.66407e-05
240 2.67112e-05
241 2.67817e-05
242 2.68522e-05
243 2.69228e-05
244 2.69933e-05
245 2.70638e-05
246 2.71343e-05
247 2.72048e-05
248 2.72754e-05
249 2.73459e-05
250 2.74164e-05
251 2.74898e-05
252 2.75631e-05
253 2.76364e-05
254 2.77098e-05
255 2.77831e-05
256 2.78565e-05
257 2.79298e-05
258 2.80032e-05
259 2.80765e-05
260 2.81498e-05
261 2.82232e-05
262 2.82965e-05
263 2.83699e-05
264 2.84432e-05
265 2.85166e-05
266 2.85899e-05
267 2.86633e-05
268 2.87366e-05
269 2.88099e-05
270 2.88833e-05
271 2.89566e-05
272 2.903e-05
273 2.91033e-05
274 2.91767e-05
275 2.925e-05
Re:2016, We:493
