0 0
1 8.87784e-10
2 2.90782e-09
3 5.44234e-09
4 8.48091e-09
5 1.19951e-08
6 1.5968e-08
7 2.04006e-08
8 2.53076e-08
9 3.06578e-08
10 3.64135e-08
11 4.25471e-08
12 4.90061e-08
13 5.577e-08
14 6.28069e-08
15 7.00729e-08
16 7.75485e-08
17 8.52473e-08
18 9.31434e-08
19 1.01206e-07
20 1.09398e-07
21 1.17726e-07
22 1.26194e-07
23 1.34758e-07
24 1.43422e-07
25 1.52189e-07
26 1.61008e-07
27 1.69935e-07
28 1.78917e-07
29 1.87955e-07
30 1.9705e-07
31 2.06204e-07
32 2.15417e-07
33 2.2463e-07
34 2.33904e-07
35 2.43178e-07
36 2.52514e-07
37 2.61851e-07
38 2.71252e-07
39 2.80653e-07
40 2.90054e-07
41 2.99522e-07
42 3.08989e-07
43 3.18457e-07
44 3.27925e-07
45 3.37393e-07
46 3.4686e-07
47 3.56328e-07
48 3.65726e-07
49 3.75123e-07
50 3.84451e-07
51 3.93778e-07
52 4.03035e-07
53 4.12293e-07
54 4.2155e-07
55 4.30807e-07
56 4.39993e-07
57 4.49251e-07
58 4.58437e-07
59 4.67622e-07
60 4.76808e-07
61 4.85993e-07
62 4.95179e-07
63 5.0429e-07
64 5.13402e-07
65 5.22439e-07
66 5.31477e-07
67 5.4044e-07
68 5.4933e-07
69 5.5822e-07
70 5.67036e-07
71 5.75779e-07
72 5.84523e-07
73 5.93194e-07
74 6.01864e-07
75 6.1039e-07
76 6.18916e-07
77 6.27371e-07
78 6.35825e-07
79 6.44208e-07
80 6.52591e-07
81 6.60902e-07
82 6.69213e-07
83 6.77453e-07
84 6.85621e-07
85 6.9379e-07
86 7.01887e-07
87 7.09985e-07
88 7.18011e-07
89 7.26038e-07
90 7.34064e-07
91 7.42091e-07
92 7.50045e-07
93 7.57999e-07
94 7.65953e-07
95 7.73834e-07
96 7.81715e-07
97 7.89597e-07
98 7.97478e-07
99 8.05285e-07
100 8.13091e-07
101 8.20824e-07
102 8.28631e-07
103 8.36363e-07
104 8.44095e-07
105 8.51751e-07
106 8.59483e-07
107 8.67139e-07
108 8.74794e-07
109 8.82372e-07
110 8.89949e-07
111 8.9745e-07
112 9.0495e-07
113 9.12451e-07
114 9.19951e-07
115 9.27373e-07
116 9.34795e-07
117 9.42137e-07
118 9.4948e-07
119 9.56743e-07
120 9.64007e-07
121 9.71271e-07
122 9.78455e-07
123 9.85638e-07
124 9.92742e-07
125 9.99846e-07
126 1.00687e-06
127 1.01389e-06
128 1.02092e-06
129 1.02728e-06
130 1.03281e-06
131 1.03792e-06
132 1.04294e-06
133 1.048e-06
134 1.0531e-06
135 1.05826e-06
136 1.06345e-06
137 1.0687e-06
138 1.07395e-06
139 1.07925e-06
140 1.08455e-06
141 1.08974e-06
142 1.09479e-06
143 1.0997e-06
144 1.10448e-06
145 1.10917e-06
146 1.11377e-06
147 1.11826e-06
148 1.12274e-06
149 1.12719e-06
150 1.13148e-06
151 1.13577e-06
152 1.14006e-06
153 1.14435e-06
154 1.14864e-06
155 1.15294e-06
156 1.15711e-06
157 1.16125e-06
158 1.1654e-06
159 1.16954e-06
160 1.17368e-06
161 1.17782e-06
162 1.18188e-06
163 1.18595e-06
164 1.18998e-06
165 1.19397e-06
166 1.19796e-06
167 1.20191e-06
168 1.20583e-06
169 1.20967e-06
170 1.21352e-06
171 1.21733e-06
172 1.22114e-06
173 1.22491e-06
174 1.22865e-06
175 1.23239e-06
176 1.23606e-06
177 1.23973e-06
178 1.2434e-06
179 1.24693e-06
180 1.25047e-06
181 1.254e-06
182 1.25747e-06
183 1.26094e-06
184 1.2644e-06
185 1.2678e-06
186 1.27121e-06
187 1.27461e-06
188 1.27795e-06
189 1.28128e-06
190 1.28462e-06
191 1.28789e-06
192 1.29117e-06
193 1.29444e-06
194 1.29765e-06
195 1.30086e-06
196 1.30407e-06
197 1.30721e-06
198 1.31036e-06
199 1.31351e-06
200 1.31659e-06
201 1.31967e-06
202 1.32279e-06
203 1.32584e-06
204 1.32889e-06
205 1.33195e-06
206 1.33494e-06
207 1.33793e-06
208 1.34092e-06
209 1.34385e-06
210 1.34675e-06
211 1.34956e-06
212 1.35226e-06
213 1.35483e-06
214 1.35735e-06
215 1.35979e-06
216 1.36211e-06
217 1.36442e-06
218 1.36671e-06
219 1.36891e-06
220 1.37108e-06
221 1.37325e-06
222 1.37539e-06
223 1.3775e-06
224 1.37962e-06
225 1.38173e-06
226 1.38385e-06
227 1.38598e-06
228 1.38812e-06
229 1.39025e-06
230 1.3924e-06
231 1.39456e-06
232 1.39673e-06
233 1.39891e-06
234 1.4011e-06
235 1.4033e-06
236 1.40549e-06
237 1.40771e-06
238 1.40993e-06
239 1.41214e-06
240 1.41436e-06
241 1.41658e-06
242 1.41879e-06
243 1.42101e-06
244 1.42321e-06
245 1.4254e-06
246 1.42757e-06
247 1.42969e-06
248 1.43184e-06
249 1.43398e-06
250 1.43611e-06
251 1.43823e-06
252 1.44035e-06
253 1.44238e-06
254 1.44441e-06
255 1.44644e-06
256 1.4484e-06
257 1.45036e-06
258 1.4523e-06
259 1.45418e-06
260 1.45606e-06
261 1.45789e-06
262 1.45971e-06
263 1.46153e-06
264 1.4633e-06
265 1.46506e-06
266 1.46682e-06
267 1.46854e-06
268 1.47026e-06
269 1.47196e-06
270 1.47364e-06
271 1.47532e-06
272 1.47698e-06
273 1.47863e-06
274 1.48027e-06
275 1.4819e-06
276 1.48353e-06
277 1.48515e-06
278 1.48676e-06
279 1.48837e-06
280 1.48997e-06
281 1.49156e-06
282 1.49315e-06
283 1.49474e-06
284 1.49631e-06
285 1.49788e-06
286 1.49945e-06
287 1.501e-06
288 1.50255e-06
289 1.5041e-06
290 1.50561e-06
291 1.5071e-06
292 1.50858e-06
293 1.51005e-06
294 1.51149e-06
295 1.51289e-06
296 1.51426e-06
297 1.51559e-06
298 1.51691e-06
299 1.51821e-06
300 1.51948e-06
301 1.52074e-06
302 1.52199e-06
303 1.52325e-06
304 1.52449e-06
305 1.52572e-06
306 1.52694e-06
307 1.52817e-06
308 1.52939e-06
309 1.53062e-06
310 1.53186e-06
311 1.5331e-06
312 1.53434e-06
313 1.5356e-06
314 1.53688e-06
315 1.53818e-06
316 1.53947e-06
317 1.54079e-06
318 1.54213e-06
319 1.54346e-06
320 1.5448e-06
321 1.54616e-06
322 1.54752e-06
323 1.5489e-06
324 1.55028e-06
325 1.55169e-06
326 1.5531e-06
327 1.55451e-06
328 1.55592e-06
329 1.55736e-06
330 1.5588e-06
331 1.56024e-06
332 1.56168e-06
333 1.56312e-06
334 1.56453e-06
335 1.56593e-06
336 1.56734e-06
337 1.56874e-06
338 1.57015e-06
339 1.57156e-06
340 1.57296e-06
341 1.57437e-06
342 1.57578e-06
343 1.57718e-06
344 1.57859e-06
345 1.58e-06
346 1.5814e-06
347 1.58281e-06
348 1.58421e-06
349 1.58557e-06
350 1.58693e-06
351 1.58829e-06
352 1.58965e-06
353 1.59101e-06
354 1.59232e-06
355 1.59363e-06
356 1.59493e-06
357 1.59624e-06
358 1.59755e-06
359 1.5988e-06
360 1.60004e-06
361 1.60129e-06
362 1.60254e-06
363 1.60379e-06
364 1.60504e-06
365 1.60628e-06
366 1.60753e-06
367 1.60878e-06
368 1.61003e-06
369 1.61127e-06
370 1.61252e-06
371 1.61377e-06
372 1.61502e-06
373 1.61613e-06
374 1.61724e-06
375 1.61835e-06
376 1.61945e-06
377 1.62056e-06
378 1.62145e-06
379 1.62234e-06
380 1.62323e-06
381 1.62411e-06
382 1.625e-06
Re:1792, We:1753
