0 0
1 5.91856e-10
2 1.94528e-09
3 3.6951e-09
4 5.83724e-09
5 8.36657e-09
6 1.12641e-08
7 1.44932e-08
8 1.80207e-08
9 2.18254e-08
10 2.5877e-08
11 3.01582e-08
12 3.46398e-08
13 3.93214e-08
14 4.41548e-08
15 4.91509e-08
16 5.4296e-08
17 5.95462e-08
18 6.49346e-08
19 7.04098e-08
20 7.59754e-08
21 8.16347e-08
22 8.73587e-08
23 9.31831e-08
24 9.9042e-08
25 1.04971e-07
26 1.10937e-07
27 1.16977e-07
28 1.23054e-07
29 1.29171e-07
30 1.35327e-07
31 1.41523e-07
32 1.47719e-07
33 1.53956e-07
34 1.60236e-07
35 1.66516e-07
36 1.72839e-07
37 1.79161e-07
38 1.85484e-07
39 1.91852e-07
40 1.9822e-07
41 2.04587e-07
42 2.10955e-07
43 2.17323e-07
44 2.23691e-07
45 2.30058e-07
46 2.36426e-07
47 2.42794e-07
48 2.49114e-07
49 2.55433e-07
50 2.61753e-07
51 2.68025e-07
52 2.74297e-07
53 2.80568e-07
54 2.8684e-07
55 2.93062e-07
56 2.99285e-07
57 3.05459e-07
58 3.11632e-07
59 3.17806e-07
60 3.2393e-07
61 3.30054e-07
62 3.36178e-07
63 3.42303e-07
64 3.48377e-07
65 3.54451e-07
66 3.60525e-07
67 3.66599e-07
68 3.72622e-07
69 3.78645e-07
70 3.84668e-07
71 3.90691e-07
72 3.96714e-07
73 4.02737e-07
74 4.0876e-07
75 4.14729e-07
76 4.20699e-07
77 4.26615e-07
78 4.32532e-07
79 4.38448e-07
80 4.44364e-07
81 4.50281e-07
82 4.56142e-07
83 4.62004e-07
84 4.67866e-07
85 4.73727e-07
86 4.79589e-07
87 4.85394e-07
88 4.91199e-07
89 4.97005e-07
90 5.0281e-07
91 5.08558e-07
92 5.14305e-07
93 5.20053e-07
94 5.25801e-07
95 5.31549e-07
96 5.37296e-07
97 5.43044e-07
98 5.48731e-07
99 5.54419e-07
100 5.60106e-07
101 5.65793e-07
102 5.7148e-07
103 5.77168e-07
104 5.82855e-07
105 5.88542e-07
106 5.94229e-07
107 5.99917e-07
108 6.05604e-07
109 6.11224e-07
110 6.16845e-07
111 6.22465e-07
112 6.28085e-07
113 6.33706e-07
114 6.39326e-07
115 6.44876e-07
116 6.50426e-07
117 6.55976e-07
118 6.61526e-07
119 6.67004e-07
120 6.72482e-07
121 6.77888e-07
122 6.83294e-07
123 6.88558e-07
124 6.93822e-07
125 6.98947e-07
126 7.03875e-07
127 7.07747e-07
128 7.11619e-07
129 7.15532e-07
130 7.19486e-07
131 7.23441e-07
132 7.27396e-07
133 7.31265e-07
134 7.35134e-07
135 7.39003e-07
136 7.42746e-07
137 7.46408e-07
138 7.5007e-07
139 7.53578e-07
140 7.56843e-07
141 7.60108e-07
142 7.6334e-07
143 7.66447e-07
144 7.69554e-07
145 7.726e-07
146 7.75531e-07
147 7.78463e-07
148 7.81394e-07
149 7.8427e-07
150 7.87173e-07
151 7.89941e-07
152 7.92709e-07
153 7.95477e-07
154 7.98245e-07
155 8.01013e-07
156 8.03781e-07
157 8.06521e-07
158 8.09262e-07
159 8.11823e-07
160 8.14385e-07
161 8.16946e-07
162 8.19508e-07
163 8.22069e-07
164 8.24656e-07
165 8.27243e-07
166 8.29778e-07
167 8.32339e-07
168 8.34849e-07
169 8.37359e-07
170 8.39844e-07
171 8.42328e-07
172 8.44813e-07
173 8.47298e-07
174 8.49706e-07
175 8.5214e-07
176 8.54573e-07
177 8.56981e-07
178 8.59364e-07
179 8.61673e-07
180 8.63982e-07
181 8.66315e-07
182 8.68624e-07
183 8.70933e-07
184 8.73242e-07
185 8.7555e-07
186 8.77859e-07
187 8.80168e-07
188 8.8245e-07
189 8.84733e-07
190 8.87016e-07
191 8.89299e-07
192 8.91529e-07
193 8.93709e-07
194 8.95888e-07
195 8.98093e-07
196 9.00273e-07
197 9.02452e-07
198 9.04631e-07
199 9.06784e-07
200 9.08964e-07
201 9.11117e-07
202 9.13243e-07
203 9.15369e-07
204 9.17495e-07
205 9.19621e-07
206 9.21668e-07
207 9.23688e-07
208 9.25709e-07
209 9.2773e-07
210 9.29751e-07
211 9.31772e-07
212 9.3374e-07
213 9.35708e-07
214 9.37677e-07
215 9.39645e-07
216 9.41587e-07
217 9.43502e-07
218 9.45418e-07
219 9.47281e-07
220 9.49145e-07
221 9.50983e-07
222 9.52822e-07
223 9.54634e-07
224 9.56422e-07
225 9.58235e-07
226 9.60022e-07
227 9.61809e-07
228 9.63596e-07
229 9.65357e-07
230 9.67118e-07
231 9.68879e-07
232 9.70639e-07
233 9.724e-07
234 9.74161e-07
235 9.75922e-07
236 9.77683e-07
237 9.79444e-07
238 9.81205e-07
239 9.82965e-07
240 9.84726e-07
241 9.86519e-07
242 9.88312e-07
243 9.90105e-07
244 9.91898e-07
245 9.9369e-07
246 9.95483e-07
247 9.97276e-07
248 9.99069e-07
249 1.00086e-06
250 1.00269e-06
251 1.00453e-06
252 1.00636e-06
253 1.00819e-06
254 1.01003e-06
255 1.01186e-06
256 1.01364e-06
257 1.01543e-06
258 1.01717e-06
259 1.01887e-06
260 1.02052e-06
261 1.02218e-06
262 1.02378e-06
263 1.02539e-06
264 1.027e-06
265 1.02861e-06
266 1.03018e-06
267 1.03174e-06
268 1.0333e-06
269 1.03487e-06
270 1.03638e-06
271 1.0379e-06
272 1.03941e-06
273 1.04092e-06
274 1.04239e-06
275 1.04385e-06
276 1.04531e-06
277 1.04677e-06
278 1.04824e-06
279 1.0497e-06
280 1.05116e-06
281 1.05262e-06
282 1.05416e-06
283 1.05569e-06
284 1.05723e-06
285 1.05877e-06
286 1.0603e-06
287 1.06184e-06
288 1.06337e-06
289 1.06491e-06
290 1.06644e-06
291 1.06798e-06
292 1.06951e-06
293 1.07105e-06
294 1.07259e-06
295 1.07412e-06
296 1.07544e-06
297 1.07675e-06
298 1.07807e-06
299 1.07938e-06
300 1.0807e-06
301 1.08202e-06
302 1.08333e-06
Re:672, We:493
