0 0
1 1.77557e-09
2 6.68225e-09
3 1.29435e-08
4 2.04021e-08
5 2.8946e-08
6 3.84758e-08
7 4.89028e-08
8 6.01347e-08
9 7.20818e-08
10 8.46926e-08
11 9.79366e-08
12 1.11701e-07
13 1.25966e-07
14 1.40702e-07
15 1.55869e-07
16 1.71418e-07
17 1.87287e-07
18 2.03406e-07
19 2.19874e-07
20 2.36523e-07
21 2.53453e-07
22 2.70576e-07
23 2.87898e-07
24 3.05322e-07
25 3.22955e-07
26 3.40695e-07
27 3.58543e-07
28 3.76503e-07
29 3.94575e-07
30 4.12763e-07
31 4.31067e-07
32 4.49372e-07
33 4.67797e-07
34 4.86222e-07
35 5.04771e-07
36 5.2332e-07
37 5.41869e-07
38 5.60546e-07
39 5.79222e-07
40 5.97899e-07
41 6.16576e-07
42 6.35253e-07
43 6.5393e-07
44 6.72742e-07
45 6.91554e-07
46 7.10366e-07
47 7.29178e-07
48 7.4799e-07
49 7.66802e-07
50 7.85614e-07
51 8.04426e-07
52 8.23238e-07
53 8.42051e-07
54 8.60863e-07
55 8.79675e-07
56 8.98487e-07
57 9.17299e-07
58 9.36111e-07
59 9.54923e-07
60 9.73582e-07
61 9.92242e-07
62 1.01075e-06
63 1.02925e-06
64 1.04761e-06
65 1.06596e-06
66 1.08431e-06
67 1.10267e-06
68 1.12086e-06
69 1.13906e-06
70 1.1571e-06
71 1.17515e-06
72 1.19319e-06
73 1.21123e-06
74 1.22912e-06
75 1.247e-06
76 1.26472e-06
77 1.28245e-06
78 1.30002e-06
79 1.31759e-06
80 1.33515e-06
81 1.35272e-06
82 1.37013e-06
83 1.38753e-06
84 1.40478e-06
85 1.42202e-06
86 1.43927e-06
87 1.45635e-06
88 1.47343e-06
89 1.49035e-06
90 1.50727e-06
91 1.52403e-06
92 1.54079e-06
93 1.55738e-06
94 1.57397e-06
95 1.59041e-06
96 1.60684e-06
97 1.62327e-06
98 1.6397e-06
99 1.65597e-06
100 1.67223e-06
101 1.68833e-06
102 1.70443e-06
103 1.72037e-06
104 1.7363e-06
105 1.75207e-06
106 1.76783e-06
107 1.78344e-06
108 1.79904e-06
109 1.81447e-06
110 1.82991e-06
111 1.84518e-06
112 1.86045e-06
113 1.87555e-06
114 1.89066e-06
115 1.90576e-06
116 1.92086e-06
117 1.9358e-06
118 1.95073e-06
119 1.96567e-06
120 1.98043e-06
121 1.99519e-06
122 2.00978e-06
123 2.02437e-06
124 2.03862e-06
125 2.05305e-06
126 2.06713e-06
127 2.08121e-06
128 2.09496e-06
129 2.10871e-06
130 2.12183e-06
131 2.13495e-06
132 2.14807e-06
133 2.16134e-06
134 2.17462e-06
135 2.18806e-06
136 2.2015e-06
137 2.21512e-06
138 2.22874e-06
139 2.24254e-06
140 2.25634e-06
141 2.27033e-06
142 2.28433e-06
143 2.29812e-06
144 2.31172e-06
145 2.32513e-06
146 2.33815e-06
147 2.35118e-06
148 2.36402e-06
149 2.37668e-06
150 2.38898e-06
151 2.4011e-06
152 2.41323e-06
153 2.42536e-06
154 2.43714e-06
155 2.44892e-06
156 2.4607e-06
157 2.47248e-06
158 2.48391e-06
159 2.49535e-06
160 2.50696e-06
161 2.51857e-06
162 2.53e-06
163 2.54143e-06
164 2.55304e-06
165 2.56466e-06
166 2.57627e-06
167 2.58789e-06
168 2.59951e-06
169 2.61112e-06
170 2.62274e-06
171 2.63435e-06
172 2.64597e-06
173 2.65759e-06
174 2.6692e-06
175 2.68082e-06
176 2.69243e-06
177 2.70405e-06
178 2.71567e-06
179 2.72728e-06
180 2.7389e-06
181 2.75051e-06
182 2.76213e-06
183 2.77374e-06
184 2.78536e-06
185 2.79669e-06
186 2.80803e-06
187 2.81936e-06
188 2.8304e-06
189 2.84144e-06
190 2.85249e-06
191 2.86323e-06
192 2.87397e-06
193 2.88472e-06
