0 0
1 2.36742e-09
2 7.74751e-09
3 1.44538e-08
4 2.2437e-08
5 3.16287e-08
6 4.19693e-08
7 5.34435e-08
8 6.60686e-08
9 7.98785e-08
10 9.48029e-08
11 1.10737e-07
12 1.2756e-07
13 1.45232e-07
14 1.636e-07
15 1.82728e-07
16 2.02399e-07
17 2.22649e-07
18 2.4341e-07
19 2.64601e-07
20 2.86243e-07
21 3.08238e-07
22 3.306e-07
23 3.53214e-07
24 3.76088e-07
25 3.9923e-07
26 4.22647e-07
27 4.46206e-07
28 4.69908e-07
29 4.93904e-07
30 5.18052e-07
31 5.42199e-07
32 5.66501e-07
33 5.90961e-07
34 6.15421e-07
35 6.40043e-07
36 6.64665e-07
37 6.89453e-07
38 7.14241e-07
39 7.39201e-07
40 7.6416e-07
41 7.89119e-07
42 8.14078e-07
43 8.39216e-07
44 8.64353e-07
45 8.89491e-07
46 9.14629e-07
47 9.39766e-07
48 9.64904e-07
49 9.90041e-07
50 1.01518e-06
51 1.04013e-06
52 1.06508e-06
53 1.08984e-06
54 1.11459e-06
55 1.13917e-06
56 1.16374e-06
57 1.18812e-06
58 1.2125e-06
59 1.23669e-06
60 1.26088e-06
61 1.28489e-06
62 1.30889e-06
63 1.33289e-06
64 1.3569e-06
65 1.38071e-06
66 1.40452e-06
67 1.42833e-06
68 1.45214e-06
69 1.47596e-06
70 1.49977e-06
71 1.52358e-06
72 1.54719e-06
73 1.5708e-06
74 1.59441e-06
75 1.61802e-06
76 1.64164e-06
77 1.66504e-06
78 1.68824e-06
79 1.71145e-06
80 1.73465e-06
81 1.75765e-06
82 1.78064e-06
83 1.80344e-06
84 1.82623e-06
85 1.84861e-06
86 1.871e-06
87 1.89318e-06
88 1.91536e-06
89 1.93734e-06
90 1.95933e-06
91 1.98091e-06
92 2.00249e-06
93 2.02407e-06
94 2.04526e-06
95 2.06664e-06
96 2.08763e-06
97 2.10862e-06
98 2.12941e-06
99 2.1502e-06
100 2.1708e-06
101 2.19139e-06
102 2.21199e-06
103 2.23239e-06
104 2.25278e-06
105 2.27298e-06
106 2.29318e-06
107 2.31318e-06
108 2.33318e-06
109 2.35319e-06
110 2.37319e-06
111 2.39299e-06
112 2.41279e-06
113 2.43238e-06
114 2.45198e-06
115 2.47158e-06
116 2.49097e-06
117 2.51037e-06
118 2.52955e-06
119 2.54874e-06
120 2.56773e-06
121 2.58671e-06
122 2.6057e-06
123 2.62468e-06
124 2.64346e-06
125 2.66224e-06
126 2.68101e-06
127 2.69979e-06
128 2.71835e-06
129 2.7367e-06
130 2.75506e-06
131 2.771e-06
132 2.7838e-06
133 2.7961e-06
134 2.8084e-06
135 2.8208e-06
136 2.8333e-06
137 2.84601e-06
138 2.85883e-06
139 2.87188e-06
140 2.88505e-06
141 2.89846e-06
142 2.91199e-06
143 2.92553e-06
144 2.9392e-06
145 2.95273e-06
146 2.96601e-06
147 2.97903e-06
148 2.99157e-06
149 3.00377e-06
150 3.01575e-06
151 3.02772e-06
152 3.03949e-06
153 3.05114e-06
154 3.0628e-06
155 3.07446e-06
156 3.0859e-06
157 3.09714e-06
158 3.10838e-06
159 3.11961e-06
160 3.13065e-06
161 3.14168e-06
162 3.15252e-06
163 3.16325e-06
164 3.17398e-06
165 3.18443e-06
166 3.19487e-06
167 3.20522e-06
168 3.21539e-06
169 3.22555e-06
170 3.23562e-06
171 3.24551e-06
172 3.2554e-06
173 3.2652e-06
174 3.27482e-06
175 3.28444e-06
176 3.29398e-06
177 3.30334e-06
178 3.31271e-06
179 3.32182e-06
180 3.33093e-06
181 3.34004e-06
182 3.34891e-06
183 3.35778e-06
184 3.36665e-06
185 3.37528e-06
186 3.38391e-06
187 3.39247e-06
188 3.40087e-06
189 3.40927e-06
190 3.41759e-06
191 3.42577e-06
192 3.43395e-06
193 3.44205e-06
194 3.45015e-06
195 3.45818e-06
196 3.46606e-06
197 3.47395e-06
198 3.48183e-06
199 3.48957e-06
200 3.49731e-06
201 3.50505e-06
202 3.51258e-06
203 3.52011e-06
204 3.52764e-06
205 3.53504e-06
206 3.54243e-06
207 3.54982e-06
208 3.55707e-06
209 3.56433e-06
210 3.57158e-06
211 3.57877e-06
212 3.58596e-06
213 3.59307e-06
214 3.60012e-06
215 3.60717e-06
216 3.61409e-06
217 3.62088e-06
218 3.6276e-06
219 3.63419e-06
220 3.64061e-06
221 3.64679e-06
222 3.65276e-06
223 3.65863e-06
224 3.66435e-06
225 3.66992e-06
226 3.67545e-06
227 3.68093e-06
228 3.68632e-06
229 3.69167e-06
230 3.69706e-06
231 3.70245e-06
232 3.70785e-06
233 3.71324e-06
234 3.71863e-06
235 3.72402e-06
236 3.72942e-06
237 3.73481e-06
238 3.74006e-06
239 3.74526e-06
240 3.75051e-06
241 3.75576e-06
242 3.76101e-06
243 3.76631e-06
244 3.77161e-06
245 3.77691e-06
246 3.78211e-06
247 3.78722e-06
248 3.79232e-06
249 3.79738e-06
250 3.80229e-06
251 3.80721e-06
252 3.81213e-06
253 3.81682e-06
254 3.82152e-06
255 3.82617e-06
256 3.83066e-06
257 3.83511e-06
258 3.83948e-06
259 3.8437e-06
260 3.84796e-06
261 3.85207e-06
262 3.85611e-06
263 3.86016e-06
264 3.86407e-06
265 3.86795e-06
266 3.87179e-06
267 3.87555e-06
268 3.8793e-06
269 3.88299e-06
270 3.88662e-06
271 3.89025e-06
272 3.89383e-06
273 3.8974e-06
274 3.90094e-06
275 3.90449e-06
276 3.90803e-06
277 3.91155e-06
278 3.91506e-06
279 3.91858e-06
280 3.922e-06
281 3.92543e-06
282 3.92878e-06
283 3.93206e-06
284 3.9353e-06
285 3.93843e-06
286 3.94154e-06
287 3.94458e-06
288 3.94757e-06
289 3.95056e-06
290 3.95348e-06
291 3.95641e-06
292 3.95931e-06
293 3.96216e-06
294 3.96499e-06
295 3.96783e-06
296 3.97066e-06
297 3.97347e-06
298 3.97624e-06
299 3.97901e-06
300 3.98178e-06
301 3.98452e-06
302 3.98725e-06
303 3.98995e-06
304 3.99266e-06
305 3.99532e-06
306 3.99796e-06
307 4.00054e-06
308 4.00312e-06
309 4.00566e-06
310 4.00816e-06
311 4.01066e-06
312 4.01316e-06
313 4.01566e-06
314 4.01816e-06
315 4.02065e-06
316 4.02311e-06
317 4.02553e-06
318 4.02794e-06
319 4.0303e-06
320 4.03265e-06
321 4.035e-06
322 4.03733e-06
323 4.03965e-06
324 4.04196e-06
325 4.04429e-06
326 4.04662e-06
327 4.04895e-06
328 4.05128e-06
329 4.05363e-06
330 4.05598e-06
331 4.05833e-06
332 4.0607e-06
333 4.06307e-06
334 4.06547e-06
335 4.06786e-06
336 4.07027e-06
337 4.07268e-06
338 4.07512e-06
339 4.07756e-06
340 4.07999e-06
341 4.08238e-06
342 4.08471e-06
343 4.08701e-06
344 4.08929e-06
345 4.09157e-06
346 4.09383e-06
347 4.09605e-06
348 4.09824e-06
349 4.10042e-06
350 4.1026e-06
351 4.10475e-06
352 4.10691e-06
353 4.10907e-06
354 4.11122e-06
355 4.11338e-06
356 4.11554e-06
357 4.11771e-06
358 4.11989e-06
359 4.12209e-06
360 4.12432e-06
361 4.12654e-06
362 4.12879e-06
363 4.13106e-06
364 4.13339e-06
365 4.13574e-06
366 4.13812e-06
367 4.1405e-06
368 4.14291e-06
369 4.14535e-06
370 4.14782e-06
371 4.1503e-06
372 4.1528e-06
373 4.15531e-06
374 4.15786e-06
375 4.1604e-06
376 4.16298e-06
377 4.16556e-06
378 4.16814e-06
379 4.17076e-06
380 4.17339e-06
381 4.17601e-06
382 4.17863e-06
383 4.1813e-06
384 4.18396e-06
385 4.18663e-06
386 4.1893e-06
387 4.19197e-06
388 4.19458e-06
389 4.19715e-06
390 4.19968e-06
391 4.2022e-06
392 4.20472e-06
393 4.20715e-06
394 4.20953e-06
395 4.21186e-06
396 4.2142e-06
397 4.21654e-06
398 4.21887e-06
399 4.22121e-06
400 4.22354e-06
401 4.22583e-06
402 4.22807e-06
403 4.23031e-06
404 4.2325e-06
405 4.23469e-06
406 4.23689e-06
407 4.23908e-06
408 4.24127e-06
409 4.24346e-06
410 4.24565e-06
411 4.24785e-06
412 4.25004e-06
413 4.25223e-06
414 4.25448e-06
415 4.25674e-06
416 4.25899e-06
417 4.26124e-06
418 4.26349e-06
419 4.26575e-06
420 4.26808e-06
421 4.27041e-06
422 4.27274e-06
423 4.27507e-06
424 4.2774e-06
425 4.27973e-06
426 4.28206e-06
427 4.28439e-06
428 4.28672e-06
429 4.28905e-06
430 4.29138e-06
431 4.29371e-06
432 4.29604e-06
433 4.29837e-06
434 4.30071e-06
435 4.30288e-06
436 4.30506e-06
437 4.30723e-06
438 4.30941e-06
439 4.31158e-06
440 4.31376e-06
441 4.31593e-06
442 4.31811e-06
443 4.32028e-06
444 4.32246e-06
445 4.32463e-06
446 4.32681e-06
447 4.32898e-06
448 4.33116e-06
449 4.33333e-06
Re:2689, We:1972
