0 0
1 5.3267e-09
2 2.00468e-08
3 3.87943e-08
4 6.11703e-08
5 8.68021e-08
6 1.15391e-07
7 1.46673e-07
8 1.80369e-07
9 2.16345e-07
10 2.54327e-07
11 2.94058e-07
12 3.35532e-07
13 3.7852e-07
14 4.22935e-07
15 4.68432e-07
16 5.15074e-07
17 5.62676e-07
18 6.11286e-07
19 6.60685e-07
20 7.10902e-07
21 7.6197e-07
22 8.13626e-07
23 8.65885e-07
24 9.18454e-07
25 9.71656e-07
26 1.02518e-06
27 1.07904e-06
28 1.13323e-06
29 1.18777e-06
30 1.24266e-06
31 1.2979e-06
32 1.35314e-06
33 1.40875e-06
34 1.46436e-06
35 1.52034e-06
36 1.57633e-06
37 1.6327e-06
38 1.68907e-06
39 1.74544e-06
40 1.80221e-06
41 1.85898e-06
42 1.91575e-06
43 1.97252e-06
44 2.02929e-06
45 2.08606e-06
46 2.14325e-06
47 2.20044e-06
48 2.25764e-06
49 2.31483e-06
50 2.37202e-06
51 2.42922e-06
52 2.48641e-06
53 2.5436e-06
54 2.6008e-06
55 2.65799e-06
56 2.71519e-06
57 2.77238e-06
58 2.82957e-06
59 2.88677e-06
60 2.94396e-06
61 3.00115e-06
62 3.05835e-06
63 3.11554e-06
64 3.17273e-06
65 3.22993e-06
66 3.28712e-06
67 3.34432e-06
68 3.40151e-06
69 3.4587e-06
70 3.5159e-06
71 3.57309e-06
72 3.63028e-06
73 3.68748e-06
74 3.74414e-06
75 3.8008e-06
76 3.85745e-06
77 3.91411e-06
78 3.97077e-06
79 4.02743e-06
80 4.08354e-06
81 4.13964e-06
82 4.19574e-06
83 4.25185e-06
84 4.30795e-06
85 4.36405e-06
86 4.42016e-06
87 4.47626e-06
88 4.53236e-06
89 4.58847e-06
90 4.64457e-06
91 4.70006e-06
92 4.75618e-06
93 4.81166e-06
94 4.86715e-06
95 4.92264e-06
96 4.97812e-06
97 5.03361e-06
98 5.0891e-06
99 5.14458e-06
100 5.20007e-06
101 5.25556e-06
102 5.31104e-06
103 5.36653e-06
104 5.42202e-06
105 5.47751e-06
106 5.53299e-06
107 5.58848e-06
108 5.64324e-06
109 5.69799e-06
110 5.75275e-06
111 5.80751e-06
112 5.86226e-06
113 5.91702e-06
114 5.97178e-06
115 6.02653e-06
116 6.08129e-06
117 6.13605e-06
118 6.1908e-06
119 6.24556e-06
120 6.30032e-06
121 6.35508e-06
122 6.40983e-06
123 6.46459e-06
124 6.51935e-06
125 6.57319e-06
126 6.62703e-06
127 6.67997e-06
128 6.7329e-06
129 6.77367e-06
130 6.81283e-06
131 6.84909e-06
132 6.88581e-06
133 6.92253e-06
134 6.95925e-06
135 6.99646e-06
136 7.03367e-06
137 7.0714e-06
138 7.10967e-06
139 7.14793e-06
140 7.18677e-06
141 7.22561e-06
142 7.26444e-06
143 7.3039e-06
144 7.34335e-06
145 7.3828e-06
146 7.42226e-06
147 7.46171e-06
148 7.50116e-06
149 7.53994e-06
150 7.57804e-06
151 7.61614e-06
152 7.65425e-06
153 7.69235e-06
154 7.73046e-06
155 7.76856e-06
156 7.80667e-06
157 7.84477e-06
158 7.88288e-06
159 7.92098e-06
160 7.95909e-06
161 7.99719e-06
162 8.03448e-06
163 8.07178e-06
164 8.10907e-06
165 8.14474e-06
166 8.18042e-06
167 8.21609e-06
168 8.25095e-06
169 8.28581e-06
170 8.31986e-06
171 8.35391e-06
172 8.38796e-06
173 8.42118e-06
174 8.45441e-06
175 8.4868e-06
176 8.51919e-06
177 8.55074e-06
178 8.5823e-06
179 8.61386e-06
180 8.64542e-06
181 8.67698e-06
182 8.70764e-06
183 8.7383e-06
184 8.76895e-06
185 8.79961e-06
186 8.83027e-06
187 8.85901e-06
188 8.88775e-06
189 8.91649e-06
190 8.94524e-06
191 8.97398e-06
192 9.00272e-06
193 9.03146e-06
194 9.0591e-06
195 9.08673e-06
196 9.11437e-06
197 9.14201e-06
198 9.16964e-06
199 9.19602e-06
200 9.2224e-06
201 9.24878e-06
202 9.27516e-06
203 9.30154e-06
204 9.32792e-06
205 9.3543e-06
206 9.38068e-06
207 9.4053e-06
208 9.42992e-06
209 9.45454e-06
210 9.47917e-06
211 9.50379e-06
212 9.52841e-06
213 9.55057e-06
214 9.57273e-06
215 9.59489e-06
216 9.61705e-06
217 9.6392e-06
218 9.66136e-06
219 9.68352e-06
220 9.70568e-06
221 9.72784e-06
222 9.75e-06
Re:672, We:164
