0 0 0
0 0 0
0 0 0
0 0 0
0 0 0
0 0 0
0 0 0
0 0 0
0 0 0
0 0 0
1 9.71591e-07 0.000426136
1 9.71591e-07 0.000426136
1 9.71591e-07 0.000426136
1 9.71591e-07 0.000426136
1 9.71591e-07 0.000426136
1 9.71591e-07 0.000426136
1 9.71591e-07 0.000426136
1 9.71591e-07 0.000426136
1 9.71591e-07 0.000426136
1 9.71591e-07 0.000426136
2 1.84857e-06 0.000810778
2 1.84857e-06 0.000810778
2 1.84857e-06 0.000810778
2 1.84857e-06 0.000810778
2 1.84857e-06 0.000810778
2 1.84857e-06 0.000810778
2 1.84857e-06 0.000810778
2 1.84857e-06 0.000810778
2 1.84857e-06 0.000810778
2 1.84857e-06 0.000810778
3 2.70173e-06 0.00118497
3 2.70173e-06 0.00118497
3 2.70173e-06 0.00118497
3 2.70173e-06 0.00118497
3 2.70173e-06 0.00118497
3 2.70173e-06 0.00118497
3 2.70173e-06 0.00118497
3 2.70173e-06 0.00118497
3 2.70173e-06 0.00118497
3 2.70173e-06 0.00118497
4 3.55584e-06 0.00155958
4 3.55584e-06 0.00155958
4 3.55584e-06 0.00155958
4 3.55584e-06 0.00155958
4 3.55584e-06 0.00155958
4 3.55584e-06 0.00155958
4 3.55584e-06 0.00155958
4 3.55584e-06 0.00155958
4 3.55584e-06 0.00155958
4 3.55584e-06 0.00155958
5 4.39952e-06 0.00192962
5 4.39952e-06 0.00192962
5 4.39952e-06 0.00192962
5 4.39952e-06 0.00192962
5 4.39952e-06 0.00192962
5 4.39952e-06 0.00192962
5 4.39952e-06 0.00192962
5 4.39952e-06 0.00192962
5 4.39952e-06 0.00192962
5 4.39952e-06 0.00192962
6 5.24396e-06 0.00229998
6 5.24396e-06 0.00229998
6 5.24396e-06 0.00229998
6 5.24396e-06 0.00229998
6 5.24396e-06 0.00229998
6 5.24396e-06 0.00229998
6 5.24396e-06 0.00229998
6 5.24396e-06 0.00229998
6 5.24396e-06 0.00229998
6 5.24396e-06 0.00229998
7 6.09002e-06 0.00267106
7 6.09002e-06 0.00267106
7 6.09002e-06 0.00267106
7 6.09002e-06 0.00267106
7 6.09002e-06 0.00267106
7 6.09002e-06 0.00267106
7 6.09002e-06 0.00267106
7 6.09002e-06 0.00267106
7 6.09002e-06 0.00267106
7 6.09002e-06 0.00267106
8 6.93803e-06 0.003043
8 6.93803e-06 0.003043
8 6.93803e-06 0.003043
8 6.93803e-06 0.003043
8 6.93803e-06 0.003043
8 6.93803e-06 0.003043
8 6.93803e-06 0.003043
8 6.93803e-06 0.003043
8 6.93803e-06 0.003043
8 6.93803e-06 0.003043
9 7.78718e-06 0.00341543
9 7.78718e-06 0.00341543
9 7.78718e-06 0.00341543
9 7.78718e-06 0.00341543
9 7.78718e-06 0.00341543
9 7.78718e-06 0.00341543
9 7.78718e-06 0.00341543
9 7.78718e-06 0.00341543
9 7.78718e-06 0.00341543
9 7.78718e-06 0.00341543
10 8.63811e-06 0.00378864
10 8.63811e-06 0.00378864
10 8.63811e-06 0.00378864
10 8.63811e-06 0.00378864
10 8.63811e-06 0.00378864
10 8.63811e-06 0.00378864
10 8.63811e-06 0.00378864
10 8.63811e-06 0.00378864
10 8.63811e-06 0.00378864
10 8.63811e-06 0.00378864
11 9.49044e-06 0.00416247
11 9.49044e-06 0.00416247
11 9.49044e-06 0.00416247
11 9.49044e-06 0.00416247
11 9.49044e-06 0.00416247
11 9.49044e-06 0.00416247
11 9.49044e-06 0.00416247
11 9.49044e-06 0.00416247
11 9.49044e-06 0.00416247
11 9.49044e-06 0.00416247
12 1.03429e-05 0.00453636
12 1.03429e-05 0.00453636
12 1.03429e-05 0.00453636
12 1.03429e-05 0.00453636
12 1.03429e-05 0.00453636
12 1.03429e-05 0.00453636
12 1.03429e-05 0.00453636
12 1.03429e-05 0.00453636
12 1.03429e-05 0.00453636
12 1.03429e-05 0.00453636
13 1.11956e-05 0.00491035
13 1.11956e-05 0.00491035
13 1.11956e-05 0.00491035
13 1.11956e-05 0.00491035
13 1.11956e-05 0.00491035
13 1.11956e-05 0.00491035
13 1.11956e-05 0.00491035
13 1.11956e-05 0.00491035
13 1.11956e-05 0.00491035
13 1.11956e-05 0.00491035
14 1.2049e-05 0.00528466
14 1.2049e-05 0.00528466
14 1.2049e-05 0.00528466
14 1.2049e-05 0.00528466
14 1.2049e-05 0.00528466
14 1.2049e-05 0.00528466
14 1.2049e-05 0.00528466
14 1.2049e-05 0.00528466
14 1.2049e-05 0.00528466
14 1.2049e-05 0.00528466
15 1.29033e-05 0.00565935
15 1.29033e-05 0.00565935
15 1.29033e-05 0.00565935
15 1.29033e-05 0.00565935
15 1.29033e-05 0.00565935
15 1.29033e-05 0.00565935
15 1.29033e-05 0.00565935
15 1.29033e-05 0.00565935
15 1.29033e-05 0.00565935
15 1.29033e-05 0.00565935
16 1.37581e-05 0.00603428
16 1.37581e-05 0.00603428
16 1.37581e-05 0.00603428
16 1.37581e-05 0.00603428
16 1.37581e-05 0.00603428
16 1.37581e-05 0.00603428
16 1.37581e-05 0.00603428
16 1.37581e-05 0.00603428
16 1.37581e-05 0.00603428
16 1.37581e-05 0.00603428
17 1.46137e-05 0.00640954
17 1.46137e-05 0.00640954
17 1.46137e-05 0.00640954
17 1.46137e-05 0.00640954
17 1.46137e-05 0.00640954
17 1.46137e-05 0.00640954
17 1.46137e-05 0.00640954
17 1.46137e-05 0.00640954
17 1.46137e-05 0.00640954
17 1.46137e-05 0.00640954
18 1.547e-05 0.00678511
18 1.547e-05 0.00678511
18 1.547e-05 0.00678511
18 1.547e-05 0.00678511
18 1.547e-05 0.00678511
18 1.547e-05 0.00678511
18 1.547e-05 0.00678511
18 1.547e-05 0.00678511
18 1.547e-05 0.00678511
18 1.547e-05 0.00678511
19 1.63273e-05 0.0071611
19 1.63273e-05 0.0071611
19 1.63273e-05 0.0071611
19 1.63273e-05 0.0071611
19 1.63273e-05 0.0071611
19 1.63273e-05 0.0071611
19 1.63273e-05 0.0071611
19 1.63273e-05 0.0071611
19 1.63273e-05 0.0071611
19 1.63273e-05 0.0071611
20 1.71852e-05 0.00753738
20 1.71852e-05 0.00753738
20 1.71852e-05 0.00753738
20 1.71852e-05 0.00753738
20 1.71852e-05 0.00753738
20 1.71852e-05 0.00753738
20 1.71852e-05 0.00753738
20 1.71852e-05 0.00753738
20 1.71852e-05 0.00753738
20 1.71852e-05 0.00753738
21 1.80437e-05 0.00791391
21 1.80437e-05 0.00791391
21 1.80437e-05 0.00791391
21 1.80437e-05 0.00791391
21 1.80437e-05 0.00791391
21 1.80437e-05 0.00791391
21 1.80437e-05 0.00791391
21 1.80437e-05 0.00791391
21 1.80437e-05 0.00791391
21 1.80437e-05 0.00791391
22 1.89031e-05 0.00829085
22 1.89031e-05 0.00829085
22 1.89031e-05 0.00829085
22 1.89031e-05 0.00829085
22 1.89031e-05 0.00829085
22 1.89031e-05 0.00829085
22 1.89031e-05 0.00829085
22 1.89031e-05 0.00829085
22 1.89031e-05 0.00829085
22 1.89031e-05 0.00829085
23 1.97627e-05 0.00866786
23 1.97627e-05 0.00866786
23 1.97627e-05 0.00866786
23 1.97627e-05 0.00866786
23 1.97627e-05 0.00866786
23 1.97627e-05 0.00866786
23 1.97627e-05 0.00866786
23 1.97627e-05 0.00866786
23 1.97627e-05 0.00866786
23 1.97627e-05 0.00866786
24 2.06229e-05 0.00904514
24 2.06229e-05 0.00904514
24 2.06229e-05 0.00904514
24 2.06229e-05 0.00904514
24 2.06229e-05 0.00904514
24 2.06229e-05 0.00904514
24 2.06229e-05 0.00904514
24 2.06229e-05 0.00904514
24 2.06229e-05 0.00904514
24 2.06229e-05 0.00904514
25 2.14841e-05 0.00942287
25 2.14841e-05 0.00942287
25 2.14841e-05 0.00942287
25 2.14841e-05 0.00942287
25 2.14841e-05 0.00942287
25 2.14841e-05 0.00942287
25 2.14841e-05 0.00942287
25 2.14841e-05 0.00942287
25 2.14841e-05 0.00942287
25 2.14841e-05 0.00942287
26 2.23469e-05 0.00980129
26 2.23469e-05 0.00980129
26 2.23469e-05 0.00980129
26 2.23469e-05 0.00980129
26 2.23469e-05 0.00980129
26 2.23469e-05 0.00980129
26 2.23469e-05 0.00980129
26 2.23469e-05 0.00980129
26 2.23469e-05 0.00980129
26 2.23469e-05 0.00980129
27 2.321e-05 0.0101798
27 2.321e-05 0.0101798
27 2.321e-05 0.0101798
27 2.321e-05 0.0101798
27 2.321e-05 0.0101798
27 2.321e-05 0.0101798
27 2.321e-05 0.0101798
27 2.321e-05 0.0101798
27 2.321e-05 0.0101798
27 2.321e-05 0.0101798
28 2.40741e-05 0.0105588
28 2.40741e-05 0.0105588
28 2.40741e-05 0.0105588
28 2.40741e-05 0.0105588
28 2.40741e-05 0.0105588
28 2.40741e-05 0.0105588
28 2.40741e-05 0.0105588
28 2.40741e-05 0.0105588
28 2.40741e-05 0.0105588
28 2.40741e-05 0.0105588
29 2.49394e-05 0.0109384
29 2.49394e-05 0.0109384
29 2.49394e-05 0.0109384
29 2.49394e-05 0.0109384
29 2.49394e-05 0.0109384
29 2.49394e-05 0.0109384
29 2.49394e-05 0.0109384
29 2.49394e-05 0.0109384
29 2.49394e-05 0.0109384
29 2.49394e-05 0.0109384
30 2.5806e-05 0.0113184
30 2.5806e-05 0.0113184
30 2.5806e-05 0.0113184
30 2.5806e-05 0.0113184
30 2.5806e-05 0.0113184
30 2.5806e-05 0.0113184
30 2.5806e-05 0.0113184
30 2.5806e-05 0.0113184
30 2.5806e-05 0.0113184
30 2.5806e-05 0.0113184
31 2.66733e-05 0.0116988
31 2.66733e-05 0.0116988
31 2.66733e-05 0.0116988
31 2.66733e-05 0.0116988
31 2.66733e-05 0.0116988
31 2.66733e-05 0.0116988
31 2.66733e-05 0.0116988
31 2.66733e-05 0.0116988
31 2.66733e-05 0.0116988
31 2.66733e-05 0.0116988
32 2.7541e-05 0.0120794
32 2.7541e-05 0.0120794
32 2.7541e-05 0.0120794
32 2.7541e-05 0.0120794
32 2.7541e-05 0.0120794
32 2.7541e-05 0.0120794
32 2.7541e-05 0.0120794
32 2.7541e-05 0.0120794
32 2.7541e-05 0.0120794
32 2.7541e-05 0.0120794
33 2.84106e-05 0.0124608
33 2.84106e-05 0.0124608
33 2.84106e-05 0.0124608
33 2.84106e-05 0.0124608
33 2.84106e-05 0.0124608
33 2.84106e-05 0.0124608
33 2.84106e-05 0.0124608
33 2.84106e-05 0.0124608
33 2.84106e-05 0.0124608
33 2.84106e-05 0.0124608
34 2.92821e-05 0.012843
34 2.92821e-05 0.012843
34 2.92821e-05 0.012843
34 2.92821e-05 0.012843
34 2.92821e-05 0.012843
34 2.92821e-05 0.012843
34 2.92821e-05 0.012843
34 2.92821e-05 0.012843
34 2.92821e-05 0.012843
34 2.92821e-05 0.012843
35 3.01549e-05 0.0132258
35 3.01549e-05 0.0132258
35 3.01549e-05 0.0132258
35 3.01549e-05 0.0132258
35 3.01549e-05 0.0132258
35 3.01549e-05 0.0132258
35 3.01549e-05 0.0132258
35 3.01549e-05 0.0132258
35 3.01549e-05 0.0132258
35 3.01549e-05 0.0132258
36 3.10289e-05 0.0136092
36 3.10289e-05 0.0136092
36 3.10289e-05 0.0136092
36 3.10289e-05 0.0136092
36 3.10289e-05 0.0136092
36 3.10289e-05 0.0136092
36 3.10289e-05 0.0136092
36 3.10289e-05 0.0136092
36 3.10289e-05 0.0136092
36 3.10289e-05 0.0136092
37 3.19054e-05 0.0139936
37 3.19054e-05 0.0139936
37 3.19054e-05 0.0139936
37 3.19054e-05 0.0139936
37 3.19054e-05 0.0139936
37 3.19054e-05 0.0139936
37 3.19054e-05 0.0139936
37 3.19054e-05 0.0139936
37 3.19054e-05 0.0139936
37 3.19054e-05 0.0139936
38 3.27845e-05 0.0143792
38 3.27845e-05 0.0143792
38 3.27845e-05 0.0143792
38 3.27845e-05 0.0143792
38 3.27845e-05 0.0143792
38 3.27845e-05 0.0143792
38 3.27845e-05 0.0143792
38 3.27845e-05 0.0143792
38 3.27845e-05 0.0143792
38 3.27845e-05 0.0143792
39 3.36648e-05 0.0147653
39 3.36648e-05 0.0147653
39 3.36648e-05 0.0147653
39 3.36648e-05 0.0147653
39 3.36648e-05 0.0147653
39 3.36648e-05 0.0147653
39 3.36648e-05 0.0147653
39 3.36648e-05 0.0147653
39 3.36648e-05 0.0147653
39 3.36648e-05 0.0147653
40 3.45464e-05 0.0151519
40 3.45464e-05 0.0151519
40 3.45464e-05 0.0151519
40 3.45464e-05 0.0151519
40 3.45464e-05 0.0151519
40 3.45464e-05 0.0151519
40 3.45464e-05 0.0151519
40 3.45464e-05 0.0151519
40 3.45464e-05 0.0151519
40 3.45464e-05 0.0151519
41 3.543e-05 0.0155395
41 3.543e-05 0.0155395
41 3.543e-05 0.0155395
41 3.543e-05 0.0155395
41 3.543e-05 0.0155395
41 3.543e-05 0.0155395
41 3.543e-05 0.0155395
41 3.543e-05 0.0155395
41 3.543e-05 0.0155395
41 3.543e-05 0.0155395
42 3.63082e-05 0.0159247
42 3.63082e-05 0.0159247
42 3.63082e-05 0.0159247
42 3.63082e-05 0.0159247
42 3.63082e-05 0.0159247
42 3.63082e-05 0.0159247
42 3.63082e-05 0.0159247
42 3.63082e-05 0.0159247
42 3.63082e-05 0.0159247
42 3.63082e-05 0.0159247
43 3.71882e-05 0.0163106
43 3.71882e-05 0.0163106
43 3.71882e-05 0.0163106
43 3.71882e-05 0.0163106
43 3.71882e-05 0.0163106
43 3.71882e-05 0.0163106
43 3.71882e-05 0.0163106
43 3.71882e-05 0.0163106
43 3.71882e-05 0.0163106
43 3.71882e-05 0.0163106
44 3.80696e-05 0.0166972
44 3.80696e-05 0.0166972
44 3.80696e-05 0.0166972
44 3.80696e-05 0.0166972
44 3.80696e-05 0.0166972
44 3.80696e-05 0.0166972
44 3.80696e-05 0.0166972
44 3.80696e-05 0.0166972
44 3.80696e-05 0.0166972
44 3.80696e-05 0.0166972
45 3.89492e-05 0.017083
45 3.89492e-05 0.017083
45 3.89492e-05 0.017083
45 3.89492e-05 0.017083
45 3.89492e-05 0.017083
45 3.89492e-05 0.017083
45 3.89492e-05 0.017083
45 3.89492e-05 0.017083
45 3.89492e-05 0.017083
45 3.89492e-05 0.017083
46 3.98309e-05 0.0174697
46 3.98309e-05 0.0174697
46 3.98309e-05 0.0174697
46 3.98309e-05 0.0174697
46 3.98309e-05 0.0174697
46 3.98309e-05 0.0174697
46 3.98309e-05 0.0174697
46 3.98309e-05 0.0174697
46 3.98309e-05 0.0174697
46 3.98309e-05 0.0174697
47 4.07154e-05 0.0178576
47 4.07154e-05 0.0178576
47 4.07154e-05 0.0178576
47 4.07154e-05 0.0178576
47 4.07154e-05 0.0178576
47 4.07154e-05 0.0178576
47 4.07154e-05 0.0178576
47 4.07154e-05 0.0178576
47 4.07154e-05 0.0178576
47 4.07154e-05 0.0178576
48 4.16013e-05 0.0182462
48 4.16013e-05 0.0182462
48 4.16013e-05 0.0182462
48 4.16013e-05 0.0182462
48 4.16013e-05 0.0182462
48 4.16013e-05 0.0182462
48 4.16013e-05 0.0182462
48 4.16013e-05 0.0182462
48 4.16013e-05 0.0182462
48 4.16013e-05 0.0182462
49 4.24857e-05 0.0186341
49 4.24857e-05 0.0186341
49 4.24857e-05 0.0186341
49 4.24857e-05 0.0186341
49 4.24857e-05 0.0186341
49 4.24857e-05 0.0186341
49 4.24857e-05 0.0186341
49 4.24857e-05 0.0186341
49 4.24857e-05 0.0186341
49 4.24857e-05 0.0186341
50 4.33769e-05 0.019025
50 4.33769e-05 0.019025
50 4.33769e-05 0.019025
50 4.33769e-05 0.019025
50 4.33769e-05 0.019025
50 4.33769e-05 0.019025
50 4.33769e-05 0.019025
50 4.33769e-05 0.019025
50 4.33769e-05 0.019025
50 4.33769e-05 0.019025
51 4.42764e-05 0.0194195
51 4.42764e-05 0.0194195
51 4.42764e-05 0.0194195
51 4.42764e-05 0.0194195
51 4.42764e-05 0.0194195
51 4.42764e-05 0.0194195
51 4.42764e-05 0.0194195
51 4.42764e-05 0.0194195
51 4.42764e-05 0.0194195
51 4.42764e-05 0.0194195
52 4.51765e-05 0.0198143
52 4.51765e-05 0.0198143
52 4.51765e-05 0.0198143
52 4.51765e-05 0.0198143
52 4.51765e-05 0.0198143
52 4.51765e-05 0.0198143
52 4.51765e-05 0.0198143
52 4.51765e-05 0.0198143
52 4.51765e-05 0.0198143
52 4.51765e-05 0.0198143
53 4.60867e-05 0.0202134
53 4.60867e-05 0.0202134
53 4.60867e-05 0.0202134
53 4.60867e-05 0.0202134
53 4.60867e-05 0.0202134
53 4.60867e-05 0.0202134
53 4.60867e-05 0.0202134
53 4.60867e-05 0.0202134
53 4.60867e-05 0.0202134
53 4.60867e-05 0.0202134
54 4.70082e-05 0.0206177
54 4.70082e-05 0.0206177
54 4.70082e-05 0.0206177
54 4.70082e-05 0.0206177
54 4.70082e-05 0.0206177
54 4.70082e-05 0.0206177
54 4.70082e-05 0.0206177
54 4.70082e-05 0.0206177
54 4.70082e-05 0.0206177
54 4.70082e-05 0.0206177
55 4.7941e-05 0.0210267
55 4.7941e-05 0.0210267
55 4.7941e-05 0.0210267
55 4.7941e-05 0.0210267
55 4.7941e-05 0.0210267
55 4.7941e-05 0.0210267
55 4.7941e-05 0.0210267
55 4.7941e-05 0.0210267
55 4.7941e-05 0.0210267
55 4.7941e-05 0.0210267
56 4.88834e-05 0.0214401
56 4.88834e-05 0.0214401
56 4.88834e-05 0.0214401
56 4.88834e-05 0.0214401
56 4.88834e-05 0.0214401
56 4.88834e-05 0.0214401
56 4.88834e-05 0.0214401
56 4.88834e-05 0.0214401
56 4.88834e-05 0.0214401
56 4.88834e-05 0.0214401
