0 0 0
0 0 0
0 0 0
0 0 0
0 0 0
0 0 0
0 0 0
0 0 0
0 0 0
0 0 0
1 1.31392e-06 0.00355114
1 1.31392e-06 0.00355114
1 1.31392e-06 0.00355114
1 1.31392e-06 0.00355114
1 1.31392e-06 0.00355114
1 1.31392e-06 0.00355114
1 1.31392e-06 0.00355114
1 1.31392e-06 0.00355114
1 1.31392e-06 0.00355114
1 1.31392e-06 0.00355114
2 4.38103e-06 0.0118406
2 4.38103e-06 0.0118406
2 4.38103e-06 0.0118406
2 4.38103e-06 0.0118406
2 4.38103e-06 0.0118406
2 4.38103e-06 0.0118406
2 4.38103e-06 0.0118406
2 4.38103e-06 0.0118406
2 4.38103e-06 0.0118406
2 4.38103e-06 0.0118406
3 8.04527e-06 0.021744
3 8.04527e-06 0.021744
3 8.04527e-06 0.021744
3 8.04527e-06 0.021744
3 8.04527e-06 0.021744
3 8.04527e-06 0.021744
3 8.04527e-06 0.021744
3 8.04527e-06 0.021744
3 8.04527e-06 0.021744
3 8.04527e-06 0.021744
4 1.22732e-05 0.0331709
4 1.22732e-05 0.0331709
4 1.22732e-05 0.0331709
4 1.22732e-05 0.0331709
4 1.22732e-05 0.0331709
4 1.22732e-05 0.0331709
4 1.22732e-05 0.0331709
4 1.22732e-05 0.0331709
4 1.22732e-05 0.0331709
4 1.22732e-05 0.0331709
5 1.69603e-05 0.0458385
5 1.69603e-05 0.0458385
5 1.69603e-05 0.0458385
5 1.69603e-05 0.0458385
5 1.69603e-05 0.0458385
5 1.69603e-05 0.0458385
5 1.69603e-05 0.0458385
5 1.69603e-05 0.0458385
5 1.69603e-05 0.0458385
5 1.69603e-05 0.0458385
6 2.20574e-05 0.0596145
6 2.20574e-05 0.0596145
6 2.20574e-05 0.0596145
6 2.20574e-05 0.0596145
6 2.20574e-05 0.0596145
6 2.20574e-05 0.0596145
6 2.20574e-05 0.0596145
6 2.20574e-05 0.0596145
6 2.20574e-05 0.0596145
6 2.20574e-05 0.0596145
7 2.75333e-05 0.0744144
7 2.75333e-05 0.0744144
7 2.75333e-05 0.0744144
7 2.75333e-05 0.0744144
7 2.75333e-05 0.0744144
7 2.75333e-05 0.0744144
7 2.75333e-05 0.0744144
7 2.75333e-05 0.0744144
7 2.75333e-05 0.0744144
7 2.75333e-05 0.0744144
8 3.33245e-05 0.0900661
8 3.33245e-05 0.0900661
8 3.33245e-05 0.0900661
8 3.33245e-05 0.0900661
8 3.33245e-05 0.0900661
8 3.33245e-05 0.0900661
8 3.33245e-05 0.0900661
8 3.33245e-05 0.0900661
8 3.33245e-05 0.0900661
8 3.33245e-05 0.0900661
9 3.93788e-05 0.106429
9 3.93788e-05 0.106429
9 3.93788e-05 0.106429
9 3.93788e-05 0.106429
9 3.93788e-05 0.106429
9 3.93788e-05 0.106429
9 3.93788e-05 0.106429
9 3.93788e-05 0.106429
9 3.93788e-05 0.106429
9 3.93788e-05 0.106429
10 4.56734e-05 0.123442
10 4.56734e-05 0.123442
10 4.56734e-05 0.123442
10 4.56734e-05 0.123442
10 4.56734e-05 0.123442
10 4.56734e-05 0.123442
10 4.56734e-05 0.123442
10 4.56734e-05 0.123442
10 4.56734e-05 0.123442
10 4.56734e-05 0.123442
11 5.21761e-05 0.141017
11 5.21761e-05 0.141017
11 5.21761e-05 0.141017
11 5.21761e-05 0.141017
11 5.21761e-05 0.141017
11 5.21761e-05 0.141017
11 5.21761e-05 0.141017
11 5.21761e-05 0.141017
11 5.21761e-05 0.141017
11 5.21761e-05 0.141017
12 5.88456e-05 0.159042
12 5.88456e-05 0.159042
12 5.88456e-05 0.159042
12 5.88456e-05 0.159042
12 5.88456e-05 0.159042
12 5.88456e-05 0.159042
12 5.88456e-05 0.159042
12 5.88456e-05 0.159042
12 5.88456e-05 0.159042
12 5.88456e-05 0.159042
13 6.5632e-05 0.177384
13 6.5632e-05 0.177384
13 6.5632e-05 0.177384
13 6.5632e-05 0.177384
13 6.5632e-05 0.177384
13 6.5632e-05 0.177384
13 6.5632e-05 0.177384
13 6.5632e-05 0.177384
13 6.5632e-05 0.177384
13 6.5632e-05 0.177384
14 7.26035e-05 0.196226
14 7.26035e-05 0.196226
14 7.26035e-05 0.196226
14 7.26035e-05 0.196226
14 7.26035e-05 0.196226
14 7.26035e-05 0.196226
14 7.26035e-05 0.196226
14 7.26035e-05 0.196226
14 7.26035e-05 0.196226
14 7.26035e-05 0.196226
15 7.97054e-05 0.21542
15 7.97054e-05 0.21542
15 7.97054e-05 0.21542
15 7.97054e-05 0.21542
15 7.97054e-05 0.21542
15 7.97054e-05 0.21542
15 7.97054e-05 0.21542
15 7.97054e-05 0.21542
15 7.97054e-05 0.21542
15 7.97054e-05 0.21542
16 8.70141e-05 0.235173
16 8.70141e-05 0.235173
16 8.70141e-05 0.235173
16 8.70141e-05 0.235173
16 8.70141e-05 0.235173
16 8.70141e-05 0.235173
16 8.70141e-05 0.235173
16 8.70141e-05 0.235173
16 8.70141e-05 0.235173
16 8.70141e-05 0.235173
17 9.44689e-05 0.255321
17 9.44689e-05 0.255321
17 9.44689e-05 0.255321
17 9.44689e-05 0.255321
17 9.44689e-05 0.255321
17 9.44689e-05 0.255321
17 9.44689e-05 0.255321
17 9.44689e-05 0.255321
17 9.44689e-05 0.255321
17 9.44689e-05 0.255321
18 0.000102077 0.275885
18 0.000102077 0.275885
18 0.000102077 0.275885
18 0.000102077 0.275885
18 0.000102077 0.275885
18 0.000102077 0.275885
18 0.000102077 0.275885
18 0.000102077 0.275885
18 0.000102077 0.275885
18 0.000102077 0.275885
19 0.000109848 0.296886
19 0.000109848 0.296886
19 0.000109848 0.296886
19 0.000109848 0.296886
19 0.000109848 0.296886
19 0.000109848 0.296886
19 0.000109848 0.296886
19 0.000109848 0.296886
19 0.000109848 0.296886
19 0.000109848 0.296886
20 0.000117789 0.318349
20 0.000117789 0.318349
20 0.000117789 0.318349
20 0.000117789 0.318349
20 0.000117789 0.318349
20 0.000117789 0.318349
20 0.000117789 0.318349
20 0.000117789 0.318349
20 0.000117789 0.318349
20 0.000117789 0.318349
21 0.000125911 0.3403
21 0.000125911 0.3403
21 0.000125911 0.3403
21 0.000125911 0.3403
21 0.000125911 0.3403
21 0.000125911 0.3403
21 0.000125911 0.3403
21 0.000125911 0.3403
21 0.000125911 0.3403
21 0.000125911 0.3403
22 0.000134224 0.362767
22 0.000134224 0.362767
22 0.000134224 0.362767
22 0.000134224 0.362767
22 0.000134224 0.362767
22 0.000134224 0.362767
22 0.000134224 0.362767
22 0.000134224 0.362767
22 0.000134224 0.362767
22 0.000134224 0.362767
23 0.000142637 0.385505
23 0.000142637 0.385505
23 0.000142637 0.385505
23 0.000142637 0.385505
23 0.000142637 0.385505
23 0.000142637 0.385505
23 0.000142637 0.385505
23 0.000142637 0.385505
23 0.000142637 0.385505
23 0.000142637 0.385505
24 0.00015126 0.408811
24 0.00015126 0.408811
24 0.00015126 0.408811
24 0.00015126 0.408811
24 0.00015126 0.408811
24 0.00015126 0.408811
24 0.00015126 0.408811
24 0.00015126 0.408811
24 0.00015126 0.408811
24 0.00015126 0.408811
25 0.000159994 0.432416
25 0.000159994 0.432416
25 0.000159994 0.432416
25 0.000159994 0.432416
25 0.000159994 0.432416
25 0.000159994 0.432416
25 0.000159994 0.432416
25 0.000159994 0.432416
25 0.000159994 0.432416
25 0.000159994 0.432416
26 0.000168961 0.45665
26 0.000168961 0.45665
26 0.000168961 0.45665
26 0.000168961 0.45665
26 0.000168961 0.45665
26 0.000168961 0.45665
26 0.000168961 0.45665
26 0.000168961 0.45665
26 0.000168961 0.45665
26 0.000168961 0.45665
27 0.00017805 0.481217
27 0.00017805 0.481217
27 0.00017805 0.481217
27 0.00017805 0.481217
27 0.00017805 0.481217
27 0.00017805 0.481217
27 0.00017805 0.481217
27 0.00017805 0.481217
27 0.00017805 0.481217
27 0.00017805 0.481217
28 0.000187399 0.506485
28 0.000187399 0.506485
28 0.000187399 0.506485
28 0.000187399 0.506485
28 0.000187399 0.506485
28 0.000187399 0.506485
28 0.000187399 0.506485
28 0.000187399 0.506485
28 0.000187399 0.506485
28 0.000187399 0.506485
29 0.000196886 0.532125
29 0.000196886 0.532125
29 0.000196886 0.532125
29 0.000196886 0.532125
29 0.000196886 0.532125
29 0.000196886 0.532125
29 0.000196886 0.532125
29 0.000196886 0.532125
29 0.000196886 0.532125
29 0.000196886 0.532125
30 0.000206517 0.558153
30 0.000206517 0.558153
30 0.000206517 0.558153
30 0.000206517 0.558153
30 0.000206517 0.558153
30 0.000206517 0.558153
30 0.000206517 0.558153
30 0.000206517 0.558153
30 0.000206517 0.558153
30 0.000206517 0.558153
31 0.000216298 0.584588
31 0.000216298 0.584588
31 0.000216298 0.584588
31 0.000216298 0.584588
31 0.000216298 0.584588
31 0.000216298 0.584588
31 0.000216298 0.584588
31 0.000216298 0.584588
31 0.000216298 0.584588
31 0.000216298 0.584588
32 0.000226399 0.61189
32 0.000226399 0.61189
32 0.000226399 0.61189
32 0.000226399 0.61189
32 0.000226399 0.61189
32 0.000226399 0.61189
32 0.000226399 0.61189
32 0.000226399 0.61189
32 0.000226399 0.61189
32 0.000226399 0.61189
33 0.000236672 0.639655
33 0.000236672 0.639655
33 0.000236672 0.639655
33 0.000236672 0.639655
33 0.000236672 0.639655
33 0.000236672 0.639655
33 0.000236672 0.639655
33 0.000236672 0.639655
33 0.000236672 0.639655
33 0.000236672 0.639655
34 0.000247125 0.667906
34 0.000247125 0.667906
34 0.000247125 0.667906
34 0.000247125 0.667906
34 0.000247125 0.667906
34 0.000247125 0.667906
34 0.000247125 0.667906
34 0.000247125 0.667906
34 0.000247125 0.667906
34 0.000247125 0.667906
35 0.000257769 0.696672
35 0.000257769 0.696672
35 0.000257769 0.696672
35 0.000257769 0.696672
35 0.000257769 0.696672
35 0.000257769 0.696672
35 0.000257769 0.696672
35 0.000257769 0.696672
35 0.000257769 0.696672
35 0.000257769 0.696672
36 0.000268613 0.72598
36 0.000268613 0.72598
36 0.000268613 0.72598
36 0.000268613 0.72598
36 0.000268613 0.72598
36 0.000268613 0.72598
36 0.000268613 0.72598
36 0.000268613 0.72598
36 0.000268613 0.72598
36 0.000268613 0.72598
37 0.000279669 0.755863
37 0.000279669 0.755863
37 0.000279669 0.755863
37 0.000279669 0.755863
37 0.000279669 0.755863
37 0.000279669 0.755863
37 0.000279669 0.755863
37 0.000279669 0.755863
37 0.000279669 0.755863
37 0.000279669 0.755863
38 0.000290951 0.786355
38 0.000290951 0.786355
38 0.000290951 0.786355
38 0.000290951 0.786355
38 0.000290951 0.786355
38 0.000290951 0.786355
38 0.000290951 0.786355
38 0.000290951 0.786355
38 0.000290951 0.786355
38 0.000290951 0.786355
39 0.000302474 0.817497
39 0.000302474 0.817497
39 0.000302474 0.817497
39 0.000302474 0.817497
39 0.000302474 0.817497
39 0.000302474 0.817497
39 0.000302474 0.817497
39 0.000302474 0.817497
39 0.000302474 0.817497
39 0.000302474 0.817497
40 0.000314252 0.84933
40 0.000314252 0.84933
40 0.000314252 0.84933
40 0.000314252 0.84933
40 0.000314252 0.84933
40 0.000314252 0.84933
40 0.000314252 0.84933
40 0.000314252 0.84933
40 0.000314252 0.84933
40 0.000314252 0.84933
41 0.000326304 0.881904
41 0.000326304 0.881904
41 0.000326304 0.881904
41 0.000326304 0.881904
41 0.000326304 0.881904
41 0.000326304 0.881904
41 0.000326304 0.881904
41 0.000326304 0.881904
41 0.000326304 0.881904
41 0.000326304 0.881904
42 0.000338651 0.915272
42 0.000338651 0.915272
42 0.000338651 0.915272
42 0.000338651 0.915272
42 0.000338651 0.915272
42 0.000338651 0.915272
42 0.000338651 0.915272
42 0.000338651 0.915272
42 0.000338651 0.915272
42 0.000338651 0.915272
43 0.000351313 0.949496
43 0.000351313 0.949496
43 0.000351313 0.949496
43 0.000351313 0.949496
43 0.000351313 0.949496
43 0.000351313 0.949496
43 0.000351313 0.949496
43 0.000351313 0.949496
43 0.000351313 0.949496
43 0.000351313 0.949496
44 0.000363976 0.98372
44 0.000363976 0.98372
44 0.000363976 0.98372
44 0.000363976 0.98372
44 0.000363976 0.98372
44 0.000363976 0.98372
44 0.000363976 0.98372
44 0.000363976 0.98372
44 0.000363976 0.98372
44 0.000363976 0.98372
45 0.000376991 1.01889
45 0.000376991 1.01889
45 0.000376991 1.01889
45 0.000376991 1.01889
45 0.000376991 1.01889
45 0.000376991 1.01889
45 0.000376991 1.01889
45 0.000376991 1.01889
45 0.000376991 1.01889
45 0.000376991 1.01889
46 0.000390388 1.0551
46 0.000390388 1.0551
46 0.000390388 1.0551
46 0.000390388 1.0551
46 0.000390388 1.0551
46 0.000390388 1.0551
46 0.000390388 1.0551
46 0.000390388 1.0551
46 0.000390388 1.0551
46 0.000390388 1.0551
47 0.000403785 1.09131
47 0.000403785 1.09131
47 0.000403785 1.09131
47 0.000403785 1.09131
47 0.000403785 1.09131
47 0.000403785 1.09131
47 0.000403785 1.09131
47 0.000403785 1.09131
47 0.000403785 1.09131
47 0.000403785 1.09131
48 0.000417615 1.12869
48 0.000417615 1.12869
48 0.000417615 1.12869
48 0.000417615 1.12869
48 0.000417615 1.12869
48 0.000417615 1.12869
48 0.000417615 1.12869
48 0.000417615 1.12869
48 0.000417615 1.12869
48 0.000417615 1.12869
49 0.000431444 1.16607
49 0.000431444 1.16607
49 0.000431444 1.16607
49 0.000431444 1.16607
49 0.000431444 1.16607
49 0.000431444 1.16607
49 0.000431444 1.16607
49 0.000431444 1.16607
49 0.000431444 1.16607
49 0.000431444 1.16607
50 0.000445768 1.20478
50 0.000445768 1.20478
50 0.000445768 1.20478
50 0.000445768 1.20478
50 0.000445768 1.20478
50 0.000445768 1.20478
50 0.000445768 1.20478
50 0.000445768 1.20478
50 0.000445768 1.20478
50 0.000445768 1.20478
51 0.000460091 1.24349
51 0.000460091 1.24349
51 0.000460091 1.24349
51 0.000460091 1.24349
51 0.000460091 1.24349
51 0.000460091 1.24349
51 0.000460091 1.24349
51 0.000460091 1.24349
51 0.000460091 1.24349
51 0.000460091 1.24349
52 0.000474415 1.2822
52 0.000474415 1.2822
52 0.000474415 1.2822
52 0.000474415 1.2822
52 0.000474415 1.2822
52 0.000474415 1.2822
52 0.000474415 1.2822
52 0.000474415 1.2822
52 0.000474415 1.2822
52 0.000474415 1.2822
53 0.000489335 1.32253
53 0.000489335 1.32253
53 0.000489335 1.32253
53 0.000489335 1.32253
53 0.000489335 1.32253
53 0.000489335 1.32253
53 0.000489335 1.32253
53 0.000489335 1.32253
53 0.000489335 1.32253
53 0.000489335 1.32253
54 0.000504255 1.36285
54 0.000504255 1.36285
54 0.000504255 1.36285
54 0.000504255 1.36285
54 0.000504255 1.36285
54 0.000504255 1.36285
54 0.000504255 1.36285
54 0.000504255 1.36285
54 0.000504255 1.36285
54 0.000504255 1.36285
55 0.000519175 1.40318
55 0.000519175 1.40318
55 0.000519175 1.40318
55 0.000519175 1.40318
55 0.000519175 1.40318
55 0.000519175 1.40318
55 0.000519175 1.40318
55 0.000519175 1.40318
55 0.000519175 1.40318
55 0.000519175 1.40318
56 0.000534096 1.4435
56 0.000534096 1.4435
56 0.000534096 1.4435
56 0.000534096 1.4435
56 0.000534096 1.4435
56 0.000534096 1.4435
56 0.000534096 1.4435
56 0.000534096 1.4435
56 0.000534096 1.4435
56 0.000534096 1.4435
57 0.000549801 1.48595
57 0.000549801 1.48595
57 0.000549801 1.48595
57 0.000549801 1.48595
57 0.000549801 1.48595
57 0.000549801 1.48595
57 0.000549801 1.48595
57 0.000549801 1.48595
57 0.000549801 1.48595
57 0.000549801 1.48595
58 0.000565507 1.5284
58 0.000565507 1.5284
58 0.000565507 1.5284
58 0.000565507 1.5284
58 0.000565507 1.5284
58 0.000565507 1.5284
58 0.000565507 1.5284
58 0.000565507 1.5284
58 0.000565507 1.5284
58 0.000565507 1.5284
59 0.000581212 1.57084
59 0.000581212 1.57084
59 0.000581212 1.57084
59 0.000581212 1.57084
59 0.000581212 1.57084
59 0.000581212 1.57084
59 0.000581212 1.57084
59 0.000581212 1.57084
59 0.000581212 1.57084
59 0.000581212 1.57084
60 0.000596918 1.61329
60 0.000596918 1.61329
60 0.000596918 1.61329
60 0.000596918 1.61329
60 0.000596918 1.61329
60 0.000596918 1.61329
60 0.000596918 1.61329
60 0.000596918 1.61329
60 0.000596918 1.61329
60 0.000596918 1.61329
61 0.000612623 1.65574
61 0.000612623 1.65574
61 0.000612623 1.65574
61 0.000612623 1.65574
61 0.000612623 1.65574
61 0.000612623 1.65574
61 0.000612623 1.65574
61 0.000612623 1.65574
61 0.000612623 1.65574
61 0.000612623 1.65574
62 0.000628329 1.69819
62 0.000628329 1.69819
62 0.000628329 1.69819
62 0.000628329 1.69819
62 0.000628329 1.69819
62 0.000628329 1.69819
62 0.000628329 1.69819
62 0.000628329 1.69819
62 0.000628329 1.69819
62 0.000628329 1.69819
63 0.000644034 1.74063
63 0.000644034 1.74063
63 0.000644034 1.74063
63 0.000644034 1.74063
63 0.000644034 1.74063
63 0.000644034 1.74063
63 0.000644034 1.74063
63 0.000644034 1.74063
63 0.000644034 1.74063
63 0.000644034 1.74063
64 0.00065974 1.78308
64 0.00065974 1.78308
64 0.00065974 1.78308
64 0.00065974 1.78308
64 0.00065974 1.78308
64 0.00065974 1.78308
64 0.00065974 1.78308
64 0.00065974 1.78308
64 0.00065974 1.78308
64 0.00065974 1.78308
65 0.000675445 1.82553
65 0.000675445 1.82553
65 0.000675445 1.82553
65 0.000675445 1.82553
65 0.000675445 1.82553
65 0.000675445 1.82553
65 0.000675445 1.82553
65 0.000675445 1.82553
65 0.000675445 1.82553
65 0.000675445 1.82553
66 0.000691151 1.86797
66 0.000691151 1.86797
66 0.000691151 1.86797
66 0.000691151 1.86797
66 0.000691151 1.86797
66 0.000691151 1.86797
66 0.000691151 1.86797
66 0.000691151 1.86797
66 0.000691151 1.86797
66 0.000691151 1.86797
67 0.000706856 1.91042
67 0.000706856 1.91042
67 0.000706856 1.91042
67 0.000706856 1.91042
67 0.000706856 1.91042
67 0.000706856 1.91042
67 0.000706856 1.91042
67 0.000706856 1.91042
67 0.000706856 1.91042
67 0.000706856 1.91042
68 0.000722562 1.95287
68 0.000722562 1.95287
68 0.000722562 1.95287
68 0.000722562 1.95287
68 0.000722562 1.95287
68 0.000722562 1.95287
68 0.000722562 1.95287
68 0.000722562 1.95287
68 0.000722562 1.95287
68 0.000722562 1.95287
69 0.000738267 1.99532
69 0.000738267 1.99532
69 0.000738267 1.99532
69 0.000738267 1.99532
69 0.000738267 1.99532
69 0.000738267 1.99532
69 0.000738267 1.99532
69 0.000738267 1.99532
69 0.000738267 1.99532
69 0.000738267 1.99532
70 0.000753973 2.03776
70 0.000753973 2.03776
70 0.000753973 2.03776
70 0.000753973 2.03776
70 0.000753973 2.03776
70 0.000753973 2.03776
70 0.000753973 2.03776
70 0.000753973 2.03776
70 0.000753973 2.03776
70 0.000753973 2.03776
71 0.000769678 2.08021
71 0.000769678 2.08021
71 0.000769678 2.08021
71 0.000769678 2.08021
71 0.000769678 2.08021
71 0.000769678 2.08021
71 0.000769678 2.08021
71 0.000769678 2.08021
71 0.000769678 2.08021
71 0.000769678 2.08021
72 0.000785384 2.12266
72 0.000785384 2.12266
72 0.000785384 2.12266
72 0.000785384 2.12266
72 0.000785384 2.12266
72 0.000785384 2.12266
72 0.000785384 2.12266
72 0.000785384 2.12266
72 0.000785384 2.12266
72 0.000785384 2.12266
73 0.000801089 2.16511
73 0.000801089 2.16511
73 0.000801089 2.16511
73 0.000801089 2.16511
73 0.000801089 2.16511
73 0.000801089 2.16511
73 0.000801089 2.16511
73 0.000801089 2.16511
73 0.000801089 2.16511
73 0.000801089 2.16511
74 0.000816795 2.20755
74 0.000816795 2.20755
74 0.000816795 2.20755
74 0.000816795 2.20755
74 0.000816795 2.20755
74 0.000816795 2.20755
74 0.000816795 2.20755
74 0.000816795 2.20755
74 0.000816795 2.20755
74 0.000816795 2.20755
75 0.0008325 2.25
75 0.0008325 2.25
75 0.0008325 2.25
75 0.0008325 2.25
75 0.0008325 2.25
75 0.0008325 2.25
75 0.0008325 2.25
75 0.0008325 2.25
75 0.0008325 2.25
75 0.0008325 2.25
Re:36852, We:5072
Re:36852, We:5072
Re:36852, We:5072
Re:36852, We:5072
Re:36852, We:5072
Re:36852, We:5072
Re:36852, We:5072
Re:36852, We:5072
Re:36852, We:5072
Re:36852, We:5072
