0 0
1 5.91856e-11
2 1.97821e-10
3 3.75092e-10
4 5.96318e-10
5 8.57183e-10
6 1.1549e-09
7 1.4857e-09
8 1.84667e-09
9 2.23389e-09
10 2.64673e-09
11 3.08166e-09
12 3.53729e-09
13 4.01148e-09
14 4.50357e-09
15 5.01005e-09
16 5.53189e-09
17 6.06454e-09
18 6.60852e-09
19 7.16439e-09
20 7.72958e-09
21 8.30446e-09
22 8.88603e-09
23 9.47447e-09
24 1.007e-08
25 1.06728e-08
26 1.12794e-08
27 1.18898e-08
28 1.25041e-08
29 1.31224e-08
30 1.37447e-08
31 1.43711e-08
32 1.50017e-08
33 1.56366e-08
34 1.62715e-08
35 1.69108e-08
36 1.75547e-08
37 1.81985e-08
38 1.88423e-08
39 1.94908e-08
40 2.01393e-08
41 2.07926e-08
42 2.14459e-08
43 2.20991e-08
44 2.27574e-08
45 2.34157e-08
46 2.4074e-08
47 2.47322e-08
48 2.53958e-08
49 2.60593e-08
50 2.67228e-08
51 2.73863e-08
52 2.80498e-08
53 2.87188e-08
54 2.93878e-08
55 3.00568e-08
56 3.07259e-08
57 3.13949e-08
58 3.20639e-08
59 3.2733e-08
60 3.3408e-08
61 3.4083e-08
62 3.4758e-08
63 3.5433e-08
64 3.6108e-08
65 3.6783e-08
66 3.7458e-08
67 3.8133e-08
68 3.8808e-08
69 3.9483e-08
70 4.0158e-08
71 4.0833e-08
72 4.1508e-08
73 4.2183e-08
74 4.2858e-08
75 4.3533e-08
76 4.4208e-08
77 4.4883e-08
78 4.5558e-08
79 4.6233e-08
80 4.6908e-08
81 4.7583e-08
82 4.8258e-08
83 4.8933e-08
84 4.9608e-08
85 5.0283e-08
86 5.09503e-08
87 5.16175e-08
88 5.22848e-08
89 5.2952e-08
90 5.36193e-08
91 5.42865e-08
92 5.49538e-08
93 5.5621e-08
94 5.62882e-08
95 5.69555e-08
96 5.76227e-08
97 5.829e-08
98 5.89572e-08
99 5.96245e-08
100 6.02917e-08
101 6.0959e-08
102 6.16262e-08
103 6.22841e-08
104 6.29419e-08
105 6.35997e-08
106 6.42576e-08
107 6.49154e-08
108 6.55733e-08
109 6.62212e-08
110 6.6869e-08
111 6.75169e-08
112 6.81648e-08
113 6.88127e-08
114 6.94606e-08
115 7.01084e-08
116 7.07455e-08
117 7.13826e-08
118 7.20089e-08
119 7.26352e-08
120 7.32301e-08
121 7.37963e-08
122 7.4336e-08
123 7.4859e-08
124 7.53372e-08
125 7.57892e-08
126 7.6229e-08
127 7.66459e-08
128 7.70232e-08
129 7.73672e-08
130 7.77075e-08
131 7.79487e-08
132 7.81917e-08
133 7.84368e-08
134 7.86213e-08
135 7.8807e-08
136 7.89939e-08
137 7.91832e-08
138 7.9375e-08
139 7.95594e-08
140 7.97451e-08
141 7.99319e-08
142 8.01213e-08
143 8.03132e-08
144 8.0494e-08
145 8.06759e-08
146 8.08603e-08
147 8.10472e-08
148 8.12393e-08
149 8.14371e-08
150 8.16292e-08
151 8.18241e-08
152 8.2025e-08
153 8.22321e-08
154 8.24461e-08
155 8.26692e-08
156 8.29004e-08
157 8.31381e-08
158 8.33851e-08
159 8.36397e-08
160 8.38997e-08
161 8.41711e-08
162 8.44521e-08
163 8.47398e-08
164 8.50385e-08
165 8.53491e-08
166 8.56683e-08
167 8.59968e-08
168 8.63404e-08
169 8.66951e-08
170 8.70619e-08
171 8.74417e-08
172 8.78359e-08
173 8.82459e-08
174 8.86644e-08
175 8.90919e-08
176 8.95394e-08
177 8.99978e-08
178 9.04803e-08
179 9.09762e-08
180 9.14867e-08
181 9.20132e-08
182 9.25572e-08
183 9.31206e-08
184 9.37057e-08
185 9.43152e-08
186 9.49247e-08
187 9.55632e-08
188 9.62353e-08
189 9.69074e-08
190 9.76216e-08
191 9.83357e-08
192 9.91047e-08
193 9.98738e-08
194 1.00643e-07
195 1.01412e-07
196 1.02181e-07
197 1.0295e-07
198 1.03719e-07
199 1.04488e-07
200 1.05257e-07
201 1.06026e-07
202 1.06795e-07
203 1.07564e-07
204 1.08333e-07
Re:67, We:49
