0 0
1 8.02557e-06
2 3.02038e-05
3 5.85045e-05
4 9.22177e-05
5 0.000130836
6 0.000173911
7 0.000221041
8 0.000271809
9 0.00032581
10 0.00038281
11 0.000442673
12 0.000504889
13 0.000569075
14 0.00063537
15 0.000703267
16 0.000772853
17 0.000843858
18 0.000916351
19 0.000990007
20 0.00106487
21 0.00114057
22 0.00121712
23 0.00129455
24 0.00137243
25 0.00145123
26 0.0015305
27 0.00161026
28 0.0016905
29 0.00177124
30 0.00185199
31 0.00193324
32 0.00201501
33 0.00209679
34 0.0021791
35 0.0022614
36 0.00234371
37 0.00242657
38 0.00250944
39 0.0025923
40 0.00267516
41 0.00275802
42 0.00284088
43 0.00292374
44 0.0030066
45 0.00308946
46 0.00317232
47 0.00325518
48 0.00333805
49 0.00342091
50 0.00350377
51 0.00358602
52 0.00366827
53 0.00375052
54 0.00383277
55 0.00391503
56 0.00399665
57 0.00407828
58 0.00415991
59 0.00424154
60 0.00432317
61 0.00440416
62 0.00448515
63 0.00456614
64 0.00464713
65 0.00472748
66 0.00480782
67 0.00488816
68 0.0049685
69 0.00504885
70 0.00512853
71 0.0052082
72 0.00528788
73 0.00536756
74 0.00544724
75 0.00552692
76 0.0056066
77 0.00568559
78 0.00576457
79 0.00584356
80 0.00592254
81 0.00600153
82 0.00608052
83 0.0061595
84 0.00623776
85 0.00631603
86 0.00639429
87 0.00647255
88 0.00655081
89 0.00662907
90 0.00670733
91 0.00678559
92 0.00686386
93 0.00694212
94 0.0070196
95 0.00709707
96 0.00717455
97 0.00725203
98 0.00732951
99 0.00740699
100 0.00748447
101 0.00756195
102 0.00763943
103 0.0077169
104 0.00779438
105 0.00787186
106 0.00794934
107 0.00802682
108 0.0081043
109 0.00818178
110 0.00825926
111 0.00833674
112 0.00841421
113 0.00849169
114 0.00856917
115 0.00864665
116 0.00872413
117 0.00880161
118 0.00887909
119 0.00895657
120 0.00903405
121 0.00911152
122 0.009189
123 0.00926648
124 0.00934396
125 0.00942144
126 0.00949892
127 0.0095764
128 0.00965388
129 0.00973135
130 0.00980883
131 0.00988631
132 0.00996379
133 0.0100413
134 0.0101187
135 0.0101962
136 0.0102737
137 0.0103512
138 0.0104301
139 0.010509
140 0.0105878
141 0.0106652
142 0.0107227
143 0.0107694
144 0.010814
145 0.0108561
146 0.0108965
147 0.010936
148 0.0109751
149 0.0110142
150 0.0110533
151 0.0110924
152 0.0111319
153 0.0111715
154 0.0112114
155 0.0112524
156 0.0112938
157 0.0113357
158 0.0113782
159 0.0114206
160 0.0114636
161 0.0115072
162 0.0115515
163 0.0115963
164 0.0116418
165 0.0116873
166 0.0117335
167 0.0117797
168 0.0118266
169 0.0118736
170 0.0119205
171 0.0119682
172 0.012016
173 0.0120637
174 0.0121124
175 0.012161
176 0.0122096
177 0.0122583
178 0.0123069
179 0.0123566
180 0.0124062
181 0.0124559
182 0.0125055
183 0.0125552
184 0.012606
185 0.0126544
186 0.0127029
187 0.0127514
188 0.0128011
189 0.0128508
190 0.0129005
191 0.0129516
192 0.0130028
193 0.0130539
194 0.0131067
195 0.0131594
196 0.0132122
197 0.013265
198 0.0133198
199 0.0133746
200 0.0134294
201 0.0134842
202 0.013539
203 0.0135938
204 0.0136487
205 0.0137035
206 0.0137615
207 0.0138195
208 0.0138707
209 0.0139219
210 0.0139731
211 0.0140243
212 0.0140798
213 0.0141353
214 0.0141908
215 0.0142324
216 0.014274
217 0.0143156
218 0.0143572
219 0.0143988
220 0.0144404
221 0.014482
222 0.0145236
223 0.0145652
224 0.0146068
225 0.0146484
226 0.01469
Re:2532, We:31
