0 0 0
0 0 0
0 0 0
0 0 0
0 0 0
0 0 0
0 0 0
0 0 0
0 0 0
0 0 0
1 6.25568e-07 0.00170455
1 6.25568e-07 0.00170455
1 6.25568e-07 0.00170455
1 6.25568e-07 0.00170455
1 6.25568e-07 0.00170455
1 6.25568e-07 0.00170455
1 6.25568e-07 0.00170455
1 6.25568e-07 0.00170455
1 6.25568e-07 0.00170455
1 6.25568e-07 0.00170455
2 1.60986e-06 0.00438653
2 1.60986e-06 0.00438653
2 1.60986e-06 0.00438653
2 1.60986e-06 0.00438653
2 1.60986e-06 0.00438653
2 1.60986e-06 0.00438653
2 1.60986e-06 0.00438653
2 1.60986e-06 0.00438653
2 1.60986e-06 0.00438653
2 1.60986e-06 0.00438653
3 2.61563e-06 0.00712706
3 2.61563e-06 0.00712706
3 2.61563e-06 0.00712706
3 2.61563e-06 0.00712706
3 2.61563e-06 0.00712706
3 2.61563e-06 0.00712706
3 2.61563e-06 0.00712706
3 2.61563e-06 0.00712706
3 2.61563e-06 0.00712706
3 2.61563e-06 0.00712706
4 3.63962e-06 0.00991722
4 3.63962e-06 0.00991722
4 3.63962e-06 0.00991722
4 3.63962e-06 0.00991722
4 3.63962e-06 0.00991722
4 3.63962e-06 0.00991722
4 3.63962e-06 0.00991722
4 3.63962e-06 0.00991722
4 3.63962e-06 0.00991722
4 3.63962e-06 0.00991722
5 4.67823e-06 0.0127472
5 4.67823e-06 0.0127472
5 4.67823e-06 0.0127472
5 4.67823e-06 0.0127472
5 4.67823e-06 0.0127472
5 4.67823e-06 0.0127472
5 4.67823e-06 0.0127472
5 4.67823e-06 0.0127472
5 4.67823e-06 0.0127472
5 4.67823e-06 0.0127472
6 5.72813e-06 0.015608
6 5.72813e-06 0.015608
6 5.72813e-06 0.015608
6 5.72813e-06 0.015608
6 5.72813e-06 0.015608
6 5.72813e-06 0.015608
6 5.72813e-06 0.015608
6 5.72813e-06 0.015608
6 5.72813e-06 0.015608
6 5.72813e-06 0.015608
7 6.78666e-06 0.0184923
7 6.78666e-06 0.0184923
7 6.78666e-06 0.0184923
7 6.78666e-06 0.0184923
7 6.78666e-06 0.0184923
7 6.78666e-06 0.0184923
7 6.78666e-06 0.0184923
7 6.78666e-06 0.0184923
7 6.78666e-06 0.0184923
7 6.78666e-06 0.0184923
8 7.85228e-06 0.0213959
8 7.85228e-06 0.0213959
8 7.85228e-06 0.0213959
8 7.85228e-06 0.0213959
8 7.85228e-06 0.0213959
8 7.85228e-06 0.0213959
8 7.85228e-06 0.0213959
8 7.85228e-06 0.0213959
8 7.85228e-06 0.0213959
8 7.85228e-06 0.0213959
9 8.92466e-06 0.0243179
9 8.92466e-06 0.0243179
9 8.92466e-06 0.0243179
9 8.92466e-06 0.0243179
9 8.92466e-06 0.0243179
9 8.92466e-06 0.0243179
9 8.92466e-06 0.0243179
9 8.92466e-06 0.0243179
9 8.92466e-06 0.0243179
9 8.92466e-06 0.0243179
10 1.00043e-05 0.0272596
10 1.00043e-05 0.0272596
10 1.00043e-05 0.0272596
10 1.00043e-05 0.0272596
10 1.00043e-05 0.0272596
10 1.00043e-05 0.0272596
10 1.00043e-05 0.0272596
10 1.00043e-05 0.0272596
10 1.00043e-05 0.0272596
10 1.00043e-05 0.0272596
11 1.10882e-05 0.0302131
11 1.10882e-05 0.0302131
11 1.10882e-05 0.0302131
11 1.10882e-05 0.0302131
11 1.10882e-05 0.0302131
11 1.10882e-05 0.0302131
11 1.10882e-05 0.0302131
11 1.10882e-05 0.0302131
11 1.10882e-05 0.0302131
11 1.10882e-05 0.0302131
12 1.21753e-05 0.0331751
12 1.21753e-05 0.0331751
12 1.21753e-05 0.0331751
12 1.21753e-05 0.0331751
12 1.21753e-05 0.0331751
12 1.21753e-05 0.0331751
12 1.21753e-05 0.0331751
12 1.21753e-05 0.0331751
12 1.21753e-05 0.0331751
12 1.21753e-05 0.0331751
13 1.3266e-05 0.0361472
13 1.3266e-05 0.0361472
13 1.3266e-05 0.0361472
13 1.3266e-05 0.0361472
13 1.3266e-05 0.0361472
13 1.3266e-05 0.0361472
13 1.3266e-05 0.0361472
13 1.3266e-05 0.0361472
13 1.3266e-05 0.0361472
13 1.3266e-05 0.0361472
14 1.43596e-05 0.0391269
14 1.43596e-05 0.0391269
14 1.43596e-05 0.0391269
14 1.43596e-05 0.0391269
14 1.43596e-05 0.0391269
14 1.43596e-05 0.0391269
14 1.43596e-05 0.0391269
14 1.43596e-05 0.0391269
14 1.43596e-05 0.0391269
14 1.43596e-05 0.0391269
15 1.54586e-05 0.0421215
15 1.54586e-05 0.0421215
15 1.54586e-05 0.0421215
15 1.54586e-05 0.0421215
15 1.54586e-05 0.0421215
15 1.54586e-05 0.0421215
15 1.54586e-05 0.0421215
15 1.54586e-05 0.0421215
15 1.54586e-05 0.0421215
15 1.54586e-05 0.0421215
16 1.65588e-05 0.0451193
16 1.65588e-05 0.0451193
16 1.65588e-05 0.0451193
16 1.65588e-05 0.0451193
16 1.65588e-05 0.0451193
16 1.65588e-05 0.0451193
16 1.65588e-05 0.0451193
16 1.65588e-05 0.0451193
16 1.65588e-05 0.0451193
16 1.65588e-05 0.0451193
17 1.76626e-05 0.0481269
17 1.76626e-05 0.0481269
17 1.76626e-05 0.0481269
17 1.76626e-05 0.0481269
17 1.76626e-05 0.0481269
17 1.76626e-05 0.0481269
17 1.76626e-05 0.0481269
17 1.76626e-05 0.0481269
17 1.76626e-05 0.0481269
17 1.76626e-05 0.0481269
18 1.87721e-05 0.0511502
18 1.87721e-05 0.0511502
18 1.87721e-05 0.0511502
18 1.87721e-05 0.0511502
18 1.87721e-05 0.0511502
18 1.87721e-05 0.0511502
18 1.87721e-05 0.0511502
18 1.87721e-05 0.0511502
18 1.87721e-05 0.0511502
18 1.87721e-05 0.0511502
19 1.98903e-05 0.054197
19 1.98903e-05 0.054197
19 1.98903e-05 0.054197
19 1.98903e-05 0.054197
19 1.98903e-05 0.054197
19 1.98903e-05 0.054197
19 1.98903e-05 0.054197
19 1.98903e-05 0.054197
19 1.98903e-05 0.054197
19 1.98903e-05 0.054197
20 2.10123e-05 0.0572541
20 2.10123e-05 0.0572541
20 2.10123e-05 0.0572541
20 2.10123e-05 0.0572541
20 2.10123e-05 0.0572541
20 2.10123e-05 0.0572541
20 2.10123e-05 0.0572541
20 2.10123e-05 0.0572541
20 2.10123e-05 0.0572541
20 2.10123e-05 0.0572541
21 2.21377e-05 0.0603207
21 2.21377e-05 0.0603207
21 2.21377e-05 0.0603207
21 2.21377e-05 0.0603207
21 2.21377e-05 0.0603207
21 2.21377e-05 0.0603207
21 2.21377e-05 0.0603207
21 2.21377e-05 0.0603207
21 2.21377e-05 0.0603207
21 2.21377e-05 0.0603207
22 2.32691e-05 0.0634034
22 2.32691e-05 0.0634034
22 2.32691e-05 0.0634034
22 2.32691e-05 0.0634034
22 2.32691e-05 0.0634034
22 2.32691e-05 0.0634034
22 2.32691e-05 0.0634034
22 2.32691e-05 0.0634034
22 2.32691e-05 0.0634034
22 2.32691e-05 0.0634034
23 2.44093e-05 0.0665103
23 2.44093e-05 0.0665103
23 2.44093e-05 0.0665103
23 2.44093e-05 0.0665103
23 2.44093e-05 0.0665103
23 2.44093e-05 0.0665103
23 2.44093e-05 0.0665103
23 2.44093e-05 0.0665103
23 2.44093e-05 0.0665103
23 2.44093e-05 0.0665103
24 2.55576e-05 0.0696392
24 2.55576e-05 0.0696392
24 2.55576e-05 0.0696392
24 2.55576e-05 0.0696392
24 2.55576e-05 0.0696392
24 2.55576e-05 0.0696392
24 2.55576e-05 0.0696392
24 2.55576e-05 0.0696392
24 2.55576e-05 0.0696392
24 2.55576e-05 0.0696392
25 2.67109e-05 0.0727818
25 2.67109e-05 0.0727818
25 2.67109e-05 0.0727818
25 2.67109e-05 0.0727818
25 2.67109e-05 0.0727818
25 2.67109e-05 0.0727818
25 2.67109e-05 0.0727818
25 2.67109e-05 0.0727818
25 2.67109e-05 0.0727818
25 2.67109e-05 0.0727818
26 2.78721e-05 0.0759457
26 2.78721e-05 0.0759457
26 2.78721e-05 0.0759457
26 2.78721e-05 0.0759457
26 2.78721e-05 0.0759457
26 2.78721e-05 0.0759457
26 2.78721e-05 0.0759457
26 2.78721e-05 0.0759457
26 2.78721e-05 0.0759457
26 2.78721e-05 0.0759457
27 2.90397e-05 0.0791273
27 2.90397e-05 0.0791273
27 2.90397e-05 0.0791273
27 2.90397e-05 0.0791273
27 2.90397e-05 0.0791273
27 2.90397e-05 0.0791273
27 2.90397e-05 0.0791273
27 2.90397e-05 0.0791273
27 2.90397e-05 0.0791273
27 2.90397e-05 0.0791273
28 3.02151e-05 0.08233
28 3.02151e-05 0.08233
28 3.02151e-05 0.08233
28 3.02151e-05 0.08233
28 3.02151e-05 0.08233
28 3.02151e-05 0.08233
28 3.02151e-05 0.08233
28 3.02151e-05 0.08233
28 3.02151e-05 0.08233
28 3.02151e-05 0.08233
29 3.13979e-05 0.0855527
29 3.13979e-05 0.0855527
29 3.13979e-05 0.0855527
29 3.13979e-05 0.0855527
29 3.13979e-05 0.0855527
29 3.13979e-05 0.0855527
29 3.13979e-05 0.0855527
29 3.13979e-05 0.0855527
29 3.13979e-05 0.0855527
29 3.13979e-05 0.0855527
30 3.25852e-05 0.0887879
Re:36553, We:5031
30 3.25852e-05 0.0887879
Re:36553, We:5031
30 3.25852e-05 0.0887879
Re:36553, We:5031
30 3.25852e-05 0.0887879
Re:36553, We:5031
30 3.25852e-05 0.0887879
Re:36553, We:5031
30 3.25852e-05 0.0887879
Re:36553, We:5031
30 3.25852e-05 0.0887879
Re:36553, We:5031
30 3.25852e-05 0.0887879
Re:36553, We:5031
30 3.25852e-05 0.0887879
30 3.25852e-05 0.0887879
Re:36553, We:5031
Re:36553, We:5031
