0 0
1 4.14299e-09
2 1.35581e-08
3 2.52039e-08
4 3.8971e-08
5 5.47873e-08
6 7.25015e-08
7 9.20102e-08
8 1.13292e-07
9 1.36419e-07
10 1.61409e-07
11 1.88203e-07
12 2.16646e-07
13 2.46592e-07
14 2.77945e-07
15 3.10559e-07
16 3.44229e-07
17 3.79032e-07
18 4.14697e-07
19 4.51272e-07
20 4.88612e-07
21 5.26552e-07
22 5.65114e-07
23 6.04104e-07
24 6.43759e-07
25 6.83872e-07
26 7.24219e-07
27 7.65048e-07
28 8.06122e-07
29 8.47446e-07
30 8.89026e-07
31 9.30865e-07
32 9.72969e-07
33 1.01534e-06
34 1.05772e-06
35 1.10037e-06
36 1.14302e-06
37 1.18596e-06
38 1.22889e-06
39 1.27183e-06
40 1.31506e-06
41 1.35828e-06
42 1.40151e-06
43 1.44474e-06
44 1.48797e-06
45 1.5312e-06
46 1.57443e-06
47 1.61766e-06
48 1.66121e-06
49 1.70475e-06
50 1.7483e-06
51 1.79184e-06
52 1.83539e-06
53 1.87893e-06
54 1.92248e-06
55 1.96569e-06
56 2.0089e-06
57 2.05212e-06
58 2.09533e-06
59 2.13854e-06
60 2.18175e-06
61 2.22462e-06
62 2.26749e-06
63 2.31002e-06
64 2.35255e-06
65 2.39507e-06
66 2.43725e-06
67 2.47943e-06
68 2.52127e-06
69 2.56311e-06
70 2.60494e-06
71 2.64678e-06
72 2.68826e-06
73 2.72974e-06
74 2.77088e-06
75 2.81201e-06
76 2.85314e-06
77 2.89392e-06
78 2.93469e-06
79 2.97512e-06
80 3.01554e-06
81 3.05561e-06
82 3.09568e-06
83 3.13575e-06
84 3.17546e-06
85 3.21553e-06
86 3.25523e-06
87 3.29494e-06
88 3.33429e-06
89 3.37363e-06
90 3.41297e-06
91 3.45231e-06
92 3.49166e-06
93 3.53063e-06
94 3.56959e-06
95 3.60856e-06
96 3.64753e-06
97 3.68612e-06
98 3.7247e-06
99 3.76329e-06
100 3.80188e-06
101 3.84046e-06
102 3.87865e-06
103 3.91685e-06
104 3.95504e-06
105 3.99323e-06
106 4.03143e-06
107 4.06962e-06
108 4.10781e-06
109 4.146e-06
110 4.18378e-06
111 4.22155e-06
112 4.25932e-06
113 4.29709e-06
114 4.33487e-06
115 4.37264e-06
116 4.41041e-06
117 4.44819e-06
118 4.48596e-06
119 4.52328e-06
120 4.56059e-06
121 4.59791e-06
122 4.63477e-06
123 4.67163e-06
124 4.70848e-06
125 4.74487e-06
126 4.78126e-06
127 4.81765e-06
128 4.85405e-06
129 4.88996e-06
130 4.9254e-06
131 4.96084e-06
132 4.99206e-06
133 5.02328e-06
134 5.05237e-06
135 5.07958e-06
136 5.10539e-06
137 5.13042e-06
138 5.15121e-06
139 5.17082e-06
140 5.1891e-06
141 5.20645e-06
142 5.22251e-06
143 5.23648e-06
144 5.24903e-06
145 5.2607e-06
146 5.27171e-06
147 5.28217e-06
148 5.29213e-06
149 5.30176e-06
150 5.31119e-06
151 5.32031e-06
152 5.32929e-06
153 5.33824e-06
154 5.34718e-06
155 5.35616e-06
156 5.36518e-06
157 5.37431e-06
158 5.38351e-06
159 5.39283e-06
160 5.40227e-06
161 5.41188e-06
162 5.42166e-06
163 5.43162e-06
164 5.44182e-06
165 5.45227e-06
166 5.46303e-06
167 5.47407e-06
168 5.48541e-06
169 5.49701e-06
170 5.50893e-06
171 5.5212e-06
172 5.53385e-06
173 5.54699e-06
174 5.56048e-06
175 5.57433e-06
176 5.58848e-06
177 5.60304e-06
178 5.61804e-06
179 5.63352e-06
180 5.64937e-06
181 5.66549e-06
182 5.68202e-06
183 5.69885e-06
184 5.71613e-06
185 5.73375e-06
186 5.75171e-06
187 5.76984e-06
188 5.78835e-06
189 5.80704e-06
190 5.82594e-06
191 5.84504e-06
192 5.86436e-06
193 5.88389e-06
194 5.90365e-06
195 5.92341e-06
196 5.94341e-06
197 5.96341e-06
198 5.98341e-06
199 6.00341e-06
200 6.02341e-06
201 6.04341e-06
202 6.06341e-06
203 6.08289e-06
204 6.10238e-06
205 6.12186e-06
206 6.14109e-06
207 6.16032e-06
208 6.17955e-06
209 6.19852e-06
210 6.21749e-06
211 6.23646e-06
212 6.25517e-06
213 6.27388e-06
214 6.29258e-06
215 6.31102e-06
216 6.32946e-06
217 6.3479e-06
218 6.36607e-06
219 6.38424e-06
220 6.40213e-06
221 6.42003e-06
222 6.43793e-06
223 6.45528e-06
224 6.47238e-06
225 6.48921e-06
226 6.50554e-06
227 6.52139e-06
228 6.537e-06
229 6.55217e-06
230 6.56711e-06
231 6.58206e-06
232 6.59678e-06
233 6.61129e-06
234 6.6258e-06
235 6.64031e-06
236 6.65481e-06
237 6.66932e-06
238 6.68383e-06
239 6.69834e-06
240 6.71285e-06
241 6.72736e-06
242 6.74186e-06
243 6.75637e-06
244 6.77088e-06
245 6.78539e-06
246 6.7999e-06
247 6.8144e-06
248 6.82891e-06
249 6.84342e-06
250 6.85793e-06
251 6.87215e-06
252 6.8861e-06
253 6.90033e-06
254 6.91456e-06
255 6.92878e-06
256 6.94301e-06
257 6.95724e-06
258 6.97147e-06
259 6.9857e-06
260 6.99993e-06
261 7.01416e-06
262 7.02839e-06
263 7.04299e-06
264 7.0576e-06
265 7.0722e-06
266 7.0868e-06
267 7.10141e-06
268 7.11601e-06
269 7.13062e-06
270 7.14571e-06
271 7.1608e-06
272 7.17589e-06
273 7.19098e-06
274 7.20607e-06
275 7.22116e-06
276 7.23625e-06
277 7.25134e-06
278 7.26643e-06
279 7.28152e-06
280 7.29589e-06
281 7.31027e-06
282 7.32464e-06
283 7.33901e-06
284 7.35338e-06
285 7.36775e-06
286 7.38213e-06
287 7.39554e-06
288 7.40895e-06
289 7.42237e-06
290 7.43578e-06
291 7.44919e-06
292 7.46261e-06
293 7.47602e-06
294 7.48944e-06
295 7.50285e-06
296 7.51626e-06
297 7.52968e-06
298 7.54309e-06
299 7.55651e-06
300 7.56992e-06
301 7.58333e-06
Re:4705, We:3451
