0 0
1 1.75807e-05
2 6.56604e-05
3 0.000126904
4 0.000200205
5 0.000284297
6 0.000378372
7 0.000481376
8 0.000592493
9 0.000711284
10 0.000836834
11 0.000968466
12 0.00110558
13 0.00124779
14 0.00139456
15 0.0015457
16 0.00170044
17 0.00185897
18 0.00202033
19 0.00218463
20 0.00235138
21 0.00252065
22 0.00269188
23 0.00286511
24 0.00304041
25 0.00321711
26 0.00339525
27 0.00357486
28 0.00375596
29 0.00393782
30 0.00412046
31 0.00430466
32 0.00448966
33 0.00467546
34 0.00486127
35 0.0050479
36 0.00523536
37 0.00542283
38 0.00561114
39 0.00579945
40 0.00598862
41 0.0061778
42 0.00636785
43 0.0065579
44 0.00674796
45 0.00693891
46 0.00712987
47 0.00732082
48 0.00751178
49 0.00770273
50 0.00789462
51 0.00808651
52 0.00827839
53 0.00847028
54 0.00866217
55 0.00885405
56 0.00904594
57 0.00923783
58 0.00942971
59 0.0096216
60 0.00981349
61 0.0100054
62 0.0101983
63 0.0103911
64 0.010584
65 0.0107769
66 0.0109698
67 0.0111627
68 0.0113556
69 0.0115485
70 0.0117413
71 0.0119342
72 0.0121271
73 0.01232
74 0.0125129
75 0.0127058
76 0.0128987
77 0.0130915
78 0.0132844
79 0.0134773
80 0.0136702
81 0.0138631
82 0.014056
83 0.0142489
84 0.0144417
85 0.0146346
86 0.0148275
87 0.0150204
88 0.0152133
89 0.0154062
90 0.0155991
91 0.015792
92 0.0159848
93 0.0161777
94 0.0163706
95 0.0165635
96 0.0167564
97 0.0169493
98 0.0171422
99 0.017335
100 0.0175279
101 0.0177208
102 0.0179137
103 0.0181066
104 0.0182995
105 0.0184924
106 0.0186852
107 0.0188781
108 0.019071
109 0.0192639
110 0.0194568
111 0.0196497
112 0.0198426
113 0.0200354
114 0.0202283
115 0.0204212
116 0.0206141
117 0.020807
118 0.0209999
119 0.0211928
120 0.0213856
121 0.0215785
122 0.0217714
123 0.0219643
124 0.0221572
125 0.0223501
126 0.022543
127 0.0227358
128 0.0229287
129 0.0231216
130 0.0233145
131 0.0235074
132 0.0237003
133 0.0238932
134 0.024086
135 0.0242789
136 0.0244718
137 0.0246647
138 0.0248576
139 0.0250505
140 0.0252434
141 0.0254362
142 0.0256291
143 0.025822
144 0.0260149
145 0.0262078
146 0.0264007
147 0.0265936
148 0.0267864
149 0.0269793
150 0.0271722
151 0.0273651
152 0.027558
153 0.0277509
154 0.0279438
155 0.0281367
156 0.0283295
157 0.0285224
158 0.0287153
159 0.0289082
160 0.0291011
161 0.029294
162 0.0294869
163 0.0296797
164 0.0298726
165 0.0300655
166 0.0302584
167 0.0304513
168 0.0306442
169 0.0308371
170 0.0310299
171 0.0312228
172 0.0314157
173 0.0316086
174 0.0318015
175 0.0319944
176 0.0321873
177 0.0323801
178 0.032573
179 0.0327659
180 0.0329588
181 0.0331517
182 0.0333446
183 0.0335375
184 0.0337303
185 0.0339232
186 0.0341161
187 0.0342931
188 0.0344505
189 0.0346022
190 0.0347468
191 0.0348897
192 0.0350294
193 0.035169
194 0.0353087
195 0.03545
196 0.0355931
197 0.035738
198 0.0358848
199 0.0360355
200 0.0361883
201 0.0363434
202 0.0365007
203 0.0366603
204 0.03682
205 0.0369749
206 0.0371297
207 0.0372845
208 0.0374445
209 0.0376071
210 0.0377726
211 0.0379411
212 0.0381095
213 0.0382813
214 0.0384297
215 0.0385835
216 0.0387372
217 0.0388939
218 0.0390536
219 0.0392133
220 0.0393763
221 0.0395296
222 0.039674
223 0.0398213
224 0.0399717
225 0.0401254
226 0.0402825
227 0.0404396
228 0.0405968
229 0.0407539
230 0.040911
231 0.0410643
232 0.0412065
233 0.0413361
234 0.0414601
235 0.0415841
236 0.041711
237 0.0418379
238 0.0419647
239 0.0420916
240 0.0422218
241 0.042352
242 0.0424822
243 0.0426163
244 0.0427503
245 0.0428843
246 0.0430228
247 0.0431613
248 0.0432998
249 0.0434383
250 0.0435584
251 0.0436784
252 0.0437773
253 0.0438761
254 0.043972
255 0.0440527
256 0.0441357
257 0.0442186
258 0.0442992
259 0.0443798
260 0.0444604
261 0.044541
262 0.0446216
263 0.044705
264 0.0447884
265 0.0448717
266 0.0449551
267 0.0450385
268 0.0451219
269 0.0452052
270 0.0452886
271 0.0453682
272 0.0454478
273 0.0455274
274 0.045607
275 0.0456865
276 0.0457661
277 0.045851
278 0.0459253
279 0.0459908
280 0.0460564
281 0.0461178
282 0.0461793
283 0.0462407
284 0.0463021
285 0.0463636
286 0.046425
287 0.0464865
288 0.0465418
289 0.0465971
290 0.0466524
291 0.0467077
292 0.046763
293 0.0468183
294 0.0468736
295 0.0469289
296 0.0469842
297 0.0470395
Re:1686, We:9
