0 0
1 1.18371e-09
2 3.88045e-09
3 7.29179e-09
4 1.13971e-08
5 1.61654e-08
6 2.15822e-08
7 2.76762e-08
8 3.44026e-08
9 4.17049e-08
10 4.95461e-08
11 5.78485e-08
12 6.65988e-08
13 7.57295e-08
14 8.51908e-08
15 9.50091e-08
16 1.05115e-07
17 1.15474e-07
18 1.26047e-07
19 1.36844e-07
20 1.47816e-07
21 1.5897e-07
22 1.70313e-07
23 1.81786e-07
24 1.93394e-07
25 2.0514e-07
26 2.16956e-07
27 2.28917e-07
28 2.40953e-07
29 2.53065e-07
30 2.65253e-07
31 2.7752e-07
32 2.89868e-07
33 3.02215e-07
34 3.14645e-07
35 3.27074e-07
36 3.39589e-07
37 3.52103e-07
38 3.64704e-07
39 3.77305e-07
40 3.89906e-07
41 4.02507e-07
42 4.15199e-07
43 4.27891e-07
44 4.40583e-07
45 4.53275e-07
46 4.65966e-07
47 4.78658e-07
48 4.9135e-07
49 5.04042e-07
50 5.16637e-07
51 5.29233e-07
52 5.41638e-07
53 5.54138e-07
54 5.66447e-07
55 5.78757e-07
56 5.90971e-07
57 6.03186e-07
58 6.15401e-07
59 6.27616e-07
60 6.39639e-07
61 6.51759e-07
62 6.63687e-07
63 6.75615e-07
64 6.87449e-07
65 6.99283e-07
66 7.10929e-07
67 7.22575e-07
68 7.34128e-07
69 7.4568e-07
70 7.5714e-07
71 7.68599e-07
72 7.79966e-07
73 7.91332e-07
74 8.02605e-07
75 8.13879e-07
76 8.25152e-07
77 8.36331e-07
78 8.4751e-07
79 8.58596e-07
80 8.69681e-07
81 8.80673e-07
82 8.91664e-07
83 9.02561e-07
84 9.13459e-07
85 9.24356e-07
86 9.35254e-07
87 9.46056e-07
88 9.56858e-07
89 9.67659e-07
90 9.78461e-07
91 9.89166e-07
92 9.9987e-07
93 1.01057e-06
94 1.02118e-06
95 1.03179e-06
96 1.04239e-06
97 1.0529e-06
98 1.06341e-06
99 1.07392e-06
100 1.08432e-06
101 1.09473e-06
102 1.10504e-06
103 1.11545e-06
104 1.12575e-06
105 1.13606e-06
106 1.14626e-06
107 1.15647e-06
108 1.16667e-06
109 1.17687e-06
110 1.18697e-06
111 1.19707e-06
112 1.20707e-06
113 1.21707e-06
114 1.22696e-06
115 1.23685e-06
116 1.24674e-06
117 1.25653e-06
118 1.26631e-06
119 1.27599e-06
120 1.28568e-06
121 1.29536e-06
122 1.30504e-06
123 1.31461e-06
124 1.32419e-06
125 1.33365e-06
126 1.34312e-06
127 1.35237e-06
128 1.3602e-06
129 1.36703e-06
130 1.37338e-06
131 1.37978e-06
132 1.38634e-06
133 1.39301e-06
134 1.39973e-06
135 1.40652e-06
136 1.41337e-06
137 1.42028e-06
138 1.42725e-06
139 1.4343e-06
140 1.44134e-06
141 1.44838e-06
142 1.45542e-06
143 1.46226e-06
144 1.46903e-06
145 1.47581e-06
146 1.48258e-06
147 1.48929e-06
148 1.4958e-06
149 1.50231e-06
150 1.50876e-06
151 1.51521e-06
152 1.52166e-06
153 1.52811e-06
154 1.53444e-06
155 1.54076e-06
156 1.54708e-06
157 1.55334e-06
158 1.5596e-06
159 1.56586e-06
160 1.57193e-06
161 1.57799e-06
162 1.58406e-06
163 1.59007e-06
164 1.59608e-06
165 1.60215e-06
166 1.60797e-06
167 1.61379e-06
168 1.61961e-06
169 1.62536e-06
170 1.63112e-06
171 1.63682e-06
172 1.64246e-06
173 1.64809e-06
174 1.65373e-06
175 1.65937e-06
176 1.665e-06
177 1.67058e-06
178 1.67609e-06
179 1.6816e-06
180 1.68699e-06
181 1.69238e-06
182 1.69777e-06
183 1.7031e-06
184 1.70843e-06
185 1.71375e-06
186 1.71902e-06
187 1.72429e-06
188 1.72955e-06
189 1.73476e-06
190 1.73996e-06
191 1.74517e-06
192 1.75031e-06
193 1.75545e-06
194 1.76059e-06
195 1.76566e-06
196 1.77074e-06
197 1.77581e-06
198 1.78096e-06
199 1.78603e-06
200 1.79111e-06
201 1.79618e-06
202 1.80126e-06
203 1.80633e-06
204 1.81141e-06
205 1.81634e-06
206 1.82121e-06
207 1.82588e-06
208 1.83054e-06
209 1.83509e-06
210 1.83945e-06
211 1.84375e-06
212 1.84795e-06
213 1.85203e-06
214 1.85607e-06
215 1.8601e-06
216 1.86408e-06
217 1.86796e-06
218 1.87184e-06
219 1.87572e-06
220 1.8795e-06
221 1.88328e-06
222 1.88706e-06
223 1.89084e-06
224 1.89461e-06
225 1.89839e-06
226 1.90217e-06
227 1.90595e-06
228 1.90973e-06
229 1.91351e-06
230 1.91728e-06
231 1.92112e-06
232 1.92496e-06
233 1.92879e-06
234 1.93263e-06
235 1.93653e-06
236 1.94043e-06
237 1.9444e-06
238 1.94837e-06
239 1.95234e-06
240 1.95631e-06
241 1.96028e-06
242 1.96425e-06
243 1.96822e-06
244 1.97218e-06
245 1.97615e-06
246 1.98012e-06
247 1.98409e-06
248 1.98806e-06
249 1.99212e-06
250 1.99618e-06
251 2.00024e-06
252 2.0043e-06
253 2.00836e-06
254 2.01242e-06
255 2.01659e-06
256 2.02075e-06
257 2.02492e-06
258 2.02922e-06
259 2.03351e-06
260 2.03781e-06
261 2.04225e-06
262 2.0467e-06
263 2.05114e-06
264 2.05576e-06
265 2.06038e-06
266 2.065e-06
267 2.06962e-06
268 2.07448e-06
269 2.07933e-06
270 2.08418e-06
271 2.08903e-06
272 2.09388e-06
273 2.09908e-06
274 2.10428e-06
275 2.10948e-06
276 2.11468e-06
277 2.11988e-06
278 2.12508e-06
279 2.13028e-06
280 2.13547e-06
281 2.14067e-06
282 2.14587e-06
283 2.15107e-06
284 2.15627e-06
285 2.16147e-06
286 2.16667e-06
Re:1344, We:986
