0 0
1 8.87784e-11
2 3.33374e-10
3 6.38772e-10
4 1.00497e-09
5 1.42663e-09
6 1.89899e-09
7 2.41706e-09
8 2.97679e-09
9 3.57425e-09
10 4.20742e-09
11 4.87252e-09
12 5.56387e-09
13 6.28047e-09
14 7.02085e-09
15 7.783e-09
16 8.5644e-09
17 9.36615e-09
18 1.0185e-08
19 1.10174e-08
20 1.18636e-08
21 1.27195e-08
22 1.35903e-08
23 1.44715e-08
24 1.53632e-08
25 1.62604e-08
26 1.71687e-08
27 1.80827e-08
28 1.90026e-08
29 1.99344e-08
30 2.08723e-08
31 2.18165e-08
32 2.27671e-08
33 2.37176e-08
34 2.46748e-08
35 2.56386e-08
36 2.66092e-08
37 2.75799e-08
38 2.85575e-08
39 2.95352e-08
40 3.05202e-08
41 3.15051e-08
42 3.24975e-08
43 3.34898e-08
44 3.44822e-08
45 3.54746e-08
46 3.64748e-08
47 3.7475e-08
48 3.84752e-08
49 3.94754e-08
50 4.04756e-08
51 4.14841e-08
52 4.24925e-08
53 4.3501e-08
54 4.45095e-08
55 4.55179e-08
56 4.65264e-08
57 4.75349e-08
58 4.85433e-08
59 4.95518e-08
60 5.05603e-08
61 5.15687e-08
62 5.25772e-08
63 5.35857e-08
64 5.45941e-08
65 5.56026e-08
66 5.66111e-08
67 5.76195e-08
68 5.8628e-08
69 5.96365e-08
70 6.06449e-08
71 6.16534e-08
72 6.26619e-08
73 6.36703e-08
74 6.46788e-08
75 6.56873e-08
76 6.66957e-08
77 6.77042e-08
78 6.87127e-08
79 6.97211e-08
80 7.07296e-08
81 7.17381e-08
82 7.27465e-08
83 7.3755e-08
84 7.47635e-08
85 7.57719e-08
86 7.67804e-08
87 7.77889e-08
88 7.87973e-08
89 7.98058e-08
90 8.08143e-08
91 8.18227e-08
92 8.28312e-08
93 8.38397e-08
94 8.48481e-08
95 8.58566e-08
96 8.68651e-08
97 8.78735e-08
98 8.8882e-08
99 8.98905e-08
100 9.08989e-08
101 9.19074e-08
102 9.29158e-08
103 9.39243e-08
104 9.49328e-08
105 9.59412e-08
106 9.69497e-08
107 9.79582e-08
108 9.89666e-08
109 9.99751e-08
110 1.00984e-07
111 1.01992e-07
112 1.03001e-07
113 1.04009e-07
114 1.05017e-07
115 1.06026e-07
116 1.07034e-07
117 1.08043e-07
118 1.09051e-07
119 1.1006e-07
120 1.11068e-07
121 1.12077e-07
122 1.13085e-07
123 1.14094e-07
124 1.15102e-07
125 1.16111e-07
126 1.17119e-07
127 1.18127e-07
128 1.19136e-07
129 1.201e-07
130 1.21063e-07
131 1.21927e-07
132 1.22772e-07
133 1.23551e-07
134 1.24107e-07
135 1.24672e-07
136 1.2522e-07
137 1.25717e-07
138 1.26221e-07
139 1.26725e-07
140 1.27189e-07
141 1.2766e-07
142 1.28138e-07
143 1.28615e-07
144 1.29106e-07
145 1.29604e-07
146 1.3011e-07
147 1.30616e-07
148 1.31139e-07
149 1.31671e-07
150 1.32212e-07
151 1.32772e-07
152 1.33355e-07
153 1.3395e-07
154 1.34585e-07
155 1.35234e-07
156 1.35915e-07
157 1.36634e-07
158 1.37373e-07
159 1.38134e-07
160 1.3892e-07
161 1.39733e-07
162 1.40547e-07
163 1.41391e-07
164 1.42235e-07
165 1.4308e-07
166 1.43962e-07
167 1.44845e-07
168 1.45728e-07
169 1.46611e-07
170 1.47493e-07
171 1.48431e-07
172 1.49369e-07
173 1.50307e-07
174 1.51245e-07
175 1.52183e-07
176 1.53121e-07
177 1.54059e-07
178 1.54997e-07
179 1.55935e-07
180 1.56873e-07
181 1.5781e-07
182 1.58748e-07
183 1.59686e-07
184 1.60624e-07
185 1.61562e-07
186 1.625e-07
Re:45, We:22
