0 0
1 8.87784e-09
2 2.90531e-08
3 5.40085e-08
4 8.35632e-08
5 1.17526e-07
6 1.55575e-07
7 1.97487e-07
8 2.43221e-07
9 2.92931e-07
10 3.46659e-07
11 4.0428e-07
12 4.6546e-07
13 5.29887e-07
14 5.97355e-07
15 6.67233e-07
16 7.39711e-07
17 8.1428e-07
18 8.90694e-07
19 9.69058e-07
20 1.04906e-06
21 1.13035e-06
22 1.21297e-06
23 1.29698e-06
24 1.38194e-06
25 1.46788e-06
26 1.55483e-06
27 1.64231e-06
28 1.7303e-06
29 1.81938e-06
30 1.90846e-06
31 1.99809e-06
32 2.0883e-06
33 2.17908e-06
34 2.26986e-06
35 2.36123e-06
36 2.4526e-06
37 2.54459e-06
38 2.63657e-06
39 2.72855e-06
40 2.82116e-06
41 2.91378e-06
42 3.00639e-06
43 3.099e-06
44 3.19161e-06
45 3.28489e-06
46 3.37816e-06
47 3.47144e-06
48 3.56471e-06
49 3.65799e-06
50 3.75126e-06
51 3.84453e-06
52 3.93781e-06
53 4.03108e-06
54 4.12436e-06
55 4.21763e-06
56 4.3109e-06
57 4.40346e-06
58 4.49601e-06
59 4.58856e-06
60 4.68111e-06
61 4.77293e-06
62 4.86548e-06
63 4.95729e-06
64 5.0491e-06
65 5.14017e-06
66 5.23123e-06
67 5.32155e-06
68 5.41113e-06
69 5.50071e-06
70 5.58954e-06
71 5.67838e-06
72 5.76722e-06
73 5.85605e-06
74 5.94414e-06
75 6.03222e-06
76 6.11955e-06
77 6.20614e-06
78 6.29272e-06
79 6.37856e-06
80 6.4644e-06
81 6.55024e-06
82 6.63608e-06
83 6.72116e-06
84 6.80624e-06
85 6.89132e-06
86 6.97563e-06
87 7.05994e-06
88 7.14425e-06
89 7.22857e-06
90 7.3121e-06
91 7.39563e-06
92 7.47916e-06
93 7.5619e-06
94 7.64465e-06
95 7.72739e-06
96 7.81014e-06
97 7.89288e-06
98 7.97481e-06
99 8.05674e-06
100 8.13868e-06
101 8.22061e-06
102 8.30254e-06
103 8.38364e-06
104 8.46474e-06
105 8.54583e-06
106 8.62693e-06
107 8.70717e-06
108 8.78741e-06
109 8.86766e-06
110 8.9479e-06
111 9.02814e-06
112 9.1075e-06
113 9.18686e-06
114 9.26623e-06
115 9.34559e-06
116 9.42495e-06
117 9.50431e-06
118 9.58367e-06
119 9.6621e-06
120 9.74052e-06
121 9.81895e-06
122 9.89738e-06
123 9.97485e-06
124 1.00523e-05
125 1.01298e-05
126 1.02073e-05
127 1.02847e-05
128 1.03612e-05
129 1.04377e-05
130 1.05113e-05
131 1.05821e-05
132 1.06488e-05
133 1.07097e-05
134 1.0768e-05
135 1.08192e-05
136 1.08656e-05
137 1.09094e-05
138 1.09508e-05
139 1.09861e-05
140 1.10168e-05
141 1.1045e-05
142 1.10715e-05
143 1.10967e-05
144 1.11208e-05
145 1.11426e-05
146 1.11638e-05
147 1.1185e-05
148 1.12063e-05
149 1.12277e-05
150 1.12491e-05
151 1.12707e-05
152 1.12924e-05
153 1.13145e-05
154 1.13369e-05
155 1.13596e-05
156 1.13828e-05
157 1.14064e-05
158 1.14307e-05
159 1.14555e-05
160 1.1481e-05
161 1.15072e-05
162 1.15343e-05
163 1.15621e-05
164 1.15905e-05
165 1.16196e-05
166 1.16495e-05
167 1.16803e-05
168 1.17121e-05
169 1.17445e-05
170 1.17774e-05
171 1.1811e-05
172 1.18454e-05
173 1.18806e-05
174 1.19165e-05
175 1.19529e-05
176 1.19896e-05
177 1.2027e-05
178 1.2065e-05
179 1.21034e-05
180 1.21422e-05
181 1.21813e-05
182 1.22208e-05
183 1.22603e-05
184 1.23002e-05
185 1.23401e-05
186 1.238e-05
187 1.24199e-05
188 1.24594e-05
189 1.24989e-05
190 1.25383e-05
191 1.25766e-05
192 1.26149e-05
193 1.26531e-05
194 1.26906e-05
195 1.27281e-05
196 1.27648e-05
197 1.28011e-05
198 1.28374e-05
199 1.28729e-05
200 1.29085e-05
201 1.2944e-05
202 1.29788e-05
203 1.30136e-05
204 1.30484e-05
205 1.30825e-05
206 1.31165e-05
207 1.31506e-05
208 1.31839e-05
209 1.32176e-05
210 1.32509e-05
211 1.32839e-05
212 1.33168e-05
213 1.33494e-05
214 1.33817e-05
215 1.34135e-05
216 1.34447e-05
217 1.34749e-05
218 1.35047e-05
219 1.35342e-05
220 1.35631e-05
221 1.3592e-05
222 1.36209e-05
223 1.36498e-05
224 1.36787e-05
225 1.37073e-05
226 1.37358e-05
227 1.37644e-05
228 1.3793e-05
229 1.38215e-05
230 1.38491e-05
231 1.38764e-05
232 1.39034e-05
233 1.39304e-05
234 1.39576e-05
235 1.39846e-05
236 1.40116e-05
237 1.40386e-05
238 1.40655e-05
239 1.40925e-05
240 1.41191e-05
241 1.41458e-05
242 1.41724e-05
243 1.4199e-05
244 1.42257e-05
245 1.42523e-05
246 1.42789e-05
247 1.43059e-05
248 1.43329e-05
249 1.43599e-05
250 1.43873e-05
251 1.44147e-05
252 1.44425e-05
253 1.44708e-05
254 1.4499e-05
255 1.45277e-05
256 1.45569e-05
257 1.45861e-05
258 1.46158e-05
259 1.46455e-05
260 1.46752e-05
261 1.4705e-05
262 1.47347e-05
263 1.47644e-05
264 1.4793e-05
265 1.4821e-05
266 1.4849e-05
267 1.4877e-05
268 1.4905e-05
269 1.49331e-05
270 1.49605e-05
271 1.49879e-05
272 1.50148e-05
273 1.50416e-05
274 1.50685e-05
275 1.50953e-05
276 1.51222e-05
277 1.5149e-05
278 1.51759e-05
279 1.52027e-05
280 1.52296e-05
281 1.52565e-05
282 1.52833e-05
283 1.53102e-05
284 1.5337e-05
285 1.53639e-05
286 1.53907e-05
287 1.54184e-05
288 1.54462e-05
289 1.54739e-05
290 1.55016e-05
291 1.55293e-05
292 1.5557e-05
293 1.55847e-05
294 1.56125e-05
295 1.56402e-05
296 1.56667e-05
297 1.56932e-05
298 1.57197e-05
299 1.57462e-05
300 1.57728e-05
301 1.57993e-05
302 1.58258e-05
303 1.58507e-05
304 1.58757e-05
305 1.59006e-05
306 1.59256e-05
307 1.59506e-05
308 1.59755e-05
309 1.60005e-05
310 1.60254e-05
311 1.60504e-05
312 1.60753e-05
313 1.61003e-05
314 1.61252e-05
315 1.61502e-05
316 1.61751e-05
317 1.62001e-05
318 1.6225e-05
319 1.625e-05
Re:4481, We:2191
