0 0
1 5.91856e-09
2 1.93521e-08
3 3.59379e-08
4 5.54984e-08
5 7.79056e-08
6 1.02977e-07
7 1.3049e-07
8 1.60386e-07
9 1.92827e-07
10 2.27829e-07
11 2.65304e-07
12 3.05033e-07
13 3.46812e-07
14 3.90506e-07
15 4.36108e-07
16 4.83368e-07
17 5.32189e-07
18 5.82438e-07
19 6.3395e-07
20 6.86524e-07
21 7.40211e-07
22 7.94769e-07
23 8.5023e-07
24 9.06315e-07
25 9.63041e-07
26 1.02043e-06
27 1.07815e-06
28 1.13656e-06
29 1.19533e-06
30 1.25446e-06
31 1.31396e-06
32 1.37383e-06
33 1.4337e-06
34 1.49395e-06
35 1.55421e-06
36 1.61485e-06
37 1.6755e-06
38 1.73655e-06
39 1.79761e-06
40 1.85866e-06
41 1.91971e-06
42 1.98076e-06
43 2.04181e-06
44 2.10329e-06
45 2.16477e-06
46 2.22625e-06
47 2.28773e-06
48 2.34921e-06
49 2.41069e-06
50 2.47217e-06
51 2.5332e-06
52 2.59423e-06
53 2.65526e-06
54 2.71629e-06
55 2.77732e-06
56 2.83835e-06
57 2.89938e-06
58 2.95995e-06
59 3.02051e-06
60 3.08108e-06
61 3.14164e-06
62 3.2022e-06
63 3.26277e-06
64 3.32285e-06
65 3.38294e-06
66 3.44254e-06
67 3.50214e-06
68 3.56127e-06
69 3.62039e-06
70 3.67903e-06
71 3.73767e-06
72 3.79583e-06
73 3.85399e-06
74 3.91167e-06
75 3.96935e-06
76 4.02655e-06
77 4.08375e-06
78 4.14e-06
79 4.19625e-06
80 4.2511e-06
81 4.30595e-06
82 4.36035e-06
83 4.41429e-06
84 4.46823e-06
85 4.52172e-06
86 4.57521e-06
87 4.62869e-06
88 4.68218e-06
89 4.73567e-06
90 4.78916e-06
91 4.84265e-06
92 4.89614e-06
93 4.94962e-06
94 5.0036e-06
95 5.05758e-06
96 5.11156e-06
97 5.16554e-06
98 5.22004e-06
99 5.27454e-06
100 5.32957e-06
101 5.38461e-06
102 5.44021e-06
103 5.49581e-06
104 5.55141e-06
105 5.60586e-06
106 5.65975e-06
107 5.71364e-06
108 5.76642e-06
109 5.81866e-06
110 5.87036e-06
111 5.921e-06
112 5.97113e-06
113 6.02024e-06
114 6.06837e-06
115 6.11555e-06
116 6.16273e-06
117 6.20852e-06
118 6.25342e-06
119 6.29832e-06
120 6.34278e-06
121 6.38555e-06
122 6.42831e-06
123 6.47108e-06
124 6.51303e-06
125 6.55378e-06
126 6.59416e-06
127 6.63305e-06
128 6.67194e-06
129 6.71047e-06
130 6.74761e-06
131 6.78476e-06
132 6.8219e-06
133 6.8587e-06
134 6.8955e-06
135 6.93098e-06
136 6.96678e-06
137 7.0013e-06
138 7.03406e-06
139 7.06681e-06
140 7.09956e-06
141 7.13175e-06
142 7.16286e-06
143 7.1927e-06
144 7.22182e-06
145 7.25095e-06
146 7.28007e-06
147 7.30783e-06
148 7.33495e-06
149 7.36207e-06
150 7.38919e-06
151 7.41568e-06
152 7.44197e-06
153 7.46786e-06
154 7.49243e-06
155 7.51612e-06
156 7.53948e-06
157 7.56268e-06
158 7.58604e-06
159 7.60891e-06
160 7.63069e-06
161 7.65204e-06
162 7.6727e-06
163 7.69186e-06
164 7.71023e-06
165 7.72787e-06
166 7.74484e-06
167 7.76127e-06
168 7.77727e-06
169 7.79286e-06
170 7.80707e-06
171 7.81927e-06
172 7.8304e-06
173 7.84061e-06
174 7.85011e-06
175 7.85902e-06
176 7.86744e-06
177 7.87546e-06
178 7.88314e-06
179 7.89059e-06
180 7.89788e-06
181 7.90507e-06
182 7.91226e-06
183 7.91951e-06
184 7.92683e-06
185 7.93423e-06
186 7.9417e-06
187 7.94925e-06
188 7.9569e-06
189 7.96468e-06
190 7.97258e-06
191 7.98066e-06
192 7.98893e-06
193 7.99739e-06
194 8.00612e-06
195 8.0151e-06
196 8.0244e-06
197 8.03402e-06
198 8.04401e-06
199 8.05442e-06
200 8.06528e-06
201 8.07657e-06
202 8.08831e-06
203 8.10051e-06
204 8.11316e-06
205 8.12624e-06
206 8.13977e-06
207 8.15373e-06
208 8.16813e-06
209 8.18302e-06
210 8.19834e-06
211 8.21412e-06
212 8.23029e-06
213 8.24687e-06
214 8.26377e-06
215 8.28114e-06
216 8.29886e-06
217 8.31696e-06
218 8.33547e-06
219 8.35439e-06
220 8.37376e-06
221 8.39343e-06
222 8.41343e-06
223 8.43394e-06
224 8.4548e-06
225 8.47604e-06
226 8.49767e-06
227 8.5195e-06
228 8.54174e-06
229 8.56421e-06
230 8.58713e-06
231 8.61029e-06
232 8.63344e-06
233 8.6566e-06
234 8.68001e-06
235 8.70316e-06
236 8.72607e-06
237 8.74825e-06
238 8.76997e-06
239 8.79124e-06
240 8.81208e-06
241 8.8327e-06
242 8.85291e-06
243 8.87233e-06
244 8.89118e-06
245 8.90933e-06
246 8.92715e-06
247 8.94448e-06
248 8.96165e-06
249 8.97851e-06
250 8.99522e-06
251 9.01193e-06
252 9.02864e-06
253 9.04551e-06
254 9.06237e-06
255 9.0794e-06
256 9.0966e-06
257 9.11396e-06
258 9.13151e-06
259 9.14924e-06
260 9.16715e-06
261 9.18526e-06
262 9.20357e-06
263 9.22209e-06
264 9.24083e-06
265 9.25979e-06
266 9.27898e-06
267 9.29841e-06
268 9.31809e-06
269 9.33829e-06
270 9.35877e-06
271 9.37954e-06
272 9.40061e-06
273 9.42199e-06
274 9.4437e-06
275 9.46576e-06
276 9.48855e-06
277 9.51174e-06
278 9.53493e-06
279 9.55853e-06
280 9.58051e-06
281 9.60175e-06
282 9.62298e-06
283 9.64422e-06
284 9.66545e-06
285 9.68631e-06
286 9.70716e-06
287 9.72802e-06
288 9.74887e-06
289 9.76973e-06
290 9.79058e-06
291 9.81144e-06
292 9.83229e-06
293 9.85315e-06
294 9.874e-06
295 9.89486e-06
296 9.91571e-06
297 9.93657e-06
298 9.95742e-06
299 9.97779e-06
300 9.99816e-06
301 1.00185e-05
302 1.00384e-05
303 1.00583e-05
304 1.00782e-05
305 1.00975e-05
306 1.01169e-05
307 1.01362e-05
308 1.01556e-05
309 1.01744e-05
310 1.01933e-05
311 1.02121e-05
312 1.02309e-05
313 1.02497e-05
314 1.02686e-05
315 1.02874e-05
316 1.03062e-05
317 1.03244e-05
318 1.03426e-05
319 1.03607e-05
320 1.03789e-05
321 1.03971e-05
322 1.04153e-05
323 1.04334e-05
324 1.04516e-05
325 1.04698e-05
326 1.0488e-05
327 1.05062e-05
328 1.05243e-05
329 1.05425e-05
330 1.05607e-05
331 1.05789e-05
332 1.0597e-05
333 1.06152e-05
334 1.06334e-05
335 1.06516e-05
336 1.06697e-05
337 1.06879e-05
338 1.07061e-05
339 1.0722e-05
340 1.07379e-05
341 1.07538e-05
342 1.07697e-05
343 1.07856e-05
344 1.08015e-05
345 1.08174e-05
346 1.08333e-05
Re:6721, We:4930
