0 0
1 1.26205e-06
2 4.50325e-06
3 8.50203e-06
4 1.32026e-05
5 1.85654e-05
6 2.45676e-05
7 3.12113e-05
8 3.84857e-05
9 4.63607e-05
10 5.47836e-05
11 6.36998e-05
12 7.30688e-05
13 8.2848e-05
14 9.29975e-05
15 0.000103487
16 0.000114284
17 0.000125358
18 0.000136687
19 0.000148249
20 0.000160024
21 0.000171991
22 0.000184127
23 0.000196426
24 0.000208861
25 0.000221435
26 0.00023413
27 0.000246924
28 0.000259821
29 0.00027281
30 0.00028588
31 0.000299021
32 0.000312222
33 0.000325483
34 0.000338805
35 0.000352177
36 0.000365598
37 0.000379056
38 0.000392552
39 0.000406086
40 0.000419646
41 0.000433244
42 0.000446868
43 0.000460505
44 0.000474167
45 0.000487843
46 0.000501545
47 0.00051526
48 0.000528988
49 0.00054273
50 0.000556484
51 0.000570252
52 0.000584033
53 0.000597814
54 0.000611609
55 0.000625404
56 0.000639212
57 0.000653019
58 0.000666841
59 0.000680662
60 0.000694497
61 0.000708332
62 0.000722167
63 0.000736002
64 0.000749851
65 0.000763699
66 0.000777548
67 0.000791397
68 0.000805245
69 0.000819107
70 0.00083297
71 0.000846832
72 0.000860694
73 0.000874556
74 0.000888419
75 0.000902281
76 0.000916143
77 0.000930006
78 0.000943868
79 0.00095773
80 0.000971592
81 0.000985468
82 0.000999345
83 0.00101322
84 0.0010271
85 0.00104097
86 0.00105485
87 0.00106873
88 0.0010826
89 0.00109648
90 0.00111035
91 0.00112423
92 0.00113811
93 0.00115198
94 0.00116586
95 0.00117973
96 0.00119361
97 0.00120749
98 0.00122136
99 0.00123524
100 0.00124912
101 0.00126299
102 0.00127687
103 0.00129074
104 0.00130462
105 0.0013185
106 0.00133237
107 0.00134625
108 0.00136012
109 0.001374
110 0.00138788
111 0.00140175
112 0.00141563
113 0.00142951
114 0.00144338
115 0.00145726
116 0.00147113
117 0.00148501
118 0.00149889
119 0.00151276
120 0.00152664
121 0.00154051
122 0.00155439
123 0.00156699
124 0.00157962
125 0.00159229
126 0.00160502
127 0.0016178
128 0.00163066
129 0.00164359
130 0.0016566
131 0.00166968
132 0.00168285
133 0.00169608
134 0.00170936
135 0.0017227
136 0.00173609
137 0.00174952
138 0.001763
139 0.0017765
140 0.00179004
141 0.00180362
142 0.00181722
143 0.00183085
144 0.00184449
145 0.00185816
146 0.00187185
147 0.00188555
148 0.00189927
149 0.001913
150 0.00192675
151 0.00194051
152 0.00195428
153 0.00196806
154 0.00198185
155 0.00199564
156 0.00200944
157 0.00202324
158 0.00203706
159 0.00205088
160 0.0020647
161 0.00207854
162 0.00209237
163 0.00210621
164 0.00212004
165 0.00213389
166 0.00214774
167 0.00216159
168 0.00217544
169 0.00218929
170 0.00220314
171 0.002217
172 0.00223087
173 0.00224473
174 0.0022586
175 0.00227246
176 0.00228632
177 0.00230019
178 0.00231405
179 0.00232792
180 0.00234178
181 0.00235565
182 0.00236951
183 0.00238338
184 0.00239724
185 0.00241111
186 0.00242497
187 0.00243884
188 0.0024527
189 0.00246657
190 0.00248043
191 0.0024943
192 0.00250816
193 0.00252204
194 0.00253592
195 0.0025498
196 0.00256368
197 0.00257756
198 0.00259144
199 0.00260532
200 0.0026192
201 0.00263308
202 0.00264696
203 0.00266084
204 0.00267472
205 0.0026886
206 0.00270248
207 0.00271636
208 0.00273024
209 0.00274413
210 0.00275801
211 0.00277189
212 0.00278577
213 0.00279965
214 0.00281353
215 0.00282741
216 0.00284129
217 0.00285517
218 0.00286905
219 0.00288293
220 0.00289681
221 0.00291069
222 0.00292457
223 0.00293845
224 0.00295233
225 0.00296621
226 0.00298009
227 0.00299397
228 0.00300785
229 0.00302173
230 0.00303561
231 0.00304949
232 0.00306337
233 0.00307725
234 0.00309113
235 0.00310501
236 0.00311889
237 0.00313277
238 0.00314665
239 0.00316053
240 0.00317441
241 0.0031883
242 0.00320218
243 0.00321606
244 0.00322994
245 0.00324382
246 0.0032577
247 0.00327158
248 0.00328546
249 0.00329934
250 0.00331322
251 0.0033271
252 0.00334098
253 0.00335486
254 0.00336874
255 0.00338262
256 0.0033965
257 0.00341038
258 0.00342426
259 0.00343814
260 0.00345202
261 0.0034659
262 0.00347978
263 0.00349366
264 0.00350754
265 0.00352142
266 0.0035353
267 0.00354918
268 0.00356306
269 0.00357694
270 0.00359082
271 0.0036047
272 0.00361859
273 0.00363247
274 0.00364635
275 0.00366023
276 0.00367411
277 0.00368799
278 0.00370187
279 0.00371575
280 0.00372963
281 0.00374351
282 0.00375739
283 0.00377127
284 0.00378515
285 0.00379903
286 0.00381291
287 0.00382679
288 0.00384067
289 0.00385455
290 0.00386843
291 0.00388231
292 0.00389619
293 0.00391007
294 0.00392395
295 0.00393783
296 0.00395171
297 0.00396559
298 0.00397947
299 0.00399335
300 0.00400723
301 0.00402111
302 0.00403499
303 0.00404887
304 0.00406276
305 0.00407664
306 0.00409052
307 0.0041044
308 0.00411828
309 0.00413216
310 0.00414604
311 0.00415992
312 0.0041738
313 0.00418768
314 0.00420156
315 0.00421544
316 0.00422932
317 0.0042432
318 0.00425708
319 0.00427096
320 0.00428484
321 0.00429872
322 0.0043126
323 0.00432648
324 0.00434036
325 0.00435424
326 0.00436812
327 0.004382
328 0.00439588
329 0.00440976
330 0.00442364
331 0.00443752
332 0.0044514
333 0.00446528
334 0.00447916
335 0.00449304
336 0.00450693
337 0.00452081
338 0.00453469
339 0.00454857
340 0.00456245
341 0.00457633
342 0.00459021
343 0.00460409
344 0.00461797
345 0.00463185
346 0.00464573
347 0.00465961
348 0.00467349
349 0.00468737
350 0.00470125
351 0.00471513
352 0.00472901
353 0.00474289
354 0.00475677
355 0.00477065
356 0.00478453
357 0.00479841
358 0.00481229
359 0.00482617
360 0.00484005
361 0.00485393
362 0.00486781
363 0.00488169
364 0.00489557
365 0.00490945
366 0.00492333
367 0.00493722
368 0.0049511
369 0.00496498
370 0.00497886
371 0.00499274
372 0.00500662
373 0.0050205
374 0.00503438
375 0.00504826
376 0.00506214
377 0.00507602
378 0.0050899
379 0.00510378
380 0.00511766
381 0.00513154
382 0.00514542
383 0.0051593
384 0.00517318
385 0.00518706
386 0.00520094
387 0.00521482
388 0.0052287
389 0.00524258
390 0.00525646
391 0.00527034
392 0.00528422
393 0.0052981
394 0.00531198
395 0.00532586
396 0.00533974
397 0.00535362
398 0.0053675
399 0.00538139
400 0.00539527
401 0.00540915
402 0.00542303
403 0.00543691
404 0.00545079
405 0.00546467
406 0.00547855
407 0.00549243
408 0.00550631
409 0.00552019
410 0.00553407
411 0.00554795
412 0.00556183
413 0.00557571
414 0.00558959
415 0.00560347
416 0.00561735
417 0.00563123
418 0.00564511
419 0.00565899
420 0.00567287
421 0.00568675
422 0.00570063
423 0.00571451
424 0.00572839
425 0.00574227
426 0.00575615
427 0.00577003
428 0.00578391
429 0.00579779
430 0.00581167
431 0.00582556
432 0.00583944
433 0.00585332
434 0.0058672
435 0.00588108
436 0.00589496
437 0.00590884
438 0.00592272
439 0.0059366
440 0.00595048
441 0.00596436
442 0.00597824
443 0.00599212
444 0.006006
445 0.00601988
446 0.00603376
447 0.00604764
448 0.00606152
449 0.0060754
450 0.00608928
451 0.00610316
452 0.00611704
453 0.00613092
454 0.0061448
455 0.00615868
456 0.00617256
457 0.00618644
458 0.00620032
459 0.0062142
460 0.00622808
461 0.00624196
462 0.00625585
463 0.00626973
464 0.00628361
465 0.00629749
466 0.00631137
467 0.00632525
468 0.00633913
469 0.00635301
470 0.00636689
471 0.00638077
472 0.00639465
473 0.00640853
474 0.00642241
475 0.00643629
476 0.00645017
477 0.00646405
478 0.00647793
479 0.00649181
480 0.00650569
481 0.00651957
482 0.00653345
483 0.00654733
484 0.00656121
485 0.00657509
486 0.00658897
487 0.00660285
488 0.00661673
489 0.00663061
490 0.00664449
491 0.00665837
492 0.00667225
493 0.00668613
494 0.00670002
495 0.0067139
496 0.00672778
497 0.00674166
498 0.00675554
499 0.00676942
500 0.0067833
501 0.00679718
502 0.00681106
503 0.00682494
504 0.00683882
505 0.0068527
506 0.00686658
507 0.00688046
508 0.00689434
509 0.00690822
510 0.0069221
511 0.00693598
512 0.00694986
513 0.00696374
514 0.00697762
515 0.0069915
516 0.00700538
517 0.00701926
518 0.00703314
519 0.00704702
520 0.0070609
521 0.00707478
522 0.00708866
523 0.00710254
524 0.00711642
525 0.00713031
526 0.00714419
527 0.00715807
528 0.00717195
529 0.00718583
530 0.00719971
531 0.00721359
532 0.00722747
533 0.00724135
534 0.00725523
535 0.00726911
536 0.00728299
537 0.00729687
538 0.00731075
539 0.00732463
540 0.00733851
541 0.00735239
542 0.00736627
543 0.00738015
544 0.00739403
545 0.00740791
546 0.00742179
547 0.00743567
548 0.00744955
549 0.00746343
550 0.00747731
551 0.00749119
552 0.00750507
553 0.00751895
554 0.00753283
555 0.00754671
556 0.00756059
557 0.00757448
558 0.00758836
559 0.00760224
560 0.00761612
561 0.00763
562 0.00764388
563 0.00765776
564 0.00767164
565 0.00768552
566 0.0076994
567 0.00771328
568 0.00772716
569 0.00774104
570 0.00775492
571 0.0077688
572 0.00778268
573 0.00779656
574 0.00781044
575 0.00782432
576 0.0078382
577 0.00785208
578 0.00786596
579 0.00787984
580 0.00789372
581 0.0079076
582 0.00792148
583 0.00793536
584 0.00794924
585 0.00796312
586 0.007977
587 0.00799088
588 0.00800476
589 0.00801865
590 0.00803253
591 0.00804641
592 0.00806029
593 0.00807417
594 0.00808805
595 0.00810193
596 0.00811581
597 0.00812969
598 0.00814357
599 0.00815745
600 0.00817133
601 0.00818521
602 0.00819909
603 0.00821297
604 0.00822685
605 0.00824073
606 0.00825461
607 0.00826849
608 0.00828237
609 0.00829625
610 0.00831013
611 0.00832401
612 0.00833789
613 0.00835177
614 0.00836565
615 0.00837953
616 0.00839341
617 0.00840729
618 0.00842117
619 0.00843505
620 0.00844894
621 0.00846282
622 0.0084767
623 0.00849058
624 0.00850446
625 0.00851834
626 0.00853222
627 0.0085461
628 0.00855998
629 0.00857386
630 0.00858774
631 0.00860162
632 0.0086155
633 0.00862938
634 0.00864326
635 0.00865714
636 0.00867102
637 0.00868478
638 0.00869838
639 0.00871163
640 0.00872471
641 0.00873768
642 0.00875012
643 0.00876256
644 0.00877502
645 0.00878748
646 0.0088
647 0.00881254
648 0.00882465
649 0.00883616
650 0.0088476
651 0.00885885
652 0.0088701
653 0.00888136
654 0.00889218
655 0.00890156
656 0.008911
657 0.00891917
658 0.0089269
659 0.00893404
660 0.00894124
661 0.00894852
662 0.00895592
663 0.00896349
664 0.0089711
665 0.00897803
666 0.00898522
667 0.00899268
668 0.00900038
669 0.0090083
670 0.0090164
671 0.00902464
672 0.00903296
673 0.0090414
674 0.00904996
675 0.00905869
676 0.00906757
677 0.00907657
678 0.00908571
679 0.00909454
680 0.0091035
681 0.00911253
682 0.00912163
683 0.00913081
684 0.00914003
685 0.00914937
686 0.00915879
687 0.00916845
688 0.00917845
689 0.0091888
690 0.00919947
691 0.00921042
692 0.00922164
693 0.00923312
694 0.0092448
695 0.00925669
696 0.00926876
697 0.00928099
698 0.00929335
699 0.00930574
700 0.00931825
701 0.00933089
702 0.00934363
703 0.00935648
704 0.00936943
705 0.00938247
706 0.00939557
707 0.00940874
708 0.00942197
709 0.00943527
710 0.00944856
711 0.00946192
712 0.00947532
713 0.00948789
714 0.00950015
715 0.00951137
716 0.00952284
717 0.00953451
718 0.00954628
719 0.00955824
720 0.00957036
721 0.00958266
722 0.0095951
723 0.00960676
724 0.00961861
725 0.00963065
726 0.00964286
727 0.00965521
728 0.00966772
729 0.00968035
730 0.00969285
731 0.00970509
732 0.00971747
733 0.00973001
734 0.00974261
735 0.0097553
736 0.00976813
737 0.00978105
738 0.00979403
739 0.00980712
740 0.00982028
741 0.00983351
742 0.00984677
743 0.0098601
744 0.00987347
745 0.00988673
746 0.00989965
747 0.00991217
748 0.00992396
749 0.00993579
750 0.00994759
751 0.00995919
752 0.00997031
753 0.00998061
754 0.00999069
755 0.0100008
756 0.0100106
757 0.0100205
758 0.0100304
759 0.0100404
760 0.0100505
761 0.0100607
762 0.0100709
763 0.0100811
764 0.0100914
765 0.0101017
766 0.0101118
767 0.010122
768 0.0101316
769 0.0101412
770 0.0101508
771 0.0101599
772 0.0101691
773 0.0101782
774 0.0101874
775 0.0101962
776 0.010205
777 0.0102137
778 0.0102222
779 0.0102308
780 0.0102384
781 0.0102461
782 0.010254
783 0.010262
784 0.0102701
785 0.0102784
786 0.0102868
787 0.0102949
788 0.010303
789 0.0103109
790 0.0103182
791 0.010325
792 0.0103318
793 0.0103384
794 0.0103448
795 0.0103513
796 0.0103579
797 0.0103646
798 0.0103714
799 0.0103783
800 0.0103854
801 0.0103926
802 0.0103998
803 0.0104071
804 0.0104139
805 0.0104207
806 0.0104277
807 0.0104347
808 0.0104419
809 0.0104492
810 0.0104565
811 0.0104639
812 0.0104712
813 0.0104786
814 0.0104861
815 0.0104936
816 0.0105012
817 0.0105082
818 0.0105154
819 0.0105227
820 0.0105302
821 0.0105378
822 0.0105453
823 0.010553
824 0.0105605
825 0.0105674
826 0.0105739
827 0.0105801
828 0.0105859
829 0.0105914
830 0.0105967
831 0.0106021
832 0.0106074
833 0.0106127
834 0.0106181
835 0.0106237
836 0.0106294
837 0.0106354
838 0.0106417
839 0.0106484
840 0.0106554
841 0.0106629
842 0.0106708
843 0.0106792
844 0.010688
845 0.0106972
846 0.0107069
847 0.0107168
848 0.0107271
849 0.0107377
850 0.0107482
851 0.0107588
852 0.0107694
853 0.0107801
854 0.0107908
855 0.0108015
856 0.0108122
857 0.010823
858 0.0108337
859 0.0108436
860 0.0108537
861 0.0108638
862 0.0108741
863 0.0108835
864 0.0108924
865 0.0109015
866 0.0109106
867 0.01092
868 0.0109295
869 0.0109392
870 0.0109491
871 0.0109592
872 0.0109696
873 0.0109801
874 0.0109908
875 0.0110018
876 0.011013
877 0.0110244
878 0.0110361
879 0.011048
880 0.01106
881 0.0110722
882 0.0110845
883 0.0110964
884 0.0111084
885 0.0111189
886 0.0111298
887 0.0111408
888 0.011152
889 0.0111634
890 0.0111749
891 0.0111867
892 0.0111983
893 0.0112101
894 0.011222
895 0.0112342
896 0.0112464
897 0.0112589
898 0.0112715
899 0.0112842
900 0.011297
901 0.0113099
902 0.0113228
903 0.0113314
904 0.0113401
905 0.011349
906 0.0113579
907 0.0113669
908 0.011376
