0 0
1 3.10724e-09
2 1.01598e-08
3 1.88674e-08
4 2.91553e-08
5 4.09435e-08
6 5.41364e-08
7 6.86181e-08
8 8.43572e-08
9 1.0144e-07
10 1.19876e-07
11 1.39619e-07
12 1.60555e-07
13 1.82574e-07
14 2.05607e-07
15 2.29651e-07
16 2.54573e-07
17 2.80321e-07
18 3.06827e-07
19 3.33865e-07
20 3.61604e-07
21 3.89784e-07
22 4.1842e-07
23 4.47531e-07
24 4.76969e-07
25 5.06743e-07
26 5.36864e-07
27 5.67341e-07
28 5.98001e-07
29 6.28846e-07
30 6.59881e-07
31 6.91108e-07
32 7.22532e-07
33 7.54156e-07
34 7.8578e-07
35 8.1761e-07
36 8.49439e-07
37 8.81268e-07
38 9.1331e-07
39 9.45351e-07
40 9.77393e-07
41 1.00943e-06
42 1.0417e-06
43 1.07396e-06
44 1.10622e-06
45 1.13848e-06
46 1.17075e-06
47 1.20301e-06
48 1.23527e-06
49 1.26753e-06
50 1.2998e-06
51 1.33206e-06
52 1.36432e-06
53 1.39658e-06
54 1.42861e-06
55 1.46063e-06
56 1.49265e-06
57 1.52467e-06
58 1.55669e-06
59 1.58872e-06
60 1.62074e-06
61 1.65251e-06
62 1.68403e-06
63 1.71556e-06
64 1.74683e-06
65 1.77811e-06
66 1.80913e-06
67 1.84016e-06
68 1.87094e-06
69 1.90172e-06
70 1.93225e-06
71 1.96278e-06
72 1.99306e-06
73 2.0231e-06
74 2.05313e-06
75 2.08317e-06
76 2.1132e-06
77 2.14324e-06
78 2.17328e-06
79 2.20331e-06
80 2.23335e-06
81 2.26339e-06
82 2.29342e-06
83 2.32346e-06
84 2.35323e-06
85 2.38273e-06
86 2.41198e-06
87 2.44097e-06
88 2.46995e-06
89 2.49868e-06
90 2.52741e-06
91 2.55614e-06
92 2.58487e-06
93 2.61359e-06
94 2.64232e-06
95 2.67105e-06
96 2.69978e-06
97 2.72879e-06
98 2.75779e-06
99 2.7868e-06
100 2.81581e-06
101 2.84481e-06
102 2.87412e-06
103 2.90343e-06
104 2.93273e-06
105 2.96235e-06
106 2.99197e-06
107 3.02096e-06
108 3.04873e-06
109 3.07622e-06
110 3.10287e-06
111 3.12898e-06
112 3.15406e-06
113 3.17866e-06
114 3.20255e-06
115 3.22577e-06
116 3.24815e-06
117 3.26993e-06
118 3.29152e-06
119 3.31235e-06
120 3.33301e-06
121 3.3533e-06
122 3.37325e-06
123 3.39303e-06
124 3.41264e-06
125 3.43192e-06
126 3.45088e-06
127 3.46983e-06
128 3.48863e-06
129 3.50695e-06
130 3.52512e-06
131 3.54256e-06
132 3.55986e-06
133 3.57715e-06
134 3.5946e-06
135 3.61147e-06
136 3.62849e-06
137 3.64551e-06
138 3.66252e-06
139 3.67954e-06
140 3.69656e-06
141 3.71343e-06
142 3.72922e-06
143 3.74452e-06
144 3.75982e-06
145 3.77512e-06
146 3.7903e-06
147 3.80535e-06
148 3.81972e-06
149 3.83366e-06
150 3.84739e-06
151 3.86112e-06
152 3.87475e-06
153 3.8878e-06
154 3.90056e-06
155 3.91332e-06
156 3.92564e-06
157 3.93771e-06
158 3.94961e-06
159 3.96097e-06
160 3.9715e-06
161 3.98125e-06
162 3.99057e-06
163 3.99955e-06
164 4.00812e-06
165 4.01644e-06
166 4.02451e-06
167 4.03239e-06
168 4.0402e-06
169 4.04681e-06
170 4.05274e-06
171 4.05811e-06
172 4.06308e-06
173 4.06771e-06
174 4.07206e-06
175 4.0762e-06
176 4.08019e-06
177 4.0841e-06
178 4.08801e-06
179 4.09194e-06
180 4.09589e-06
181 4.09987e-06
182 4.10388e-06
183 4.10791e-06
184 4.11197e-06
185 4.11608e-06
186 4.12022e-06
187 4.12443e-06
188 4.12873e-06
189 4.13311e-06
190 4.13759e-06
191 4.14219e-06
192 4.14691e-06
193 4.15179e-06
194 4.15682e-06
195 4.16203e-06
196 4.16742e-06
197 4.17303e-06
198 4.17885e-06
199 4.18491e-06
200 4.19123e-06
201 4.19779e-06
202 4.20459e-06
203 4.21162e-06
204 4.21889e-06
205 4.22642e-06
206 4.23419e-06
207 4.24222e-06
208 4.25053e-06
209 4.25913e-06
210 4.268e-06
211 4.2771e-06
212 4.28644e-06
213 4.29604e-06
214 4.30591e-06
215 4.31599e-06
216 4.3263e-06
217 4.33686e-06
218 4.34766e-06
219 4.35864e-06
220 4.36981e-06
221 4.38117e-06
222 4.39263e-06
223 4.40419e-06
224 4.41586e-06
225 4.42752e-06
226 4.43919e-06
227 4.45086e-06
228 4.46241e-06
229 4.47376e-06
230 4.485e-06
231 4.49613e-06
232 4.50706e-06
233 4.51789e-06
234 4.52833e-06
235 4.53868e-06
236 4.54876e-06
237 4.55858e-06
238 4.56823e-06
239 4.57748e-06
240 4.5865e-06
241 4.59538e-06
242 4.60426e-06
243 4.61292e-06
244 4.62145e-06
245 4.62985e-06
246 4.63817e-06
247 4.64644e-06
248 4.65457e-06
249 4.66264e-06
250 4.67065e-06
251 4.67865e-06
252 4.68666e-06
253 4.69467e-06
254 4.70267e-06
255 4.71055e-06
256 4.71843e-06
257 4.72631e-06
258 4.73419e-06
259 4.74207e-06
260 4.74995e-06
261 4.75782e-06
262 4.7657e-06
263 4.77358e-06
264 4.78153e-06
265 4.78948e-06
266 4.79749e-06
267 4.80551e-06
268 4.8136e-06
269 4.82169e-06
270 4.82979e-06
271 4.83796e-06
272 4.84612e-06
273 4.85437e-06
274 4.86262e-06
275 4.87087e-06
276 4.8792e-06
277 4.88729e-06
278 4.89513e-06
279 4.9029e-06
280 4.91059e-06
281 4.91828e-06
282 4.92605e-06
283 4.93382e-06
284 4.94159e-06
285 4.94936e-06
286 4.95713e-06
287 4.9649e-06
288 4.97267e-06
289 4.98053e-06
290 4.98838e-06
291 4.99633e-06
292 5.00427e-06
293 5.01231e-06
294 5.02045e-06
295 5.02858e-06
296 5.03682e-06
297 5.04516e-06
298 5.0535e-06
299 5.06195e-06
300 5.07041e-06
301 5.07898e-06
302 5.08767e-06
303 5.09636e-06
304 5.10519e-06
305 5.11401e-06
306 5.12297e-06
307 5.13193e-06
308 5.14104e-06
309 5.15015e-06
310 5.15925e-06
311 5.16852e-06
312 5.17779e-06
313 5.18706e-06
314 5.19632e-06
315 5.20559e-06
316 5.21486e-06
317 5.22413e-06
318 5.23339e-06
319 5.24266e-06
320 5.25174e-06
321 5.26082e-06
322 5.2699e-06
323 5.27842e-06
324 5.28677e-06
325 5.29512e-06
326 5.30347e-06
327 5.31164e-06
328 5.31963e-06
329 5.32746e-06
330 5.33512e-06
331 5.34278e-06
332 5.35044e-06
333 5.35793e-06
334 5.36542e-06
335 5.37274e-06
336 5.3799e-06
337 5.38705e-06
338 5.39404e-06
339 5.40086e-06
340 5.40753e-06
341 5.41404e-06
342 5.4204e-06
343 5.42661e-06
344 5.43268e-06
345 5.4386e-06
346 5.44439e-06
347 5.45004e-06
348 5.4557e-06
349 5.46122e-06
350 5.46661e-06
351 5.47186e-06
352 5.47712e-06
353 5.48226e-06
354 5.48726e-06
355 5.49227e-06
356 5.49715e-06
357 5.50203e-06
358 5.50678e-06
359 5.51154e-06
360 5.51617e-06
361 5.5208e-06
362 5.52543e-06
363 5.52993e-06
364 5.53444e-06
365 5.53894e-06
366 5.54331e-06
367 5.54768e-06
368 5.55205e-06
369 5.55628e-06
370 5.56051e-06
371 5.56474e-06
372 5.56898e-06
373 5.57306e-06
374 5.57715e-06
375 5.58124e-06
376 5.58533e-06
377 5.58941e-06
378 5.5935e-06
379 5.59742e-06
380 5.60133e-06
381 5.60525e-06
382 5.60917e-06
383 5.61308e-06
384 5.617e-06
385 5.62092e-06
386 5.62483e-06
387 5.62852e-06
388 5.63221e-06
389 5.63589e-06
390 5.63958e-06
391 5.64326e-06
392 5.64695e-06
393 5.65064e-06
394 5.65432e-06
395 5.65801e-06
396 5.6617e-06
397 5.66538e-06
398 5.66907e-06
399 5.67275e-06
400 5.67644e-06
401 5.68013e-06
402 5.68381e-06
403 5.6875e-06
Re:6273, We:6135
