0 0
1 2.4858e-09
2 8.12787e-09
3 1.50833e-08
4 2.32987e-08
5 3.26902e-08
6 4.31956e-08
7 5.46925e-08
8 6.71795e-08
9 8.07227e-08
10 9.53282e-08
11 1.10959e-07
12 1.27522e-07
13 1.44865e-07
14 1.63068e-07
15 1.82059e-07
16 2.01824e-07
17 2.22238e-07
18 2.43246e-07
19 2.6478e-07
20 2.86756e-07
21 3.09194e-07
22 3.31994e-07
23 3.5517e-07
24 3.78604e-07
25 4.02306e-07
26 4.26281e-07
27 4.50538e-07
28 4.74939e-07
29 4.99488e-07
30 5.24186e-07
31 5.49037e-07
32 5.74043e-07
33 5.99207e-07
34 6.24371e-07
35 6.49698e-07
36 6.75025e-07
37 7.00518e-07
38 7.26011e-07
39 7.51505e-07
40 7.76998e-07
41 8.02664e-07
42 8.28331e-07
43 8.53998e-07
44 8.79665e-07
45 9.05331e-07
46 9.30998e-07
47 9.56665e-07
48 9.82331e-07
49 1.008e-06
50 1.03366e-06
51 1.05915e-06
52 1.08463e-06
53 1.11011e-06
54 1.13559e-06
55 1.16107e-06
56 1.18636e-06
57 1.21146e-06
58 1.23637e-06
59 1.2611e-06
60 1.28547e-06
61 1.30983e-06
62 1.33383e-06
63 1.35765e-06
64 1.38113e-06
65 1.40443e-06
66 1.42739e-06
67 1.45035e-06
68 1.47314e-06
69 1.49576e-06
70 1.51839e-06
71 1.54084e-06
72 1.5633e-06
73 1.58559e-06
74 1.60788e-06
75 1.63e-06
76 1.65212e-06
77 1.67424e-06
78 1.69636e-06
79 1.71866e-06
80 1.74095e-06
81 1.76324e-06
82 1.78554e-06
83 1.80801e-06
84 1.83049e-06
85 1.85296e-06
86 1.87563e-06
87 1.89829e-06
88 1.92115e-06
89 1.94421e-06
90 1.96727e-06
91 1.99033e-06
92 2.01339e-06
93 2.03645e-06
94 2.05951e-06
95 2.08236e-06
96 2.10521e-06
97 2.12806e-06
98 2.15091e-06
99 2.17375e-06
100 2.1966e-06
101 2.21945e-06
102 2.2423e-06
103 2.26538e-06
104 2.28822e-06
105 2.31084e-06
106 2.33346e-06
107 2.35498e-06
108 2.37671e-06
109 2.39823e-06
110 2.41953e-06
111 2.44084e-06
112 2.46152e-06
113 2.48219e-06
114 2.50267e-06
115 2.52274e-06
116 2.54242e-06
117 2.56136e-06
118 2.57978e-06
119 2.59802e-06
120 2.61626e-06
121 2.63433e-06
122 2.65241e-06
123 2.67065e-06
124 2.6889e-06
125 2.70629e-06
126 2.72385e-06
127 2.74124e-06
128 2.75799e-06
129 2.77474e-06
130 2.79149e-06
131 2.80823e-06
132 2.82392e-06
133 2.83947e-06
134 2.85503e-06
135 2.87043e-06
136 2.88557e-06
137 2.9007e-06
138 2.91556e-06
139 2.93055e-06
140 2.94501e-06
141 2.95897e-06
142 2.9728e-06
143 2.98676e-06
144 3.00072e-06
145 3.01467e-06
146 3.02826e-06
147 3.04149e-06
148 3.05473e-06
149 3.06796e-06
150 3.08073e-06
151 3.0934e-06
152 3.10607e-06
153 3.11884e-06
154 3.13151e-06
155 3.14406e-06
156 3.15608e-06
157 3.16799e-06
158 3.17991e-06
159 3.19162e-06
160 3.20313e-06
161 3.21464e-06
162 3.22596e-06
163 3.23718e-06
164 3.2484e-06
165 3.25907e-06
166 3.26956e-06
167 3.27997e-06
168 3.29021e-06
169 3.29991e-06
170 3.30865e-06
171 3.31666e-06
172 3.32418e-06
173 3.33135e-06
174 3.33823e-06
175 3.34482e-06
176 3.35113e-06
177 3.35721e-06
178 3.36315e-06
179 3.3684e-06
180 3.37316e-06
181 3.37754e-06
182 3.38159e-06
183 3.38539e-06
184 3.38894e-06
185 3.39229e-06
186 3.39549e-06
187 3.39856e-06
188 3.40153e-06
189 3.40442e-06
190 3.40725e-06
191 3.40995e-06
192 3.41254e-06
193 3.41508e-06
194 3.4176e-06
195 3.42014e-06
196 3.42268e-06
197 3.42524e-06
198 3.42783e-06
199 3.43044e-06
200 3.43308e-06
201 3.43576e-06
202 3.43848e-06
203 3.44125e-06
204 3.44408e-06
205 3.44698e-06
206 3.44995e-06
207 3.45301e-06
208 3.45616e-06
209 3.45942e-06
210 3.4628e-06
211 3.46629e-06
212 3.46989e-06
213 3.4736e-06
214 3.47743e-06
215 3.48136e-06
216 3.4854e-06
217 3.48956e-06
218 3.49382e-06
219 3.4982e-06
220 3.50272e-06
221 3.50735e-06
222 3.51214e-06
223 3.51705e-06
224 3.52209e-06
225 3.52723e-06
226 3.53245e-06
227 3.53775e-06
228 3.54313e-06
229 3.54858e-06
230 3.55411e-06
231 3.55974e-06
232 3.56546e-06
233 3.57125e-06
234 3.57715e-06
235 3.58312e-06
236 3.5892e-06
237 3.5954e-06
238 3.60172e-06
239 3.60817e-06
240 3.61476e-06
241 3.62148e-06
242 3.62836e-06
243 3.63545e-06
244 3.64271e-06
245 3.65015e-06
246 3.65771e-06
247 3.66547e-06
248 3.67336e-06
249 3.68141e-06
250 3.68953e-06
251 3.6978e-06
252 3.70615e-06
253 3.71459e-06
254 3.7232e-06
255 3.73191e-06
256 3.7407e-06
257 3.7495e-06
258 3.7584e-06
259 3.76739e-06
260 3.77649e-06
261 3.78559e-06
262 3.7948e-06
263 3.80412e-06
264 3.81345e-06
265 3.82289e-06
266 3.83233e-06
267 3.8419e-06
268 3.85147e-06
269 3.86104e-06
270 3.87061e-06
271 3.88031e-06
272 3.89002e-06
273 3.89973e-06
274 3.90943e-06
275 3.91929e-06
276 3.92914e-06
277 3.93884e-06
278 3.94839e-06
279 3.95765e-06
280 3.96676e-06
281 3.97573e-06
282 3.98471e-06
283 3.99354e-06
284 4.00223e-06
285 4.01079e-06
286 4.01922e-06
287 4.02764e-06
288 4.03593e-06
289 4.04409e-06
290 4.05212e-06
291 4.06003e-06
292 4.0678e-06
293 4.07558e-06
294 4.08323e-06
295 4.09076e-06
296 4.09829e-06
297 4.1057e-06
298 4.1131e-06
299 4.12038e-06
300 4.12766e-06
301 4.13482e-06
302 4.14198e-06
303 4.14902e-06
304 4.15605e-06
305 4.16308e-06
306 4.16999e-06
307 4.1769e-06
308 4.18381e-06
309 4.19059e-06
310 4.19738e-06
311 4.20416e-06
312 4.21094e-06
313 4.21772e-06
314 4.2245e-06
315 4.23128e-06
316 4.23806e-06
317 4.24484e-06
318 4.25163e-06
319 4.25841e-06
320 4.26519e-06
321 4.27197e-06
322 4.27875e-06
323 4.28553e-06
324 4.29214e-06
325 4.29875e-06
326 4.3052e-06
327 4.31164e-06
328 4.31791e-06
329 4.32418e-06
330 4.33029e-06
331 4.33639e-06
332 4.34232e-06
333 4.34826e-06
334 4.35402e-06
335 4.35979e-06
336 4.36555e-06
337 4.37131e-06
338 4.3769e-06
339 4.38248e-06
340 4.38807e-06
341 4.39365e-06
342 4.39923e-06
343 4.40482e-06
344 4.4104e-06
345 4.41599e-06
346 4.42157e-06
347 4.42715e-06
348 4.43274e-06
349 4.43832e-06
350 4.44391e-06
351 4.44949e-06
352 4.45507e-06
353 4.46066e-06
354 4.46624e-06
355 4.47182e-06
356 4.47741e-06
357 4.48299e-06
358 4.48858e-06
359 4.49416e-06
360 4.49974e-06
361 4.50533e-06
362 4.51091e-06
363 4.5165e-06
364 4.52208e-06
365 4.52766e-06
366 4.53325e-06
367 4.53883e-06
368 4.54442e-06
369 4.55e-06
Re:7842, We:9587
