0 0
1 3.55114e-09
2 1.1692e-08
3 2.23988e-08
4 3.57272e-08
5 5.14172e-08
6 6.92803e-08
7 8.90671e-08
8 1.10653e-07
9 1.33887e-07
10 1.58562e-07
11 1.84551e-07
12 2.11773e-07
13 2.40098e-07
14 2.69487e-07
15 2.99733e-07
16 3.30734e-07
17 3.62534e-07
18 3.95008e-07
19 4.28008e-07
20 4.61555e-07
21 4.9567e-07
22 5.30178e-07
23 5.65089e-07
24 6.00416e-07
25 6.36171e-07
26 6.72145e-07
27 7.08343e-07
28 7.44999e-07
29 7.8189e-07
30 8.18781e-07
31 8.55913e-07
32 8.93291e-07
33 9.3092e-07
34 9.68549e-07
35 1.00644e-06
36 1.04432e-06
37 1.08247e-06
38 1.12063e-06
39 1.15878e-06
40 1.1972e-06
41 1.23563e-06
42 1.27406e-06
43 1.31248e-06
44 1.35091e-06
45 1.38933e-06
46 1.42776e-06
47 1.46619e-06
48 1.50461e-06
49 1.54304e-06
50 1.58146e-06
51 1.61989e-06
52 1.65832e-06
53 1.69644e-06
54 1.73456e-06
55 1.77269e-06
56 1.81081e-06
57 1.84863e-06
58 1.88644e-06
59 1.92395e-06
60 1.96146e-06
61 1.99897e-06
62 2.03648e-06
63 2.07399e-06
64 2.11149e-06
65 2.14868e-06
66 2.18588e-06
67 2.22307e-06
68 2.25994e-06
69 2.29681e-06
70 2.33368e-06
71 2.37055e-06
72 2.40742e-06
73 2.44429e-06
74 2.48082e-06
75 2.51736e-06
76 2.5539e-06
77 2.59044e-06
78 2.62698e-06
79 2.66317e-06
80 2.69937e-06
81 2.73557e-06
82 2.77176e-06
83 2.80796e-06
84 2.84416e-06
85 2.88e-06
86 2.91584e-06
87 2.95168e-06
88 2.98752e-06
89 3.02336e-06
90 3.05921e-06
91 3.09505e-06
92 3.13089e-06
93 3.16673e-06
94 3.20257e-06
95 3.23841e-06
96 3.27387e-06
97 3.30932e-06
98 3.34477e-06
99 3.38022e-06
100 3.41567e-06
101 3.45113e-06
102 3.48658e-06
103 3.52203e-06
104 3.55748e-06
105 3.59293e-06
106 3.62839e-06
107 3.66384e-06
108 3.69929e-06
109 3.73474e-06
110 3.76974e-06
111 3.80475e-06
112 3.83975e-06
113 3.87475e-06
114 3.90976e-06
115 3.94476e-06
116 3.97976e-06
117 4.01477e-06
118 4.04977e-06
119 4.08428e-06
120 4.11879e-06
121 4.1533e-06
122 4.18781e-06
123 4.22232e-06
124 4.25632e-06
125 4.29031e-06
126 4.32379e-06
127 4.35444e-06
128 4.38344e-06
129 4.40957e-06
130 4.4336e-06
131 4.45606e-06
132 4.47516e-06
133 4.49261e-06
134 4.50934e-06
135 4.52377e-06
136 4.5373e-06
137 4.55066e-06
138 4.56401e-06
139 4.57736e-06
140 4.5908e-06
141 4.60362e-06
142 4.61643e-06
143 4.62933e-06
144 4.64232e-06
145 4.6554e-06
146 4.66849e-06
147 4.68166e-06
148 4.69503e-06
149 4.7085e-06
150 4.72197e-06
151 4.73555e-06
152 4.74933e-06
153 4.76312e-06
154 4.77701e-06
155 4.79091e-06
156 4.8048e-06
157 4.81881e-06
158 4.83282e-06
159 4.8466e-06
160 4.86038e-06
161 4.87393e-06
162 4.88726e-06
163 4.9007e-06
164 4.91425e-06
165 4.9278e-06
166 4.94136e-06
167 4.95479e-06
168 4.96811e-06
169 4.98155e-06
170 4.99499e-06
171 5.00843e-06
172 5.02199e-06
173 5.03555e-06
174 5.04886e-06
175 5.06217e-06
176 5.07561e-06
177 5.08905e-06
178 5.10249e-06
179 5.11592e-06
180 5.12949e-06
181 5.14306e-06
182 5.15663e-06
183 5.1702e-06
184 5.18377e-06
185 5.19734e-06
186 5.21105e-06
187 5.22476e-06
188 5.23848e-06
189 5.25219e-06
190 5.2659e-06
191 5.27961e-06
192 5.29332e-06
193 5.30719e-06
194 5.32106e-06
195 5.33493e-06
196 5.3488e-06
197 5.36284e-06
198 5.37688e-06
199 5.3911e-06
200 5.40532e-06
201 5.41953e-06
202 5.43394e-06
203 5.44834e-06
204 5.46275e-06
205 5.47716e-06
206 5.49177e-06
207 5.50638e-06
208 5.52099e-06
209 5.53583e-06
210 5.55066e-06
211 5.56549e-06
212 5.58057e-06
213 5.59564e-06
214 5.61097e-06
215 5.6263e-06
216 5.64162e-06
217 5.65723e-06
218 5.67284e-06
219 5.68844e-06
220 5.70436e-06
221 5.72027e-06
222 5.73651e-06
223 5.75276e-06
224 5.769e-06
225 5.78562e-06
226 5.80223e-06
227 5.81884e-06
228 5.83587e-06
229 5.8529e-06
230 5.86993e-06
231 5.88696e-06
232 5.90447e-06
233 5.92199e-06
234 5.93951e-06
235 5.95702e-06
236 5.97512e-06
237 5.99322e-06
238 6.01132e-06
239 6.02942e-06
240 6.04824e-06
241 6.06706e-06
242 6.08589e-06
243 6.10471e-06
244 6.12353e-06
245 6.14236e-06
246 6.16223e-06
247 6.1821e-06
248 6.20196e-06
249 6.22183e-06
250 6.2417e-06
251 6.26157e-06
252 6.28144e-06
253 6.30131e-06
254 6.32118e-06
255 6.34105e-06
256 6.36092e-06
257 6.38079e-06
258 6.40065e-06
259 6.42052e-06
260 6.44039e-06
261 6.46026e-06
262 6.48013e-06
263 6.5e-06
Re:448, We:110
