0 0
1 7.63494e-06
2 2.87337e-05
3 5.5657e-05
4 8.77292e-05
5 0.000124468
6 0.000165446
7 0.000210282
8 0.000258579
9 0.000309952
10 0.000364178
11 0.000421127
12 0.000480314
13 0.000541376
14 0.000604445
15 0.000669037
16 0.000735236
17 0.000802786
18 0.00087175
19 0.000941821
20 0.00101304
21 0.00108505
22 0.00115788
23 0.00123154
24 0.00130563
25 0.00138059
26 0.00145601
27 0.00153188
28 0.00160822
29 0.00168503
30 0.00176233
31 0.00183962
32 0.00191741
33 0.00199521
34 0.0020735
35 0.0021518
36 0.0022301
37 0.00230893
38 0.00238775
39 0.00246658
40 0.0025454
41 0.00262423
42 0.0027036
43 0.00278298
44 0.00286236
45 0.00294173
46 0.00302111
47 0.00309991
48 0.00317872
49 0.00325752
50 0.00333633
51 0.00341513
52 0.00349335
53 0.00357157
54 0.0036498
55 0.00372802
56 0.00380565
57 0.00388327
58 0.0039609
59 0.00403853
60 0.00411616
61 0.00419318
62 0.00427021
63 0.00434723
64 0.00442425
65 0.00450127
66 0.00457767
67 0.00465407
68 0.00473047
69 0.00480688
70 0.00488328
71 0.00495968
72 0.00503544
73 0.0051112
74 0.00518695
75 0.00526271
76 0.00533847
77 0.00541423
78 0.00548999
79 0.00556508
80 0.00564017
81 0.00571526
82 0.00579035
83 0.00586543
84 0.00594052
85 0.00601561
86 0.00609
87 0.00616438
88 0.00623877
89 0.00631316
90 0.00638755
91 0.00646193
92 0.00653632
93 0.00661071
94 0.00668509
95 0.00675948
96 0.00683311
97 0.00690673
98 0.00698036
99 0.00705399
100 0.00712762
101 0.00720125
102 0.00727487
103 0.0073485
104 0.00742213
105 0.00749576
106 0.00756938
107 0.00764301
108 0.00771664
109 0.00779027
110 0.0078639
111 0.00793752
112 0.00801115
113 0.00808478
114 0.00815841
115 0.00823203
116 0.00830566
117 0.00837929
118 0.00845292
119 0.00852655
120 0.00860017
121 0.0086738
122 0.00874743
123 0.00882106
124 0.00889468
125 0.00896831
126 0.00904194
127 0.00911668
128 0.00919143
129 0.00926617
130 0.00934091
131 0.00941566
132 0.0094904
133 0.00956514
134 0.00963989
135 0.00971463
136 0.00978937
137 0.00986412
138 0.00993886
139 0.0100136
140 0.0100883
141 0.0101531
142 0.0102034
143 0.0102458
144 0.0102868
145 0.010326
146 0.0103632
147 0.0104005
148 0.0104373
149 0.0104746
150 0.0105118
151 0.0105494
152 0.0105871
153 0.0106252
154 0.0106637
155 0.0107026
156 0.010742
157 0.010782
158 0.0108224
159 0.0108633
160 0.0109043
161 0.0109458
162 0.0109878
163 0.0110305
164 0.0110738
165 0.0111171
166 0.0111611
167 0.0112057
168 0.0112504
169 0.0112951
170 0.0113397
171 0.0113852
172 0.0114306
173 0.011476
174 0.0115215
175 0.0115669
176 0.0116124
177 0.0116587
178 0.011705
179 0.0117441
180 0.0117801
181 0.0118161
182 0.0118527
183 0.0118906
184 0.0119292
185 0.0119685
186 0.0120087
187 0.0120496
188 0.0120915
189 0.0121343
190 0.0121781
191 0.0122219
192 0.0122669
193 0.0123118
194 0.012358
195 0.0124042
196 0.0124518
197 0.0124994
198 0.0125486
199 0.0125978
200 0.0126488
201 0.0126998
202 0.0127508
203 0.0128041
204 0.0128573
205 0.0129105
206 0.0129637
207 0.013017
208 0.0130702
209 0.0131154
210 0.0131632
211 0.0132109
212 0.0132587
213 0.0133064
214 0.0133542
215 0.0134019
216 0.0134497
217 0.0134975
218 0.0135452
219 0.013593
220 0.0136407
221 0.0136885
222 0.0137362
223 0.013784
224 0.0138317
225 0.0138795
226 0.0139272
227 0.013975
Re:2408, We:29
