0 0
1 1.06534e-08
2 3.49241e-08
3 6.56261e-08
4 1.02574e-07
5 1.45488e-07
6 1.9424e-07
7 2.49086e-07
8 3.09624e-07
9 3.75344e-07
10 4.45915e-07
11 5.20637e-07
12 5.99389e-07
13 6.81566e-07
14 7.66717e-07
15 8.54667e-07
16 9.45178e-07
17 1.03842e-06
18 1.13358e-06
19 1.23076e-06
20 1.32951e-06
21 1.4299e-06
22 1.53199e-06
23 1.63526e-06
24 1.73973e-06
25 1.84544e-06
26 1.9518e-06
27 2.0588e-06
28 2.16713e-06
29 2.27614e-06
30 2.38585e-06
31 2.49555e-06
32 2.60597e-06
33 2.71712e-06
34 2.82826e-06
35 2.94015e-06
36 3.05204e-06
37 3.1647e-06
38 3.27736e-06
39 3.3908e-06
40 3.50425e-06
41 3.61769e-06
42 3.73114e-06
43 3.8454e-06
44 3.95967e-06
45 4.07394e-06
46 4.18821e-06
47 4.30247e-06
48 4.41589e-06
49 4.5293e-06
50 4.64186e-06
51 4.75442e-06
52 4.86613e-06
53 4.97784e-06
54 5.0887e-06
55 5.19955e-06
56 5.30956e-06
57 5.41956e-06
58 5.52871e-06
59 5.63786e-06
60 5.74616e-06
61 5.85446e-06
62 5.96276e-06
63 6.0702e-06
64 6.17763e-06
65 6.28421e-06
66 6.39079e-06
67 6.49651e-06
68 6.60223e-06
69 6.70795e-06
70 6.81367e-06
71 6.91939e-06
72 7.02511e-06
73 7.12994e-06
74 7.23389e-06
75 7.33784e-06
76 7.44179e-06
77 7.54574e-06
78 7.64879e-06
79 7.75185e-06
80 7.8549e-06
81 7.95796e-06
82 8.0601e-06
83 8.16224e-06
84 8.26347e-06
85 8.3647e-06
86 8.46502e-06
87 8.56534e-06
88 8.66474e-06
89 8.76415e-06
90 8.86264e-06
91 8.96114e-06
92 9.05963e-06
93 9.15812e-06
94 9.25569e-06
95 9.35325e-06
96 9.45082e-06
97 9.54838e-06
98 9.64595e-06
99 9.74256e-06
100 9.83916e-06
101 9.93577e-06
102 1.00324e-05
103 1.0129e-05
104 1.02256e-05
105 1.03222e-05
106 1.04188e-05
107 1.05154e-05
108 1.0612e-05
109 1.07086e-05
110 1.08042e-05
111 1.08998e-05
112 1.09953e-05
113 1.10909e-05
114 1.11864e-05
115 1.1282e-05
116 1.13764e-05
117 1.14709e-05
118 1.15654e-05
119 1.16598e-05
120 1.17532e-05
121 1.18465e-05
122 1.19387e-05
123 1.20309e-05
124 1.2122e-05
125 1.2212e-05
126 1.23009e-05
127 1.23681e-05
128 1.24271e-05
129 1.24855e-05
130 1.2544e-05
131 1.26029e-05
132 1.26624e-05
133 1.27224e-05
134 1.27829e-05
135 1.28434e-05
136 1.29045e-05
137 1.29661e-05
138 1.30283e-05
139 1.30906e-05
140 1.31528e-05
141 1.32156e-05
142 1.32773e-05
143 1.33377e-05
144 1.33987e-05
145 1.34597e-05
146 1.35178e-05
147 1.35759e-05
148 1.36339e-05
149 1.36909e-05
150 1.37478e-05
151 1.38048e-05
152 1.38606e-05
153 1.39165e-05
154 1.39723e-05
155 1.4027e-05
156 1.40818e-05
157 1.41359e-05
158 1.41885e-05
159 1.42411e-05
160 1.42937e-05
161 1.43463e-05
162 1.43989e-05
163 1.44515e-05
164 1.4502e-05
165 1.45524e-05
166 1.46034e-05
167 1.46534e-05
168 1.47034e-05
169 1.47523e-05
170 1.48013e-05
171 1.48502e-05
172 1.48981e-05
173 1.49461e-05
174 1.4994e-05
175 1.50415e-05
176 1.50889e-05
177 1.51353e-05
178 1.51817e-05
179 1.52282e-05
180 1.52736e-05
181 1.53191e-05
182 1.53645e-05
183 1.54095e-05
184 1.54544e-05
185 1.54994e-05
186 1.55438e-05
187 1.55883e-05
188 1.56327e-05
189 1.56767e-05
190 1.57206e-05
191 1.57646e-05
192 1.58075e-05
193 1.58504e-05
194 1.58939e-05
195 1.59363e-05
196 1.59787e-05
197 1.60217e-05
198 1.60636e-05
199 1.61055e-05
200 1.61474e-05
201 1.61893e-05
202 1.62307e-05
203 1.62721e-05
204 1.63135e-05
205 1.63543e-05
206 1.63952e-05
207 1.6436e-05
208 1.64769e-05
209 1.65177e-05
210 1.65586e-05
211 1.65994e-05
212 1.66403e-05
213 1.66806e-05
214 1.67214e-05
215 1.67623e-05
216 1.68031e-05
217 1.6844e-05
218 1.68849e-05
219 1.69257e-05
220 1.69666e-05
221 1.70075e-05
222 1.70483e-05
223 1.70892e-05
224 1.713e-05
225 1.71709e-05
226 1.72118e-05
227 1.72526e-05
228 1.72935e-05
229 1.73343e-05
230 1.73752e-05
231 1.74169e-05
232 1.74585e-05
233 1.75002e-05
234 1.75419e-05
235 1.75835e-05
236 1.76252e-05
237 1.76668e-05
238 1.77095e-05
239 1.77521e-05
240 1.77947e-05
241 1.78374e-05
242 1.788e-05
243 1.79226e-05
244 1.79664e-05
245 1.80103e-05
246 1.80541e-05
247 1.80979e-05
248 1.81417e-05
249 1.81855e-05
250 1.82293e-05
251 1.82732e-05
252 1.83186e-05
253 1.8364e-05
254 1.84095e-05
255 1.84549e-05
256 1.85004e-05
257 1.85458e-05
258 1.85912e-05
259 1.86367e-05
260 1.86821e-05
261 1.87275e-05
262 1.8773e-05
263 1.88184e-05
264 1.88639e-05
265 1.89093e-05
266 1.89547e-05
267 1.90002e-05
268 1.90456e-05
269 1.90911e-05
270 1.91365e-05
271 1.91819e-05
272 1.92274e-05
273 1.92728e-05
274 1.93182e-05
275 1.93637e-05
276 1.94091e-05
277 1.94546e-05
278 1.95e-05
Re:1344, We:329
