0 0
1 1.77557e-09
2 6.67485e-09
3 1.2924e-08
4 2.03827e-08
5 2.89267e-08
6 3.84565e-08
7 4.88836e-08
8 6.01551e-08
9 7.2147e-08
10 8.48078e-08
11 9.81069e-08
12 1.11931e-07
13 1.2626e-07
14 1.41065e-07
15 1.56304e-07
16 1.71929e-07
17 1.87878e-07
18 2.04166e-07
19 2.20719e-07
20 2.37548e-07
21 2.54568e-07
22 2.71883e-07
23 2.89401e-07
24 3.07023e-07
25 3.2486e-07
26 3.42805e-07
27 3.60862e-07
28 3.79033e-07
29 3.9732e-07
30 4.15724e-07
31 4.34249e-07
32 4.52896e-07
33 4.71543e-07
34 4.90317e-07
35 5.0909e-07
36 5.27993e-07
37 5.46896e-07
38 5.65932e-07
39 5.84968e-07
40 6.04004e-07
41 6.23177e-07
42 6.42351e-07
43 6.61525e-07
44 6.80699e-07
45 6.99873e-07
46 7.19192e-07
47 7.38511e-07
48 7.5783e-07
49 7.7715e-07
50 7.96469e-07
51 8.15788e-07
52 8.35107e-07
53 8.54426e-07
54 8.73745e-07
55 8.93223e-07
56 9.127e-07
57 9.32178e-07
58 9.51655e-07
59 9.71133e-07
60 9.9061e-07
61 1.01009e-06
62 1.02957e-06
63 1.04904e-06
64 1.06852e-06
65 1.088e-06
66 1.10748e-06
67 1.12695e-06
68 1.14643e-06
69 1.16591e-06
70 1.18539e-06
71 1.20486e-06
72 1.22434e-06
73 1.24401e-06
74 1.26367e-06
75 1.28334e-06
76 1.30301e-06
77 1.32267e-06
78 1.34234e-06
79 1.36201e-06
80 1.38167e-06
81 1.40134e-06
82 1.42101e-06
83 1.44067e-06
84 1.46034e-06
85 1.48001e-06
86 1.49967e-06
87 1.51934e-06
88 1.53901e-06
89 1.55867e-06
90 1.57834e-06
91 1.59801e-06
92 1.61767e-06
93 1.63734e-06
94 1.65701e-06
95 1.67667e-06
96 1.69634e-06
97 1.71601e-06
98 1.73567e-06
99 1.7556e-06
100 1.77552e-06
101 1.79545e-06
102 1.81537e-06
103 1.8353e-06
104 1.85522e-06
105 1.87515e-06
106 1.89507e-06
107 1.915e-06
108 1.93493e-06
109 1.95485e-06
110 1.97478e-06
111 1.9947e-06
112 2.01463e-06
113 2.03455e-06
114 2.05448e-06
115 2.0744e-06
116 2.09433e-06
117 2.11425e-06
118 2.13418e-06
119 2.1541e-06
120 2.17403e-06
121 2.19396e-06
122 2.21388e-06
123 2.23381e-06
124 2.25373e-06
125 2.27366e-06
126 2.29358e-06
127 2.3131e-06
128 2.33222e-06
129 2.35058e-06
130 2.36893e-06
131 2.38117e-06
132 2.39324e-06
133 2.40381e-06
134 2.41426e-06
135 2.42387e-06
136 2.43336e-06
137 2.44297e-06
138 2.45269e-06
139 2.46242e-06
140 2.47226e-06
141 2.48223e-06
142 2.49233e-06
143 2.50257e-06
144 2.51295e-06
145 2.52348e-06
146 2.53417e-06
147 2.54518e-06
148 2.55637e-06
149 2.56774e-06
150 2.5793e-06
151 2.59107e-06
152 2.60305e-06
153 2.61526e-06
154 2.62746e-06
155 2.63991e-06
156 2.65262e-06
157 2.66533e-06
158 2.67833e-06
159 2.69162e-06
160 2.70492e-06
161 2.71821e-06
162 2.73185e-06
163 2.74548e-06
164 2.7595e-06
165 2.77351e-06
166 2.78753e-06
167 2.80198e-06
168 2.81643e-06
169 2.83138e-06
170 2.84633e-06
171 2.86128e-06
172 2.87623e-06
173 2.89181e-06
174 2.90738e-06
175 2.92295e-06
176 2.93931e-06
177 2.95566e-06
178 2.97201e-06
179 2.98836e-06
180 3.00472e-06
181 3.02107e-06
182 3.03742e-06
183 3.05377e-06
184 3.07012e-06
185 3.08648e-06
186 3.10283e-06
187 3.11918e-06
188 3.13553e-06
189 3.15189e-06
190 3.16824e-06
191 3.18459e-06
192 3.20094e-06
193 3.2173e-06
194 3.23365e-06
195 3.25e-06
Re:224, We:55
