0 0
1 3.55114e-09
2 1.16112e-08
3 2.15628e-08
4 3.32991e-08
5 4.67433e-08
6 6.17509e-08
7 7.8217e-08
8 9.6105e-08
9 1.15511e-07
10 1.36443e-07
11 1.5885e-07
12 1.826e-07
13 2.0757e-07
14 2.33788e-07
15 2.61033e-07
16 2.89392e-07
17 3.18687e-07
18 3.4884e-07
19 3.79596e-07
20 4.11144e-07
21 4.43191e-07
22 4.75754e-07
23 5.08854e-07
24 5.42513e-07
25 5.76555e-07
26 6.10795e-07
27 6.45437e-07
28 6.80286e-07
29 7.15557e-07
30 7.51044e-07
31 7.86752e-07
32 8.2246e-07
33 8.58394e-07
34 8.94558e-07
35 9.30722e-07
36 9.67122e-07
37 1.00352e-06
38 1.03992e-06
39 1.07657e-06
40 1.11321e-06
41 1.14986e-06
42 1.1865e-06
43 1.22315e-06
44 1.25979e-06
45 1.29644e-06
46 1.33308e-06
47 1.36973e-06
48 1.40637e-06
49 1.44302e-06
50 1.47966e-06
51 1.51631e-06
52 1.55295e-06
53 1.5896e-06
54 1.62597e-06
55 1.66234e-06
56 1.69872e-06
57 1.73509e-06
58 1.77146e-06
59 1.80784e-06
60 1.84421e-06
61 1.88058e-06
62 1.91667e-06
63 1.95276e-06
64 1.98829e-06
65 2.02381e-06
66 2.05906e-06
67 2.0943e-06
68 2.12899e-06
69 2.16368e-06
70 2.19756e-06
71 2.23144e-06
72 2.26479e-06
73 2.29787e-06
74 2.3307e-06
75 2.36353e-06
76 2.39585e-06
77 2.42816e-06
78 2.46023e-06
79 2.49204e-06
80 2.52385e-06
81 2.5554e-06
82 2.58721e-06
83 2.61902e-06
84 2.65084e-06
85 2.68265e-06
86 2.71446e-06
87 2.74627e-06
88 2.77808e-06
89 2.80989e-06
90 2.84198e-06
91 2.87407e-06
92 2.90616e-06
93 2.93853e-06
94 2.97091e-06
95 3.00359e-06
96 3.03626e-06
97 3.06925e-06
98 3.10224e-06
99 3.13523e-06
100 3.16822e-06
101 3.20056e-06
102 3.23291e-06
103 3.26526e-06
104 3.29728e-06
105 3.32931e-06
106 3.36134e-06
107 3.39337e-06
108 3.42539e-06
109 3.45742e-06
110 3.48945e-06
111 3.52147e-06
112 3.5535e-06
113 3.58388e-06
114 3.61457e-06
115 3.64432e-06
116 3.67346e-06
117 3.7026e-06
118 3.7303e-06
119 3.75799e-06
120 3.78569e-06
121 3.81311e-06
122 3.83971e-06
123 3.86481e-06
124 3.88921e-06
125 3.91316e-06
126 3.93689e-06
127 3.96041e-06
128 3.98392e-06
129 4.00766e-06
130 4.0314e-06
131 4.05468e-06
132 4.07733e-06
133 4.09997e-06
134 4.12179e-06
135 4.14341e-06
136 4.16503e-06
137 4.18665e-06
138 4.20807e-06
139 4.22835e-06
140 4.2481e-06
141 4.26786e-06
142 4.28761e-06
143 4.30685e-06
144 4.32592e-06
145 4.34466e-06
146 4.36293e-06
147 4.38119e-06
148 4.39946e-06
149 4.41668e-06
150 4.43348e-06
151 4.45028e-06
152 4.46708e-06
153 4.48388e-06
154 4.50014e-06
155 4.51614e-06
156 4.53152e-06
157 4.54654e-06
158 4.56157e-06
159 4.5766e-06
160 4.59117e-06
161 4.6052e-06
162 4.61903e-06
163 4.63286e-06
164 4.64639e-06
165 4.65963e-06
166 4.67287e-06
167 4.68574e-06
168 4.69768e-06
169 4.70908e-06
170 4.72e-06
171 4.73041e-06
172 4.74047e-06
173 4.74988e-06
174 4.75817e-06
175 4.76571e-06
176 4.77265e-06
177 4.77907e-06
178 4.78507e-06
179 4.79071e-06
180 4.79607e-06
181 4.8012e-06
182 4.80598e-06
183 4.81048e-06
184 4.81487e-06
185 4.81916e-06
186 4.82336e-06
187 4.82753e-06
188 4.83171e-06
189 4.8359e-06
190 4.84011e-06
191 4.84435e-06
192 4.84861e-06
193 4.85293e-06
194 4.85729e-06
195 4.86173e-06
196 4.86626e-06
197 4.87088e-06
198 4.87558e-06
199 4.8804e-06
200 4.88534e-06
201 4.8904e-06
202 4.89563e-06
203 4.90103e-06
204 4.90664e-06
205 4.91248e-06
206 4.91854e-06
207 4.92479e-06
208 4.93124e-06
209 4.93789e-06
210 4.94474e-06
211 4.95178e-06
212 4.95901e-06
213 4.96646e-06
214 4.97409e-06
215 4.98191e-06
216 4.98995e-06
217 4.9982e-06
218 5.00668e-06
219 5.01542e-06
220 5.02441e-06
221 5.03364e-06
222 5.0431e-06
223 5.05281e-06
224 5.06272e-06
225 5.07284e-06
226 5.08318e-06
227 5.09376e-06
228 5.10457e-06
229 5.11565e-06
230 5.1269e-06
231 5.13835e-06
232 5.14998e-06
233 5.16183e-06
234 5.17388e-06
235 5.18605e-06
236 5.19844e-06
237 5.21108e-06
238 5.22384e-06
239 5.23686e-06
240 5.25002e-06
241 5.26332e-06
242 5.27691e-06
243 5.29065e-06
244 5.30455e-06
245 5.31878e-06
246 5.33319e-06
247 5.34777e-06
248 5.36255e-06
249 5.37751e-06
250 5.39268e-06
251 5.40785e-06
252 5.42323e-06
253 5.43884e-06
254 5.45444e-06
255 5.47005e-06
256 5.48589e-06
257 5.50174e-06
258 5.51759e-06
259 5.53343e-06
260 5.54928e-06
261 5.56512e-06
262 5.58097e-06
263 5.59681e-06
264 5.61266e-06
265 5.6285e-06
266 5.64464e-06
267 5.66078e-06
268 5.67692e-06
269 5.69306e-06
270 5.7092e-06
271 5.72534e-06
272 5.74147e-06
273 5.75761e-06
274 5.77375e-06
275 5.78989e-06
276 5.80567e-06
277 5.82145e-06
278 5.83723e-06
279 5.85301e-06
280 5.86879e-06
281 5.88457e-06
282 5.90035e-06
283 5.91613e-06
284 5.93191e-06
285 5.94769e-06
286 5.96347e-06
287 5.97925e-06
288 5.99503e-06
289 6.01081e-06
290 6.02712e-06
291 6.04343e-06
292 6.05973e-06
293 6.07604e-06
294 6.09235e-06
295 6.10865e-06
296 6.12496e-06
297 6.14126e-06
298 6.15757e-06
299 6.17388e-06
300 6.19104e-06
301 6.2082e-06
302 6.22537e-06
303 6.24253e-06
304 6.2597e-06
305 6.27686e-06
306 6.29403e-06
307 6.31119e-06
308 6.32836e-06
309 6.34552e-06
310 6.36097e-06
311 6.37642e-06
312 6.39186e-06
313 6.40731e-06
314 6.42276e-06
315 6.43821e-06
316 6.45366e-06
317 6.46524e-06
318 6.47683e-06
319 6.48841e-06
320 6.5e-06
Re:7169, We:7012
