0 0
1 4.43892e-09
2 1.45391e-08
3 2.71526e-08
4 4.22044e-08
5 5.95867e-08
6 7.9163e-08
7 1.00908e-07
8 1.24933e-07
9 1.51249e-07
10 1.79625e-07
11 2.09836e-07
12 2.41752e-07
13 2.75155e-07
14 3.10043e-07
15 3.46057e-07
16 3.83277e-07
17 4.21413e-07
18 4.60518e-07
19 5.00437e-07
20 5.4121e-07
21 5.82652e-07
22 6.24788e-07
23 6.67402e-07
24 7.1051e-07
25 7.54125e-07
26 7.97999e-07
27 8.42405e-07
28 8.87083e-07
29 9.32039e-07
30 9.77278e-07
31 1.02281e-06
32 1.06863e-06
33 1.11445e-06
34 1.16057e-06
35 1.207e-06
36 1.25343e-06
37 1.29986e-06
38 1.3466e-06
39 1.39335e-06
40 1.4401e-06
41 1.48718e-06
42 1.53425e-06
43 1.58133e-06
44 1.62841e-06
45 1.67583e-06
46 1.72325e-06
47 1.77067e-06
48 1.81774e-06
49 1.86481e-06
50 1.91152e-06
51 1.95824e-06
52 2.00496e-06
53 2.05168e-06
54 2.09804e-06
55 2.1444e-06
56 2.19076e-06
57 2.23676e-06
58 2.28277e-06
59 2.32877e-06
60 2.37477e-06
61 2.42041e-06
62 2.46604e-06
63 2.51168e-06
64 2.55732e-06
65 2.60295e-06
66 2.64822e-06
67 2.69348e-06
68 2.73837e-06
69 2.78326e-06
70 2.82777e-06
71 2.87228e-06
72 2.91642e-06
73 2.96057e-06
74 3.00433e-06
75 3.0481e-06
76 3.09149e-06
77 3.13488e-06
78 3.17753e-06
79 3.22055e-06
80 3.26283e-06
81 3.30511e-06
82 3.34703e-06
83 3.38894e-06
84 3.43048e-06
85 3.47203e-06
86 3.5132e-06
87 3.55402e-06
88 3.59483e-06
89 3.63528e-06
90 3.67572e-06
91 3.71581e-06
92 3.75589e-06
93 3.79561e-06
94 3.83533e-06
95 3.87468e-06
96 3.91404e-06
97 3.95339e-06
98 3.99275e-06
99 4.03173e-06
100 4.07072e-06
101 4.1097e-06
102 4.14831e-06
103 4.18692e-06
104 4.22553e-06
105 4.26413e-06
106 4.30236e-06
107 4.34059e-06
108 4.37843e-06
109 4.41628e-06
110 4.45374e-06
111 4.49158e-06
112 4.52904e-06
113 4.5665e-06
114 4.60357e-06
115 4.64064e-06
116 4.6777e-06
117 4.71438e-06
118 4.75105e-06
119 4.78733e-06
120 4.82361e-06
121 4.85949e-06
122 4.89538e-06
123 4.93087e-06
124 4.96636e-06
125 5.00145e-06
126 5.03655e-06
127 5.07125e-06
128 5.10595e-06
129 5.13913e-06
130 5.16678e-06
131 5.19164e-06
132 5.21548e-06
133 5.23953e-06
134 5.26398e-06
135 5.28844e-06
136 5.3131e-06
137 5.33777e-06
138 5.36265e-06
139 5.38754e-06
140 5.41265e-06
141 5.43731e-06
142 5.46175e-06
143 5.48618e-06
144 5.51061e-06
145 5.53438e-06
146 5.55815e-06
147 5.58191e-06
148 5.60525e-06
149 5.62836e-06
150 5.65148e-06
151 5.67438e-06
152 5.69707e-06
153 5.71935e-06
154 5.74162e-06
155 5.7639e-06
156 5.78576e-06
157 5.80783e-06
158 5.82969e-06
159 5.85114e-06
160 5.87259e-06
161 5.89384e-06
162 5.91489e-06
163 5.93594e-06
164 5.95659e-06
165 5.97705e-06
166 5.9975e-06
167 6.01776e-06
168 6.03783e-06
169 6.0579e-06
170 6.07759e-06
171 6.09727e-06
172 6.11696e-06
173 6.13591e-06
174 6.15485e-06
175 6.17379e-06
176 6.1922e-06
177 6.21079e-06
178 6.22919e-06
179 6.24725e-06
180 6.2653e-06
181 6.28318e-06
182 6.30089e-06
183 6.3186e-06
184 6.33614e-06
185 6.35351e-06
186 6.37088e-06
187 6.38807e-06
188 6.4051e-06
189 6.42213e-06
190 6.43899e-06
191 6.45568e-06
192 6.47238e-06
193 6.4889e-06
194 6.50526e-06
195 6.52163e-06
196 6.53782e-06
197 6.55402e-06
198 6.57021e-06
199 6.58641e-06
200 6.60227e-06
201 6.61813e-06
202 6.63399e-06
203 6.64969e-06
204 6.66538e-06
205 6.68108e-06
206 6.6966e-06
207 6.71196e-06
208 6.72732e-06
209 6.74251e-06
210 6.75771e-06
211 6.77273e-06
212 6.78759e-06
213 6.80245e-06
214 6.81731e-06
215 6.83184e-06
216 6.84637e-06
217 6.8609e-06
218 6.87527e-06
219 6.88963e-06
220 6.90383e-06
221 6.91787e-06
222 6.9319e-06
223 6.94594e-06
224 6.95981e-06
225 6.97368e-06
226 6.98755e-06
227 7.00143e-06
228 7.0153e-06
229 7.029e-06
230 7.0427e-06
231 7.0564e-06
232 7.0701e-06
233 7.08345e-06
234 7.09647e-06
235 7.10917e-06
236 7.12156e-06
237 7.13336e-06
238 7.14503e-06
239 7.15642e-06
240 7.16755e-06
241 7.17843e-06
242 7.18907e-06
243 7.19971e-06
244 7.21022e-06
245 7.2205e-06
246 7.23066e-06
247 7.24071e-06
248 7.25065e-06
249 7.26047e-06
250 7.2703e-06
251 7.28012e-06
252 7.28983e-06
253 7.29932e-06
254 7.30881e-06
255 7.31819e-06
256 7.32747e-06
257 7.33674e-06
258 7.34601e-06
259 7.35518e-06
260 7.36424e-06
261 7.37329e-06
262 7.38235e-06
263 7.39141e-06
264 7.40046e-06
265 7.40952e-06
266 7.41858e-06
267 7.42763e-06
268 7.43669e-06
269 7.44575e-06
270 7.45492e-06
271 7.4641e-06
272 7.47328e-06
273 7.48259e-06
274 7.4919e-06
275 7.50135e-06
276 7.5108e-06
277 7.52025e-06
278 7.52985e-06
279 7.53945e-06
280 7.54905e-06
281 7.55865e-06
282 7.56825e-06
283 7.57801e-06
284 7.58778e-06
285 7.59755e-06
286 7.6075e-06
287 7.61745e-06
288 7.62741e-06
289 7.63736e-06
290 7.64752e-06
291 7.65768e-06
292 7.66784e-06
293 7.67823e-06
294 7.68862e-06
295 7.69901e-06
296 7.70966e-06
297 7.72031e-06
298 7.73124e-06
299 7.74218e-06
300 7.75312e-06
301 7.76439e-06
302 7.77566e-06
303 7.7873e-06
304 7.79895e-06
305 7.81102e-06
306 7.8231e-06
307 7.83517e-06
308 7.84725e-06
309 7.85933e-06
310 7.87198e-06
311 7.88463e-06
312 7.89728e-06
313 7.90993e-06
314 7.92258e-06
315 7.93523e-06
316 7.94788e-06
317 7.96054e-06
318 7.97319e-06
319 7.98584e-06
320 7.99849e-06
321 8.01114e-06
322 8.02379e-06
323 8.03644e-06
324 8.04909e-06
325 8.05994e-06
326 8.07078e-06
327 8.08162e-06
328 8.09247e-06
329 8.10331e-06
330 8.11416e-06
331 8.125e-06
Re:2240, We:1096
