0 0
1 7.88352e-06
2 2.96692e-05
3 5.74691e-05
4 9.05855e-05
5 0.00012852
6 0.000170833
7 0.000217129
8 0.000266998
9 0.000320043
10 0.000376035
11 0.000434838
12 0.000495953
13 0.000559003
14 0.000624125
15 0.00069082
16 0.000759174
17 0.000828923
18 0.000900133
19 0.000972485
20 0.00104602
21 0.00112038
22 0.00119557
23 0.00127163
24 0.00134814
25 0.00142554
26 0.00150341
27 0.00158176
28 0.00166058
29 0.00173989
30 0.00181971
31 0.00189952
32 0.00197984
33 0.00206017
34 0.00214101
35 0.00222186
36 0.00230271
37 0.0023841
38 0.00246549
39 0.00254689
40 0.00262828
41 0.00270967
42 0.00279106
43 0.00287245
44 0.00295442
45 0.00303639
46 0.00311836
47 0.00319973
48 0.00328111
49 0.00336249
50 0.00344387
51 0.00352525
52 0.00360602
53 0.0036868
54 0.00376758
55 0.00384835
56 0.00392852
57 0.00400868
58 0.00408884
59 0.00416901
60 0.00424917
61 0.00432871
62 0.00440825
63 0.00448779
64 0.00456732
65 0.00464622
66 0.00472513
67 0.00480403
68 0.00488293
69 0.00496183
70 0.00504073
71 0.00511963
72 0.00519787
73 0.00527611
74 0.00535435
75 0.00543259
76 0.00551083
77 0.00558838
78 0.00566594
79 0.0057435
80 0.00582106
81 0.00589862
82 0.00597617
83 0.00605373
84 0.00613129
85 0.00620813
86 0.00628497
87 0.00636181
88 0.00643865
89 0.00651549
90 0.00659233
91 0.00666917
92 0.00674601
93 0.00682285
94 0.00689892
95 0.00697499
96 0.00705106
97 0.00712713
98 0.00720321
99 0.00727928
100 0.00735535
101 0.00743142
102 0.00750749
103 0.00758356
104 0.00765964
105 0.00773571
106 0.00781178
107 0.00788785
108 0.00796392
109 0.00803999
110 0.00811606
111 0.00819214
112 0.00826821
113 0.00834428
114 0.00842035
115 0.00849642
116 0.00857249
117 0.00864857
118 0.00872464
119 0.00880071
120 0.00887678
121 0.00895285
122 0.00902892
123 0.00910499
124 0.00918107
125 0.00925714
126 0.00933321
127 0.00940928
128 0.00948535
129 0.00956142
130 0.00963749
131 0.00971357
132 0.00978964
133 0.00986571
134 0.00994307
135 0.0100204
136 0.0100978
137 0.0101752
138 0.0102525
139 0.0103299
140 0.0104072
141 0.0104804
142 0.0105345
143 0.0105798
144 0.010623
145 0.010664
146 0.0107032
147 0.010742
148 0.0107804
149 0.0108189
150 0.0108573
151 0.0108961
152 0.0109349
153 0.0109742
154 0.0110139
155 0.0110541
156 0.0110948
157 0.011136
158 0.0111777
159 0.0112199
160 0.0112621
161 0.011305
162 0.0113484
163 0.0113924
164 0.0114371
165 0.0114817
166 0.0115271
167 0.0115732
168 0.0116192
169 0.0116661
170 0.0117129
171 0.0117598
172 0.0118066
173 0.0118543
174 0.011902
175 0.0119497
176 0.0119974
177 0.0120433
178 0.0120892
179 0.0121351
180 0.012181
181 0.0122269
182 0.0122738
183 0.0123206
184 0.0123675
185 0.0124155
186 0.0124635
187 0.0125114
188 0.0125606
189 0.0126098
190 0.012659
191 0.0127069
192 0.0127547
193 0.012804
194 0.0128533
195 0.0129041
196 0.012955
197 0.0130077
198 0.0130604
199 0.013113
200 0.0131657
201 0.0132184
202 0.0132735
203 0.0133179
204 0.0133643
205 0.0134106
206 0.0134592
207 0.0135077
208 0.0135562
209 0.0136076
210 0.013656
211 0.0137044
212 0.0137528
213 0.0138011
214 0.0138495
215 0.0138979
216 0.0139463
217 0.0139902
218 0.0140342
219 0.0140782
220 0.0141222
221 0.0141606
222 0.0141943
223 0.0142238
224 0.0142496
225 0.0142753
226 0.0143011
227 0.0143269
228 0.0143527
229 0.0143784
230 0.0144042
231 0.01443
Re:2487, We:30
