0 0
1 7.74148e-06
2 2.91346e-05
3 5.64336e-05
4 8.89533e-05
5 0.000126205
6 0.000167754
7 0.000213216
8 0.000262187
9 0.000314277
10 0.00036926
11 0.000427003
12 0.000487016
13 0.00054893
14 0.000612879
15 0.000678372
16 0.000745495
17 0.000813987
18 0.000883914
19 0.000954963
20 0.00102718
21 0.00110019
22 0.00117403
23 0.00124872
24 0.00132385
25 0.00139986
26 0.00147633
27 0.00155326
28 0.00163066
29 0.00170855
30 0.00178692
31 0.00186529
32 0.00194417
33 0.00202305
34 0.00210244
35 0.00218183
36 0.00226122
37 0.00234115
38 0.00242107
39 0.002501
40 0.00258092
41 0.00266084
42 0.00274077
43 0.00282069
44 0.00290119
45 0.00298168
46 0.00306217
47 0.00314208
48 0.00322199
49 0.00330191
50 0.00338182
51 0.00346173
52 0.00354105
53 0.00362037
54 0.00369969
55 0.00377901
56 0.00385773
57 0.00393645
58 0.00401517
59 0.00409389
60 0.00417261
61 0.00425072
62 0.00432882
63 0.00440692
64 0.00448503
65 0.00456251
66 0.00463999
67 0.00471747
68 0.00479495
69 0.00487243
70 0.00494991
71 0.00502739
72 0.00510422
73 0.00518105
74 0.00525787
75 0.0053347
76 0.00541153
77 0.00548769
78 0.00556385
79 0.00564001
80 0.00571617
81 0.00579233
82 0.00586849
83 0.00594466
84 0.00602082
85 0.00609627
86 0.00617173
87 0.00624718
88 0.00632264
89 0.00639809
90 0.00647355
91 0.006549
92 0.00662446
93 0.00669991
94 0.00677537
95 0.00685083
96 0.00692551
97 0.0070002
98 0.00707488
99 0.00714957
100 0.00722425
101 0.00729894
102 0.00737362
103 0.00744831
104 0.00752299
105 0.00759768
106 0.00767237
107 0.00774705
108 0.00782174
109 0.00789642
110 0.00797111
111 0.00804579
112 0.00812048
113 0.00819516
114 0.00826985
115 0.00834453
116 0.00841922
117 0.00849391
118 0.00856859
119 0.00864328
120 0.00871796
121 0.00879265
122 0.00886733
123 0.00894202
124 0.0090167
125 0.00909139
126 0.00916607
127 0.00924076
128 0.00931545
129 0.00939013
130 0.00946482
131 0.00954071
132 0.0096166
133 0.00969249
134 0.00976838
135 0.00984427
136 0.00992016
137 0.00999605
138 0.0100719
139 0.0101478
140 0.0102237
141 0.0102918
142 0.0103435
143 0.0103869
144 0.010429
145 0.0104688
146 0.0105069
147 0.0105451
148 0.0105829
149 0.0106206
150 0.0106588
151 0.0106969
152 0.0107351
153 0.0107737
154 0.0108127
155 0.0108522
156 0.0108922
157 0.0109327
158 0.0109737
159 0.0110152
160 0.0110572
161 0.0110993
162 0.0111419
163 0.0111852
164 0.0112291
165 0.011273
166 0.0113176
167 0.0113628
168 0.0114081
169 0.0114534
170 0.0114994
171 0.0115455
172 0.0115907
173 0.011636
174 0.0116812
175 0.0117265
176 0.0117717
177 0.0118179
178 0.011864
179 0.0119101
180 0.0119544
181 0.0119987
182 0.012043
183 0.0120883
184 0.0121335
185 0.0121788
186 0.0122203
187 0.0122618
188 0.0123042
189 0.0123466
190 0.01239
191 0.0124334
192 0.0124768
193 0.0125202
194 0.0125648
195 0.0126094
196 0.0126553
197 0.0127026
198 0.01275
199 0.0127973
200 0.0128446
201 0.0128937
202 0.0129428
203 0.0129919
204 0.0130431
205 0.0130943
206 0.0131456
207 0.0131995
208 0.0132534
209 0.0133073
210 0.0133612
211 0.0134152
212 0.0134732
213 0.0135313
214 0.0135894
215 0.0136421
216 0.0136949
217 0.0137477
218 0.0137946
219 0.0138322
220 0.0138697
221 0.0139072
222 0.0139448
223 0.0139823
224 0.0140199
225 0.0140499
226 0.0140739
227 0.0140931
228 0.0141123
229 0.0141316
230 0.0141444
231 0.0141572
232 0.01417
Re:2442, We:30
