0 0 0
0 0 0
0 0 0
0 0 0
0 0 0
0 0 0
0 0 0
0 0 0
0 0 0
0 0 0
1 1.94318e-06 0.000852273
1 1.94318e-06 0.000852273
1 1.94318e-06 0.000852273
1 1.94318e-06 0.000852273
1 1.94318e-06 0.000852273
1 1.94318e-06 0.000852273
1 1.94318e-06 0.000852273
1 1.94318e-06 0.000852273
1 1.94318e-06 0.000852273
1 1.94318e-06 0.000852273
2 4.45321e-06 0.00195316
2 4.45321e-06 0.00195316
2 4.45321e-06 0.00195316
2 4.45321e-06 0.00195316
2 4.45321e-06 0.00195316
2 4.45321e-06 0.00195316
2 4.45321e-06 0.00195316
2 4.45321e-06 0.00195316
2 4.45321e-06 0.00195316
2 4.45321e-06 0.00195316
3 6.90492e-06 0.00302848
3 6.90492e-06 0.00302848
3 6.90492e-06 0.00302848
3 6.90492e-06 0.00302848
3 6.90492e-06 0.00302848
3 6.90492e-06 0.00302848
3 6.90492e-06 0.00302848
3 6.90492e-06 0.00302848
3 6.90492e-06 0.00302848
3 6.90492e-06 0.00302848
4 9.35769e-06 0.00410425
4 9.35769e-06 0.00410425
4 9.35769e-06 0.00410425
4 9.35769e-06 0.00410425
4 9.35769e-06 0.00410425
4 9.35769e-06 0.00410425
4 9.35769e-06 0.00410425
4 9.35769e-06 0.00410425
4 9.35769e-06 0.00410425
4 9.35769e-06 0.00410425
5 1.18099e-05 0.00517979
5 1.18099e-05 0.00517979
5 1.18099e-05 0.00517979
5 1.18099e-05 0.00517979
5 1.18099e-05 0.00517979
5 1.18099e-05 0.00517979
5 1.18099e-05 0.00517979
5 1.18099e-05 0.00517979
5 1.18099e-05 0.00517979
5 1.18099e-05 0.00517979
6 1.42553e-05 0.00625233
6 1.42553e-05 0.00625233
6 1.42553e-05 0.00625233
6 1.42553e-05 0.00625233
6 1.42553e-05 0.00625233
6 1.42553e-05 0.00625233
6 1.42553e-05 0.00625233
6 1.42553e-05 0.00625233
6 1.42553e-05 0.00625233
6 1.42553e-05 0.00625233
7 1.67012e-05 0.0073251
7 1.67012e-05 0.0073251
7 1.67012e-05 0.0073251
7 1.67012e-05 0.0073251
7 1.67012e-05 0.0073251
7 1.67012e-05 0.0073251
7 1.67012e-05 0.0073251
7 1.67012e-05 0.0073251
7 1.67012e-05 0.0073251
7 1.67012e-05 0.0073251
8 1.91472e-05 0.00839787
8 1.91472e-05 0.00839787
8 1.91472e-05 0.00839787
8 1.91472e-05 0.00839787
8 1.91472e-05 0.00839787
8 1.91472e-05 0.00839787
8 1.91472e-05 0.00839787
8 1.91472e-05 0.00839787
8 1.91472e-05 0.00839787
8 1.91472e-05 0.00839787
9 2.15936e-05 0.00947088
9 2.15936e-05 0.00947088
9 2.15936e-05 0.00947088
9 2.15936e-05 0.00947088
9 2.15936e-05 0.00947088
9 2.15936e-05 0.00947088
9 2.15936e-05 0.00947088
9 2.15936e-05 0.00947088
9 2.15936e-05 0.00947088
9 2.15936e-05 0.00947088
10 2.404e-05 0.0105439
10 2.404e-05 0.0105439
10 2.404e-05 0.0105439
10 2.404e-05 0.0105439
10 2.404e-05 0.0105439
10 2.404e-05 0.0105439
10 2.404e-05 0.0105439
10 2.404e-05 0.0105439
10 2.404e-05 0.0105439
10 2.404e-05 0.0105439
11 2.64724e-05 0.0116107
11 2.64724e-05 0.0116107
11 2.64724e-05 0.0116107
11 2.64724e-05 0.0116107
11 2.64724e-05 0.0116107
11 2.64724e-05 0.0116107
11 2.64724e-05 0.0116107
11 2.64724e-05 0.0116107
11 2.64724e-05 0.0116107
11 2.64724e-05 0.0116107
12 2.89068e-05 0.0126784
12 2.89068e-05 0.0126784
12 2.89068e-05 0.0126784
12 2.89068e-05 0.0126784
12 2.89068e-05 0.0126784
12 2.89068e-05 0.0126784
12 2.89068e-05 0.0126784
12 2.89068e-05 0.0126784
12 2.89068e-05 0.0126784
12 2.89068e-05 0.0126784
13 3.13438e-05 0.0137473
13 3.13438e-05 0.0137473
13 3.13438e-05 0.0137473
13 3.13438e-05 0.0137473
13 3.13438e-05 0.0137473
13 3.13438e-05 0.0137473
13 3.13438e-05 0.0137473
13 3.13438e-05 0.0137473
13 3.13438e-05 0.0137473
13 3.13438e-05 0.0137473
14 3.37834e-05 0.0148173
14 3.37834e-05 0.0148173
14 3.37834e-05 0.0148173
14 3.37834e-05 0.0148173
14 3.37834e-05 0.0148173
14 3.37834e-05 0.0148173
14 3.37834e-05 0.0148173
14 3.37834e-05 0.0148173
14 3.37834e-05 0.0148173
14 3.37834e-05 0.0148173
15 3.62241e-05 0.0158878
15 3.62241e-05 0.0158878
15 3.62241e-05 0.0158878
15 3.62241e-05 0.0158878
15 3.62241e-05 0.0158878
15 3.62241e-05 0.0158878
15 3.62241e-05 0.0158878
15 3.62241e-05 0.0158878
15 3.62241e-05 0.0158878
15 3.62241e-05 0.0158878
16 3.86674e-05 0.0169594
16 3.86674e-05 0.0169594
16 3.86674e-05 0.0169594
16 3.86674e-05 0.0169594
16 3.86674e-05 0.0169594
16 3.86674e-05 0.0169594
16 3.86674e-05 0.0169594
16 3.86674e-05 0.0169594
16 3.86674e-05 0.0169594
16 3.86674e-05 0.0169594
17 4.11143e-05 0.0180326
17 4.11143e-05 0.0180326
17 4.11143e-05 0.0180326
17 4.11143e-05 0.0180326
17 4.11143e-05 0.0180326
17 4.11143e-05 0.0180326
17 4.11143e-05 0.0180326
17 4.11143e-05 0.0180326
17 4.11143e-05 0.0180326
17 4.11143e-05 0.0180326
18 4.3564e-05 0.019107
18 4.3564e-05 0.019107
18 4.3564e-05 0.019107
18 4.3564e-05 0.019107
18 4.3564e-05 0.019107
18 4.3564e-05 0.019107
18 4.3564e-05 0.019107
18 4.3564e-05 0.019107
18 4.3564e-05 0.019107
18 4.3564e-05 0.019107
19 4.60141e-05 0.0201816
19 4.60141e-05 0.0201816
19 4.60141e-05 0.0201816
19 4.60141e-05 0.0201816
19 4.60141e-05 0.0201816
19 4.60141e-05 0.0201816
19 4.60141e-05 0.0201816
19 4.60141e-05 0.0201816
19 4.60141e-05 0.0201816
19 4.60141e-05 0.0201816
20 4.84674e-05 0.0212576
20 4.84674e-05 0.0212576
20 4.84674e-05 0.0212576
20 4.84674e-05 0.0212576
20 4.84674e-05 0.0212576
20 4.84674e-05 0.0212576
20 4.84674e-05 0.0212576
20 4.84674e-05 0.0212576
20 4.84674e-05 0.0212576
20 4.84674e-05 0.0212576
21 5.09128e-05 0.0223302
21 5.09128e-05 0.0223302
21 5.09128e-05 0.0223302
21 5.09128e-05 0.0223302
21 5.09128e-05 0.0223302
21 5.09128e-05 0.0223302
21 5.09128e-05 0.0223302
21 5.09128e-05 0.0223302
21 5.09128e-05 0.0223302
21 5.09128e-05 0.0223302
22 5.33651e-05 0.0234057
22 5.33651e-05 0.0234057
22 5.33651e-05 0.0234057
22 5.33651e-05 0.0234057
22 5.33651e-05 0.0234057
22 5.33651e-05 0.0234057
22 5.33651e-05 0.0234057
22 5.33651e-05 0.0234057
22 5.33651e-05 0.0234057
22 5.33651e-05 0.0234057
23 5.58184e-05 0.0244818
23 5.58184e-05 0.0244818
23 5.58184e-05 0.0244818
23 5.58184e-05 0.0244818
23 5.58184e-05 0.0244818
23 5.58184e-05 0.0244818
23 5.58184e-05 0.0244818
23 5.58184e-05 0.0244818
23 5.58184e-05 0.0244818
23 5.58184e-05 0.0244818
24 5.82586e-05 0.025552
24 5.82586e-05 0.025552
24 5.82586e-05 0.025552
24 5.82586e-05 0.025552
24 5.82586e-05 0.025552
24 5.82586e-05 0.025552
24 5.82586e-05 0.025552
24 5.82586e-05 0.025552
24 5.82586e-05 0.025552
24 5.82586e-05 0.025552
25 6.07055e-05 0.0266252
25 6.07055e-05 0.0266252
25 6.07055e-05 0.0266252
25 6.07055e-05 0.0266252
25 6.07055e-05 0.0266252
25 6.07055e-05 0.0266252
25 6.07055e-05 0.0266252
25 6.07055e-05 0.0266252
25 6.07055e-05 0.0266252
25 6.07055e-05 0.0266252
26 6.31626e-05 0.0277029
26 6.31626e-05 0.0277029
26 6.31626e-05 0.0277029
26 6.31626e-05 0.0277029
26 6.31626e-05 0.0277029
26 6.31626e-05 0.0277029
26 6.31626e-05 0.0277029
26 6.31626e-05 0.0277029
26 6.31626e-05 0.0277029
26 6.31626e-05 0.0277029
27 6.56196e-05 0.0287805
27 6.56196e-05 0.0287805
27 6.56196e-05 0.0287805
27 6.56196e-05 0.0287805
27 6.56196e-05 0.0287805
27 6.56196e-05 0.0287805
27 6.56196e-05 0.0287805
27 6.56196e-05 0.0287805
27 6.56196e-05 0.0287805
27 6.56196e-05 0.0287805
28 6.80794e-05 0.0298594
28 6.80794e-05 0.0298594
28 6.80794e-05 0.0298594
28 6.80794e-05 0.0298594
28 6.80794e-05 0.0298594
28 6.80794e-05 0.0298594
28 6.80794e-05 0.0298594
28 6.80794e-05 0.0298594
28 6.80794e-05 0.0298594
28 6.80794e-05 0.0298594
29 7.05601e-05 0.0309474
29 7.05601e-05 0.0309474
29 7.05601e-05 0.0309474
29 7.05601e-05 0.0309474
29 7.05601e-05 0.0309474
29 7.05601e-05 0.0309474
29 7.05601e-05 0.0309474
29 7.05601e-05 0.0309474
29 7.05601e-05 0.0309474
29 7.05601e-05 0.0309474
30 7.30672e-05 0.032047
30 7.30672e-05 0.032047
30 7.30672e-05 0.032047
30 7.30672e-05 0.032047
30 7.30672e-05 0.032047
30 7.30672e-05 0.032047
30 7.30672e-05 0.032047
30 7.30672e-05 0.032047
30 7.30672e-05 0.032047
30 7.30672e-05 0.032047
31 7.55837e-05 0.0331507
31 7.55837e-05 0.0331507
31 7.55837e-05 0.0331507
31 7.55837e-05 0.0331507
31 7.55837e-05 0.0331507
31 7.55837e-05 0.0331507
31 7.55837e-05 0.0331507
31 7.55837e-05 0.0331507
31 7.55837e-05 0.0331507
31 7.55837e-05 0.0331507
32 7.81205e-05 0.0342634
32 7.81205e-05 0.0342634
32 7.81205e-05 0.0342634
32 7.81205e-05 0.0342634
32 7.81205e-05 0.0342634
32 7.81205e-05 0.0342634
32 7.81205e-05 0.0342634
32 7.81205e-05 0.0342634
32 7.81205e-05 0.0342634
32 7.81205e-05 0.0342634
33 8.06855e-05 0.0353884
33 8.06855e-05 0.0353884
33 8.06855e-05 0.0353884
33 8.06855e-05 0.0353884
33 8.06855e-05 0.0353884
33 8.06855e-05 0.0353884
33 8.06855e-05 0.0353884
33 8.06855e-05 0.0353884
33 8.06855e-05 0.0353884
33 8.06855e-05 0.0353884
34 8.32757e-05 0.0365244
34 8.32757e-05 0.0365244
34 8.32757e-05 0.0365244
34 8.32757e-05 0.0365244
34 8.32757e-05 0.0365244
34 8.32757e-05 0.0365244
34 8.32757e-05 0.0365244
34 8.32757e-05 0.0365244
34 8.32757e-05 0.0365244
34 8.32757e-05 0.0365244
35 8.58857e-05 0.0376692
35 8.58857e-05 0.0376692
35 8.58857e-05 0.0376692
35 8.58857e-05 0.0376692
35 8.58857e-05 0.0376692
35 8.58857e-05 0.0376692
35 8.58857e-05 0.0376692
35 8.58857e-05 0.0376692
35 8.58857e-05 0.0376692
35 8.58857e-05 0.0376692
36 8.85212e-05 0.0388251
36 8.85212e-05 0.0388251
36 8.85212e-05 0.0388251
36 8.85212e-05 0.0388251
36 8.85212e-05 0.0388251
36 8.85212e-05 0.0388251
36 8.85212e-05 0.0388251
36 8.85212e-05 0.0388251
36 8.85212e-05 0.0388251
36 8.85212e-05 0.0388251
37 9.11802e-05 0.0399913
37 9.11802e-05 0.0399913
37 9.11802e-05 0.0399913
37 9.11802e-05 0.0399913
37 9.11802e-05 0.0399913
37 9.11802e-05 0.0399913
37 9.11802e-05 0.0399913
37 9.11802e-05 0.0399913
37 9.11802e-05 0.0399913
37 9.11802e-05 0.0399913
38 9.38562e-05 0.041165
38 9.38562e-05 0.041165
38 9.38562e-05 0.041165
38 9.38562e-05 0.041165
38 9.38562e-05 0.041165
38 9.38562e-05 0.041165
38 9.38562e-05 0.041165
38 9.38562e-05 0.041165
38 9.38562e-05 0.041165
38 9.38562e-05 0.041165
39 9.65539e-05 0.0423482
39 9.65539e-05 0.0423482
39 9.65539e-05 0.0423482
39 9.65539e-05 0.0423482
39 9.65539e-05 0.0423482
39 9.65539e-05 0.0423482
39 9.65539e-05 0.0423482
39 9.65539e-05 0.0423482
39 9.65539e-05 0.0423482
39 9.65539e-05 0.0423482
40 9.92731e-05 0.0435408
40 9.92731e-05 0.0435408
40 9.92731e-05 0.0435408
40 9.92731e-05 0.0435408
40 9.92731e-05 0.0435408
40 9.92731e-05 0.0435408
40 9.92731e-05 0.0435408
40 9.92731e-05 0.0435408
40 9.92731e-05 0.0435408
40 9.92731e-05 0.0435408
41 0.000102007 0.0447401
41 0.000102007 0.0447401
41 0.000102007 0.0447401
41 0.000102007 0.0447401
41 0.000102007 0.0447401
41 0.000102007 0.0447401
41 0.000102007 0.0447401
41 0.000102007 0.0447401
41 0.000102007 0.0447401
41 0.000102007 0.0447401
42 0.00010476 0.0459475
42 0.00010476 0.0459475
42 0.00010476 0.0459475
42 0.00010476 0.0459475
42 0.00010476 0.0459475
42 0.00010476 0.0459475
42 0.00010476 0.0459475
42 0.00010476 0.0459475
42 0.00010476 0.0459475
42 0.00010476 0.0459475
43 0.000107531 0.0471629
43 0.000107531 0.0471629
43 0.000107531 0.0471629
43 0.000107531 0.0471629
43 0.000107531 0.0471629
43 0.000107531 0.0471629
43 0.000107531 0.0471629
43 0.000107531 0.0471629
43 0.000107531 0.0471629
43 0.000107531 0.0471629
44 0.000110322 0.0483867
44 0.000110322 0.0483867
44 0.000110322 0.0483867
44 0.000110322 0.0483867
44 0.000110322 0.0483867
44 0.000110322 0.0483867
44 0.000110322 0.0483867
44 0.000110322 0.0483867
44 0.000110322 0.0483867
44 0.000110322 0.0483867
45 0.000113123 0.0496154
45 0.000113123 0.0496154
45 0.000113123 0.0496154
45 0.000113123 0.0496154
45 0.000113123 0.0496154
45 0.000113123 0.0496154
45 0.000113123 0.0496154
45 0.000113123 0.0496154
45 0.000113123 0.0496154
45 0.000113123 0.0496154
46 0.000115936 0.0508493
46 0.000115936 0.0508493
46 0.000115936 0.0508493
46 0.000115936 0.0508493
46 0.000115936 0.0508493
46 0.000115936 0.0508493
46 0.000115936 0.0508493
46 0.000115936 0.0508493
46 0.000115936 0.0508493
46 0.000115936 0.0508493
47 0.000118765 0.05209
47 0.000118765 0.05209
47 0.000118765 0.05209
47 0.000118765 0.05209
47 0.000118765 0.05209
47 0.000118765 0.05209
47 0.000118765 0.05209
47 0.000118765 0.05209
47 0.000118765 0.05209
47 0.000118765 0.05209
48 0.000121607 0.0533363
48 0.000121607 0.0533363
48 0.000121607 0.0533363
48 0.000121607 0.0533363
48 0.000121607 0.0533363
48 0.000121607 0.0533363
48 0.000121607 0.0533363
48 0.000121607 0.0533363
48 0.000121607 0.0533363
48 0.000121607 0.0533363
49 0.000124464 0.0545896
49 0.000124464 0.0545896
49 0.000124464 0.0545896
49 0.000124464 0.0545896
49 0.000124464 0.0545896
49 0.000124464 0.0545896
49 0.000124464 0.0545896
49 0.000124464 0.0545896
49 0.000124464 0.0545896
49 0.000124464 0.0545896
50 0.000127335 0.0558486
50 0.000127335 0.0558486
50 0.000127335 0.0558486
50 0.000127335 0.0558486
50 0.000127335 0.0558486
50 0.000127335 0.0558486
50 0.000127335 0.0558486
50 0.000127335 0.0558486
50 0.000127335 0.0558486
50 0.000127335 0.0558486
51 0.000130226 0.0571167
51 0.000130226 0.0571167
51 0.000130226 0.0571167
51 0.000130226 0.0571167
51 0.000130226 0.0571167
51 0.000130226 0.0571167
51 0.000130226 0.0571167
51 0.000130226 0.0571167
51 0.000130226 0.0571167
51 0.000130226 0.0571167
52 0.000133137 0.0583932
52 0.000133137 0.0583932
52 0.000133137 0.0583932
52 0.000133137 0.0583932
52 0.000133137 0.0583932
52 0.000133137 0.0583932
52 0.000133137 0.0583932
52 0.000133137 0.0583932
52 0.000133137 0.0583932
52 0.000133137 0.0583932
53 0.000136062 0.0596761
53 0.000136062 0.0596761
53 0.000136062 0.0596761
53 0.000136062 0.0596761
53 0.000136062 0.0596761
53 0.000136062 0.0596761
53 0.000136062 0.0596761
53 0.000136062 0.0596761
53 0.000136062 0.0596761
53 0.000136062 0.0596761
54 0.000139007 0.060968
54 0.000139007 0.060968
54 0.000139007 0.060968
54 0.000139007 0.060968
54 0.000139007 0.060968
54 0.000139007 0.060968
54 0.000139007 0.060968
54 0.000139007 0.060968
54 0.000139007 0.060968
54 0.000139007 0.060968
55 0.000141974 0.0622692
55 0.000141974 0.0622692
55 0.000141974 0.0622692
55 0.000141974 0.0622692
55 0.000141974 0.0622692
55 0.000141974 0.0622692
55 0.000141974 0.0622692
55 0.000141974 0.0622692
55 0.000141974 0.0622692
55 0.000141974 0.0622692
56 0.000144959 0.0635786
56 0.000144959 0.0635786
56 0.000144959 0.0635786
56 0.000144959 0.0635786
56 0.000144959 0.0635786
56 0.000144959 0.0635786
56 0.000144959 0.0635786
56 0.000144959 0.0635786
56 0.000144959 0.0635786
56 0.000144959 0.0635786
57 0.000147963 0.064896
57 0.000147963 0.064896
57 0.000147963 0.064896
57 0.000147963 0.064896
57 0.000147963 0.064896
57 0.000147963 0.064896
57 0.000147963 0.064896
57 0.000147963 0.064896
57 0.000147963 0.064896
57 0.000147963 0.064896
58 0.000150991 0.0662241
58 0.000150991 0.0662241
58 0.000150991 0.0662241
58 0.000150991 0.0662241
58 0.000150991 0.0662241
58 0.000150991 0.0662241
58 0.000150991 0.0662241
58 0.000150991 0.0662241
58 0.000150991 0.0662241
58 0.000150991 0.0662241
59 0.000154038 0.0675604
59 0.000154038 0.0675604
59 0.000154038 0.0675604
59 0.000154038 0.0675604
59 0.000154038 0.0675604
59 0.000154038 0.0675604
59 0.000154038 0.0675604
59 0.000154038 0.0675604
59 0.000154038 0.0675604
59 0.000154038 0.0675604
60 0.000157101 0.068904
60 0.000157101 0.068904
60 0.000157101 0.068904
60 0.000157101 0.068904
60 0.000157101 0.068904
60 0.000157101 0.068904
60 0.000157101 0.068904
60 0.000157101 0.068904
60 0.000157101 0.068904
60 0.000157101 0.068904
61 0.000160187 0.0702576
61 0.000160187 0.0702576
61 0.000160187 0.0702576
61 0.000160187 0.0702576
61 0.000160187 0.0702576
61 0.000160187 0.0702576
61 0.000160187 0.0702576
61 0.000160187 0.0702576
61 0.000160187 0.0702576
61 0.000160187 0.0702576
62 0.000163293 0.0716198
62 0.000163293 0.0716198
62 0.000163293 0.0716198
62 0.000163293 0.0716198
62 0.000163293 0.0716198
62 0.000163293 0.0716198
62 0.000163293 0.0716198
62 0.000163293 0.0716198
62 0.000163293 0.0716198
62 0.000163293 0.0716198
63 0.000166428 0.0729949
63 0.000166428 0.0729949
63 0.000166428 0.0729949
63 0.000166428 0.0729949
63 0.000166428 0.0729949
63 0.000166428 0.0729949
63 0.000166428 0.0729949
63 0.000166428 0.0729949
63 0.000166428 0.0729949
63 0.000166428 0.0729949
64 0.000169581 0.0743777
64 0.000169581 0.0743777
64 0.000169581 0.0743777
64 0.000169581 0.0743777
64 0.000169581 0.0743777
64 0.000169581 0.0743777
64 0.000169581 0.0743777
64 0.000169581 0.0743777
64 0.000169581 0.0743777
64 0.000169581 0.0743777
65 0.000172754 0.0757691
65 0.000172754 0.0757691
65 0.000172754 0.0757691
65 0.000172754 0.0757691
65 0.000172754 0.0757691
65 0.000172754 0.0757691
65 0.000172754 0.0757691
65 0.000172754 0.0757691
65 0.000172754 0.0757691
65 0.000172754 0.0757691
66 0.000175949 0.0771705
66 0.000175949 0.0771705
66 0.000175949 0.0771705
66 0.000175949 0.0771705
66 0.000175949 0.0771705
66 0.000175949 0.0771705
66 0.000175949 0.0771705
66 0.000175949 0.0771705
66 0.000175949 0.0771705
66 0.000175949 0.0771705
67 0.000179169 0.078583
67 0.000179169 0.078583
67 0.000179169 0.078583
67 0.000179169 0.078583
67 0.000179169 0.078583
67 0.000179169 0.078583
67 0.000179169 0.078583
67 0.000179169 0.078583
67 0.000179169 0.078583
67 0.000179169 0.078583
68 0.000182413 0.0800058
68 0.000182413 0.0800058
68 0.000182413 0.0800058
68 0.000182413 0.0800058
68 0.000182413 0.0800058
68 0.000182413 0.0800058
68 0.000182413 0.0800058
68 0.000182413 0.0800058
68 0.000182413 0.0800058
68 0.000182413 0.0800058
69 0.00018568 0.0814385
69 0.00018568 0.0814385
69 0.00018568 0.0814385
69 0.00018568 0.0814385
69 0.00018568 0.0814385
69 0.00018568 0.0814385
69 0.00018568 0.0814385
69 0.00018568 0.0814385
69 0.00018568 0.0814385
69 0.00018568 0.0814385
70 0.000188969 0.0828814
70 0.000188969 0.0828814
70 0.000188969 0.0828814
70 0.000188969 0.0828814
70 0.000188969 0.0828814
70 0.000188969 0.0828814
70 0.000188969 0.0828814
70 0.000188969 0.0828814
70 0.000188969 0.0828814
70 0.000188969 0.0828814
71 0.000192281 0.084334
71 0.000192281 0.084334
71 0.000192281 0.084334
71 0.000192281 0.084334
71 0.000192281 0.084334
71 0.000192281 0.084334
71 0.000192281 0.084334
71 0.000192281 0.084334
71 0.000192281 0.084334
71 0.000192281 0.084334
72 0.000195622 0.0857992
72 0.000195622 0.0857992
72 0.000195622 0.0857992
72 0.000195622 0.0857992
72 0.000195622 0.0857992
72 0.000195622 0.0857992
72 0.000195622 0.0857992
72 0.000195622 0.0857992
72 0.000195622 0.0857992
72 0.000195622 0.0857992
73 0.000198987 0.0872749
73 0.000198987 0.0872749
73 0.000198987 0.0872749
73 0.000198987 0.0872749
73 0.000198987 0.0872749
73 0.000198987 0.0872749
73 0.000198987 0.0872749
73 0.000198987 0.0872749
73 0.000198987 0.0872749
73 0.000198987 0.0872749
74 0.000202378 0.0887622
74 0.000202378 0.0887622
74 0.000202378 0.0887622
74 0.000202378 0.0887622
74 0.000202378 0.0887622
74 0.000202378 0.0887622
74 0.000202378 0.0887622
74 0.000202378 0.0887622
74 0.000202378 0.0887622
74 0.000202378 0.0887622
75 0.000205809 0.0902669
75 0.000205809 0.0902669
75 0.000205809 0.0902669
75 0.000205809 0.0902669
75 0.000205809 0.0902669
75 0.000205809 0.0902669
75 0.000205809 0.0902669
75 0.000205809 0.0902669
75 0.000205809 0.0902669
75 0.000205809 0.0902669
76 0.00020928 0.0917893
76 0.00020928 0.0917893
76 0.00020928 0.0917893
76 0.00020928 0.0917893
76 0.00020928 0.0917893
76 0.00020928 0.0917893
76 0.00020928 0.0917893
76 0.00020928 0.0917893
76 0.00020928 0.0917893
76 0.00020928 0.0917893
77 0.000212787 0.0933275
77 0.000212787 0.0933275
77 0.000212787 0.0933275
77 0.000212787 0.0933275
77 0.000212787 0.0933275
77 0.000212787 0.0933275
77 0.000212787 0.0933275
77 0.000212787 0.0933275
77 0.000212787 0.0933275
77 0.000212787 0.0933275
78 0.000216332 0.0948827
78 0.000216332 0.0948827
78 0.000216332 0.0948827
78 0.000216332 0.0948827
78 0.000216332 0.0948827
78 0.000216332 0.0948827
78 0.000216332 0.0948827
78 0.000216332 0.0948827
78 0.000216332 0.0948827
78 0.000216332 0.0948827
79 0.000219909 0.0964513
79 0.000219909 0.0964513
79 0.000219909 0.0964513
79 0.000219909 0.0964513
79 0.000219909 0.0964513
79 0.000219909 0.0964513
79 0.000219909 0.0964513
79 0.000219909 0.0964513
79 0.000219909 0.0964513
79 0.000219909 0.0964513
80 0.000223515 0.0980331
80 0.000223515 0.0980331
80 0.000223515 0.0980331
80 0.000223515 0.0980331
80 0.000223515 0.0980331
80 0.000223515 0.0980331
80 0.000223515 0.0980331
80 0.000223515 0.0980331
80 0.000223515 0.0980331
80 0.000223515 0.0980331
81 0.000227138 0.099622
81 0.000227138 0.099622
81 0.000227138 0.099622
81 0.000227138 0.099622
81 0.000227138 0.099622
81 0.000227138 0.099622
81 0.000227138 0.099622
81 0.000227138 0.099622
81 0.000227138 0.099622
81 0.000227138 0.099622
82 0.000230786 0.101222
82 0.000230786 0.101222
82 0.000230786 0.101222
82 0.000230786 0.101222
82 0.000230786 0.101222
82 0.000230786 0.101222
82 0.000230786 0.101222
82 0.000230786 0.101222
82 0.000230786 0.101222
82 0.000230786 0.101222
83 0.000234449 0.102829
83 0.000234449 0.102829
83 0.000234449 0.102829
83 0.000234449 0.102829
83 0.000234449 0.102829
83 0.000234449 0.102829
83 0.000234449 0.102829
83 0.000234449 0.102829
83 0.000234449 0.102829
83 0.000234449 0.102829
84 0.000238138 0.104446
84 0.000238138 0.104446
84 0.000238138 0.104446
84 0.000238138 0.104446
84 0.000238138 0.104446
84 0.000238138 0.104446
84 0.000238138 0.104446
84 0.000238138 0.104446
84 0.000238138 0.104446
84 0.000238138 0.104446
85 0.000241842 0.106071
85 0.000241842 0.106071
85 0.000241842 0.106071
85 0.000241842 0.106071
85 0.000241842 0.106071
85 0.000241842 0.106071
85 0.000241842 0.106071
85 0.000241842 0.106071
85 0.000241842 0.106071
85 0.000241842 0.106071
86 0.000245561 0.107702
86 0.000245561 0.107702
86 0.000245561 0.107702
86 0.000245561 0.107702
86 0.000245561 0.107702
86 0.000245561 0.107702
86 0.000245561 0.107702
86 0.000245561 0.107702
86 0.000245561 0.107702
86 0.000245561 0.107702
87 0.000249286 0.109336
87 0.000249286 0.109336
87 0.000249286 0.109336
87 0.000249286 0.109336
87 0.000249286 0.109336
87 0.000249286 0.109336
87 0.000249286 0.109336
87 0.000249286 0.109336
87 0.000249286 0.109336
87 0.000249286 0.109336
88 0.000252884 0.110914
88 0.000252884 0.110914
88 0.000252884 0.110914
88 0.000252884 0.110914
88 0.000252884 0.110914
88 0.000252884 0.110914
88 0.000252884 0.110914
88 0.000252884 0.110914
88 0.000252884 0.110914
88 0.000252884 0.110914
89 0.000256357 0.112437
89 0.000256357 0.112437
89 0.000256357 0.112437
89 0.000256357 0.112437
89 0.000256357 0.112437
89 0.000256357 0.112437
89 0.000256357 0.112437
89 0.000256357 0.112437
89 0.000256357 0.112437
89 0.000256357 0.112437
90 0.000259729 0.113916
90 0.000259729 0.113916
90 0.000259729 0.113916
90 0.000259729 0.113916
90 0.000259729 0.113916
90 0.000259729 0.113916
90 0.000259729 0.113916
90 0.000259729 0.113916
90 0.000259729 0.113916
90 0.000259729 0.113916
91 0.000263122 0.115404
91 0.000263122 0.115404
91 0.000263122 0.115404
91 0.000263122 0.115404
91 0.000263122 0.115404
91 0.000263122 0.115404
91 0.000263122 0.115404
91 0.000263122 0.115404
91 0.000263122 0.115404
91 0.000263122 0.115404
92 0.000266515 0.116893
92 0.000266515 0.116893
92 0.000266515 0.116893
92 0.000266515 0.116893
92 0.000266515 0.116893
92 0.000266515 0.116893
92 0.000266515 0.116893
92 0.000266515 0.116893
92 0.000266515 0.116893
92 0.000266515 0.116893
93 0.000269921 0.118386
93 0.000269921 0.118386
93 0.000269921 0.118386
93 0.000269921 0.118386
93 0.000269921 0.118386
93 0.000269921 0.118386
93 0.000269921 0.118386
93 0.000269921 0.118386
93 0.000269921 0.118386
93 0.000269921 0.118386
94 0.000273265 0.119853
94 0.000273265 0.119853
94 0.000273265 0.119853
94 0.000273265 0.119853
94 0.000273265 0.119853
94 0.000273265 0.119853
94 0.000273265 0.119853
94 0.000273265 0.119853
94 0.000273265 0.119853
94 0.000273265 0.119853
95 0.000276631 0.121329
95 0.000276631 0.121329
95 0.000276631 0.121329
95 0.000276631 0.121329
95 0.000276631 0.121329
95 0.000276631 0.121329
95 0.000276631 0.121329
95 0.000276631 0.121329
95 0.000276631 0.121329
95 0.000276631 0.121329
96 0.000280013 0.122813
96 0.000280013 0.122813
96 0.000280013 0.122813
96 0.000280013 0.122813
96 0.000280013 0.122813
96 0.000280013 0.122813
96 0.000280013 0.122813
96 0.000280013 0.122813
96 0.000280013 0.122813
96 0.000280013 0.122813
97 0.000283425 0.124309
97 0.000283425 0.124309
97 0.000283425 0.124309
97 0.000283425 0.124309
97 0.000283425 0.124309
97 0.000283425 0.124309
97 0.000283425 0.124309
97 0.000283425 0.124309
97 0.000283425 0.124309
97 0.000283425 0.124309
98 0.000286847 0.12581
98 0.000286847 0.12581
98 0.000286847 0.12581
98 0.000286847 0.12581
98 0.000286847 0.12581
98 0.000286847 0.12581
98 0.000286847 0.12581
98 0.000286847 0.12581
98 0.000286847 0.12581
98 0.000286847 0.12581
99 0.000290283 0.127317
99 0.000290283 0.127317
99 0.000290283 0.127317
99 0.000290283 0.127317
99 0.000290283 0.127317
99 0.000290283 0.127317
99 0.000290283 0.127317
99 0.000290283 0.127317
99 0.000290283 0.127317
99 0.000290283 0.127317
100 0.000293717 0.128823
100 0.000293717 0.128823
100 0.000293717 0.128823
100 0.000293717 0.128823
100 0.000293717 0.128823
100 0.000293717 0.128823
100 0.000293717 0.128823
100 0.000293717 0.128823
100 0.000293717 0.128823
100 0.000293717 0.128823
101 0.000297047 0.130284
101 0.000297047 0.130284
101 0.000297047 0.130284
101 0.000297047 0.130284
101 0.000297047 0.130284
101 0.000297047 0.130284
101 0.000297047 0.130284
101 0.000297047 0.130284
101 0.000297047 0.130284
101 0.000297047 0.130284
102 0.000300377 0.131744
102 0.000300377 0.131744
102 0.000300377 0.131744
102 0.000300377 0.131744
102 0.000300377 0.131744
102 0.000300377 0.131744
102 0.000300377 0.131744
102 0.000300377 0.131744
102 0.000300377 0.131744
102 0.000300377 0.131744
103 0.000303715 0.133208
103 0.000303715 0.133208
103 0.000303715 0.133208
103 0.000303715 0.133208
103 0.000303715 0.133208
103 0.000303715 0.133208
103 0.000303715 0.133208
103 0.000303715 0.133208
103 0.000303715 0.133208
103 0.000303715 0.133208
104 0.000307063 0.134677
104 0.000307063 0.134677
104 0.000307063 0.134677
104 0.000307063 0.134677
104 0.000307063 0.134677
104 0.000307063 0.134677
104 0.000307063 0.134677
104 0.000307063 0.134677
104 0.000307063 0.134677
104 0.000307063 0.134677
105 0.000310424 0.136151
105 0.000310424 0.136151
105 0.000310424 0.136151
105 0.000310424 0.136151
105 0.000310424 0.136151
105 0.000310424 0.136151
105 0.000310424 0.136151
105 0.000310424 0.136151
105 0.000310424 0.136151
105 0.000310424 0.136151
106 0.000313816 0.137639
106 0.000313816 0.137639
106 0.000313816 0.137639
106 0.000313816 0.137639
106 0.000313816 0.137639
106 0.000313816 0.137639
106 0.000313816 0.137639
106 0.000313816 0.137639
106 0.000313816 0.137639
106 0.000313816 0.137639
107 0.000317238 0.139139
107 0.000317238 0.139139
107 0.000317238 0.139139
107 0.000317238 0.139139
107 0.000317238 0.139139
107 0.000317238 0.139139
107 0.000317238 0.139139
107 0.000317238 0.139139
107 0.000317238 0.139139
107 0.000317238 0.139139
108 0.000320677 0.140648
108 0.000320677 0.140648
108 0.000320677 0.140648
108 0.000320677 0.140648
108 0.000320677 0.140648
108 0.000320677 0.140648
108 0.000320677 0.140648
108 0.000320677 0.140648
108 0.000320677 0.140648
108 0.000320677 0.140648
109 0.000324131 0.142163
109 0.000324131 0.142163
109 0.000324131 0.142163
109 0.000324131 0.142163
109 0.000324131 0.142163
109 0.000324131 0.142163
109 0.000324131 0.142163
109 0.000324131 0.142163
109 0.000324131 0.142163
109 0.000324131 0.142163
110 0.00032761 0.143688
110 0.00032761 0.143688
110 0.00032761 0.143688
110 0.00032761 0.143688
110 0.00032761 0.143688
110 0.00032761 0.143688
110 0.00032761 0.143688
110 0.00032761 0.143688
110 0.00032761 0.143688
110 0.00032761 0.143688
111 0.000331099 0.145219
111 0.000331099 0.145219
111 0.000331099 0.145219
111 0.000331099 0.145219
111 0.000331099 0.145219
111 0.000331099 0.145219
111 0.000331099 0.145219
111 0.000331099 0.145219
111 0.000331099 0.145219
111 0.000331099 0.145219
112 0.000334608 0.146758
112 0.000334608 0.146758
112 0.000334608 0.146758
112 0.000334608 0.146758
112 0.000334608 0.146758
112 0.000334608 0.146758
112 0.000334608 0.146758
112 0.000334608 0.146758
112 0.000334608 0.146758
112 0.000334608 0.146758
113 0.000338003 0.148247
113 0.000338003 0.148247
113 0.000338003 0.148247
113 0.000338003 0.148247
113 0.000338003 0.148247
113 0.000338003 0.148247
113 0.000338003 0.148247
113 0.000338003 0.148247
113 0.000338003 0.148247
113 0.000338003 0.148247
114 0.000341409 0.149741
114 0.000341409 0.149741
114 0.000341409 0.149741
114 0.000341409 0.149741
114 0.000341409 0.149741
114 0.000341409 0.149741
114 0.000341409 0.149741
114 0.000341409 0.149741
114 0.000341409 0.149741
114 0.000341409 0.149741
115 0.000344821 0.151237
115 0.000344821 0.151237
115 0.000344821 0.151237
115 0.000344821 0.151237
115 0.000344821 0.151237
115 0.000344821 0.151237
115 0.000344821 0.151237
115 0.000344821 0.151237
115 0.000344821 0.151237
115 0.000344821 0.151237
116 0.000348237 0.152736
116 0.000348237 0.152736
116 0.000348237 0.152736
116 0.000348237 0.152736
116 0.000348237 0.152736
116 0.000348237 0.152736
116 0.000348237 0.152736
116 0.000348237 0.152736
116 0.000348237 0.152736
116 0.000348237 0.152736
117 0.000351668 0.154241
117 0.000351668 0.154241
117 0.000351668 0.154241
117 0.000351668 0.154241
117 0.000351668 0.154241
117 0.000351668 0.154241
117 0.000351668 0.154241
117 0.000351668 0.154241
117 0.000351668 0.154241
117 0.000351668 0.154241
118 0.000355122 0.155755
118 0.000355122 0.155755
118 0.000355122 0.155755
118 0.000355122 0.155755
118 0.000355122 0.155755
118 0.000355122 0.155755
118 0.000355122 0.155755
118 0.000355122 0.155755
118 0.000355122 0.155755
118 0.000355122 0.155755
119 0.000358595 0.157279
119 0.000358595 0.157279
119 0.000358595 0.157279
119 0.000358595 0.157279
119 0.000358595 0.157279
119 0.000358595 0.157279
119 0.000358595 0.157279
119 0.000358595 0.157279
119 0.000358595 0.157279
119 0.000358595 0.157279
120 0.000362084 0.158809
120 0.000362084 0.158809
120 0.000362084 0.158809
120 0.000362084 0.158809
120 0.000362084 0.158809
120 0.000362084 0.158809
120 0.000362084 0.158809
120 0.000362084 0.158809
120 0.000362084 0.158809
120 0.000362084 0.158809
121 0.000364609 0.159916
121 0.000364609 0.159916
121 0.000364609 0.159916
121 0.000364609 0.159916
121 0.000364609 0.159916
121 0.000364609 0.159916
121 0.000364609 0.159916
121 0.000364609 0.159916
121 0.000364609 0.159916
121 0.000364609 0.159916
122 0.000366829 0.16089
122 0.000366829 0.16089
122 0.000366829 0.16089
122 0.000366829 0.16089
122 0.000366829 0.16089
122 0.000366829 0.16089
122 0.000366829 0.16089
122 0.000366829 0.16089
122 0.000366829 0.16089
122 0.000366829 0.16089
123 0.000368752 0.161733
123 0.000368752 0.161733
123 0.000368752 0.161733
123 0.000368752 0.161733
123 0.000368752 0.161733
123 0.000368752 0.161733
123 0.000368752 0.161733
123 0.000368752 0.161733
123 0.000368752 0.161733
123 0.000368752 0.161733
124 0.000370395 0.162454
124 0.000370395 0.162454
124 0.000370395 0.162454
124 0.000370395 0.162454
124 0.000370395 0.162454
124 0.000370395 0.162454
124 0.000370395 0.162454
124 0.000370395 0.162454
124 0.000370395 0.162454
124 0.000370395 0.162454
125 0.000372036 0.163174
125 0.000372036 0.163174
125 0.000372036 0.163174
125 0.000372036 0.163174
125 0.000372036 0.163174
125 0.000372036 0.163174
125 0.000372036 0.163174
125 0.000372036 0.163174
125 0.000372036 0.163174
125 0.000372036 0.163174
126 0.000373682 0.163895
126 0.000373682 0.163895
126 0.000373682 0.163895
126 0.000373682 0.163895
126 0.000373682 0.163895
126 0.000373682 0.163895
126 0.000373682 0.163895
126 0.000373682 0.163895
126 0.000373682 0.163895
126 0.000373682 0.163895
127 0.000375365 0.164634
127 0.000375365 0.164634
127 0.000375365 0.164634
127 0.000375365 0.164634
127 0.000375365 0.164634
127 0.000375365 0.164634
127 0.000375365 0.164634
127 0.000375365 0.164634
127 0.000375365 0.164634
127 0.000375365 0.164634
128 0.000377137 0.165411
128 0.000377137 0.165411
128 0.000377137 0.165411
128 0.000377137 0.165411
128 0.000377137 0.165411
128 0.000377137 0.165411
128 0.000377137 0.165411
128 0.000377137 0.165411
128 0.000377137 0.165411
128 0.000377137 0.165411
129 0.000379023 0.166238
129 0.000379023 0.166238
129 0.000379023 0.166238
129 0.000379023 0.166238
129 0.000379023 0.166238
129 0.000379023 0.166238
129 0.000379023 0.166238
129 0.000379023 0.166238
129 0.000379023 0.166238
129 0.000379023 0.166238
130 0.000381032 0.167119
130 0.000381032 0.167119
130 0.000381032 0.167119
130 0.000381032 0.167119
130 0.000381032 0.167119
130 0.000381032 0.167119
130 0.000381032 0.167119
130 0.000381032 0.167119
130 0.000381032 0.167119
130 0.000381032 0.167119
131 0.000383172 0.168058
131 0.000383172 0.168058
131 0.000383172 0.168058
131 0.000383172 0.168058
131 0.000383172 0.168058
131 0.000383172 0.168058
131 0.000383172 0.168058
131 0.000383172 0.168058
131 0.000383172 0.168058
131 0.000383172 0.168058
132 0.000385448 0.169056
132 0.000385448 0.169056
132 0.000385448 0.169056
132 0.000385448 0.169056
132 0.000385448 0.169056
132 0.000385448 0.169056
132 0.000385448 0.169056
132 0.000385448 0.169056
132 0.000385448 0.169056
132 0.000385448 0.169056
133 0.000387861 0.170114
133 0.000387861 0.170114
133 0.000387861 0.170114
133 0.000387861 0.170114
133 0.000387861 0.170114
133 0.000387861 0.170114
133 0.000387861 0.170114
133 0.000387861 0.170114
133 0.000387861 0.170114
133 0.000387861 0.170114
134 0.000390407 0.171231
134 0.000390407 0.171231
134 0.000390407 0.171231
134 0.000390407 0.171231
134 0.000390407 0.171231
134 0.000390407 0.171231
134 0.000390407 0.171231
134 0.000390407 0.171231
134 0.000390407 0.171231
134 0.000390407 0.171231
135 0.000393061 0.172395
135 0.000393061 0.172395
135 0.000393061 0.172395
135 0.000393061 0.172395
135 0.000393061 0.172395
135 0.000393061 0.172395
135 0.000393061 0.172395
135 0.000393061 0.172395
135 0.000393061 0.172395
135 0.000393061 0.172395
136 0.000395813 0.173602
136 0.000395813 0.173602
136 0.000395813 0.173602
136 0.000395813 0.173602
136 0.000395813 0.173602
136 0.000395813 0.173602
136 0.000395813 0.173602
136 0.000395813 0.173602
136 0.000395813 0.173602
136 0.000395813 0.173602
137 0.000398647 0.174845
137 0.000398647 0.174845
137 0.000398647 0.174845
137 0.000398647 0.174845
137 0.000398647 0.174845
137 0.000398647 0.174845
137 0.000398647 0.174845
137 0.000398647 0.174845
137 0.000398647 0.174845
137 0.000398647 0.174845
138 0.000401536 0.176112
138 0.000401536 0.176112
138 0.000401536 0.176112
138 0.000401536 0.176112
138 0.000401536 0.176112
138 0.000401536 0.176112
138 0.000401536 0.176112
138 0.000401536 0.176112
138 0.000401536 0.176112
138 0.000401536 0.176112
139 0.000404485 0.177406
139 0.000404485 0.177406
139 0.000404485 0.177406
139 0.000404485 0.177406
139 0.000404485 0.177406
139 0.000404485 0.177406
139 0.000404485 0.177406
139 0.000404485 0.177406
139 0.000404485 0.177406
139 0.000404485 0.177406
140 0.000407434 0.178699
140 0.000407434 0.178699
140 0.000407434 0.178699
140 0.000407434 0.178699
140 0.000407434 0.178699
140 0.000407434 0.178699
140 0.000407434 0.178699
140 0.000407434 0.178699
140 0.000407434 0.178699
140 0.000407434 0.178699
141 0.000410446 0.18002
141 0.000410446 0.18002
141 0.000410446 0.18002
141 0.000410446 0.18002
141 0.000410446 0.18002
141 0.000410446 0.18002
141 0.000410446 0.18002
141 0.000410446 0.18002
141 0.000410446 0.18002
141 0.000410446 0.18002
142 0.000413503 0.181361
142 0.000413503 0.181361
142 0.000413503 0.181361
142 0.000413503 0.181361
142 0.000413503 0.181361
142 0.000413503 0.181361
142 0.000413503 0.181361
142 0.000413503 0.181361
142 0.000413503 0.181361
142 0.000413503 0.181361
143 0.00041613 0.182513
143 0.00041613 0.182513
143 0.00041613 0.182513
143 0.00041613 0.182513
143 0.00041613 0.182513
143 0.00041613 0.182513
143 0.00041613 0.182513
143 0.00041613 0.182513
143 0.00041613 0.182513
143 0.00041613 0.182513
144 0.000418676 0.18363
144 0.000418676 0.18363
144 0.000418676 0.18363
144 0.000418676 0.18363
144 0.000418676 0.18363
144 0.000418676 0.18363
144 0.000418676 0.18363
144 0.000418676 0.18363
144 0.000418676 0.18363
144 0.000418676 0.18363
145 0.000421269 0.184767
145 0.000421269 0.184767
145 0.000421269 0.184767
145 0.000421269 0.184767
145 0.000421269 0.184767
145 0.000421269 0.184767
145 0.000421269 0.184767
145 0.000421269 0.184767
145 0.000421269 0.184767
145 0.000421269 0.184767
146 0.000423905 0.185923
146 0.000423905 0.185923
146 0.000423905 0.185923
146 0.000423905 0.185923
146 0.000423905 0.185923
146 0.000423905 0.185923
146 0.000423905 0.185923
146 0.000423905 0.185923
146 0.000423905 0.185923
146 0.000423905 0.185923
147 0.00042646 0.187044
147 0.00042646 0.187044
147 0.00042646 0.187044
147 0.00042646 0.187044
147 0.00042646 0.187044
147 0.00042646 0.187044
147 0.00042646 0.187044
147 0.00042646 0.187044
147 0.00042646 0.187044
147 0.00042646 0.187044
148 0.000429083 0.188194
148 0.000429083 0.188194
148 0.000429083 0.188194
148 0.000429083 0.188194
148 0.000429083 0.188194
148 0.000429083 0.188194
148 0.000429083 0.188194
148 0.000429083 0.188194
148 0.000429083 0.188194
148 0.000429083 0.188194
149 0.000431751 0.189364
149 0.000431751 0.189364
149 0.000431751 0.189364
149 0.000431751 0.189364
149 0.000431751 0.189364
149 0.000431751 0.189364
149 0.000431751 0.189364
149 0.000431751 0.189364
149 0.000431751 0.189364
149 0.000431751 0.189364
150 0.000434452 0.190549
150 0.000434452 0.190549
150 0.000434452 0.190549
150 0.000434452 0.190549
150 0.000434452 0.190549
150 0.000434452 0.190549
150 0.000434452 0.190549
150 0.000434452 0.190549
150 0.000434452 0.190549
150 0.000434452 0.190549
151 0.000437161 0.191737
151 0.000437161 0.191737
151 0.000437161 0.191737
151 0.000437161 0.191737
151 0.000437161 0.191737
151 0.000437161 0.191737
151 0.000437161 0.191737
151 0.000437161 0.191737
151 0.000437161 0.191737
151 0.000437161 0.191737
152 0.000439712 0.192856
152 0.000439712 0.192856
152 0.000439712 0.192856
152 0.000439712 0.192856
152 0.000439712 0.192856
152 0.000439712 0.192856
152 0.000439712 0.192856
152 0.000439712 0.192856
152 0.000439712 0.192856
152 0.000439712 0.192856
153 0.00044229 0.193987
153 0.00044229 0.193987
153 0.00044229 0.193987
153 0.00044229 0.193987
153 0.00044229 0.193987
153 0.00044229 0.193987
153 0.00044229 0.193987
153 0.00044229 0.193987
153 0.00044229 0.193987
153 0.00044229 0.193987
154 0.000444906 0.195134
154 0.000444906 0.195134
154 0.000444906 0.195134
154 0.000444906 0.195134
154 0.000444906 0.195134
154 0.000444906 0.195134
154 0.000444906 0.195134
154 0.000444906 0.195134
154 0.000444906 0.195134
154 0.000444906 0.195134
155 0.0004474 0.196228
155 0.0004474 0.196228
155 0.0004474 0.196228
155 0.0004474 0.196228
155 0.0004474 0.196228
155 0.0004474 0.196228
155 0.0004474 0.196228
155 0.0004474 0.196228
155 0.0004474 0.196228
155 0.0004474 0.196228
156 0.000449314 0.197068
156 0.000449314 0.197068
156 0.000449314 0.197068
156 0.000449314 0.197068
156 0.000449314 0.197068
156 0.000449314 0.197068
156 0.000449314 0.197068
156 0.000449314 0.197068
156 0.000449314 0.197068
156 0.000449314 0.197068
157 0.00045108 0.197842
157 0.00045108 0.197842
157 0.00045108 0.197842
157 0.00045108 0.197842
157 0.00045108 0.197842
157 0.00045108 0.197842
157 0.00045108 0.197842
157 0.00045108 0.197842
157 0.00045108 0.197842
157 0.00045108 0.197842
158 0.000452772 0.198584
158 0.000452772 0.198584
158 0.000452772 0.198584
158 0.000452772 0.198584
158 0.000452772 0.198584
158 0.000452772 0.198584
158 0.000452772 0.198584
158 0.000452772 0.198584
158 0.000452772 0.198584
158 0.000452772 0.198584
159 0.000454388 0.199293
159 0.000454388 0.199293
159 0.000454388 0.199293
159 0.000454388 0.199293
159 0.000454388 0.199293
159 0.000454388 0.199293
159 0.000454388 0.199293
159 0.000454388 0.199293
159 0.000454388 0.199293
159 0.000454388 0.199293
160 0.000456003 0.200001
160 0.000456003 0.200001
160 0.000456003 0.200001
160 0.000456003 0.200001
160 0.000456003 0.200001
160 0.000456003 0.200001
160 0.000456003 0.200001
160 0.000456003 0.200001
160 0.000456003 0.200001
160 0.000456003 0.200001
161 0.000457628 0.200714
161 0.000457628 0.200714
161 0.000457628 0.200714
161 0.000457628 0.200714
161 0.000457628 0.200714
161 0.000457628 0.200714
161 0.000457628 0.200714
161 0.000457628 0.200714
161 0.000457628 0.200714
161 0.000457628 0.200714
162 0.000459298 0.201446
162 0.000459298 0.201446
162 0.000459298 0.201446
162 0.000459298 0.201446
162 0.000459298 0.201446
162 0.000459298 0.201446
162 0.000459298 0.201446
162 0.000459298 0.201446
162 0.000459298 0.201446
162 0.000459298 0.201446
163 0.000461043 0.202212
163 0.000461043 0.202212
163 0.000461043 0.202212
163 0.000461043 0.202212
163 0.000461043 0.202212
163 0.000461043 0.202212
163 0.000461043 0.202212
163 0.000461043 0.202212
163 0.000461043 0.202212
163 0.000461043 0.202212
164 0.000462867 0.203012
164 0.000462867 0.203012
164 0.000462867 0.203012
164 0.000462867 0.203012
164 0.000462867 0.203012
164 0.000462867 0.203012
164 0.000462867 0.203012
164 0.000462867 0.203012
164 0.000462867 0.203012
164 0.000462867 0.203012
165 0.000464765 0.203844
165 0.000464765 0.203844
165 0.000464765 0.203844
165 0.000464765 0.203844
165 0.000464765 0.203844
165 0.000464765 0.203844
165 0.000464765 0.203844
165 0.000464765 0.203844
165 0.000464765 0.203844
165 0.000464765 0.203844
166 0.000466768 0.204723
166 0.000466768 0.204723
166 0.000466768 0.204723
166 0.000466768 0.204723
166 0.000466768 0.204723
166 0.000466768 0.204723
166 0.000466768 0.204723
166 0.000466768 0.204723
166 0.000466768 0.204723
166 0.000466768 0.204723
167 0.000468896 0.205656
167 0.000468896 0.205656
167 0.000468896 0.205656
167 0.000468896 0.205656
167 0.000468896 0.205656
167 0.000468896 0.205656
167 0.000468896 0.205656
167 0.000468896 0.205656
167 0.000468896 0.205656
167 0.000468896 0.205656
168 0.000471146 0.206643
168 0.000471146 0.206643
168 0.000471146 0.206643
168 0.000471146 0.206643
168 0.000471146 0.206643
168 0.000471146 0.206643
168 0.000471146 0.206643
168 0.000471146 0.206643
168 0.000471146 0.206643
168 0.000471146 0.206643
169 0.000473529 0.207688
169 0.000473529 0.207688
169 0.000473529 0.207688
169 0.000473529 0.207688
169 0.000473529 0.207688
169 0.000473529 0.207688
169 0.000473529 0.207688
169 0.000473529 0.207688
169 0.000473529 0.207688
169 0.000473529 0.207688
170 0.00047603 0.208785
170 0.00047603 0.208785
170 0.00047603 0.208785
170 0.00047603 0.208785
170 0.00047603 0.208785
170 0.00047603 0.208785
170 0.00047603 0.208785
170 0.00047603 0.208785
170 0.00047603 0.208785
170 0.00047603 0.208785
171 0.00047867 0.209943
171 0.00047867 0.209943
171 0.00047867 0.209943
171 0.00047867 0.209943
171 0.00047867 0.209943
171 0.00047867 0.209943
171 0.00047867 0.209943
171 0.00047867 0.209943
171 0.00047867 0.209943
171 0.00047867 0.209943
172 0.000481437 0.211157
172 0.000481437 0.211157
172 0.000481437 0.211157
172 0.000481437 0.211157
172 0.000481437 0.211157
172 0.000481437 0.211157
172 0.000481437 0.211157
172 0.000481437 0.211157
172 0.000481437 0.211157
172 0.000481437 0.211157
173 0.000484318 0.21242
173 0.000484318 0.21242
173 0.000484318 0.21242
173 0.000484318 0.21242
173 0.000484318 0.21242
173 0.000484318 0.21242
173 0.000484318 0.21242
173 0.000484318 0.21242
173 0.000484318 0.21242
173 0.000484318 0.21242
174 0.000487308 0.213732
174 0.000487308 0.213732
174 0.000487308 0.213732
174 0.000487308 0.213732
174 0.000487308 0.213732
174 0.000487308 0.213732
174 0.000487308 0.213732
174 0.000487308 0.213732
174 0.000487308 0.213732
174 0.000487308 0.213732
175 0.000490406 0.21509
175 0.000490406 0.21509
175 0.000490406 0.21509
175 0.000490406 0.21509
175 0.000490406 0.21509
175 0.000490406 0.21509
175 0.000490406 0.21509
175 0.000490406 0.21509
175 0.000490406 0.21509
175 0.000490406 0.21509
176 0.000493554 0.216471
176 0.000493554 0.216471
176 0.000493554 0.216471
176 0.000493554 0.216471
176 0.000493554 0.216471
176 0.000493554 0.216471
176 0.000493554 0.216471
176 0.000493554 0.216471
176 0.000493554 0.216471
176 0.000493554 0.216471
177 0.000496744 0.21787
177 0.000496744 0.21787
177 0.000496744 0.21787
177 0.000496744 0.21787
177 0.000496744 0.21787
177 0.000496744 0.21787
177 0.000496744 0.21787
177 0.000496744 0.21787
177 0.000496744 0.21787
177 0.000496744 0.21787
178 0.000500006 0.219301
178 0.000500006 0.219301
178 0.000500006 0.219301
178 0.000500006 0.219301
178 0.000500006 0.219301
178 0.000500006 0.219301
178 0.000500006 0.219301
178 0.000500006 0.219301
178 0.000500006 0.219301
178 0.000500006 0.219301
179 0.000503349 0.220767
179 0.000503349 0.220767
179 0.000503349 0.220767
179 0.000503349 0.220767
179 0.000503349 0.220767
179 0.000503349 0.220767
179 0.000503349 0.220767
179 0.000503349 0.220767
179 0.000503349 0.220767
179 0.000503349 0.220767
180 0.000506809 0.222285
180 0.000506809 0.222285
180 0.000506809 0.222285
180 0.000506809 0.222285
180 0.000506809 0.222285
180 0.000506809 0.222285
180 0.000506809 0.222285
180 0.000506809 0.222285
180 0.000506809 0.222285
180 0.000506809 0.222285
181 0.000509642 0.223527
181 0.000509642 0.223527
181 0.000509642 0.223527
181 0.000509642 0.223527
181 0.000509642 0.223527
181 0.000509642 0.223527
181 0.000509642 0.223527
181 0.000509642 0.223527
181 0.000509642 0.223527
181 0.000509642 0.223527
182 0.000512568 0.224811
182 0.000512568 0.224811
182 0.000512568 0.224811
182 0.000512568 0.224811
182 0.000512568 0.224811
182 0.000512568 0.224811
182 0.000512568 0.224811
182 0.000512568 0.224811
182 0.000512568 0.224811
182 0.000512568 0.224811
183 0.000515564 0.226125
183 0.000515564 0.226125
183 0.000515564 0.226125
183 0.000515564 0.226125
183 0.000515564 0.226125
183 0.000515564 0.226125
183 0.000515564 0.226125
183 0.000515564 0.226125
183 0.000515564 0.226125
183 0.000515564 0.226125
184 0.00051862 0.227465
184 0.00051862 0.227465
184 0.00051862 0.227465
184 0.00051862 0.227465
184 0.00051862 0.227465
184 0.00051862 0.227465
184 0.00051862 0.227465
184 0.00051862 0.227465
184 0.00051862 0.227465
184 0.00051862 0.227465
185 0.000521685 0.228809
185 0.000521685 0.228809
185 0.000521685 0.228809
185 0.000521685 0.228809
185 0.000521685 0.228809
185 0.000521685 0.228809
185 0.000521685 0.228809
185 0.000521685 0.228809
185 0.000521685 0.228809
185 0.000521685 0.228809
186 0.00052476 0.230158
186 0.00052476 0.230158
186 0.00052476 0.230158
186 0.00052476 0.230158
186 0.00052476 0.230158
186 0.00052476 0.230158
186 0.00052476 0.230158
186 0.00052476 0.230158
186 0.00052476 0.230158
186 0.00052476 0.230158
187 0.000527846 0.231511
187 0.000527846 0.231511
187 0.000527846 0.231511
187 0.000527846 0.231511
187 0.000527846 0.231511
187 0.000527846 0.231511
187 0.000527846 0.231511
187 0.000527846 0.231511
187 0.000527846 0.231511
187 0.000527846 0.231511
188 0.000530556 0.2327
188 0.000530556 0.2327
188 0.000530556 0.2327
188 0.000530556 0.2327
188 0.000530556 0.2327
188 0.000530556 0.2327
188 0.000530556 0.2327
188 0.000530556 0.2327
188 0.000530556 0.2327
188 0.000530556 0.2327
189 0.000533268 0.233889
189 0.000533268 0.233889
189 0.000533268 0.233889
189 0.000533268 0.233889
189 0.000533268 0.233889
189 0.000533268 0.233889
189 0.000533268 0.233889
189 0.000533268 0.233889
189 0.000533268 0.233889
189 0.000533268 0.233889
190 0.000535984 0.235081
190 0.000535984 0.235081
190 0.000535984 0.235081
190 0.000535984 0.235081
190 0.000535984 0.235081
190 0.000535984 0.235081
190 0.000535984 0.235081
190 0.000535984 0.235081
190 0.000535984 0.235081
190 0.000535984 0.235081
191 0.000538746 0.236292
191 0.000538746 0.236292
191 0.000538746 0.236292
191 0.000538746 0.236292
191 0.000538746 0.236292
191 0.000538746 0.236292
191 0.000538746 0.236292
191 0.000538746 0.236292
191 0.000538746 0.236292
191 0.000538746 0.236292
192 0.000541539 0.237517
192 0.000541539 0.237517
192 0.000541539 0.237517
192 0.000541539 0.237517
192 0.000541539 0.237517
192 0.000541539 0.237517
192 0.000541539 0.237517
192 0.000541539 0.237517
192 0.000541539 0.237517
192 0.000541539 0.237517
193 0.000544343 0.238747
193 0.000544343 0.238747
193 0.000544343 0.238747
193 0.000544343 0.238747
193 0.000544343 0.238747
193 0.000544343 0.238747
193 0.000544343 0.238747
193 0.000544343 0.238747
193 0.000544343 0.238747
193 0.000544343 0.238747
194 0.000547162 0.239983
194 0.000547162 0.239983
194 0.000547162 0.239983
194 0.000547162 0.239983
194 0.000547162 0.239983
194 0.000547162 0.239983
194 0.000547162 0.239983
194 0.000547162 0.239983
194 0.000547162 0.239983
194 0.000547162 0.239983
195 0.000549998 0.241227
195 0.000549998 0.241227
195 0.000549998 0.241227
195 0.000549998 0.241227
195 0.000549998 0.241227
195 0.000549998 0.241227
195 0.000549998 0.241227
195 0.000549998 0.241227
195 0.000549998 0.241227
195 0.000549998 0.241227
196 0.000552854 0.24248
196 0.000552854 0.24248
196 0.000552854 0.24248
196 0.000552854 0.24248
196 0.000552854 0.24248
196 0.000552854 0.24248
196 0.000552854 0.24248
196 0.000552854 0.24248
196 0.000552854 0.24248
196 0.000552854 0.24248
197 0.000555713 0.243734
197 0.000555713 0.243734
197 0.000555713 0.243734
197 0.000555713 0.243734
197 0.000555713 0.243734
197 0.000555713 0.243734
197 0.000555713 0.243734
197 0.000555713 0.243734
197 0.000555713 0.243734
197 0.000555713 0.243734
198 0.000558448 0.244933
198 0.000558448 0.244933
198 0.000558448 0.244933
198 0.000558448 0.244933
198 0.000558448 0.244933
198 0.000558448 0.244933
198 0.000558448 0.244933
198 0.000558448 0.244933
198 0.000558448 0.244933
198 0.000558448 0.244933
199 0.000561219 0.246149
199 0.000561219 0.246149
199 0.000561219 0.246149
199 0.000561219 0.246149
199 0.000561219 0.246149
199 0.000561219 0.246149
199 0.000561219 0.246149
199 0.000561219 0.246149
199 0.000561219 0.246149
199 0.000561219 0.246149
200 0.000563793 0.247278
200 0.000563793 0.247278
200 0.000563793 0.247278
200 0.000563793 0.247278
200 0.000563793 0.247278
200 0.000563793 0.247278
200 0.000563793 0.247278
200 0.000563793 0.247278
200 0.000563793 0.247278
200 0.000563793 0.247278
201 0.000566393 0.248418
201 0.000566393 0.248418
201 0.000566393 0.248418
201 0.000566393 0.248418
201 0.000566393 0.248418
201 0.000566393 0.248418
201 0.000566393 0.248418
201 0.000566393 0.248418
201 0.000566393 0.248418
201 0.000566393 0.248418
202 0.000569066 0.24959
202 0.000569066 0.24959
202 0.000569066 0.24959
202 0.000569066 0.24959
202 0.000569066 0.24959
202 0.000569066 0.24959
202 0.000569066 0.24959
202 0.000569066 0.24959
202 0.000569066 0.24959
202 0.000569066 0.24959
203 0.000571829 0.250802
203 0.000571829 0.250802
203 0.000571829 0.250802
203 0.000571829 0.250802
203 0.000571829 0.250802
203 0.000571829 0.250802
203 0.000571829 0.250802
203 0.000571829 0.250802
203 0.000571829 0.250802
203 0.000571829 0.250802
204 0.000574678 0.252052
204 0.000574678 0.252052
204 0.000574678 0.252052
204 0.000574678 0.252052
204 0.000574678 0.252052
204 0.000574678 0.252052
204 0.000574678 0.252052
204 0.000574678 0.252052
204 0.000574678 0.252052
204 0.000574678 0.252052
205 0.000577641 0.253351
205 0.000577641 0.253351
205 0.000577641 0.253351
205 0.000577641 0.253351
205 0.000577641 0.253351
205 0.000577641 0.253351
205 0.000577641 0.253351
205 0.000577641 0.253351
205 0.000577641 0.253351
205 0.000577641 0.253351
206 0.000580697 0.254692
206 0.000580697 0.254692
206 0.000580697 0.254692
206 0.000580697 0.254692
206 0.000580697 0.254692
206 0.000580697 0.254692
206 0.000580697 0.254692
206 0.000580697 0.254692
206 0.000580697 0.254692
206 0.000580697 0.254692
207 0.00058377 0.256039
207 0.00058377 0.256039
207 0.00058377 0.256039
207 0.00058377 0.256039
207 0.00058377 0.256039
207 0.00058377 0.256039
207 0.00058377 0.256039
207 0.00058377 0.256039
207 0.00058377 0.256039
207 0.00058377 0.256039
208 0.000586897 0.257411
208 0.000586897 0.257411
208 0.000586897 0.257411
208 0.000586897 0.257411
208 0.000586897 0.257411
208 0.000586897 0.257411
208 0.000586897 0.257411
208 0.000586897 0.257411
208 0.000586897 0.257411
208 0.000586897 0.257411
209 0.000590084 0.258809
209 0.000590084 0.258809
209 0.000590084 0.258809
209 0.000590084 0.258809
209 0.000590084 0.258809
209 0.000590084 0.258809
209 0.000590084 0.258809
209 0.000590084 0.258809
209 0.000590084 0.258809
209 0.000590084 0.258809
210 0.000593386 0.260257
210 0.000593386 0.260257
210 0.000593386 0.260257
210 0.000593386 0.260257
210 0.000593386 0.260257
210 0.000593386 0.260257
210 0.000593386 0.260257
210 0.000593386 0.260257
210 0.000593386 0.260257
210 0.000593386 0.260257
211 0.000596806 0.261757
211 0.000596806 0.261757
211 0.000596806 0.261757
211 0.000596806 0.261757
211 0.000596806 0.261757
211 0.000596806 0.261757
211 0.000596806 0.261757
211 0.000596806 0.261757
211 0.000596806 0.261757
211 0.000596806 0.261757
212 0.000600356 0.263314
212 0.000600356 0.263314
212 0.000600356 0.263314
212 0.000600356 0.263314
212 0.000600356 0.263314
212 0.000600356 0.263314
212 0.000600356 0.263314
212 0.000600356 0.263314
212 0.000600356 0.263314
212 0.000600356 0.263314
213 0.000603982 0.264904
213 0.000603982 0.264904
213 0.000603982 0.264904
213 0.000603982 0.264904
213 0.000603982 0.264904
213 0.000603982 0.264904
213 0.000603982 0.264904
213 0.000603982 0.264904
213 0.000603982 0.264904
213 0.000603982 0.264904
214 0.00060765 0.266513
214 0.00060765 0.266513
214 0.00060765 0.266513
214 0.00060765 0.266513
214 0.00060765 0.266513
214 0.00060765 0.266513
214 0.00060765 0.266513
214 0.00060765 0.266513
214 0.00060765 0.266513
214 0.00060765 0.266513
215 0.000611408 0.268161
215 0.000611408 0.268161
215 0.000611408 0.268161
215 0.000611408 0.268161
215 0.000611408 0.268161
215 0.000611408 0.268161
215 0.000611408 0.268161
215 0.000611408 0.268161
215 0.000611408 0.268161
215 0.000611408 0.268161
216 0.0006152 0.269825
216 0.0006152 0.269825
216 0.0006152 0.269825
216 0.0006152 0.269825
216 0.0006152 0.269825
216 0.0006152 0.269825
216 0.0006152 0.269825
216 0.0006152 0.269825
216 0.0006152 0.269825
216 0.0006152 0.269825
