0 0
1 7.10227e-09
2 2.6729e-08
3 5.17257e-08
4 8.15604e-08
5 1.15736e-07
6 1.53855e-07
7 1.95564e-07
8 2.40491e-07
9 2.8828e-07
10 3.38924e-07
11 3.91899e-07
12 4.47198e-07
13 5.04517e-07
14 5.63458e-07
15 6.24124e-07
16 6.86314e-07
17 7.49787e-07
18 8.14603e-07
19 8.8047e-07
20 9.47428e-07
21 1.01514e-06
22 1.08362e-06
23 1.15291e-06
24 1.22301e-06
25 1.29353e-06
26 1.36491e-06
27 1.43673e-06
28 1.509e-06
29 1.58173e-06
30 1.65492e-06
31 1.72812e-06
32 1.80179e-06
33 1.87595e-06
34 1.95011e-06
35 2.02427e-06
36 2.09893e-06
37 2.1736e-06
38 2.24878e-06
39 2.32397e-06
40 2.39915e-06
41 2.47433e-06
42 2.54952e-06
43 2.62524e-06
44 2.70097e-06
45 2.7767e-06
46 2.85243e-06
47 2.92816e-06
48 3.00389e-06
49 3.07961e-06
50 3.15534e-06
51 3.23107e-06
52 3.3068e-06
53 3.38253e-06
54 3.45886e-06
55 3.53518e-06
56 3.61151e-06
57 3.68784e-06
58 3.76417e-06
59 3.8405e-06
60 3.91683e-06
61 3.99316e-06
62 4.06949e-06
63 4.14582e-06
64 4.22149e-06
65 4.29717e-06
66 4.37285e-06
67 4.44852e-06
68 4.52354e-06
69 4.59855e-06
70 4.67356e-06
71 4.74858e-06
72 4.82359e-06
73 4.8986e-06
74 4.97293e-06
75 5.04725e-06
76 5.12158e-06
77 5.1959e-06
78 5.26952e-06
79 5.34315e-06
80 5.41677e-06
81 5.4904e-06
82 5.56402e-06
83 5.63692e-06
84 5.70982e-06
85 5.78272e-06
86 5.85563e-06
87 5.92853e-06
88 6.00143e-06
89 6.07358e-06
90 6.14573e-06
91 6.21788e-06
92 6.29003e-06
93 6.36218e-06
94 6.43433e-06
95 6.50648e-06
96 6.57863e-06
97 6.65078e-06
98 6.72212e-06
99 6.79346e-06
100 6.8648e-06
101 6.93614e-06
102 7.00748e-06
103 7.07882e-06
104 7.15016e-06
105 7.2215e-06
106 7.29284e-06
107 7.36418e-06
108 7.43552e-06
109 7.50686e-06
110 7.57728e-06
111 7.64771e-06
112 7.71813e-06
113 7.78856e-06
114 7.85898e-06
115 7.92941e-06
116 7.99983e-06
117 8.07026e-06
118 8.13969e-06
119 8.20912e-06
120 8.27855e-06
121 8.34799e-06
122 8.41742e-06
123 8.48685e-06
124 8.55629e-06
125 8.62465e-06
126 8.69196e-06
127 8.75928e-06
128 8.82164e-06
129 8.87521e-06
130 8.92677e-06
131 8.97833e-06
132 9.02989e-06
133 9.08213e-06
134 9.13437e-06
135 9.18732e-06
136 9.24027e-06
137 9.29323e-06
138 9.34695e-06
139 9.40067e-06
140 9.45439e-06
141 9.50811e-06
142 9.56183e-06
143 9.61473e-06
144 9.66681e-06
145 9.71889e-06
146 9.77016e-06
147 9.82143e-06
148 9.87269e-06
149 9.92313e-06
150 9.97357e-06
151 1.0024e-05
152 1.00745e-05
153 1.01249e-05
154 1.01753e-05
155 1.02258e-05
156 1.02762e-05
157 1.03267e-05
158 1.03771e-05
159 1.04275e-05
160 1.0477e-05
161 1.05265e-05
162 1.0575e-05
163 1.06235e-05
164 1.0672e-05
165 1.07195e-05
166 1.0767e-05
167 1.08145e-05
168 1.0861e-05
169 1.09075e-05
170 1.0953e-05
171 1.09985e-05
172 1.1044e-05
173 1.10895e-05
174 1.1135e-05
175 1.11794e-05
176 1.12238e-05
177 1.12682e-05
178 1.13126e-05
179 1.1357e-05
180 1.14014e-05
181 1.14458e-05
182 1.14902e-05
183 1.15346e-05
184 1.1579e-05
185 1.16221e-05
186 1.16651e-05
187 1.17082e-05
188 1.17513e-05
189 1.17943e-05
190 1.18374e-05
191 1.18804e-05
192 1.19235e-05
193 1.19666e-05
194 1.20079e-05
195 1.20492e-05
196 1.20906e-05
197 1.21319e-05
198 1.21732e-05
199 1.22126e-05
200 1.2252e-05
201 1.22914e-05
202 1.23286e-05
203 1.23659e-05
204 1.24032e-05
205 1.24405e-05
206 1.24755e-05
207 1.25105e-05
208 1.25431e-05
209 1.25757e-05
210 1.26084e-05
211 1.2641e-05
212 1.26736e-05
213 1.27033e-05
214 1.2733e-05
215 1.27627e-05
216 1.27923e-05
217 1.2822e-05
218 1.28517e-05
219 1.28813e-05
220 1.29051e-05
221 1.29288e-05
222 1.29525e-05
223 1.29763e-05
224 1.3e-05
Re:896, We:219
