0 0
1 1.42045e-08
2 4.65252e-08
3 8.70775e-08
4 1.35695e-07
5 1.91921e-07
6 2.55488e-07
7 3.2641e-07
8 4.04922e-07
9 4.90524e-07
10 5.82616e-07
11 6.80753e-07
12 7.84097e-07
13 8.9232e-07
14 1.00491e-06
15 1.12117e-06
16 1.24078e-06
17 1.36396e-06
18 1.48965e-06
19 1.61798e-06
20 1.74906e-06
21 1.88231e-06
22 2.0178e-06
23 2.15484e-06
24 2.29348e-06
25 2.43375e-06
26 2.57487e-06
27 2.7177e-06
28 2.86142e-06
29 3.00604e-06
30 3.15157e-06
31 3.29803e-06
32 3.4445e-06
33 3.59192e-06
34 3.74032e-06
35 3.88872e-06
36 4.03812e-06
37 4.18752e-06
38 4.33692e-06
39 4.48736e-06
40 4.63779e-06
41 4.78823e-06
42 4.93974e-06
43 5.09126e-06
44 5.24277e-06
45 5.39428e-06
46 5.5458e-06
47 5.69731e-06
48 5.84882e-06
49 6.00033e-06
50 6.15071e-06
51 6.30108e-06
52 6.45031e-06
53 6.59955e-06
54 6.74764e-06
55 6.89574e-06
56 7.04269e-06
57 7.18965e-06
58 7.33661e-06
59 7.48356e-06
60 7.63052e-06
61 7.77631e-06
62 7.9221e-06
63 8.06672e-06
64 8.21134e-06
65 8.35597e-06
66 8.49941e-06
67 8.64286e-06
68 8.78513e-06
69 8.9274e-06
70 9.0685e-06
71 9.2096e-06
72 9.34952e-06
73 9.48944e-06
74 9.62936e-06
75 9.76809e-06
76 9.90683e-06
77 1.00444e-05
78 1.01819e-05
79 1.03183e-05
80 1.04546e-05
81 1.05898e-05
82 1.0725e-05
83 1.08578e-05
84 1.09907e-05
85 1.11223e-05
86 1.1254e-05
87 1.13845e-05
88 1.1515e-05
89 1.16443e-05
90 1.17725e-05
91 1.19006e-05
92 1.20277e-05
93 1.21547e-05
94 1.22806e-05
95 1.24064e-05
96 1.25323e-05
97 1.26582e-05
98 1.27828e-05
99 1.29075e-05
100 1.30311e-05
101 1.31546e-05
102 1.32781e-05
103 1.34016e-05
104 1.35239e-05
105 1.36462e-05
106 1.37685e-05
107 1.38896e-05
108 1.40107e-05
109 1.41318e-05
110 1.4253e-05
111 1.43728e-05
112 1.44939e-05
113 1.46138e-05
114 1.47336e-05
115 1.48522e-05
116 1.49721e-05
117 1.50907e-05
118 1.52093e-05
119 1.53278e-05
120 1.54464e-05
121 1.55637e-05
122 1.56809e-05
123 1.57969e-05
124 1.59128e-05
125 1.60288e-05
126 1.61447e-05
127 1.6258e-05
128 1.63564e-05
129 1.64381e-05
130 1.6514e-05
131 1.65905e-05
132 1.66683e-05
133 1.67467e-05
134 1.68258e-05
135 1.69049e-05
136 1.69847e-05
137 1.70652e-05
138 1.71464e-05
139 1.72284e-05
140 1.73103e-05
141 1.73923e-05
142 1.74751e-05
143 1.75563e-05
144 1.76375e-05
145 1.77187e-05
146 1.77998e-05
147 1.78795e-05
148 1.79591e-05
149 1.80387e-05
150 1.8116e-05
151 1.8194e-05
152 1.82721e-05
153 1.83494e-05
154 1.84259e-05
155 1.85024e-05
156 1.85789e-05
157 1.86539e-05
158 1.87281e-05
159 1.88023e-05
160 1.8875e-05
161 1.89477e-05
162 1.90204e-05
163 1.90923e-05
164 1.91643e-05
165 1.92362e-05
166 1.9306e-05
167 1.93757e-05
168 1.94454e-05
169 1.95137e-05
170 1.9582e-05
171 1.96495e-05
172 1.97164e-05
173 1.97832e-05
174 1.98487e-05
175 1.99134e-05
176 1.99789e-05
177 2.00429e-05
178 2.0107e-05
179 2.0171e-05
180 2.02337e-05
181 2.02964e-05
182 2.03591e-05
183 2.04204e-05
184 2.04817e-05
185 2.0543e-05
186 2.06043e-05
187 2.06649e-05
188 2.07256e-05
189 2.07862e-05
190 2.08461e-05
191 2.09061e-05
192 2.0966e-05
193 2.10259e-05
194 2.10858e-05
195 2.11458e-05
196 2.12057e-05
197 2.12656e-05
198 2.13256e-05
199 2.13855e-05
200 2.14446e-05
201 2.15038e-05
202 2.1563e-05
203 2.16221e-05
204 2.16813e-05
205 2.17404e-05
206 2.17996e-05
207 2.18588e-05
208 2.19179e-05
209 2.19771e-05
210 2.20363e-05
211 2.20963e-05
212 2.21564e-05
213 2.22164e-05
214 2.22765e-05
215 2.23365e-05
216 2.23966e-05
217 2.24566e-05
218 2.25177e-05
219 2.25788e-05
220 2.26399e-05
221 2.2701e-05
222 2.27621e-05
223 2.28232e-05
224 2.28843e-05
225 2.29454e-05
226 2.30065e-05
227 2.30676e-05
228 2.313e-05
229 2.31924e-05
230 2.32547e-05
231 2.33171e-05
232 2.33795e-05
233 2.34419e-05
234 2.35043e-05
235 2.35667e-05
236 2.36291e-05
237 2.36932e-05
238 2.37573e-05
239 2.38213e-05
240 2.38854e-05
241 2.39495e-05
242 2.40136e-05
243 2.40776e-05
244 2.41417e-05
245 2.42058e-05
246 2.42699e-05
247 2.4334e-05
248 2.4398e-05
249 2.44621e-05
250 2.4529e-05
251 2.45958e-05
252 2.46627e-05
253 2.47296e-05
254 2.47964e-05
255 2.48633e-05
256 2.49302e-05
257 2.4997e-05
258 2.50639e-05
259 2.51308e-05
260 2.51976e-05
261 2.52645e-05
262 2.53314e-05
263 2.53982e-05
264 2.54651e-05
265 2.55319e-05
266 2.55988e-05
267 2.56657e-05
268 2.57325e-05
269 2.57994e-05
270 2.58663e-05
271 2.59331e-05
272 2.6e-05
Re:1792, We:438
