0 0
1 3.55114e-09
2 1.16313e-08
3 2.17694e-08
4 3.39237e-08
5 4.79803e-08
6 6.3872e-08
7 8.16024e-08
8 1.01231e-07
9 1.22631e-07
10 1.45654e-07
11 1.70188e-07
12 1.96024e-07
13 2.2308e-07
14 2.51228e-07
15 2.80292e-07
16 3.10194e-07
17 3.40989e-07
18 3.72574e-07
19 4.04823e-07
20 4.37593e-07
21 4.70903e-07
22 5.04774e-07
23 5.39033e-07
24 5.7369e-07
25 6.08757e-07
26 6.44033e-07
27 6.79741e-07
28 7.15668e-07
29 7.5182e-07
30 7.88201e-07
31 8.24815e-07
32 8.61667e-07
33 8.98519e-07
34 9.35615e-07
35 9.72711e-07
36 1.01006e-06
37 1.0474e-06
38 1.08501e-06
39 1.12261e-06
40 1.16022e-06
41 1.19809e-06
42 1.23596e-06
43 1.27383e-06
44 1.3117e-06
45 1.34957e-06
46 1.38744e-06
47 1.42559e-06
48 1.46375e-06
49 1.5019e-06
50 1.53977e-06
51 1.57763e-06
52 1.61521e-06
53 1.65278e-06
54 1.69036e-06
55 1.72793e-06
56 1.76521e-06
57 1.80249e-06
58 1.83948e-06
59 1.87618e-06
60 1.91288e-06
61 1.94928e-06
62 1.98569e-06
63 2.0218e-06
64 2.05792e-06
65 2.09403e-06
66 2.12985e-06
67 2.16567e-06
68 2.20149e-06
69 2.23702e-06
70 2.27254e-06
71 2.30777e-06
72 2.343e-06
73 2.37793e-06
74 2.41287e-06
75 2.4475e-06
76 2.48214e-06
77 2.51648e-06
78 2.55082e-06
79 2.58487e-06
80 2.61891e-06
81 2.65266e-06
82 2.68641e-06
83 2.71986e-06
84 2.75302e-06
85 2.78618e-06
86 2.81905e-06
87 2.85191e-06
88 2.88448e-06
89 2.91706e-06
90 2.94933e-06
91 2.98161e-06
92 3.0136e-06
93 3.04558e-06
94 3.07728e-06
95 3.10897e-06
96 3.14037e-06
97 3.17176e-06
98 3.20316e-06
99 3.23456e-06
100 3.26566e-06
101 3.29676e-06
102 3.32786e-06
103 3.35866e-06
104 3.38945e-06
105 3.41995e-06
106 3.45045e-06
107 3.48094e-06
108 3.51144e-06
109 3.54162e-06
110 3.57181e-06
111 3.60169e-06
112 3.63157e-06
113 3.66145e-06
114 3.69133e-06
115 3.72089e-06
116 3.75046e-06
117 3.78002e-06
118 3.80959e-06
119 3.83883e-06
120 3.86808e-06
121 3.897e-06
122 3.92592e-06
123 3.95452e-06
124 3.98312e-06
125 4.01109e-06
126 4.03905e-06
127 4.0667e-06
128 4.09259e-06
129 4.11371e-06
130 4.13311e-06
131 4.15251e-06
132 4.17224e-06
133 4.19213e-06
134 4.2122e-06
135 4.23227e-06
136 4.25234e-06
137 4.27259e-06
138 4.29302e-06
139 4.31346e-06
140 4.3337e-06
141 4.35376e-06
142 4.37382e-06
143 4.39351e-06
144 4.41283e-06
145 4.43216e-06
146 4.45148e-06
147 4.47063e-06
148 4.48977e-06
149 4.50892e-06
150 4.52788e-06
151 4.54684e-06
152 4.56581e-06
153 4.58458e-06
154 4.60318e-06
155 4.62178e-06
156 4.64001e-06
157 4.65825e-06
158 4.67648e-06
159 4.69472e-06
160 4.71259e-06
161 4.73047e-06
162 4.74834e-06
163 4.76586e-06
164 4.78337e-06
165 4.80089e-06
166 4.81823e-06
167 4.83557e-06
168 4.85238e-06
169 4.86902e-06
170 4.88566e-06
171 4.90197e-06
172 4.91828e-06
173 4.93458e-06
174 4.95072e-06
175 4.96669e-06
176 4.98266e-06
177 4.99831e-06
178 5.01395e-06
179 5.02959e-06
180 5.04491e-06
181 5.06023e-06
182 5.07554e-06
183 5.0907e-06
184 5.10585e-06
185 5.12084e-06
186 5.13567e-06
187 5.1505e-06
188 5.16517e-06
189 5.17984e-06
190 5.19451e-06
191 5.20901e-06
192 5.22352e-06
193 5.23802e-06
194 5.25236e-06
195 5.2667e-06
196 5.28104e-06
197 5.29506e-06
198 5.30891e-06
199 5.3226e-06
200 5.33583e-06
201 5.34862e-06
202 5.36113e-06
203 5.373e-06
204 5.38474e-06
205 5.39623e-06
206 5.40727e-06
207 5.4182e-06
208 5.42891e-06
209 5.43931e-06
210 5.44951e-06
211 5.45961e-06
212 5.46971e-06
213 5.47971e-06
214 5.48962e-06
215 5.49952e-06
216 5.50943e-06
217 5.51933e-06
218 5.52924e-06
219 5.53915e-06
220 5.54905e-06
221 5.55896e-06
222 5.56886e-06
223 5.57877e-06
224 5.58867e-06
225 5.59869e-06
226 5.6087e-06
227 5.61872e-06
228 5.62873e-06
229 5.63875e-06
230 5.64865e-06
231 5.65843e-06
232 5.66822e-06
233 5.67789e-06
234 5.68745e-06
235 5.6969e-06
236 5.70635e-06
237 5.71579e-06
238 5.72524e-06
239 5.73481e-06
240 5.74437e-06
241 5.75394e-06
242 5.76363e-06
243 5.77344e-06
244 5.78326e-06
245 5.79322e-06
246 5.80317e-06
247 5.81313e-06
248 5.82308e-06
249 5.83304e-06
250 5.84299e-06
251 5.85295e-06
252 5.86306e-06
253 5.87317e-06
254 5.88328e-06
255 5.89339e-06
256 5.9035e-06
257 5.91361e-06
258 5.92372e-06
259 5.93383e-06
260 5.94394e-06
261 5.95424e-06
262 5.96453e-06
263 5.97483e-06
264 5.98513e-06
265 5.99564e-06
266 6.00614e-06
267 6.01665e-06
268 6.02739e-06
269 6.03813e-06
270 6.04887e-06
271 6.05988e-06
272 6.07088e-06
273 6.08217e-06
274 6.09347e-06
275 6.10476e-06
276 6.11638e-06
277 6.12801e-06
278 6.13963e-06
279 6.15126e-06
280 6.16328e-06
281 6.17531e-06
282 6.18733e-06
283 6.19936e-06
284 6.21139e-06
285 6.22393e-06
286 6.23648e-06
287 6.24903e-06
288 6.26158e-06
289 6.27413e-06
290 6.28668e-06
291 6.30001e-06
292 6.31334e-06
293 6.32667e-06
294 6.34001e-06
295 6.35334e-06
296 6.36667e-06
297 6.38001e-06
298 6.39334e-06
299 6.40667e-06
300 6.42e-06
301 6.43334e-06
302 6.44667e-06
303 6.46e-06
304 6.47333e-06
305 6.48667e-06
306 6.5e-06
Re:1792, We:876
