0 0
1 2.21946e-09
2 7.26329e-09
3 1.35021e-08
4 2.08908e-08
5 2.93816e-08
6 3.88936e-08
7 4.93718e-08
8 6.08052e-08
9 7.32328e-08
10 8.66647e-08
11 1.0107e-07
12 1.16365e-07
13 1.32472e-07
14 1.49339e-07
15 1.66887e-07
16 1.85006e-07
17 2.03647e-07
18 2.22751e-07
19 2.42341e-07
20 2.62342e-07
21 2.82664e-07
22 3.03319e-07
23 3.2432e-07
24 3.45559e-07
25 3.67045e-07
26 3.88782e-07
27 4.1065e-07
28 4.32649e-07
29 4.54918e-07
30 4.77325e-07
31 4.99733e-07
32 5.22282e-07
33 5.44976e-07
34 5.67669e-07
35 5.90511e-07
36 6.13353e-07
37 6.36348e-07
38 6.59342e-07
39 6.82493e-07
40 7.05643e-07
41 7.28794e-07
42 7.51945e-07
43 7.75096e-07
44 7.98246e-07
45 8.21562e-07
46 8.44879e-07
47 8.68195e-07
48 8.91511e-07
49 9.14827e-07
50 9.38143e-07
51 9.61459e-07
52 9.84775e-07
53 1.00809e-06
54 1.03141e-06
55 1.05455e-06
56 1.07768e-06
57 1.10064e-06
58 1.1236e-06
59 1.14656e-06
60 1.16952e-06
61 1.1923e-06
62 1.21508e-06
63 1.23786e-06
64 1.26064e-06
65 1.28324e-06
66 1.30583e-06
67 1.32824e-06
68 1.35066e-06
69 1.37307e-06
70 1.3953e-06
71 1.41752e-06
72 1.43956e-06
73 1.4616e-06
74 1.48346e-06
75 1.50532e-06
76 1.52717e-06
77 1.54884e-06
78 1.57051e-06
79 1.592e-06
80 1.61348e-06
81 1.63477e-06
82 1.65607e-06
83 1.67737e-06
84 1.69866e-06
85 1.71996e-06
86 1.74106e-06
87 1.76217e-06
88 1.78308e-06
89 1.80418e-06
90 1.82509e-06
91 1.846e-06
92 1.86691e-06
93 1.88763e-06
94 1.90834e-06
95 1.92905e-06
96 1.94977e-06
97 1.97048e-06
98 1.99099e-06
99 2.0115e-06
100 2.03201e-06
101 2.05252e-06
102 2.07303e-06
103 2.09333e-06
104 2.11363e-06
105 2.13393e-06
106 2.15423e-06
107 2.17432e-06
108 2.19441e-06
109 2.21449e-06
110 2.23458e-06
111 2.25467e-06
112 2.27453e-06
113 2.2944e-06
114 2.31427e-06
115 2.33413e-06
116 2.354e-06
117 2.37387e-06
118 2.39373e-06
119 2.4136e-06
120 2.43323e-06
121 2.45286e-06
122 2.47249e-06
123 2.49212e-06
124 2.51175e-06
125 2.53138e-06
126 2.55076e-06
127 2.57014e-06
128 2.58952e-06
129 2.60865e-06
130 2.62729e-06
131 2.64523e-06
132 2.66152e-06
133 2.67781e-06
134 2.69223e-06
135 2.70608e-06
136 2.71992e-06
137 2.73159e-06
138 2.74207e-06
139 2.75207e-06
140 2.76164e-06
141 2.7708e-06
142 2.77853e-06
143 2.78547e-06
144 2.79183e-06
145 2.79777e-06
146 2.80341e-06
147 2.80879e-06
148 2.81395e-06
149 2.81875e-06
150 2.82341e-06
151 2.82805e-06
152 2.83271e-06
153 2.83737e-06
154 2.84203e-06
155 2.84669e-06
156 2.85138e-06
157 2.85611e-06
158 2.86088e-06
159 2.86571e-06
160 2.87059e-06
161 2.87556e-06
162 2.88065e-06
163 2.88586e-06
164 2.89116e-06
165 2.89661e-06
166 2.90221e-06
167 2.90798e-06
168 2.91393e-06
169 2.92004e-06
170 2.92632e-06
171 2.93278e-06
172 2.93942e-06
173 2.94631e-06
174 2.95342e-06
175 2.96072e-06
176 2.96821e-06
177 2.97587e-06
178 2.98374e-06
179 2.99191e-06
180 3.00034e-06
181 3.00905e-06
182 3.0179e-06
183 3.02698e-06
184 3.03631e-06
185 3.04582e-06
186 3.05559e-06
187 3.06556e-06
188 3.07563e-06
189 3.08591e-06
190 3.09641e-06
191 3.10703e-06
192 3.11776e-06
193 3.12862e-06
194 3.13961e-06
195 3.1506e-06
196 3.16172e-06
197 3.17298e-06
198 3.18424e-06
199 3.1955e-06
200 3.20676e-06
201 3.21817e-06
202 3.22942e-06
203 3.24084e-06
204 3.25209e-06
205 3.26319e-06
206 3.27429e-06
207 3.28524e-06
208 3.29619e-06
209 3.30714e-06
210 3.31793e-06
211 3.32872e-06
212 3.33951e-06
213 3.35014e-06
214 3.36077e-06
215 3.37157e-06
216 3.3822e-06
217 3.39283e-06
218 3.40346e-06
219 3.41409e-06
220 3.42472e-06
221 3.43535e-06
222 3.4458e-06
223 3.45625e-06
224 3.46671e-06
225 3.47716e-06
226 3.48743e-06
227 3.4977e-06
228 3.50778e-06
229 3.51769e-06
230 3.52725e-06
231 3.53664e-06
232 3.54586e-06
233 3.55493e-06
234 3.56368e-06
235 3.57228e-06
236 3.58073e-06
237 3.58918e-06
238 3.59749e-06
239 3.60564e-06
240 3.61366e-06
241 3.62167e-06
242 3.62955e-06
243 3.63742e-06
244 3.64529e-06
245 3.65316e-06
246 3.66103e-06
247 3.66906e-06
248 3.67709e-06
249 3.68529e-06
250 3.69349e-06
251 3.70188e-06
252 3.71027e-06
253 3.71886e-06
254 3.72745e-06
255 3.73604e-06
256 3.74486e-06
257 3.75368e-06
258 3.76277e-06
259 3.77185e-06
260 3.78123e-06
261 3.7906e-06
262 3.80031e-06
263 3.81002e-06
264 3.81973e-06
265 3.82944e-06
266 3.83958e-06
267 3.84971e-06
268 3.85984e-06
269 3.86998e-06
270 3.88011e-06
271 3.89084e-06
272 3.90157e-06
273 3.9123e-06
274 3.92302e-06
275 3.93375e-06
276 3.94448e-06
277 3.95521e-06
278 3.96594e-06
279 3.97667e-06
280 3.9874e-06
281 3.99813e-06
282 4.00886e-06
283 4.01958e-06
284 4.03031e-06
285 4.04104e-06
286 4.05177e-06
287 4.0625e-06
Re:4481, We:4382
