0 0
1 3.19602e-09
2 1.04501e-08
3 1.93928e-08
4 2.99173e-08
5 4.19423e-08
6 5.53869e-08
7 7.0094e-08
8 8.60606e-08
9 1.03318e-07
10 1.21856e-07
11 1.41745e-07
12 1.62809e-07
13 1.84852e-07
14 2.07975e-07
15 2.3219e-07
16 2.57269e-07
17 2.83282e-07
18 3.10045e-07
19 3.37471e-07
20 3.65596e-07
21 3.9416e-07
22 4.23336e-07
23 4.5299e-07
24 4.82973e-07
25 5.13295e-07
26 5.43966e-07
27 5.74996e-07
28 6.06209e-07
29 6.37609e-07
30 6.69199e-07
31 7.00983e-07
32 7.32964e-07
33 7.65147e-07
34 7.97535e-07
35 8.29922e-07
36 8.6231e-07
37 8.94909e-07
38 9.27508e-07
39 9.60108e-07
40 9.92926e-07
41 1.02574e-06
42 1.05856e-06
43 1.09138e-06
44 1.1242e-06
45 1.15702e-06
46 1.18983e-06
47 1.22265e-06
48 1.25547e-06
49 1.28806e-06
50 1.32064e-06
51 1.35323e-06
52 1.38558e-06
53 1.41747e-06
54 1.44913e-06
55 1.48034e-06
56 1.51133e-06
57 1.5421e-06
58 1.57244e-06
59 1.60256e-06
60 1.63247e-06
61 1.66217e-06
62 1.69187e-06
63 1.72116e-06
64 1.75044e-06
65 1.77951e-06
66 1.8088e-06
67 1.83787e-06
68 1.86695e-06
69 1.89602e-06
70 1.92509e-06
71 1.95417e-06
72 1.98324e-06
73 2.01253e-06
74 2.04183e-06
75 2.07112e-06
76 2.10064e-06
77 2.13016e-06
78 2.15992e-06
79 2.18968e-06
80 2.21968e-06
81 2.24969e-06
82 2.27994e-06
83 2.3102e-06
84 2.34045e-06
85 2.37045e-06
86 2.40044e-06
87 2.43018e-06
88 2.45992e-06
89 2.48966e-06
90 2.51939e-06
91 2.5494e-06
92 2.5794e-06
93 2.60941e-06
94 2.63942e-06
95 2.66942e-06
96 2.69943e-06
97 2.72943e-06
98 2.75944e-06
99 2.78944e-06
100 2.81945e-06
101 2.84887e-06
102 2.87829e-06
103 2.90801e-06
104 2.93743e-06
105 2.96685e-06
106 2.99627e-06
107 3.02425e-06
108 3.05251e-06
109 3.08048e-06
110 3.1079e-06
111 3.13532e-06
112 3.1622e-06
113 3.18908e-06
114 3.21623e-06
115 3.24338e-06
116 3.26971e-06
117 3.29552e-06
118 3.32132e-06
119 3.34611e-06
120 3.37066e-06
121 3.39521e-06
122 3.41951e-06
123 3.44382e-06
124 3.46812e-06
125 3.49243e-06
126 3.51624e-06
127 3.53912e-06
128 3.56177e-06
129 3.58443e-06
130 3.60621e-06
131 3.62779e-06
132 3.64936e-06
133 3.67032e-06
134 3.69108e-06
135 3.71184e-06
136 3.7322e-06
137 3.75237e-06
138 3.77144e-06
139 3.79034e-06
140 3.80923e-06
141 3.82762e-06
142 3.84584e-06
143 3.86406e-06
144 3.88245e-06
145 3.90084e-06
146 3.9184e-06
147 3.93564e-06
148 3.95289e-06
149 3.97014e-06
150 3.98738e-06
151 4.00463e-06
152 4.02125e-06
153 4.03758e-06
154 4.05391e-06
155 4.06995e-06
156 4.08598e-06
157 4.10217e-06
158 4.11777e-06
159 4.13297e-06
160 4.14803e-06
161 4.16309e-06
162 4.17802e-06
163 4.19281e-06
164 4.20761e-06
165 4.22228e-06
166 4.23643e-06
167 4.25034e-06
168 4.26401e-06
169 4.27768e-06
170 4.29112e-06
171 4.3038e-06
172 4.31607e-06
173 4.32769e-06
174 4.33872e-06
175 4.34914e-06
176 4.35902e-06
177 4.36834e-06
178 4.3771e-06
179 4.38542e-06
180 4.39343e-06
181 4.40113e-06
182 4.4086e-06
183 4.41588e-06
184 4.42305e-06
185 4.42988e-06
186 4.436e-06
187 4.44161e-06
188 4.44685e-06
189 4.45175e-06
190 4.45637e-06
191 4.46071e-06
192 4.46483e-06
193 4.46878e-06
194 4.47256e-06
195 4.47623e-06
196 4.47978e-06
197 4.48325e-06
198 4.48663e-06
199 4.48991e-06
200 4.4931e-06
201 4.49626e-06
202 4.49942e-06
203 4.50257e-06
204 4.50571e-06
205 4.50887e-06
206 4.51203e-06
207 4.51522e-06
208 4.51843e-06
209 4.52167e-06
210 4.52495e-06
211 4.52828e-06
212 4.53168e-06
213 4.53514e-06
214 4.53869e-06
215 4.54232e-06
216 4.54604e-06
217 4.54988e-06
218 4.55384e-06
219 4.55794e-06
220 4.56221e-06
221 4.56665e-06
222 4.57127e-06
223 4.57606e-06
224 4.58101e-06
225 4.58611e-06
226 4.59135e-06
227 4.59673e-06
228 4.60225e-06
229 4.6079e-06
230 4.6137e-06
231 4.61965e-06
232 4.62571e-06
233 4.63189e-06
234 4.63817e-06
235 4.64458e-06
236 4.65113e-06
237 4.65783e-06
238 4.66464e-06
239 4.67162e-06
240 4.67876e-06
241 4.68603e-06
242 4.69349e-06
243 4.7011e-06
244 4.70892e-06
245 4.7169e-06
246 4.72505e-06
247 4.73338e-06
248 4.74191e-06
249 4.75063e-06
250 4.7595e-06
251 4.76851e-06
252 4.7776e-06
253 4.78684e-06
254 4.79617e-06
255 4.80566e-06
256 4.81533e-06
257 4.825e-06
258 4.83467e-06
259 4.84443e-06
260 4.85439e-06
261 4.86445e-06
262 4.8745e-06
263 4.88466e-06
264 4.89504e-06
265 4.90554e-06
266 4.9158e-06
267 4.92618e-06
268 4.93656e-06
269 4.94694e-06
270 4.95721e-06
271 4.96735e-06
272 4.97716e-06
273 4.98675e-06
274 4.99613e-06
275 5.00542e-06
276 5.0147e-06
277 5.02378e-06
278 5.03276e-06
279 5.04174e-06
280 5.05043e-06
281 5.05876e-06
282 5.06683e-06
283 5.07466e-06
284 5.08226e-06
285 5.08972e-06
286 5.09703e-06
287 5.10413e-06
288 5.1111e-06
289 5.11794e-06
290 5.12472e-06
291 5.13144e-06
292 5.13809e-06
293 5.14456e-06
294 5.15098e-06
295 5.15733e-06
296 5.16363e-06
297 5.1697e-06
298 5.17562e-06
299 5.18143e-06
300 5.1873e-06
301 5.19316e-06
302 5.19903e-06
303 5.20489e-06
304 5.21075e-06
305 5.21667e-06
306 5.22259e-06
307 5.22851e-06
308 5.23443e-06
309 5.24041e-06
310 5.24638e-06
311 5.25242e-06
312 5.25846e-06
313 5.26455e-06
314 5.27065e-06
315 5.27682e-06
316 5.28305e-06
317 5.28928e-06
318 5.29551e-06
319 5.30174e-06
320 5.30783e-06
321 5.31385e-06
322 5.31988e-06
323 5.3259e-06
324 5.33192e-06
325 5.33795e-06
326 5.34397e-06
327 5.35e-06
328 5.35602e-06
329 5.36197e-06
330 5.36792e-06
331 5.37388e-06
332 5.3799e-06
333 5.38593e-06
334 5.39196e-06
335 5.39798e-06
336 5.40401e-06
337 5.41012e-06
338 5.41623e-06
339 5.42234e-06
340 5.42854e-06
341 5.43473e-06
342 5.44093e-06
343 5.44723e-06
344 5.45352e-06
345 5.45981e-06
346 5.46611e-06
347 5.4725e-06
348 5.4789e-06
349 5.4853e-06
350 5.49181e-06
351 5.49833e-06
352 5.50484e-06
353 5.51135e-06
354 5.51786e-06
355 5.52438e-06
356 5.53076e-06
357 5.53715e-06
358 5.54353e-06
359 5.54991e-06
360 5.5563e-06
361 5.56255e-06
362 5.5688e-06
363 5.57505e-06
364 5.58116e-06
365 5.58727e-06
366 5.59338e-06
367 5.59949e-06
368 5.6056e-06
369 5.61171e-06
370 5.61766e-06
371 5.62362e-06
372 5.62958e-06
373 5.63554e-06
374 5.64149e-06
375 5.64745e-06
376 5.65341e-06
377 5.65955e-06
378 5.6657e-06
379 5.67184e-06
380 5.67798e-06
381 5.68413e-06
382 5.69027e-06
383 5.69641e-06
384 5.70281e-06
385 5.70921e-06
386 5.71561e-06
387 5.72201e-06
388 5.72841e-06
389 5.73481e-06
390 5.74121e-06
391 5.74725e-06
392 5.7533e-06
393 5.75934e-06
394 5.76538e-06
395 5.77143e-06
396 5.77747e-06
397 5.78352e-06
398 5.78956e-06
399 5.7956e-06
400 5.80165e-06
401 5.80769e-06
402 5.81374e-06
403 5.81978e-06
404 5.82582e-06
405 5.83187e-06
406 5.83791e-06
407 5.84396e-06
408 5.85e-06
Re:10082, We:12326
