0 0
1 1.77557e-08
2 6.68225e-08
3 1.29435e-07
4 2.04021e-07
5 2.8946e-07
6 3.84758e-07
7 4.89028e-07
8 6.01347e-07
9 7.20818e-07
10 8.46926e-07
11 9.79366e-07
12 1.11701e-06
13 1.25966e-06
14 1.40702e-06
15 1.55869e-06
16 1.71418e-06
17 1.87287e-06
18 2.03406e-06
19 2.19786e-06
20 2.36435e-06
21 2.53365e-06
22 2.70489e-06
23 2.87812e-06
24 3.05236e-06
25 3.2287e-06
26 3.4061e-06
27 3.58459e-06
28 3.76419e-06
29 3.94492e-06
30 4.1268e-06
31 4.30868e-06
32 4.49174e-06
33 4.6748e-06
34 4.85907e-06
35 5.04334e-06
36 5.22886e-06
37 5.41438e-06
38 5.5999e-06
39 5.78541e-06
40 5.97223e-06
41 6.15905e-06
42 6.34586e-06
43 6.53268e-06
44 6.71949e-06
45 6.90631e-06
46 7.09312e-06
47 7.27994e-06
48 7.46675e-06
49 7.65357e-06
50 7.84038e-06
51 8.0272e-06
52 8.21401e-06
53 8.40083e-06
54 8.58764e-06
55 8.77446e-06
56 8.96127e-06
57 9.14809e-06
58 9.33342e-06
59 9.51875e-06
60 9.70409e-06
61 9.88942e-06
62 1.00732e-05
63 1.02571e-05
64 1.04409e-05
65 1.06247e-05
66 1.0807e-05
67 1.09893e-05
68 1.11701e-05
69 1.13508e-05
70 1.15316e-05
71 1.17124e-05
72 1.18916e-05
73 1.20708e-05
74 1.225e-05
75 1.24292e-05
76 1.26068e-05
77 1.27844e-05
78 1.2962e-05
79 1.31396e-05
80 1.33173e-05
81 1.34949e-05
82 1.36709e-05
83 1.38468e-05
84 1.40228e-05
85 1.41971e-05
86 1.43714e-05
87 1.45457e-05
88 1.47184e-05
89 1.4891e-05
90 1.50637e-05
91 1.52346e-05
92 1.54055e-05
93 1.55748e-05
94 1.5744e-05
95 1.59116e-05
96 1.60792e-05
97 1.62467e-05
98 1.64143e-05
99 1.65801e-05
100 1.67459e-05
101 1.69101e-05
102 1.70742e-05
103 1.72383e-05
104 1.74024e-05
105 1.75647e-05
106 1.7727e-05
107 1.78894e-05
108 1.80517e-05
109 1.82123e-05
110 1.83728e-05
111 1.85333e-05
112 1.86939e-05
113 1.88544e-05
114 1.90131e-05
115 1.91717e-05
116 1.93304e-05
117 1.94891e-05
118 1.96458e-05
119 1.98026e-05
120 1.99575e-05
121 2.01123e-05
122 2.02671e-05
123 2.0422e-05
124 2.05749e-05
125 2.07278e-05
126 2.08787e-05
127 2.10296e-05
128 2.11786e-05
129 2.13275e-05
130 2.14746e-05
131 2.16159e-05
132 2.17554e-05
133 2.18932e-05
134 2.20258e-05
135 2.21584e-05
136 2.22909e-05
137 2.24235e-05
138 2.25561e-05
139 2.26853e-05
140 2.28127e-05
141 2.29402e-05
142 2.30677e-05
143 2.31951e-05
144 2.33226e-05
145 2.34483e-05
146 2.3574e-05
147 2.36997e-05
148 2.38237e-05
149 2.39476e-05
150 2.40716e-05
151 2.41955e-05
152 2.43195e-05
153 2.44434e-05
154 2.45674e-05
155 2.46913e-05
156 2.48173e-05
157 2.49432e-05
158 2.50692e-05
159 2.51951e-05
160 2.5321e-05
161 2.5447e-05
162 2.55729e-05
163 2.56989e-05
164 2.58248e-05
165 2.59508e-05
166 2.60767e-05
167 2.62027e-05
168 2.63286e-05
169 2.64546e-05
170 2.65805e-05
171 2.67065e-05
172 2.68324e-05
173 2.69584e-05
174 2.70843e-05
175 2.72102e-05
176 2.73362e-05
177 2.74621e-05
178 2.75881e-05
179 2.7714e-05
180 2.784e-05
181 2.79694e-05
182 2.80989e-05
183 2.82283e-05
184 2.83578e-05
185 2.84872e-05
186 2.86166e-05
187 2.87461e-05
188 2.88755e-05
189 2.9005e-05
190 2.91344e-05
191 2.92639e-05
192 2.93933e-05
193 2.95228e-05
194 2.96522e-05
195 2.97817e-05
196 2.99111e-05
197 3.00405e-05
198 3.017e-05
199 3.02994e-05
200 3.04289e-05
201 3.05583e-05
202 3.06878e-05
203 3.08172e-05
204 3.09467e-05
205 3.10761e-05
206 3.12055e-05
207 3.1335e-05
208 3.14515e-05
209 3.1568e-05
210 3.16845e-05
211 3.1801e-05
212 3.19175e-05
213 3.2034e-05
214 3.21505e-05
215 3.2267e-05
216 3.23835e-05
217 3.25e-05
Re:2240, We:548
