0 0 0
0 0 0
0 0 0
0 0 0
0 0 0
0 0 0
0 0 0
0 0 0
0 0 0
0 0 0
1 6.32386e-07 0.00170455
1 6.32386e-07 0.00170455
1 6.32386e-07 0.00170455
1 6.32386e-07 0.00170455
1 6.32386e-07 0.00170455
1 6.32386e-07 0.00170455
1 6.32386e-07 0.00170455
1 6.32386e-07 0.00170455
1 6.32386e-07 0.00170455
1 6.32386e-07 0.00170455
2 1.6274e-06 0.00438653
2 1.6274e-06 0.00438653
2 1.6274e-06 0.00438653
2 1.6274e-06 0.00438653
2 1.6274e-06 0.00438653
2 1.6274e-06 0.00438653
2 1.6274e-06 0.00438653
2 1.6274e-06 0.00438653
2 1.6274e-06 0.00438653
2 1.6274e-06 0.00438653
3 2.64414e-06 0.00712707
3 2.64414e-06 0.00712707
3 2.64414e-06 0.00712707
3 2.64414e-06 0.00712707
3 2.64414e-06 0.00712707
3 2.64414e-06 0.00712707
3 2.64414e-06 0.00712707
3 2.64414e-06 0.00712707
3 2.64414e-06 0.00712707
3 2.64414e-06 0.00712707
4 3.6793e-06 0.00991724
4 3.6793e-06 0.00991724
4 3.6793e-06 0.00991724
4 3.6793e-06 0.00991724
4 3.6793e-06 0.00991724
4 3.6793e-06 0.00991724
4 3.6793e-06 0.00991724
4 3.6793e-06 0.00991724
4 3.6793e-06 0.00991724
4 3.6793e-06 0.00991724
5 4.72923e-06 0.0127473
5 4.72923e-06 0.0127473
5 4.72923e-06 0.0127473
5 4.72923e-06 0.0127473
5 4.72923e-06 0.0127473
5 4.72923e-06 0.0127473
5 4.72923e-06 0.0127473
5 4.72923e-06 0.0127473
5 4.72923e-06 0.0127473
5 4.72923e-06 0.0127473
6 5.79058e-06 0.015608
6 5.79058e-06 0.015608
6 5.79058e-06 0.015608
6 5.79058e-06 0.015608
6 5.79058e-06 0.015608
6 5.79058e-06 0.015608
6 5.79058e-06 0.015608
6 5.79058e-06 0.015608
6 5.79058e-06 0.015608
6 5.79058e-06 0.015608
7 6.86066e-06 0.0184923
7 6.86066e-06 0.0184923
7 6.86066e-06 0.0184923
7 6.86066e-06 0.0184923
7 6.86066e-06 0.0184923
7 6.86066e-06 0.0184923
7 6.86066e-06 0.0184923
7 6.86066e-06 0.0184923
7 6.86066e-06 0.0184923
7 6.86066e-06 0.0184923
8 7.9379e-06 0.021396
8 7.9379e-06 0.021396
8 7.9379e-06 0.021396
8 7.9379e-06 0.021396
8 7.9379e-06 0.021396
8 7.9379e-06 0.021396
8 7.9379e-06 0.021396
8 7.9379e-06 0.021396
8 7.9379e-06 0.021396
8 7.9379e-06 0.021396
9 9.02197e-06 0.024318
9 9.02197e-06 0.024318
9 9.02197e-06 0.024318
9 9.02197e-06 0.024318
9 9.02197e-06 0.024318
9 9.02197e-06 0.024318
9 9.02197e-06 0.024318
9 9.02197e-06 0.024318
9 9.02197e-06 0.024318
9 9.02197e-06 0.024318
10 1.01134e-05 0.0272598
10 1.01134e-05 0.0272598
10 1.01134e-05 0.0272598
10 1.01134e-05 0.0272598
10 1.01134e-05 0.0272598
10 1.01134e-05 0.0272598
10 1.01134e-05 0.0272598
10 1.01134e-05 0.0272598
10 1.01134e-05 0.0272598
10 1.01134e-05 0.0272598
11 1.12091e-05 0.0302132
11 1.12091e-05 0.0302132
11 1.12091e-05 0.0302132
11 1.12091e-05 0.0302132
11 1.12091e-05 0.0302132
11 1.12091e-05 0.0302132
11 1.12091e-05 0.0302132
11 1.12091e-05 0.0302132
11 1.12091e-05 0.0302132
11 1.12091e-05 0.0302132
12 1.2308e-05 0.0331753
12 1.2308e-05 0.0331753
12 1.2308e-05 0.0331753
12 1.2308e-05 0.0331753
12 1.2308e-05 0.0331753
12 1.2308e-05 0.0331753
12 1.2308e-05 0.0331753
12 1.2308e-05 0.0331753
12 1.2308e-05 0.0331753
12 1.2308e-05 0.0331753
13 1.34107e-05 0.0361473
13 1.34107e-05 0.0361473
13 1.34107e-05 0.0361473
13 1.34107e-05 0.0361473
13 1.34107e-05 0.0361473
13 1.34107e-05 0.0361473
13 1.34107e-05 0.0361473
13 1.34107e-05 0.0361473
13 1.34107e-05 0.0361473
13 1.34107e-05 0.0361473
14 1.45162e-05 0.0391271
14 1.45162e-05 0.0391271
14 1.45162e-05 0.0391271
14 1.45162e-05 0.0391271
14 1.45162e-05 0.0391271
14 1.45162e-05 0.0391271
14 1.45162e-05 0.0391271
14 1.45162e-05 0.0391271
14 1.45162e-05 0.0391271
14 1.45162e-05 0.0391271
15 1.56271e-05 0.0421217
15 1.56271e-05 0.0421217
15 1.56271e-05 0.0421217
15 1.56271e-05 0.0421217
15 1.56271e-05 0.0421217
15 1.56271e-05 0.0421217
15 1.56271e-05 0.0421217
15 1.56271e-05 0.0421217
15 1.56271e-05 0.0421217
15 1.56271e-05 0.0421217
16 1.67393e-05 0.0451194
16 1.67393e-05 0.0451194
16 1.67393e-05 0.0451194
16 1.67393e-05 0.0451194
16 1.67393e-05 0.0451194
16 1.67393e-05 0.0451194
16 1.67393e-05 0.0451194
16 1.67393e-05 0.0451194
16 1.67393e-05 0.0451194
16 1.67393e-05 0.0451194
17 1.78551e-05 0.0481271
17 1.78551e-05 0.0481271
17 1.78551e-05 0.0481271
17 1.78551e-05 0.0481271
17 1.78551e-05 0.0481271
17 1.78551e-05 0.0481271
17 1.78551e-05 0.0481271
17 1.78551e-05 0.0481271
17 1.78551e-05 0.0481271
17 1.78551e-05 0.0481271
18 1.89768e-05 0.0511504
18 1.89768e-05 0.0511504
18 1.89768e-05 0.0511504
18 1.89768e-05 0.0511504
18 1.89768e-05 0.0511504
18 1.89768e-05 0.0511504
18 1.89768e-05 0.0511504
18 1.89768e-05 0.0511504
18 1.89768e-05 0.0511504
18 1.89768e-05 0.0511504
19 2.01071e-05 0.0541971
19 2.01071e-05 0.0541971
19 2.01071e-05 0.0541971
19 2.01071e-05 0.0541971
19 2.01071e-05 0.0541971
19 2.01071e-05 0.0541971
19 2.01071e-05 0.0541971
19 2.01071e-05 0.0541971
19 2.01071e-05 0.0541971
19 2.01071e-05 0.0541971
20 2.12413e-05 0.0572542
20 2.12413e-05 0.0572542
20 2.12413e-05 0.0572542
20 2.12413e-05 0.0572542
20 2.12413e-05 0.0572542
20 2.12413e-05 0.0572542
20 2.12413e-05 0.0572542
20 2.12413e-05 0.0572542
20 2.12413e-05 0.0572542
20 2.12413e-05 0.0572542
21 2.2379e-05 0.0603208
21 2.2379e-05 0.0603208
21 2.2379e-05 0.0603208
21 2.2379e-05 0.0603208
21 2.2379e-05 0.0603208
21 2.2379e-05 0.0603208
21 2.2379e-05 0.0603208
21 2.2379e-05 0.0603208
21 2.2379e-05 0.0603208
21 2.2379e-05 0.0603208
22 2.35227e-05 0.0634035
22 2.35227e-05 0.0634035
22 2.35227e-05 0.0634035
22 2.35227e-05 0.0634035
22 2.35227e-05 0.0634035
22 2.35227e-05 0.0634035
22 2.35227e-05 0.0634035
22 2.35227e-05 0.0634035
22 2.35227e-05 0.0634035
22 2.35227e-05 0.0634035
23 2.46753e-05 0.0665103
23 2.46753e-05 0.0665103
23 2.46753e-05 0.0665103
23 2.46753e-05 0.0665103
23 2.46753e-05 0.0665103
23 2.46753e-05 0.0665103
23 2.46753e-05 0.0665103
23 2.46753e-05 0.0665103
23 2.46753e-05 0.0665103
23 2.46753e-05 0.0665103
24 2.58362e-05 0.0696392
24 2.58362e-05 0.0696392
24 2.58362e-05 0.0696392
24 2.58362e-05 0.0696392
24 2.58362e-05 0.0696392
24 2.58362e-05 0.0696392
24 2.58362e-05 0.0696392
24 2.58362e-05 0.0696392
24 2.58362e-05 0.0696392
24 2.58362e-05 0.0696392
25 2.7002e-05 0.0727817
25 2.7002e-05 0.0727817
25 2.7002e-05 0.0727817
25 2.7002e-05 0.0727817
25 2.7002e-05 0.0727817
25 2.7002e-05 0.0727817
25 2.7002e-05 0.0727817
25 2.7002e-05 0.0727817
25 2.7002e-05 0.0727817
25 2.7002e-05 0.0727817
26 2.81758e-05 0.0759456
26 2.81758e-05 0.0759456
26 2.81758e-05 0.0759456
26 2.81758e-05 0.0759456
26 2.81758e-05 0.0759456
26 2.81758e-05 0.0759456
26 2.81758e-05 0.0759456
26 2.81758e-05 0.0759456
26 2.81758e-05 0.0759456
26 2.81758e-05 0.0759456
27 2.93562e-05 0.0791271
27 2.93562e-05 0.0791271
27 2.93562e-05 0.0791271
27 2.93562e-05 0.0791271
27 2.93562e-05 0.0791271
27 2.93562e-05 0.0791271
27 2.93562e-05 0.0791271
27 2.93562e-05 0.0791271
27 2.93562e-05 0.0791271
27 2.93562e-05 0.0791271
28 3.05443e-05 0.0823297
28 3.05443e-05 0.0823297
28 3.05443e-05 0.0823297
28 3.05443e-05 0.0823297
28 3.05443e-05 0.0823297
28 3.05443e-05 0.0823297
28 3.05443e-05 0.0823297
28 3.05443e-05 0.0823297
28 3.05443e-05 0.0823297
28 3.05443e-05 0.0823297
29 3.174e-05 0.0855524
29 3.174e-05 0.0855524
29 3.174e-05 0.0855524
29 3.174e-05 0.0855524
29 3.174e-05 0.0855524
29 3.174e-05 0.0855524
29 3.174e-05 0.0855524
29 3.174e-05 0.0855524
29 3.174e-05 0.0855524
29 3.174e-05 0.0855524
30 3.29402e-05 0.0887876
30 3.29402e-05 0.0887876
Re:36952, We:5086
30 3.29402e-05 0.0887876
Re:36952, We:5086
Re:36952, We:5086
30 3.29402e-05 0.0887876
30 3.29402e-05 0.0887876
Re:36952, We:5086
Re:36952, We:5086
30 3.29402e-05 0.0887876
Re:36952, We:5086
30 3.29402e-05 0.0887876
Re:36952, We:5086
30 3.29402e-05 0.0887876
Re:36952, We:5086
30 3.29402e-05 0.0887876
30 3.29402e-05 0.0887876
Re:36952, We:5086
Re:36952, We:5086
