0 0
1 3.55114e-09
2 1.16213e-08
3 2.16188e-08
4 3.34622e-08
5 4.7076e-08
6 6.23311e-08
7 7.91397e-08
8 9.75376e-08
9 1.17545e-07
10 1.39254e-07
11 1.62469e-07
12 1.87128e-07
13 2.13107e-07
14 2.40206e-07
15 2.68403e-07
16 2.97523e-07
17 3.27486e-07
18 3.58195e-07
19 3.89692e-07
20 4.21851e-07
21 4.5453e-07
22 4.87747e-07
23 5.21335e-07
24 5.55498e-07
25 5.8986e-07
26 6.24625e-07
27 6.59807e-07
28 6.95202e-07
29 7.30814e-07
30 7.66648e-07
31 8.02707e-07
32 8.38995e-07
33 8.75284e-07
34 9.11808e-07
35 9.48332e-07
36 9.85098e-07
37 1.02186e-06
38 1.05888e-06
39 1.09589e-06
40 1.13291e-06
41 1.16992e-06
42 1.20719e-06
43 1.24447e-06
44 1.28174e-06
45 1.31901e-06
46 1.35629e-06
47 1.39356e-06
48 1.43083e-06
49 1.46811e-06
50 1.50538e-06
51 1.54265e-06
52 1.57993e-06
53 1.6172e-06
54 1.65447e-06
55 1.69175e-06
56 1.72902e-06
57 1.76629e-06
58 1.80357e-06
59 1.84055e-06
60 1.87753e-06
61 1.91421e-06
62 1.9509e-06
63 1.98759e-06
64 2.02398e-06
65 2.06037e-06
66 2.09676e-06
67 2.13285e-06
68 2.16894e-06
69 2.20474e-06
70 2.24053e-06
71 2.27632e-06
72 2.31212e-06
73 2.34791e-06
74 2.3834e-06
75 2.41889e-06
76 2.45437e-06
77 2.48986e-06
78 2.52535e-06
79 2.56052e-06
80 2.5957e-06
81 2.63087e-06
82 2.66605e-06
83 2.70122e-06
84 2.73639e-06
85 2.77124e-06
86 2.80609e-06
87 2.84094e-06
88 2.87546e-06
89 2.90998e-06
90 2.94417e-06
91 2.97836e-06
92 3.01255e-06
93 3.04674e-06
94 3.0806e-06
95 3.11445e-06
96 3.14831e-06
97 3.18182e-06
98 3.21534e-06
99 3.24886e-06
100 3.28237e-06
101 3.31589e-06
102 3.34941e-06
103 3.38293e-06
104 3.41574e-06
105 3.44855e-06
106 3.48101e-06
107 3.51347e-06
108 3.54559e-06
109 3.57735e-06
110 3.60912e-06
111 3.64021e-06
112 3.67129e-06
113 3.70171e-06
114 3.73212e-06
115 3.76189e-06
116 3.79165e-06
117 3.82141e-06
118 3.85084e-06
119 3.88028e-06
120 3.90939e-06
121 3.9385e-06
122 3.96728e-06
123 3.99606e-06
124 4.02451e-06
125 4.05264e-06
126 4.08077e-06
127 4.10826e-06
128 4.13607e-06
129 4.16325e-06
130 4.19042e-06
131 4.21727e-06
132 4.24382e-06
133 4.26616e-06
134 4.28525e-06
135 4.30118e-06
136 4.31475e-06
137 4.32676e-06
138 4.3382e-06
139 4.34964e-06
140 4.36114e-06
141 4.37276e-06
142 4.38458e-06
143 4.3966e-06
144 4.4089e-06
145 4.42142e-06
146 4.43417e-06
147 4.44717e-06
148 4.46041e-06
149 4.47401e-06
150 4.48788e-06
151 4.50205e-06
152 4.51643e-06
153 4.53112e-06
154 4.54604e-06
155 4.56118e-06
156 4.57657e-06
157 4.59208e-06
158 4.60772e-06
159 4.62349e-06
160 4.63953e-06
161 4.65557e-06
162 4.67175e-06
163 4.68792e-06
164 4.70425e-06
165 4.72057e-06
166 4.7369e-06
167 4.75322e-06
168 4.76955e-06
169 4.78572e-06
170 4.80189e-06
171 4.81791e-06
172 4.83363e-06
173 4.84936e-06
174 4.86508e-06
175 4.8805e-06
176 4.89578e-06
177 4.91106e-06
178 4.92591e-06
179 4.94062e-06
180 4.95533e-06
181 4.96976e-06
182 4.98407e-06
183 4.99837e-06
184 5.01267e-06
185 5.0267e-06
186 5.0406e-06
187 5.0545e-06
188 5.0684e-06
189 5.08203e-06
190 5.09567e-06
191 5.1093e-06
192 5.12293e-06
193 5.13643e-06
194 5.14994e-06
195 5.16357e-06
196 5.17721e-06
197 5.19071e-06
198 5.20421e-06
199 5.2177e-06
200 5.23134e-06
201 5.24499e-06
202 5.25848e-06
203 5.27212e-06
204 5.28577e-06
205 5.29941e-06
206 5.3129e-06
207 5.32639e-06
208 5.33988e-06
209 5.35337e-06
210 5.36686e-06
211 5.38035e-06
212 5.394e-06
213 5.40766e-06
214 5.42131e-06
215 5.43514e-06
216 5.44897e-06
217 5.4628e-06
218 5.47663e-06
219 5.49065e-06
220 5.50467e-06
221 5.51869e-06
222 5.5327e-06
223 5.54672e-06
224 5.56095e-06
225 5.57518e-06
226 5.58941e-06
227 5.60363e-06
228 5.61809e-06
229 5.63255e-06
230 5.64701e-06
231 5.66146e-06
232 5.67618e-06
233 5.69089e-06
234 5.7056e-06
235 5.72031e-06
236 5.7353e-06
237 5.7503e-06
238 5.76529e-06
239 5.78029e-06
240 5.79528e-06
241 5.8106e-06
242 5.82592e-06
243 5.84124e-06
244 5.85656e-06
245 5.87188e-06
246 5.8872e-06
247 5.90291e-06
248 5.91863e-06
249 5.93434e-06
250 5.95005e-06
251 5.96576e-06
252 5.98148e-06
253 5.99719e-06
254 6.0129e-06
255 6.02914e-06
256 6.04538e-06
257 6.06161e-06
258 6.07785e-06
259 6.09409e-06
260 6.11032e-06
261 6.12656e-06
262 6.1428e-06
263 6.15903e-06
264 6.17527e-06
265 6.1915e-06
266 6.20774e-06
267 6.22398e-06
268 6.24021e-06
269 6.25645e-06
270 6.27269e-06
271 6.28892e-06
272 6.30516e-06
273 6.3214e-06
274 6.33763e-06
275 6.35387e-06
276 6.37011e-06
277 6.38634e-06
278 6.40258e-06
279 6.41882e-06
280 6.43505e-06
281 6.45129e-06
282 6.46753e-06
283 6.48376e-06
284 6.5e-06
Re:4033, We:2958
