0 0
1 1.42045e-08
2 5.3458e-08
3 1.03548e-07
4 1.63217e-07
5 2.31568e-07
6 3.07806e-07
7 3.91223e-07
8 4.81078e-07
9 5.76654e-07
10 6.77541e-07
11 7.83492e-07
12 8.93608e-07
13 1.00773e-06
14 1.12562e-06
15 1.24695e-06
16 1.37134e-06
17 1.49829e-06
18 1.62793e-06
19 1.75967e-06
20 1.89286e-06
21 2.0283e-06
22 2.16528e-06
23 2.30385e-06
24 2.44324e-06
25 2.5843e-06
26 2.72621e-06
27 2.869e-06
28 3.01267e-06
29 3.15724e-06
30 3.30274e-06
31 3.44917e-06
32 3.5956e-06
33 3.743e-06
34 3.8904e-06
35 4.03878e-06
36 4.18717e-06
37 4.33556e-06
38 4.48394e-06
39 4.63336e-06
40 4.78278e-06
41 4.9322e-06
42 5.08161e-06
43 5.23103e-06
44 5.38153e-06
45 5.53203e-06
46 5.68253e-06
47 5.83303e-06
48 5.98353e-06
49 6.13403e-06
50 6.28453e-06
51 6.43503e-06
52 6.58553e-06
53 6.73487e-06
54 6.88421e-06
55 7.03355e-06
56 7.1829e-06
57 7.33224e-06
58 7.48158e-06
59 7.62973e-06
60 7.77788e-06
61 7.92602e-06
62 8.07417e-06
63 8.2211e-06
64 8.36804e-06
65 8.51497e-06
66 8.6619e-06
67 8.80884e-06
68 8.95577e-06
69 9.10145e-06
70 9.24712e-06
71 9.3928e-06
72 9.53721e-06
73 9.68162e-06
74 9.82603e-06
75 9.97044e-06
76 1.01136e-05
77 1.02567e-05
78 1.03985e-05
79 1.05403e-05
80 1.06822e-05
81 1.0824e-05
82 1.09645e-05
83 1.1105e-05
84 1.12443e-05
85 1.13835e-05
86 1.15227e-05
87 1.16619e-05
88 1.17997e-05
89 1.19376e-05
90 1.20755e-05
91 1.22133e-05
92 1.23498e-05
93 1.24863e-05
94 1.26228e-05
95 1.27593e-05
96 1.28944e-05
97 1.30296e-05
98 1.31647e-05
99 1.32998e-05
100 1.34349e-05
101 1.357e-05
102 1.37036e-05
103 1.38373e-05
104 1.3971e-05
105 1.41046e-05
106 1.42383e-05
107 1.43704e-05
108 1.45026e-05
109 1.46347e-05
110 1.47669e-05
111 1.48975e-05
112 1.50281e-05
113 1.51587e-05
114 1.52894e-05
115 1.54184e-05
116 1.55474e-05
117 1.56749e-05
118 1.58024e-05
119 1.59299e-05
120 1.60573e-05
121 1.61832e-05
122 1.6309e-05
123 1.64333e-05
124 1.65575e-05
125 1.66802e-05
126 1.68028e-05
127 1.69238e-05
128 1.70432e-05
129 1.71611e-05
130 1.72689e-05
131 1.73741e-05
132 1.74793e-05
133 1.75845e-05
134 1.76896e-05
135 1.77962e-05
136 1.79027e-05
137 1.80093e-05
138 1.81158e-05
139 1.82224e-05
140 1.83289e-05
141 1.8434e-05
142 1.85406e-05
143 1.86456e-05
144 1.87507e-05
145 1.88542e-05
146 1.89578e-05
147 1.90599e-05
148 1.91604e-05
149 1.9261e-05
150 1.93631e-05
151 1.94652e-05
152 1.95658e-05
153 1.96663e-05
154 1.97685e-05
155 1.9869e-05
156 1.99695e-05
157 2.007e-05
158 2.01705e-05
159 2.0271e-05
160 2.03715e-05
161 2.04739e-05
162 2.05762e-05
163 2.06785e-05
164 2.07809e-05
165 2.08812e-05
166 2.09816e-05
167 2.1082e-05
168 2.11823e-05
169 2.12827e-05
170 2.13831e-05
171 2.14834e-05
172 2.15838e-05
173 2.16842e-05
174 2.17845e-05
175 2.18849e-05
176 2.19853e-05
177 2.20856e-05
178 2.2186e-05
179 2.22864e-05
180 2.23867e-05
181 2.24871e-05
182 2.25875e-05
183 2.2685e-05
184 2.27825e-05
185 2.288e-05
186 2.29775e-05
187 2.3075e-05
188 2.31725e-05
189 2.327e-05
190 2.33675e-05
191 2.34615e-05
192 2.35555e-05
193 2.36495e-05
194 2.37436e-05
195 2.38271e-05
196 2.39107e-05
197 2.39911e-05
198 2.40714e-05
199 2.41518e-05
200 2.42321e-05
201 2.4309e-05
202 2.43859e-05
203 2.44592e-05
204 2.45326e-05
205 2.4606e-05
206 2.46793e-05
207 2.4757e-05
208 2.48347e-05
209 2.49124e-05
210 2.49901e-05
211 2.50678e-05
212 2.51455e-05
213 2.52231e-05
214 2.53008e-05
215 2.53785e-05
216 2.54562e-05
217 2.55339e-05
218 2.56116e-05
219 2.56893e-05
220 2.57669e-05
221 2.58446e-05
222 2.59223e-05
223 2.6e-05
Re:1792, We:438
