0 0
1 1.77557e-09
2 5.80562e-09
3 1.0789e-08
4 1.66785e-08
5 2.34286e-08
6 3.0985e-08
7 3.92815e-08
8 4.83257e-08
9 5.81468e-08
10 6.8751e-08
11 8.01126e-08
12 9.21654e-08
13 1.04847e-07
14 1.18118e-07
15 1.31915e-07
16 1.46218e-07
17 1.60998e-07
18 1.7614e-07
19 1.91665e-07
20 2.07511e-07
21 2.23694e-07
22 2.40142e-07
23 2.56771e-07
24 2.73682e-07
25 2.90787e-07
26 3.08092e-07
27 3.255e-07
28 3.43012e-07
29 3.60738e-07
30 3.78573e-07
31 3.96519e-07
32 4.14465e-07
33 4.32526e-07
34 4.50703e-07
35 4.68881e-07
36 4.87177e-07
37 5.05474e-07
38 5.23771e-07
39 5.42192e-07
40 5.60612e-07
41 5.79033e-07
42 5.97453e-07
43 6.15873e-07
44 6.34294e-07
45 6.52714e-07
46 6.71266e-07
47 6.89818e-07
48 7.08371e-07
49 7.26923e-07
50 7.45475e-07
51 7.6389e-07
52 7.82306e-07
53 8.00721e-07
54 8.19137e-07
55 8.37553e-07
56 8.55968e-07
57 8.74384e-07
58 8.928e-07
59 9.11215e-07
60 9.29487e-07
61 9.47759e-07
62 9.65887e-07
63 9.84015e-07
64 1.002e-06
65 1.01998e-06
66 1.03782e-06
67 1.05566e-06
68 1.07336e-06
69 1.09106e-06
70 1.10861e-06
71 1.12602e-06
72 1.14343e-06
73 1.16069e-06
74 1.17796e-06
75 1.19509e-06
76 1.21221e-06
77 1.22919e-06
78 1.24617e-06
79 1.26301e-06
80 1.27985e-06
81 1.29655e-06
82 1.31324e-06
83 1.32994e-06
84 1.34649e-06
85 1.36304e-06
86 1.37945e-06
87 1.39586e-06
88 1.41227e-06
89 1.42868e-06
90 1.44494e-06
91 1.4612e-06
92 1.47732e-06
93 1.49343e-06
94 1.50955e-06
95 1.52551e-06
96 1.54148e-06
97 1.55745e-06
98 1.57342e-06
99 1.58923e-06
100 1.60505e-06
101 1.62087e-06
102 1.63668e-06
103 1.6525e-06
104 1.66816e-06
105 1.68382e-06
106 1.69949e-06
107 1.71515e-06
108 1.73081e-06
109 1.74647e-06
110 1.76213e-06
111 1.77779e-06
112 1.79346e-06
113 1.80912e-06
114 1.82478e-06
115 1.84062e-06
116 1.85645e-06
117 1.87229e-06
118 1.88812e-06
119 1.90396e-06
120 1.91979e-06
121 1.93582e-06
122 1.95185e-06
123 1.96787e-06
124 1.9839e-06
125 1.99973e-06
126 2.01479e-06
127 2.02985e-06
128 2.04421e-06
129 2.05807e-06
130 2.07209e-06
131 2.08504e-06
132 2.09784e-06
133 2.11064e-06
134 2.12238e-06
135 2.13413e-06
136 2.14575e-06
137 2.15637e-06
138 2.1665e-06
139 2.17662e-06
140 2.18588e-06
141 2.19467e-06
142 2.20311e-06
143 2.21149e-06
144 2.21942e-06
145 2.22638e-06
146 2.23278e-06
147 2.23883e-06
148 2.24458e-06
149 2.25007e-06
150 2.25539e-06
151 2.26054e-06
152 2.26502e-06
153 2.2692e-06
154 2.27313e-06
155 2.27686e-06
156 2.28041e-06
157 2.28382e-06
158 2.28709e-06
159 2.29027e-06
160 2.29336e-06
161 2.29636e-06
162 2.29929e-06
163 2.30214e-06
164 2.30497e-06
165 2.30775e-06
166 2.31052e-06
167 2.31328e-06
168 2.31604e-06
169 2.31881e-06
170 2.32159e-06
171 2.32437e-06
172 2.32716e-06
173 2.32998e-06
174 2.33283e-06
175 2.33571e-06
176 2.33863e-06
177 2.34161e-06
178 2.34466e-06
179 2.34777e-06
180 2.35095e-06
181 2.35422e-06
182 2.3576e-06
183 2.3611e-06
184 2.3647e-06
185 2.36839e-06
186 2.37219e-06
187 2.37609e-06
188 2.38006e-06
189 2.38411e-06
190 2.38821e-06
191 2.39238e-06
192 2.39658e-06
193 2.40083e-06
194 2.4051e-06
195 2.40938e-06
196 2.41369e-06
197 2.41803e-06
198 2.42236e-06
199 2.42672e-06
200 2.43107e-06
201 2.43538e-06
202 2.4396e-06
203 2.44364e-06
204 2.44757e-06
205 2.45141e-06
206 2.45512e-06
207 2.45875e-06
208 2.46222e-06
209 2.46565e-06
210 2.46903e-06
211 2.47237e-06
212 2.47565e-06
213 2.47889e-06
214 2.48206e-06
215 2.48518e-06
216 2.48823e-06
217 2.49122e-06
218 2.49417e-06
219 2.49712e-06
220 2.50005e-06
221 2.50294e-06
222 2.5058e-06
223 2.50866e-06
224 2.51152e-06
225 2.51439e-06
226 2.51725e-06
227 2.52011e-06
228 2.52297e-06
229 2.52585e-06
230 2.52873e-06
231 2.53163e-06
232 2.53454e-06
233 2.53746e-06
234 2.5404e-06
235 2.54337e-06
236 2.54638e-06
237 2.54941e-06
238 2.55248e-06
239 2.55558e-06
240 2.55871e-06
241 2.56187e-06
242 2.56505e-06
243 2.56827e-06
244 2.57151e-06
245 2.57478e-06
246 2.57805e-06
247 2.58133e-06
248 2.58463e-06
249 2.58794e-06
250 2.59125e-06
251 2.59457e-06
252 2.5979e-06
253 2.60124e-06
254 2.60459e-06
255 2.60795e-06
256 2.61133e-06
257 2.61473e-06
258 2.61814e-06
259 2.62158e-06
260 2.62505e-06
261 2.62854e-06
262 2.63207e-06
263 2.63562e-06
264 2.63921e-06
265 2.64285e-06
266 2.64651e-06
267 2.65021e-06
268 2.65394e-06
269 2.65768e-06
270 2.66148e-06
271 2.6653e-06
272 2.66915e-06
273 2.673e-06
274 2.67684e-06
275 2.68069e-06
276 2.68456e-06
277 2.68844e-06
278 2.69231e-06
279 2.69618e-06
280 2.70005e-06
281 2.70395e-06
282 2.70785e-06
283 2.71178e-06
284 2.71574e-06
285 2.71973e-06
286 2.72375e-06
287 2.72779e-06
288 2.73187e-06
289 2.73602e-06
290 2.7402e-06
291 2.74445e-06
292 2.74877e-06
293 2.75312e-06
294 2.75756e-06
295 2.76204e-06
296 2.76656e-06
297 2.77112e-06
298 2.77572e-06
299 2.78037e-06
300 2.78507e-06
301 2.78981e-06
302 2.79461e-06
303 2.79945e-06
304 2.80429e-06
305 2.80919e-06
306 2.81409e-06
307 2.81899e-06
308 2.82394e-06
309 2.8289e-06
310 2.83385e-06
311 2.8388e-06
312 2.84376e-06
313 2.84877e-06
314 2.85373e-06
315 2.85868e-06
316 2.86357e-06
317 2.86846e-06
318 2.87336e-06
319 2.87825e-06
320 2.88314e-06
321 2.88797e-06
322 2.89267e-06
323 2.89725e-06
324 2.90177e-06
325 2.90624e-06
326 2.91076e-06
327 2.91528e-06
328 2.91969e-06
329 2.92403e-06
330 2.92832e-06
331 2.93261e-06
332 2.9369e-06
333 2.94119e-06
334 2.94548e-06
335 2.94977e-06
336 2.95406e-06
337 2.95834e-06
338 2.96263e-06
339 2.96692e-06
340 2.97121e-06
341 2.9755e-06
342 2.97979e-06
343 2.98408e-06
344 2.98837e-06
345 2.99266e-06
346 2.99695e-06
347 3.00124e-06
348 3.00552e-06
349 3.00989e-06
350 3.01426e-06
351 3.01862e-06
352 3.02307e-06
353 3.02752e-06
354 3.03206e-06
355 3.0366e-06
356 3.04124e-06
357 3.04588e-06
358 3.05063e-06
359 3.05537e-06
360 3.06012e-06
361 3.06487e-06
362 3.06961e-06
363 3.07436e-06
364 3.07911e-06
365 3.08399e-06
366 3.08887e-06
367 3.09376e-06
368 3.09864e-06
369 3.10352e-06
370 3.1084e-06
371 3.11346e-06
372 3.11852e-06
373 3.12357e-06
374 3.12863e-06
375 3.13369e-06
376 3.13875e-06
377 3.1438e-06
378 3.14911e-06
379 3.15442e-06
380 3.15973e-06
381 3.16504e-06
382 3.17035e-06
383 3.17566e-06
384 3.18097e-06
385 3.18628e-06
386 3.19159e-06
387 3.1969e-06
388 3.20221e-06
389 3.20752e-06
390 3.21283e-06
391 3.21814e-06
392 3.22345e-06
393 3.22876e-06
394 3.23407e-06
395 3.23938e-06
396 3.24469e-06
397 3.25e-06
Re:5601, We:6848
