0 0
1 1.06534e-09
2 3.48638e-09
3 6.49026e-09
4 1.00563e-08
5 1.41664e-08
6 1.87755e-08
7 2.38711e-08
8 2.94541e-08
9 3.5551e-08
10 4.21526e-08
11 4.92187e-08
12 5.67021e-08
13 6.45581e-08
14 7.27557e-08
15 8.12886e-08
16 9.01033e-08
17 9.91759e-08
18 1.08477e-07
19 1.17969e-07
20 1.27662e-07
21 1.37513e-07
22 1.47526e-07
23 1.57653e-07
24 1.67895e-07
25 1.78256e-07
26 1.88739e-07
27 1.99286e-07
28 2.09961e-07
29 2.20702e-07
30 2.3151e-07
31 2.42387e-07
32 2.53263e-07
33 2.6421e-07
34 2.75228e-07
35 2.86246e-07
36 2.97338e-07
37 3.0843e-07
38 3.19521e-07
39 3.30689e-07
40 3.41857e-07
41 3.53024e-07
42 3.64192e-07
43 3.75439e-07
44 3.86686e-07
45 3.97933e-07
46 4.09179e-07
47 4.20426e-07
48 4.31673e-07
49 4.4292e-07
50 4.54167e-07
51 4.65414e-07
52 4.76661e-07
53 4.87908e-07
54 4.99069e-07
55 5.1023e-07
56 5.21391e-07
57 5.32552e-07
58 5.43713e-07
59 5.54874e-07
60 5.65946e-07
61 5.76931e-07
62 5.87915e-07
63 5.989e-07
64 6.09796e-07
65 6.20692e-07
66 6.31499e-07
67 6.42306e-07
68 6.53114e-07
69 6.63921e-07
70 6.74639e-07
71 6.85356e-07
72 6.95983e-07
73 7.0661e-07
74 7.17148e-07
75 7.27685e-07
76 7.38222e-07
77 7.48759e-07
78 7.59205e-07
79 7.6965e-07
80 7.80096e-07
81 7.90541e-07
82 8.00987e-07
83 8.11338e-07
84 8.2169e-07
85 8.32041e-07
86 8.42393e-07
87 8.52744e-07
88 8.63096e-07
89 8.73447e-07
90 8.837e-07
91 8.93953e-07
92 9.04107e-07
93 9.14164e-07
94 9.24124e-07
95 9.33988e-07
96 9.43758e-07
97 9.53341e-07
98 9.62924e-07
99 9.72236e-07
100 9.81548e-07
101 9.90771e-07
102 9.99995e-07
103 1.00913e-06
104 1.01818e-06
105 1.02722e-06
106 1.0361e-06
107 1.04506e-06
108 1.05393e-06
109 1.0628e-06
110 1.07167e-06
111 1.08046e-06
112 1.08924e-06
113 1.09793e-06
114 1.10663e-06
115 1.11523e-06
116 1.12384e-06
117 1.13236e-06
118 1.14087e-06
119 1.14939e-06
120 1.15782e-06
121 1.16625e-06
122 1.17458e-06
123 1.18292e-06
124 1.19117e-06
125 1.19942e-06
126 1.20767e-06
127 1.21582e-06
128 1.22398e-06
129 1.23205e-06
130 1.24011e-06
131 1.24818e-06
132 1.25625e-06
133 1.26379e-06
134 1.26986e-06
135 1.27558e-06
136 1.28111e-06
137 1.28668e-06
138 1.2923e-06
139 1.29797e-06
140 1.30369e-06
141 1.30951e-06
142 1.31539e-06
143 1.32138e-06
144 1.32742e-06
145 1.33352e-06
146 1.33963e-06
147 1.34579e-06
148 1.35202e-06
149 1.35825e-06
150 1.36383e-06
151 1.36907e-06
152 1.37407e-06
153 1.37883e-06
154 1.38348e-06
155 1.38812e-06
156 1.3928e-06
157 1.39749e-06
158 1.40217e-06
159 1.40689e-06
160 1.41166e-06
161 1.41646e-06
162 1.42131e-06
163 1.42621e-06
164 1.4312e-06
165 1.43623e-06
166 1.44137e-06
167 1.44656e-06
168 1.45181e-06
169 1.45716e-06
170 1.46258e-06
171 1.46805e-06
172 1.47353e-06
173 1.47907e-06
174 1.48468e-06
175 1.49028e-06
176 1.49589e-06
177 1.5015e-06
178 1.5071e-06
179 1.51271e-06
180 1.51832e-06
181 1.52385e-06
182 1.52938e-06
183 1.53485e-06
184 1.54017e-06
185 1.54549e-06
186 1.55081e-06
187 1.556e-06
188 1.56112e-06
189 1.56623e-06
190 1.57135e-06
191 1.5764e-06
192 1.58145e-06
193 1.5865e-06
194 1.59141e-06
195 1.59632e-06
196 1.60123e-06
197 1.60608e-06
198 1.61092e-06
199 1.61576e-06
200 1.62061e-06
201 1.62545e-06
202 1.63022e-06
203 1.635e-06
204 1.63977e-06
205 1.64454e-06
206 1.64932e-06
207 1.65409e-06
208 1.65886e-06
209 1.66356e-06
210 1.66825e-06
211 1.67295e-06
212 1.67764e-06
213 1.68234e-06
214 1.68704e-06
215 1.69173e-06
216 1.69643e-06
217 1.70112e-06
218 1.70582e-06
219 1.71052e-06
220 1.71521e-06
221 1.71991e-06
222 1.7246e-06
223 1.7293e-06
224 1.7341e-06
225 1.73889e-06
226 1.74369e-06
227 1.74849e-06
228 1.75329e-06
229 1.75809e-06
230 1.76288e-06
231 1.76768e-06
232 1.77248e-06
233 1.77728e-06
234 1.78207e-06
235 1.78687e-06
236 1.79167e-06
237 1.79647e-06
238 1.80127e-06
239 1.80606e-06
240 1.81086e-06
241 1.81566e-06
242 1.82046e-06
243 1.82526e-06
244 1.83005e-06
245 1.83505e-06
246 1.84005e-06
247 1.84505e-06
248 1.85004e-06
249 1.85504e-06
250 1.86004e-06
251 1.86504e-06
252 1.87004e-06
253 1.87503e-06
254 1.88003e-06
255 1.88503e-06
256 1.89003e-06
257 1.89502e-06
258 1.90002e-06
259 1.90502e-06
260 1.91002e-06
261 1.91502e-06
262 1.92001e-06
263 1.92501e-06
264 1.93001e-06
265 1.93501e-06
266 1.94e-06
267 1.945e-06
268 1.95e-06
Re:3361, We:4109
