0 0
1 3.55114e-11
2 1.18163e-10
3 2.29262e-10
4 3.66489e-10
5 5.26869e-10
6 7.08997e-10
7 9.10536e-10
8 1.13002e-09
9 1.3657e-09
10 1.61525e-09
11 1.87826e-09
12 2.1539e-09
13 2.43956e-09
14 2.73606e-09
15 3.04127e-09
16 3.35419e-09
17 3.67527e-09
18 4.00321e-09
19 4.33652e-09
20 4.67542e-09
21 5.02014e-09
22 5.36886e-09
23 5.7217e-09
24 6.0788e-09
25 6.44028e-09
26 6.80401e-09
27 7.17002e-09
28 7.53836e-09
29 7.90908e-09
30 8.28223e-09
31 8.65784e-09
32 9.03598e-09
33 9.41668e-09
34 9.79739e-09
35 1.01807e-08
36 1.05641e-08
37 1.09502e-08
38 1.13362e-08
39 1.17223e-08
40 1.21112e-08
41 1.25001e-08
42 1.2889e-08
43 1.32808e-08
44 1.36726e-08
45 1.40644e-08
46 1.44562e-08
47 1.4848e-08
48 1.52429e-08
49 1.56378e-08
50 1.60327e-08
51 1.64276e-08
52 1.68225e-08
53 1.72174e-08
54 1.76123e-08
55 1.80105e-08
56 1.84087e-08
57 1.8807e-08
58 1.92052e-08
59 1.96034e-08
60 2.00016e-08
61 2.03998e-08
62 2.0798e-08
63 2.11963e-08
64 2.15945e-08
65 2.19927e-08
66 2.23909e-08
67 2.27891e-08
68 2.31873e-08
69 2.35856e-08
70 2.39838e-08
71 2.4382e-08
72 2.47802e-08
73 2.51784e-08
74 2.55766e-08
75 2.59748e-08
76 2.63731e-08
77 2.67713e-08
78 2.71695e-08
79 2.75677e-08
80 2.79659e-08
81 2.83641e-08
82 2.87624e-08
83 2.91606e-08
84 2.95588e-08
85 2.99526e-08
86 3.03464e-08
87 3.07402e-08
88 3.1134e-08
89 3.15277e-08
90 3.19215e-08
91 3.23153e-08
92 3.27091e-08
93 3.31029e-08
94 3.34967e-08
95 3.38905e-08
96 3.42843e-08
97 3.46781e-08
98 3.50719e-08
99 3.54605e-08
100 3.58492e-08
101 3.62379e-08
102 3.66266e-08
103 3.70153e-08
104 3.74039e-08
105 3.77926e-08
106 3.81813e-08
107 3.857e-08
108 3.89586e-08
109 3.93473e-08
110 3.97302e-08
111 4.01131e-08
112 4.04959e-08
113 4.08788e-08
114 4.12557e-08
115 4.16326e-08
116 4.20095e-08
117 4.23864e-08
118 4.27633e-08
119 4.31339e-08
120 4.34983e-08
121 4.38451e-08
122 4.41706e-08
123 4.44815e-08
124 4.47746e-08
125 4.50479e-08
126 4.53104e-08
127 4.55597e-08
128 4.57831e-08
129 4.59898e-08
130 4.61708e-08
131 4.6342e-08
132 4.65086e-08
133 4.66327e-08
134 4.67568e-08
135 4.68817e-08
136 4.70067e-08
137 4.71334e-08
138 4.72472e-08
139 4.7361e-08
140 4.74755e-08
141 4.75908e-08
142 4.77077e-08
143 4.78245e-08
144 4.79383e-08
145 4.80528e-08
146 4.81688e-08
147 4.82874e-08
148 4.84085e-08
149 4.85323e-08
150 4.8658e-08
151 4.87867e-08
152 4.89185e-08
153 4.90525e-08
154 4.91888e-08
155 4.93287e-08
156 4.94712e-08
157 4.96163e-08
158 4.97643e-08
159 4.99151e-08
160 5.00675e-08
161 5.0223e-08
162 5.03836e-08
163 5.05443e-08
164 5.07085e-08
165 5.08767e-08
166 5.10468e-08
167 5.12212e-08
168 5.14025e-08
169 5.15838e-08
170 5.17702e-08
171 5.19619e-08
172 5.21565e-08
173 5.23572e-08
174 5.25644e-08
175 5.27752e-08
176 5.29935e-08
177 5.32159e-08
178 5.34469e-08
179 5.36827e-08
180 5.39235e-08
181 5.41752e-08
182 5.4433e-08
183 5.46971e-08
184 5.49683e-08
185 5.52469e-08
186 5.55338e-08
187 5.58296e-08
188 5.61353e-08
189 5.64519e-08
190 5.67807e-08
191 5.71094e-08
192 5.74525e-08
193 5.77956e-08
194 5.81558e-08
195 5.8516e-08
196 5.88974e-08
197 5.92788e-08
198 5.96602e-08
199 6.0071e-08
200 6.04817e-08
201 6.08925e-08
202 6.13032e-08
203 6.1714e-08
204 6.21834e-08
205 6.26529e-08
206 6.31223e-08
207 6.35917e-08
208 6.40611e-08
209 6.45306e-08
210 6.5e-08
Re:112, We:137
