0 0
1 3.55114e-10
2 1.16514e-09
3 2.19504e-09
4 3.43843e-09
5 4.88812e-09
6 6.54225e-09
7 8.40196e-09
8 1.04518e-08
9 1.26724e-08
10 1.50505e-08
11 1.75602e-08
12 2.02064e-08
13 2.29687e-08
14 2.58318e-08
15 2.879e-08
16 3.18351e-08
17 3.49571e-08
18 3.81439e-08
19 4.13985e-08
20 4.47061e-08
21 4.80688e-08
22 5.14889e-08
23 5.49485e-08
24 5.84488e-08
25 6.1991e-08
26 6.55547e-08
27 6.91403e-08
28 7.27706e-08
29 7.6424e-08
30 8.01007e-08
31 8.37775e-08
32 8.74783e-08
33 9.12036e-08
34 9.49289e-08
35 9.86794e-08
36 1.0243e-07
37 1.06206e-07
38 1.09983e-07
39 1.13759e-07
40 1.17562e-07
41 1.21365e-07
42 1.25168e-07
43 1.28971e-07
44 1.32775e-07
45 1.36578e-07
46 1.40381e-07
47 1.44156e-07
48 1.47931e-07
49 1.51706e-07
50 1.55481e-07
51 1.59256e-07
52 1.63002e-07
53 1.66748e-07
54 1.70465e-07
55 1.74183e-07
56 1.77871e-07
57 1.8156e-07
58 1.85219e-07
59 1.8885e-07
60 1.92481e-07
61 1.96084e-07
62 1.99686e-07
63 2.0326e-07
64 2.06806e-07
65 2.10351e-07
66 2.13869e-07
67 2.17386e-07
68 2.20875e-07
69 2.24364e-07
70 2.27796e-07
71 2.31229e-07
72 2.34633e-07
73 2.38038e-07
74 2.41415e-07
75 2.44791e-07
76 2.4814e-07
77 2.51489e-07
78 2.54838e-07
79 2.58159e-07
80 2.61479e-07
81 2.64772e-07
82 2.68064e-07
83 2.71357e-07
84 2.74649e-07
85 2.77913e-07
86 2.81177e-07
87 2.84413e-07
88 2.87648e-07
89 2.90855e-07
90 2.94061e-07
91 2.97268e-07
92 3.00474e-07
93 3.03652e-07
94 3.06829e-07
95 3.09978e-07
96 3.13126e-07
97 3.16275e-07
98 3.19423e-07
99 3.22542e-07
100 3.2566e-07
101 3.28749e-07
102 3.31838e-07
103 3.34927e-07
104 3.38016e-07
105 3.41105e-07
106 3.44163e-07
107 3.47222e-07
108 3.5028e-07
109 3.53338e-07
110 3.56366e-07
111 3.59393e-07
112 3.62389e-07
113 3.65385e-07
114 3.68381e-07
115 3.71377e-07
116 3.74341e-07
117 3.77305e-07
118 3.80269e-07
119 3.83201e-07
120 3.86133e-07
121 3.89032e-07
122 3.91932e-07
123 3.94799e-07
124 3.97667e-07
125 4.00502e-07
126 4.03337e-07
127 4.0614e-07
128 4.08791e-07
129 4.11045e-07
130 4.13141e-07
131 4.15256e-07
132 4.1739e-07
133 4.19544e-07
134 4.21718e-07
135 4.23913e-07
136 4.26129e-07
137 4.28346e-07
138 4.30585e-07
139 4.32824e-07
140 4.35018e-07
141 4.37189e-07
142 4.39317e-07
143 4.41403e-07
144 4.43489e-07
145 4.45534e-07
146 4.47578e-07
147 4.49623e-07
148 4.51607e-07
149 4.53591e-07
150 4.55555e-07
151 4.5748e-07
152 4.59425e-07
153 4.6137e-07
154 4.63256e-07
155 4.65142e-07
156 4.67009e-07
157 4.68877e-07
158 4.70744e-07
159 4.72592e-07
160 4.74384e-07
161 4.76194e-07
162 4.78005e-07
163 4.79796e-07
164 4.81569e-07
165 4.83342e-07
166 4.85097e-07
167 4.86851e-07
168 4.88533e-07
169 4.90215e-07
170 4.91897e-07
171 4.93579e-07
172 4.95261e-07
173 4.96943e-07
174 4.98588e-07
175 5.00234e-07
176 5.0188e-07
177 5.03508e-07
178 5.05135e-07
179 5.06763e-07
180 5.08372e-07
181 5.09982e-07
182 5.11591e-07
183 5.13201e-07
184 5.1481e-07
185 5.16364e-07
186 5.17918e-07
187 5.1949e-07
188 5.21026e-07
189 5.22561e-07
190 5.24115e-07
191 5.25669e-07
192 5.27204e-07
193 5.28739e-07
194 5.30274e-07
195 5.3179e-07
196 5.33305e-07
197 5.34801e-07
198 5.36224e-07
199 5.37646e-07
200 5.39033e-07
201 5.40403e-07
202 5.41773e-07
203 5.43077e-07
204 5.44381e-07
205 5.45685e-07
206 5.46941e-07
207 5.48183e-07
208 5.49425e-07
209 5.50636e-07
210 5.51834e-07
211 5.53031e-07
212 5.54213e-07
213 5.55396e-07
214 5.56578e-07
215 5.57761e-07
216 5.58944e-07
217 5.60126e-07
218 5.61309e-07
219 5.62507e-07
220 5.63706e-07
221 5.64921e-07
222 5.66137e-07
223 5.6737e-07
224 5.68622e-07
225 5.69893e-07
226 5.71165e-07
227 5.72457e-07
228 5.73772e-07
229 5.75086e-07
230 5.76424e-07
231 5.77761e-07
232 5.79124e-07
233 5.80514e-07
234 5.81904e-07
235 5.83322e-07
236 5.84741e-07
237 5.86191e-07
238 5.87675e-07
239 5.89159e-07
240 5.9068e-07
241 5.92201e-07
242 5.93763e-07
243 5.95325e-07
244 5.96934e-07
245 5.98542e-07
246 6.0015e-07
247 6.01811e-07
248 6.03473e-07
249 6.05135e-07
250 6.06796e-07
251 6.08458e-07
252 6.1012e-07
253 6.11854e-07
254 6.13588e-07
255 6.15322e-07
256 6.17055e-07
257 6.18789e-07
258 6.20523e-07
259 6.22257e-07
260 6.23991e-07
261 6.25725e-07
262 6.27459e-07
263 6.29193e-07
264 6.30927e-07
265 6.32661e-07
266 6.34395e-07
267 6.36129e-07
268 6.37863e-07
269 6.39596e-07
270 6.4133e-07
271 6.43064e-07
272 6.44798e-07
273 6.46532e-07
274 6.48266e-07
275 6.5e-07
Re:1120, We:1370
