0 0
1 4.43892e-09
2 1.45141e-08
3 2.69344e-08
4 4.15783e-08
5 5.83141e-08
6 7.6987e-08
7 9.74654e-08
8 1.19702e-07
9 1.43815e-07
10 1.69728e-07
11 1.97446e-07
12 2.26808e-07
13 2.5766e-07
14 2.89903e-07
15 3.23675e-07
16 3.58659e-07
17 3.9495e-07
18 4.32293e-07
19 4.70565e-07
20 5.09619e-07
21 5.4949e-07
22 5.90001e-07
23 6.31175e-07
24 6.7304e-07
25 7.15381e-07
26 7.58211e-07
27 8.01292e-07
28 8.44885e-07
29 8.88741e-07
30 9.32865e-07
31 9.77261e-07
32 1.02193e-06
33 1.06661e-06
34 1.11157e-06
35 1.15652e-06
36 1.20177e-06
37 1.24702e-06
38 1.29257e-06
39 1.33812e-06
40 1.38367e-06
41 1.42922e-06
42 1.47477e-06
43 1.52032e-06
44 1.56587e-06
45 1.61142e-06
46 1.65729e-06
47 1.70284e-06
48 1.74838e-06
49 1.79393e-06
50 1.83948e-06
51 1.88503e-06
52 1.93024e-06
53 1.97546e-06
54 2.02035e-06
55 2.06458e-06
56 2.1085e-06
57 2.1521e-06
58 2.19507e-06
59 2.23773e-06
60 2.27978e-06
61 2.32183e-06
62 2.36328e-06
63 2.40444e-06
64 2.4453e-06
65 2.48587e-06
66 2.52644e-06
67 2.56672e-06
68 2.60699e-06
69 2.64698e-06
70 2.68697e-06
71 2.72695e-06
72 2.76694e-06
73 2.80692e-06
74 2.84691e-06
75 2.88689e-06
76 2.92719e-06
77 2.96748e-06
78 3.00777e-06
79 3.04839e-06
80 3.089e-06
81 3.12994e-06
82 3.17088e-06
83 3.21217e-06
84 3.25345e-06
85 3.29509e-06
86 3.33673e-06
87 3.37836e-06
88 3.42e-06
89 3.46127e-06
90 3.50255e-06
91 3.54345e-06
92 3.58473e-06
93 3.626e-06
94 3.66728e-06
95 3.70855e-06
96 3.74983e-06
97 3.7911e-06
98 3.83278e-06
99 3.87445e-06
100 3.91532e-06
101 3.9558e-06
102 3.99627e-06
103 4.0356e-06
104 4.07492e-06
105 4.11424e-06
106 4.15356e-06
107 4.19288e-06
108 4.2322e-06
109 4.27152e-06
110 4.30968e-06
111 4.34708e-06
112 4.38376e-06
113 4.41939e-06
114 4.45468e-06
115 4.48964e-06
116 4.52426e-06
117 4.55855e-06
118 4.59285e-06
119 4.62714e-06
120 4.66014e-06
121 4.69252e-06
122 4.72521e-06
123 4.7579e-06
124 4.78997e-06
125 4.82203e-06
126 4.8541e-06
127 4.88525e-06
128 4.91471e-06
129 4.94416e-06
130 4.97361e-06
131 5.00279e-06
132 5.03092e-06
133 5.05905e-06
134 5.08743e-06
135 5.11582e-06
136 5.14369e-06
137 5.17104e-06
138 5.19789e-06
139 5.22475e-06
140 5.2516e-06
141 5.27796e-06
142 5.30408e-06
143 5.3302e-06
144 5.35657e-06
145 5.38244e-06
146 5.4076e-06
147 5.4323e-06
148 5.45724e-06
149 5.48217e-06
150 5.50619e-06
151 5.53022e-06
152 5.55425e-06
153 5.5785e-06
154 5.60275e-06
155 5.62632e-06
156 5.64925e-06
157 5.67217e-06
158 5.69509e-06
159 5.71759e-06
160 5.74009e-06
161 5.76218e-06
162 5.78426e-06
163 5.80634e-06
164 5.82742e-06
165 5.84831e-06
166 5.86919e-06
167 5.88952e-06
168 5.90948e-06
169 5.92943e-06
170 5.94869e-06
171 5.96683e-06
172 5.98438e-06
173 6.00072e-06
174 6.016e-06
175 6.03035e-06
176 6.04377e-06
177 6.05631e-06
178 6.06827e-06
179 6.07963e-06
180 6.09063e-06
181 6.10134e-06
182 6.11156e-06
183 6.12079e-06
184 6.12928e-06
185 6.1372e-06
186 6.14465e-06
187 6.15167e-06
188 6.15832e-06
189 6.16466e-06
190 6.17075e-06
191 6.17663e-06
192 6.18212e-06
193 6.1871e-06
194 6.19166e-06
195 6.19588e-06
196 6.19986e-06
197 6.20369e-06
198 6.20745e-06
199 6.21121e-06
200 6.21498e-06
201 6.21878e-06
202 6.22261e-06
203 6.22648e-06
204 6.23038e-06
205 6.23433e-06
206 6.23832e-06
207 6.24235e-06
208 6.24643e-06
209 6.25058e-06
210 6.2548e-06
211 6.2591e-06
212 6.26349e-06
213 6.26799e-06
214 6.2726e-06
215 6.27733e-06
216 6.28221e-06
217 6.28723e-06
218 6.29241e-06
219 6.29777e-06
220 6.3033e-06
221 6.30905e-06
222 6.31502e-06
223 6.32122e-06
224 6.32769e-06
225 6.33444e-06
226 6.34149e-06
227 6.34883e-06
228 6.35645e-06
229 6.36439e-06
230 6.37265e-06
231 6.38124e-06
232 6.39018e-06
233 6.39941e-06
234 6.40895e-06
235 6.41875e-06
236 6.42879e-06
237 6.43907e-06
238 6.44954e-06
239 6.46021e-06
240 6.47109e-06
241 6.48219e-06
242 6.49352e-06
243 6.50509e-06
244 6.51683e-06
245 6.52874e-06
246 6.54084e-06
247 6.55312e-06
248 6.56559e-06
249 6.57827e-06
250 6.59116e-06
251 6.60416e-06
252 6.61738e-06
253 6.63084e-06
254 6.64443e-06
255 6.65826e-06
256 6.67223e-06
257 6.68634e-06
258 6.70058e-06
259 6.71483e-06
260 6.72907e-06
261 6.74303e-06
262 6.75671e-06
263 6.77026e-06
264 6.78354e-06
265 6.79657e-06
266 6.80959e-06
267 6.82224e-06
268 6.83476e-06
269 6.84717e-06
270 6.85946e-06
271 6.87163e-06
272 6.88368e-06
273 6.8955e-06
274 6.90721e-06
275 6.9187e-06
276 6.92997e-06
277 6.94104e-06
278 6.9519e-06
279 6.96256e-06
280 6.97304e-06
281 6.98332e-06
282 6.99334e-06
283 7.00309e-06
284 7.0126e-06
285 7.02195e-06
286 7.03114e-06
287 7.04018e-06
288 7.04914e-06
289 7.05796e-06
290 7.06664e-06
291 7.07517e-06
292 7.08364e-06
293 7.09197e-06
294 7.10017e-06
295 7.1083e-06
296 7.11637e-06
297 7.12431e-06
298 7.13219e-06
299 7.14001e-06
300 7.14777e-06
301 7.15546e-06
302 7.1631e-06
303 7.17067e-06
304 7.17824e-06
305 7.18576e-06
306 7.19327e-06
307 7.20079e-06
308 7.2083e-06
309 7.21581e-06
310 7.22333e-06
311 7.23084e-06
312 7.23836e-06
313 7.24587e-06
314 7.25338e-06
315 7.2609e-06
316 7.26841e-06
317 7.27599e-06
318 7.28357e-06
319 7.29115e-06
320 7.29866e-06
321 7.30618e-06
322 7.31369e-06
323 7.3212e-06
324 7.32871e-06
325 7.33622e-06
326 7.34374e-06
327 7.35132e-06
328 7.35891e-06
329 7.36649e-06
330 7.37408e-06
331 7.38166e-06
332 7.38917e-06
333 7.3966e-06
334 7.40396e-06
335 7.41124e-06
336 7.41853e-06
337 7.42574e-06
338 7.43295e-06
339 7.44015e-06
340 7.44736e-06
341 7.45457e-06
342 7.46186e-06
343 7.46915e-06
344 7.47643e-06
345 7.48372e-06
346 7.49109e-06
347 7.49846e-06
348 7.50583e-06
349 7.51321e-06
350 7.52067e-06
351 7.52813e-06
352 7.53559e-06
353 7.54305e-06
354 7.55051e-06
355 7.55797e-06
356 7.56553e-06
357 7.57309e-06
358 7.58065e-06
359 7.58821e-06
360 7.59577e-06
361 7.60333e-06
362 7.61089e-06
363 7.61845e-06
364 7.62601e-06
365 7.63369e-06
366 7.64137e-06
367 7.64904e-06
368 7.65672e-06
369 7.6644e-06
370 7.67207e-06
371 7.67975e-06
372 7.68743e-06
373 7.6951e-06
374 7.70278e-06
375 7.71046e-06
376 7.71813e-06
377 7.72581e-06
378 7.73349e-06
379 7.74102e-06
380 7.74855e-06
381 7.75593e-06
382 7.76331e-06
383 7.77069e-06
384 7.77807e-06
385 7.78545e-06
386 7.79283e-06
387 7.80022e-06
388 7.8076e-06
389 7.81498e-06
390 7.82236e-06
391 7.82974e-06
392 7.83712e-06
393 7.84432e-06
394 7.85152e-06
395 7.85871e-06
396 7.86591e-06
397 7.87311e-06
398 7.88031e-06
399 7.8875e-06
400 7.89492e-06
401 7.90235e-06
402 7.90977e-06
403 7.91719e-06
404 7.92461e-06
405 7.93203e-06
406 7.93945e-06
407 7.94688e-06
408 7.9543e-06
409 7.96172e-06
410 7.9695e-06
411 7.97727e-06
412 7.98505e-06
413 7.99282e-06
414 8.0006e-06
415 8.00837e-06
416 8.01615e-06
417 8.02392e-06
418 8.0317e-06
419 8.03947e-06
420 8.04725e-06
421 8.05502e-06
422 8.0628e-06
423 8.07057e-06
424 8.07835e-06
425 8.08612e-06
426 8.0939e-06
427 8.10167e-06
428 8.10945e-06
429 8.11722e-06
430 8.125e-06
Re:8962, We:8765
